Summary_file = output\myr_sw.sum
Title = 
           date      year      wht_yield         wht_ep     wht_laimax      sor_yield         sor_ep     sor_laimax    avg_residue    max_residue    min_residue annual_rainfall  annual_runoff      annual_es   annual_drain
             ()    (year)        (kg/ha)           (mm)      (m^2/m^2)        (kg/ha)           (mm)      (m^2/m^2)        (kg/ha)        (kg/ha)        (kg/ha)            (mm)           (mm)           (mm)           (mm)
     27/05/1958      1958          0.000          0.000          0.000          0.000          0.000          0.000        790.415        965.279          0.000         117.000          0.066         91.389         14.414
     15/11/1958      1958       2519.702         99.310          2.929          0.000          0.000          0.000        158.000        413.404          0.000         411.200          7.402        153.981        179.813
     03/06/1959      1959          0.000          0.000          0.000          0.000          0.000          0.000       5640.639       6225.084          0.000         161.200          0.000        119.737          2.928
     07/11/1959      1959       2147.661        104.525          2.476          0.000          0.000          0.000       3628.399       5032.184          0.000         336.300          4.225         90.170        164.719
     24/11/1959      1959          0.000          0.000          0.000          0.000          0.000          0.000       8130.588       8172.855          0.000          68.300         12.041          9.508          0.319
     23/04/1960      1960          0.000          0.000          0.000       2163.645         80.405          1.723       7082.705       8070.029          0.000         148.400          6.252         71.885         86.309
     29/05/1960      1960          0.000          0.000          0.000          0.000          0.000          0.000       2249.159       2440.288          0.000         107.400          0.004         42.175          0.000
     14/11/1960      1960       1535.905         71.637          2.074          0.000          0.000          0.000       1041.990       2039.907          0.000         326.700          3.634        130.181        168.296
     21/01/1961      1961          0.000          0.000          0.000          0.000          0.000          0.000       4731.602       4877.531          0.000          65.500          0.000         29.842          0.000
     12/06/1961      1961          0.000          0.000          0.000       2431.166         79.680          1.441       3623.091       4552.035          0.000         285.000         20.803         88.003         88.011
     02/07/1961      1961          0.000          0.000          0.000          0.000          0.000          0.000       1229.889       1359.518          0.000          51.200          0.000         23.441         23.848
     23/11/1961      1961       1477.343         71.266          1.147          0.000          0.000          0.000        510.151       1141.398          0.000         275.500         18.585        135.017        132.871
     17/12/1961      1961          0.000          0.000          0.000          0.000          0.000          0.000       3106.161       3108.083          0.000          34.600          0.000          6.063          0.000
     16/05/1962      1962          0.000          0.000          0.000       1364.479         51.682          1.208       2076.161       3006.767          0.000         119.700          0.000         87.134          0.000
     16/05/1962      1962              ?              ?              ?              ?              ?              ?              ?              ?              ?               ?              ?              ?              ?
     26/10/1962      1962       2877.163        104.817          2.305          0.000          0.000          0.000        336.292       1011.914          0.000         373.900          1.213        160.027         60.802
     04/06/1963      1963          0.000          0.000          0.000          0.000          0.000          0.000       4211.836       5317.882          0.000         234.200          0.923        156.967         44.243
     09/11/1963      1963       1467.693         76.959          1.910          0.000          0.000          0.000       1349.033       2726.839          0.000         295.400          6.190        133.534        146.994
     30/01/1964      1964          0.000          0.000          0.000          0.000          0.000          0.000       4554.070       4656.572          0.000          38.300          0.000         13.853          0.000
     29/06/1964      1964          0.000          0.000          0.000       1544.122         54.564          1.327       3590.995       4457.473          0.000         135.300          0.059         66.875          0.000
     18/07/1964      1964          0.000          0.000          0.000          0.000          0.000          0.000       1148.991       1292.298          0.000          61.900          2.006         24.392          0.330
     12/12/1964      1964       3113.796        158.493          3.984          0.000          0.000          0.000        370.161       1002.786          0.000         311.500          7.806        129.939         89.625
     30/05/1965      1965          0.000          0.000          0.000          0.000          0.000          0.000       7936.530       8707.196          0.000         164.400          4.380         63.958         21.981
     06/11/1965      1965       1052.127         53.587          1.424          0.000          0.000          0.000       5365.983       7024.423          0.000         439.300          8.029         73.772        304.045
     07/11/1965      1965          0.000          0.000          0.000          0.000          0.000          0.000       6498.451       6498.451          0.000           1.000          0.000          1.182          1.043
     18/03/1966      1966          0.000          0.000          0.000       3139.409        115.558          1.684       5283.416       6438.536          0.000         112.100          2.502         58.001         31.377
     31/05/1966      1966          0.000          0.000          0.000          0.000          0.000          0.000       1711.325       2163.546          0.000         108.400          0.000         67.945          0.000
     15/11/1966      1966       2568.898        107.960          2.679          0.000          0.000          0.000        507.908       1078.148          0.000         413.100         46.642        153.452         90.479
     15/05/1967      1967          0.000          0.000          0.000          0.000          0.000          0.000       5695.953       6361.855          0.000         148.800          2.794         71.594         35.000
     25/10/1967      1967       1822.762         80.264          2.128          0.000          0.000          0.000       2432.594       4320.404          0.000         332.700          1.117        106.970        183.201
     28/01/1968      1968          0.000          0.000          0.000          0.000          0.000          0.000       5764.384       5957.010          0.000          54.700          0.000         31.150          0.000
     27/06/1968      1968          0.000          0.000          0.000       1386.165         51.276          1.474       4199.393       5479.962          0.000         368.400          2.024         70.018        228.609
     01/07/1968      1968          0.000          0.000          0.000          0.000          0.000          0.000       1384.328       1417.856          0.000          28.700          1.647          4.951         11.321
     02/12/1968      1968       1878.547        109.494          2.513          0.000          0.000          0.000        463.353       1316.204          0.000         412.300         29.786        162.648        179.879
     30/07/1969      1969          0.000          0.000          0.000          0.000          0.000          0.000       3141.687       5050.951          0.000         193.800          0.000        177.736          0.000
     16/12/1969      1969       2955.360        131.460          3.332          0.000          0.000          0.000        629.281       1121.072          0.000         236.800         10.479        110.798         13.279
     15/05/1970      1970          0.000          0.000          0.000          0.000          0.000          0.000       5082.975       5741.351          0.000         300.000          4.446         72.609        140.712
     30/10/1970      1970       2988.332        117.128          3.246          0.000          0.000          0.000       1770.878       3792.038          0.000         304.200          2.103        103.392        134.301
     17/05/1971      1971          0.000          0.000          0.000          0.000          0.000          0.000       6676.208       7381.189          0.000         209.900          5.640         75.690         85.646
     03/11/1971      1971        734.802         30.152          0.774          0.000          0.000          0.000       3097.255       5079.676          0.000         516.000          4.727        149.011        355.825
     12/11/1971      1971          0.000          0.000          0.000          0.000          0.000          0.000       2994.218       3118.019          0.000          59.500          1.177         14.567          9.163
     10/04/1972      1972          0.000          0.000          0.000       2479.111         95.851          1.748       1636.045       2850.808          0.000         182.300          3.825        106.844         54.349
     12/07/1972      1972          0.000          0.000          0.000          0.000          0.000          0.000        714.574       1064.299          0.000         110.700          0.531         83.646          0.000
     02/12/1972      1972       2203.325         99.024          1.962          0.000          0.000          0.000        160.902        387.183          0.000         298.800         24.959        153.284         78.874
     05/06/1973      1973          0.000          0.000          0.000          0.000          0.000          0.000       3548.861       4295.631          0.000         153.400          0.000        100.065          0.000
     16/11/1973      1973       1966.579         92.661          2.475          0.000          0.000          0.000        886.778       2071.293          0.000         402.700          4.052        158.117        148.616
     29/06/1974      1974          0.000          0.000          0.000          0.000          0.000          0.000       3900.199       5511.333          0.000         347.200          3.012        172.339        129.682
     24/11/1974      1974       2072.624        101.748          2.788          0.000          0.000          0.000        729.927       1505.199          0.000         287.900          6.737        148.062         83.299
     23/05/1975      1975          0.000          0.000          0.000          0.000          0.000          0.000       3643.022       5049.480          0.000         178.100          0.002        128.650          0.000
     03/11/1975      1975       2278.388        100.117          2.671          0.000          0.000          0.000        848.545       2040.034          0.000         345.600          0.421        146.520        126.822
     19/11/1975      1975          0.000          0.000          0.000          0.000          0.000          0.000       5917.261       6031.153          0.000          49.800          2.776         11.395          0.000
     01/04/1976      1976          0.000          0.000          0.000       2648.795         97.991          1.735       4540.117       5732.169          0.000         142.700          7.219         76.360         28.263
     26/06/1976      1976          0.000          0.000          0.000          0.000          0.000          0.000       1359.782       1816.763          0.000         118.800          2.085         71.642          0.000
     22/11/1976      1976       2623.875        121.176          3.012          0.000          0.000          0.000        370.727        862.408          0.000         303.000         14.432        153.777         87.670
     17/05/1977      1977          0.000          0.000          0.000          0.000          0.000          0.000       5792.042       6549.624          0.000          82.400          0.000         52.048          0.000
     27/10/1977      1977       2056.636         76.712          1.621          0.000          0.000          0.000       3439.262       5125.898          0.000         266.000          0.542         99.218         57.692
     01/11/1977      1977          0.000          0.000          0.000          0.000          0.000          0.000       5678.741       5709.524          0.000          32.500          0.000          3.441          0.061
     07/03/1978      1978          0.000          0.000          0.000       2541.894         86.065          1.688       4252.504       5587.797          0.000          98.900          0.000         88.574         17.531
     11/06/1978      1978          0.000          0.000          0.000          0.000          0.000          0.000       1231.701       1448.827          0.000         120.200          0.055         70.035          0.000
     16/11/1978      1978       3435.691        118.008          2.581          0.000          0.000          0.000        261.040        693.240          0.000         311.300          2.695        161.042         54.936
     23/05/1979      1979          0.000          0.000          0.000          0.000          0.000          0.000       4322.366       5878.790          0.000         207.900          3.343        138.057          0.000
     02/11/1979      1979        709.781         30.524          0.867          0.000          0.000          0.000       1135.212       2672.491          0.000         434.300          6.494        172.949        252.373
     11/11/1979      1979          0.000          0.000          0.000          0.000          0.000          0.000       2329.556       2367.062          0.000          31.500          0.000          9.314          0.080
     21/03/1980      1980          0.000          0.000          0.000       2374.526         80.798          1.664       1537.066       2149.809          0.000          69.200          0.000         70.377         13.480
     09/06/1980      1980          0.000          0.000          0.000          0.000          0.000          0.000        794.153       1040.223          0.000         117.400          1.773         76.039          0.000
     11/11/1980      1980       3173.719        134.635          3.728          0.000          0.000          0.000        157.691        436.379          0.000         275.400          0.232        169.541          0.000
     02/12/1980      1980          0.000          0.000          0.000          0.000          0.000          0.000       6381.608       6486.995          0.000          30.300          0.000         10.257          0.000
     01/05/1981      1981          0.000          0.000          0.000       1337.304         53.844          1.604       5053.831       6265.173          0.000          99.900          0.000         79.950          0.000
     31/05/1981      1981          0.000          0.000          0.000          0.000          0.000          0.000       1806.389       1871.750          0.000          47.600          0.000         22.724          0.000
     06/11/1981      1981       1014.205         51.413          1.164          0.000          0.000          0.000        648.882       1607.553          0.000         363.600          4.818        160.441        123.440
     16/06/1982      1982          0.000          0.000          0.000          0.000          0.000          0.000       2280.962       3022.502          0.000         183.600          0.385        141.433          0.000
     13/11/1982      1982       3360.879        138.238          3.463          0.000          0.000          0.000        634.911       1321.991          0.000         275.700          4.411        139.862         26.602
     30/07/1983      1983          0.000          0.000          0.000          0.000          0.000          0.000       4687.959       6757.282          0.000         272.700          0.077        189.849         38.763
     05/12/1983      1983       1672.470         85.636          2.859          0.000          0.000          0.000       1053.075       2327.246          0.000         185.500          0.392        118.443         17.825
     06/12/1983      1983          0.000          0.000          0.000          0.000          0.000          0.000       4307.593       4307.593          0.000          16.700          0.129          1.502          0.000
     14/04/1984      1984          0.000          0.000          0.000       2268.364         73.706          1.635       3300.324       4264.306          0.000          60.600          0.000         65.666          0.000
     08/06/1984      1984          0.000          0.000          0.000          0.000          0.000          0.000        994.207       1426.254          0.000         127.300          1.480         75.859          0.000
     14/11/1984      1984       2012.363         84.762          2.544          0.000          0.000          0.000        202.390        517.029          0.000         400.300         20.239        153.236        137.552
     16/07/1985      1985          0.000          0.000          0.000          0.000          0.000          0.000       3768.859       5304.020          0.000         227.400          2.252        151.033         25.733
     02/12/1985      1985       2321.648        106.964          2.121          0.000          0.000          0.000        824.088       1751.148          0.000         355.900          7.907        152.647        105.691
     16/05/1986      1986          0.000          0.000          0.000          0.000          0.000          0.000       4246.016       5251.172          0.000         189.500          7.247        114.777         20.046
     01/11/1986      1986       1311.357         57.136          1.793          0.000          0.000          0.000       1329.816       2656.969          0.000         431.500          2.988        142.219        285.775
     15/05/1987      1987          0.000          0.000          0.000          0.000          0.000          0.000       3115.009       4090.546          0.000         227.000         12.597        142.610         18.699
     25/10/1987      1987       3022.673        113.303          2.764          0.000          0.000          0.000        663.960       1426.320          0.000         301.000          2.063        140.578        117.616
     04/11/1987      1987          0.000          0.000          0.000          0.000          0.000          0.000       6172.987       6244.630          0.000          26.000          0.000          6.665          0.000
     29/03/1988      1988          0.000          0.000          0.000       1683.456         64.334          1.537       4781.318       6047.882          0.000          59.600          0.000         64.495          0.000
     23/05/1988      1988          0.000          0.000          0.000          0.000          0.000          0.000       1430.670       1770.963          0.000         136.400          5.810         62.784          0.000
     25/10/1988      1988       2781.512        111.077          2.603          0.000          0.000          0.000        369.068        997.280          0.000         298.000          1.626        156.750         67.648
     25/05/1989      1989          0.000          0.000          0.000          0.000          0.000          0.000       4064.853       5809.771          0.000         245.600          1.238        162.984          0.000
     02/11/1989      1989        517.163         21.484          0.476          0.000          0.000          0.000       1018.924       2344.162          0.000         532.500         37.174        213.446        295.293
     17/05/1990      1990          0.000          0.000          0.000          0.000          0.000          0.000        956.737       1474.498          0.000         262.800         22.582        159.832         38.134
     30/10/1990      1990       2521.114        106.511          2.912          0.000          0.000          0.000        210.372        476.002          0.000         355.500          1.289        158.018        125.165
     19/06/1991      1991          0.000          0.000          0.000          0.000          0.000          0.000       5364.398       6291.721          0.000         158.200          0.621        114.783         18.223
     15/11/1991      1991       1918.261         94.144          2.169          0.000          0.000          0.000       2393.589       4103.230          0.000         323.800          0.372        117.826        124.327
     16/11/1991      1991          0.000          0.000          0.000          0.000          0.000          0.000       5967.788       5967.788          0.000           5.000          0.000          1.521          0.000
     23/03/1992      1992          0.000          0.000          0.000       2755.692         93.505          1.715       4972.395       5916.479          0.000         153.500          2.290         62.082         11.309
     19/05/1992      1992          0.000          0.000          0.000          0.000          0.000          0.000       1118.907       1790.480          0.000         171.300          8.124         87.051         41.469
     02/11/1992      1992       3333.182        103.695          2.968          0.000          0.000          0.000        262.865        704.581          0.000         465.300          7.976        164.030        233.980
     21/11/1992      1992          0.000          0.000          0.000          0.000          0.000          0.000       6362.116       6646.314          0.000          58.800          0.129         16.819          5.314
     18/04/1993      1993          0.000          0.000          0.000       2279.039         79.032          1.633       4851.298       6047.189          0.000         125.700          2.445         73.533         28.222
     30/05/1993      1993          0.000          0.000          0.000          0.000          0.000          0.000       1374.989       1662.958          0.000         108.400          5.388         48.729          0.000
     12/11/1993      1993       2732.723        118.805          3.006          0.000          0.000          0.000        488.911       1144.737          0.000         355.800          0.526        165.501         99.585
     13/11/1993      1993          0.000          0.000          0.000          0.000          0.000          0.000       6620.555       6620.555          0.000           4.500          0.000          0.608          0.000
     03/04/1994      1994          0.000          0.000          0.000       2128.673         75.156          1.680       5678.488       6571.022          0.000          47.400          0.000         45.805          0.000
     23/06/1994      1994          0.000          0.000          0.000          0.000          0.000          0.000       1914.673       2150.054          0.000          89.300          0.258         64.071          0.000
     17/11/1994      1994       2803.577        110.462          3.417          0.000          0.000          0.000        738.174       1521.968          0.000         218.400          0.075        120.607          0.000
     14/01/1995      1995          0.000          0.000          0.000          0.000          0.000          0.000       5365.574       5758.411          0.000          51.900          0.000         29.588          0.000
     14/06/1995      1995          0.000          0.000          0.000       2507.812         79.335          1.571       3515.305       4932.286          0.000         185.800          0.501         82.516          0.000
     28/06/1995      1995          0.000          0.000          0.000          0.000          0.000          0.000       1329.200       1438.494          0.000          63.300          4.923         18.492          0.000
     20/11/1995      1995       1961.341         90.933          2.184          0.000          0.000          0.000        473.155       1200.229          0.000         267.800          3.864        150.220         89.094
     17/06/1996      1996          0.000          0.000          0.000          0.000          0.000          0.000       3741.099       4859.760          0.000         269.800          1.002        146.752         57.472
     14/11/1996      1996       2544.422        105.665          2.360          0.000          0.000          0.000        750.413       1885.963          0.000         341.000          0.261        167.278        102.017
     20/05/1997      1997          0.000          0.000          0.000          0.000          0.000          0.000       4163.506       5462.671          0.000         224.800          3.205        140.999         22.440
     28/10/1997      1997        928.357         40.642          0.893          0.000          0.000          0.000        911.680       2262.357          0.000         436.900         11.805        170.028        275.389
     18/11/1997      1997          0.000          0.000          0.000          0.000          0.000          0.000       2622.878       2763.757          0.000          42.100          0.000         20.033          0.000
     07/04/1998      1998          0.000          0.000          0.000       1627.883         74.335          1.372       2305.771       2405.313          0.000          23.000          0.000         39.212          3.243
     09/06/1998      1998          0.000          0.000          0.000          0.000          0.000          0.000        828.435       1318.739          0.000         112.600          0.145         73.594          0.000
     14/11/1998      1998       2767.630        106.233          2.418          0.000          0.000          0.000        224.330        493.813          0.000         373.300         14.645        166.389         59.877
     06/01/1999      1999          0.000          0.000          0.000          0.000          0.000          0.000       5139.462       5564.361          0.000          71.600          0.000         37.963          0.000
     19/05/1999      1999          0.000          0.000          0.000       2710.516         82.557          1.618       3836.925       4994.296          0.000         300.500         64.944         88.392        110.370
     31/05/1999      1999          0.000          0.000          0.000          0.000          0.000          0.000       1500.456       1641.651          0.000          42.700          0.078         15.843          0.000
     03/11/1999      1999       2763.813        112.017          2.913          0.000          0.000          0.000        514.136       1347.973          0.000         365.100          2.340        160.767        114.644
     02/12/1999      1999          0.000          0.000          0.000          0.000          0.000          0.000       6208.567       6390.972          0.000          68.300          0.766         21.453          0.000
     17/04/2000      2000          0.000          0.000          0.000       3478.097        100.703          1.840       3999.616       5725.931          0.000         374.600         18.064        107.848        164.308
     14/05/2000      2000          0.000          0.000          0.000          0.000          0.000          0.000       1476.527       1674.694          0.000          80.200          2.074         28.683         18.221
     22/10/2000      2000       3015.512        108.528          3.024          0.000          0.000          0.000        598.294       1276.830          0.000         233.900          0.805        114.291         81.381
     23/01/2001      2001          0.000          0.000          0.000          0.000          0.000          0.000       6197.098       6778.649          0.000          79.100          0.000         53.494          0.000
     20/06/2001      2001          0.000          0.000          0.000       2133.197         68.149          1.491       3746.782       5650.157          0.000         186.600          2.701         97.981          0.000
     14/07/2001      2001          0.000          0.000          0.000          0.000          0.000          0.000       1274.991       1380.087          0.000          50.700          0.012         22.393         10.763
     04/12/2001      2001       2489.341        108.637          2.679          0.000          0.000          0.000        481.415       1133.550          0.000         395.400          8.827        166.805        130.215
     14/07/2002      2002          0.000          0.000          0.000          0.000          0.000          0.000       4954.704       6033.817          0.000         213.400          1.331        121.441         54.234
     29/11/2002      2002       2201.585        129.673          2.948          0.000          0.000          0.000       1698.748       3224.210          0.000         199.500          0.000        114.838         60.209
