Summary_file = output\sal_pfw.sum
Title = 
           date      year      wht_yield         wht_ep     wht_laimax      sor_yield         sor_ep     sor_laimax    avg_residue    max_residue    min_residue annual_rainfall  annual_runoff      annual_es   annual_drain
             ()    (year)        (kg/ha)           (mm)      (m^2/m^2)        (kg/ha)           (mm)      (m^2/m^2)        (kg/ha)        (kg/ha)        (kg/ha)            (mm)           (mm)           (mm)           (mm)
     24/07/1958      1958          0.000          0.000          0.000          0.000          0.000          0.000        527.702        961.164          0.000         180.400          4.067        156.766          2.283
     16/12/1958      1958       1626.662        117.569          2.982          0.000          0.000          0.000         99.493        203.213          0.000         230.700          1.590        127.982         67.783
     15/05/1959      1959          0.000          0.000          0.000          0.000          0.000          0.000       4022.709       4604.091          0.000          78.500          0.000         84.426          0.000
     07/09/1959      1959          0.000         46.133          1.289          0.000          0.000          0.000       2343.873       3042.177          0.000          98.600          0.000         73.695          0.000
     25/07/1960      1960          0.000          0.000          0.000          0.000          0.000          0.000       2506.507       4623.090          0.000         495.400          9.631        299.077         76.770
     14/12/1960      1960       1019.282         73.782          1.821          0.000          0.000          0.000        263.291        446.408          0.000          98.000          0.000        106.955         18.947
     15/05/1961      1961          0.000          0.000          0.000          0.000          0.000          0.000       1711.952       2514.763          0.000         229.500         20.517         99.165         33.217
     07/09/1961      1961          0.000         57.942          2.120          0.000          0.000          0.000        871.593       1093.656          0.000          90.100          0.000         70.358          0.492
     16/05/1962      1962          0.000          0.000          0.000          0.000          0.000          0.000       3854.613       4604.633          0.000         120.800          0.000        107.393          0.000
     06/11/1962      1962       1275.511         75.869          1.712          0.000          0.000          0.000        651.678       1982.762          0.000         200.000          0.000        159.020          0.000
     15/05/1963      1963          0.000          0.000          0.000          0.000          0.000          0.000       2268.861       3371.335          0.000         281.200          6.270        179.945          8.704
     07/09/1963      1963          0.000         33.353          1.448          0.000          0.000          0.000        573.653        979.656          0.000         199.400          0.489        114.383         85.699
     12/07/1964      1964          0.000          0.000          0.000          0.000          0.000          0.000       1444.688       3025.461          0.000         227.200          1.467        195.666          0.012
     13/12/1964      1964       1798.389        113.241          2.775          0.000          0.000          0.000         81.354        242.126          0.000         196.900          2.221        138.007         44.983
     15/05/1965      1965          0.000          0.000          0.000          0.000          0.000          0.000       4582.238       4763.701          0.000         106.200          2.200         47.365          0.000
     07/09/1965      1965          0.000         22.981          1.020          0.000          0.000          0.000       3311.931       4261.073          0.000         191.800          0.015         71.968         63.225
     28/06/1966      1966          0.000          0.000          0.000          0.000          0.000          0.000       2734.015       4634.992          0.000         265.600         17.317        194.709         43.656
     02/12/1966      1966       1330.290         88.821          2.119          0.000          0.000          0.000        599.890       1205.719          0.000         134.200          0.179        130.413         14.714
     15/05/1967      1967          0.000          0.000          0.000          0.000          0.000          0.000       3421.038       3954.318          0.000          75.900          0.000         77.081          0.000
     07/09/1967      1967          0.000         30.123          1.228          0.000          0.000          0.000       1789.874       2838.936          0.000         204.300          5.081         91.002          1.070
     11/06/1968      1968          0.000          0.000          0.000          0.000          0.000          0.000       1929.976       3644.395          0.000         272.200          9.861        219.680          4.547
     28/11/1968      1968       1228.968         80.699          2.131          0.000          0.000          0.000        143.066        356.256          0.000         174.400          2.676        142.140         58.780
     15/05/1969      1969          0.000          0.000          0.000          0.000          0.000          0.000       2618.635       3406.835          0.000          76.600          0.000         83.321          0.000
     07/09/1969      1969          0.000         26.361          1.415          0.000          0.000          0.000       1341.701       1968.353          0.000          66.000          0.000         63.771          0.000
     30/07/1970      1970          0.000          0.000          0.000          0.000          0.000          0.000       1295.426       2793.583          0.000         315.600         32.588        233.140          0.000
     14/12/1970      1970       1198.369         88.909          3.468          0.000          0.000          0.000        123.605        240.840          0.000         109.500          0.303         71.774          0.000
     15/05/1971      1971          0.000          0.000          0.000          0.000          0.000          0.000       3477.491       3696.142          0.000          87.000          0.224         58.478          0.000
     07/09/1971      1971          0.000         28.508          1.262          0.000          0.000          0.000       1416.877       2563.491          0.000         123.300          0.122         88.812          0.000
     23/06/1972      1972          0.000          0.000          0.000          0.000          0.000          0.000       1094.483       2896.112          0.000         246.500         15.504        195.064          0.000
     26/11/1972      1972       1044.147         72.246          3.098          0.000          0.000          0.000        144.040        378.105          0.000         124.700          0.197        125.089          0.000
     15/05/1973      1973          0.000          0.000          0.000          0.000          0.000          0.000       2543.988       3581.062          0.000         109.800          0.000         85.505          0.000
     07/09/1973      1973          0.000         43.753          1.930          0.000          0.000          0.000        524.034        950.448          0.000         193.600          8.035         96.472          0.000
     15/05/1974      1974          0.000          0.000          0.000          0.000          0.000          0.000       2175.345       3644.771          0.000         302.900         17.515        210.586          4.168
     08/11/1974      1974       1688.927         94.751          2.141          0.000          0.000          0.000         84.288        281.663          0.000         204.200          0.449        163.850         45.138
     15/05/1975      1975          0.000          0.000          0.000          0.000          0.000          0.000       3664.649       4431.593          0.000         140.200          0.000         96.594          0.000
     07/09/1975      1975          0.000         44.638          1.821          0.000          0.000          0.000       2029.691       2553.136          0.000          99.600          0.000         75.848          0.000
     29/07/1976      1976          0.000          0.000          0.000          0.000          0.000          0.000       3065.366       4767.728          0.000         306.800         12.044        200.713         50.442
     12/12/1976      1976       1373.685         86.824          1.944          0.000          0.000          0.000        514.493       1058.438          0.000         139.200          0.000        117.044          0.000
     15/05/1977      1977          0.000          0.000          0.000          0.000          0.000          0.000       3280.764       3510.091          0.000          30.300          0.000         45.241          0.000
     07/09/1977      1977          0.000         26.594          0.978          0.000          0.000          0.000       1859.828       2789.809          0.000          83.800          0.000         71.039          0.000
     28/06/1978      1978          0.000          0.000          0.000          0.000          0.000          0.000       1403.955       3093.490          0.000         289.500          0.632        236.790          0.000
     02/12/1978      1978       1416.863         87.371          3.178          0.000          0.000          0.000        132.130        319.386          0.000         160.600          0.305        129.907          0.000
     15/05/1979      1979          0.000          0.000          0.000          0.000          0.000          0.000       3331.419       4050.679          0.000         138.800          0.000        106.465          0.000
     07/09/1979      1979          0.000         30.112          1.351          0.000          0.000          0.000       1524.565       2377.508          0.000         138.700          0.068         93.349          0.000
     29/07/1980      1980          0.000          0.000          0.000          0.000          0.000          0.000       1324.443       3327.480          0.000         295.500          4.579        247.245          0.000
     08/12/1980      1980        862.753         66.622          2.345          0.000          0.000          0.000        130.568        181.847          0.000          64.800          0.000         65.253          0.000
     15/05/1981      1981          0.000          0.000          0.000          0.000          0.000          0.000       1836.588       2847.905          0.000          68.500          0.000         85.090          0.000
     07/09/1981      1981          0.000         29.908          1.447          0.000          0.000          0.000        544.221       1068.468          0.000         131.200          0.000        100.157          0.000
     15/06/1982      1982          0.000          0.000          0.000          0.000          0.000          0.000       1267.068       2474.087          0.000         190.900          2.376        166.972          0.000
     15/11/1982      1982        953.730         52.679          1.739          0.000          0.000          0.000        154.046        367.036          0.000         156.500          0.000        121.114          0.000
     15/05/1983      1983          0.000          0.000          0.000          0.000          0.000          0.000       1288.058       2248.259          0.000         145.400          4.398        126.186          0.000
     07/09/1983      1983          0.000         72.789          2.832          0.000          0.000          0.000        684.531        907.382          0.000         133.800          0.972         63.929          0.000
     29/05/1984      1984          0.000          0.000          0.000          0.000          0.000          0.000       3601.320       5830.812          0.000         314.600          4.194        204.771          0.000
     16/11/1984      1984       1534.435         81.688          1.980          0.000          0.000          0.000        108.929        329.313          0.000         219.300          1.857        151.459         50.516
     15/05/1985      1985          0.000          0.000          0.000          0.000          0.000          0.000       2750.473       4168.062          0.000         101.100          0.000        106.457          0.000
     07/09/1985      1985          0.000         61.881          2.184          0.000          0.000          0.000       1404.513       1724.889          0.000         103.800          0.000         55.843          0.000
     16/05/1986      1986          0.000          0.000          0.000          0.000          0.000          0.000       4450.871       5859.751          0.000         256.300          6.148        153.410          8.777
     13/11/1986      1986       1113.781         57.489          1.463          0.000          0.000          0.000       1690.785       2669.764          0.000         252.200          2.957        130.448        132.296
     15/05/1987      1987          0.000          0.000          0.000          0.000          0.000          0.000       2541.677       3827.453          0.000         154.800          7.136        108.704          0.000
     07/09/1987      1987          0.000         36.628          1.573          0.000          0.000          0.000        875.109       1290.055          0.000         112.400          0.000         92.513          0.000
     23/05/1988      1988          0.000          0.000          0.000          0.000          0.000          0.000       2073.406       3293.035          0.000         235.700          6.571        170.740          9.091
     02/11/1988      1988       1413.993         82.386          2.380          0.000          0.000          0.000        105.025        300.650          0.000          96.800          0.000        112.396         16.244
     15/05/1989      1989          0.000          0.000          0.000          0.000          0.000          0.000       3276.986       3925.317          0.000         120.700          0.000        113.243          0.000
     07/09/1989      1989          0.000         29.042          1.239          0.000          0.000          0.000       1857.555       2506.990          0.000         207.700          2.876         93.762         23.723
     30/07/1990      1990          0.000          0.000          0.000          0.000          0.000          0.000       1576.242       3402.040          0.000         280.600          1.138        267.305          0.002
     11/12/1990      1990       1220.187         83.196          2.398          0.000          0.000          0.000        119.325        186.378          0.000          86.600          0.000         85.452          0.000
     15/05/1991      1991          0.000          0.000          0.000          0.000          0.000          0.000       3275.325       3322.209          0.000          40.500          0.000         41.758          0.000
     07/09/1991      1991          0.000         29.921          1.053          0.000          0.000          0.000       2196.651       2946.163          0.000         142.100          0.022         89.488          0.000
     29/07/1992      1992          0.000          0.000          0.000          0.000          0.000          0.000       1596.341       3804.299          0.000         506.600         49.432        321.425         68.350
     20/12/1992      1992       1004.359         69.136          1.558          0.000          0.000          0.000         31.582         72.920          0.000         259.900         10.963        173.906         68.161
     15/05/1993      1993          0.000          0.000          0.000          0.000          0.000          0.000       2453.232       2873.924          0.000         127.600          0.580         88.224          0.000
     07/09/1993      1993          0.000         35.091          1.599          0.000          0.000          0.000       1144.728       1649.432          0.000         109.500          0.015         88.270          0.000
     30/07/1994      1994          0.000          0.000          0.000          0.000          0.000          0.000       1753.838       3480.716          0.000         195.600          0.143        187.001          0.000
     08/12/1994      1994       1307.499         87.375          3.132          0.000          0.000          0.000        290.065        558.144          0.000         111.100          1.273         87.441          0.000
     15/05/1995      1995          0.000          0.000          0.000          0.000          0.000          0.000       3230.500       3839.244          0.000         120.500          0.028         91.311          0.000
     07/09/1995      1995          0.000         34.270          1.168          0.000          0.000          0.000       1620.366       2670.876          0.000         112.000          0.000         85.798          0.000
     29/07/1996      1996          0.000          0.000          0.000          0.000          0.000          0.000       1553.103       3577.927          0.000         355.800         14.712        263.923          0.000
     09/12/1996      1996       1601.720         96.311          2.582          0.000          0.000          0.000         84.399        193.757          0.000         133.400          0.000        123.002          0.000
     15/05/1997      1997          0.000          0.000          0.000          0.000          0.000          0.000       3100.210       3623.886          0.000          95.400          0.000         80.598          0.000
     07/09/1997      1997          0.000         38.159          1.262          0.000          0.000          0.000       1123.305       2025.604          0.000         188.200          6.137        100.030          0.000
     30/07/1998      1998          0.000          0.000          0.000          0.000          0.000          0.000       2287.584       3625.692          0.000         285.300          2.932        225.015         22.994
     10/12/1998      1998       1106.633         81.545          2.558          0.000          0.000          0.000        237.931        381.509          0.000         122.900          0.918        114.576          7.261
     15/05/1999      1999          0.000          0.000          0.000          0.000          0.000          0.000       1762.748       3074.713          0.000         295.200         30.273        146.527         47.614
     07/09/1999      1999          0.000         59.514          1.987          0.000          0.000          0.000        537.492        872.052          0.000         160.800          2.048         93.099         23.502
     29/07/2000      2000          0.000          0.000          0.000          0.000          0.000          0.000       2136.237       4755.616          0.000         491.300         50.856        291.319        141.858
     08/12/2000      2000        862.335         69.683          1.941          0.000          0.000          0.000        340.919        431.800          0.000          49.400          0.000         60.351          0.000
     15/05/2001      2001          0.000          0.000          0.000          0.000          0.000          0.000       1808.703       2696.680          0.000         163.000          8.386         97.380          0.000
     07/09/2001      2001          0.000         55.333          1.957          0.000          0.000          0.000        895.325       1183.323          0.000         119.400          0.000         76.186          0.000
     30/07/2002      2002          0.000          0.000          0.000          0.000          0.000          0.000       2060.384       4209.203          0.000         269.300          2.725        251.386          0.000
     09/12/2002      2002        892.362         73.387          2.364          0.000          0.000          0.000        320.714        616.045          0.000          79.800          0.008         73.934          0.000
