Summary_file = output\coonamble_lg1_50_w3_deep_AvgWindow.sum
Title = site=coonamble; soil=lg1; treatment=w3; Nrate=50; RootDepth=deep; Sowing = AvgWindow
           date      year      wht_yield         wht_ep     wht_laimax      chk_yield         chk_ep     chk_laimax      sor_yield         sor_ep     sor_laimax    avg_residue    max_residue    min_residue annual_rainfall  annual_runoff      annual_es   annual_drain
             ()    (year)        (kg/ha)           (mm)      (m^2/m^2)        (kg/ha)           (mm)      (m^2/m^2)        (kg/ha)             ()        (m2/m2)        (kg/ha)        (kg/ha)        (kg/ha)            (mm)           (mm)           (mm)           (mm)
     31/12/1957      1957          0.000          0.000          0.000          0.000          0.000          0.000          0.000          0.000          0.000          5.811          9.784          0.000         240.300          9.978        260.706         21.140
     31/12/1958      1958       4977.748        258.397          5.368          0.000          0.000          0.000          0.000          0.000          0.000       1292.844       9359.610          0.000         642.900         48.409        415.847         86.434
     31/12/1959      1959          0.000          0.000          0.000       2537.980        225.387          3.036          0.000          0.000          0.000       8028.011       9986.443          0.000         685.200         65.019        207.028        173.818
     31/12/1960      1960       1427.448        107.013          2.061          0.000          0.000          0.000          0.000          0.000          0.000       6699.542       9380.489          0.000         399.100          0.018        284.138          0.000
     31/12/1961      1961          0.000          0.000          0.000       1070.171        129.814          1.890          0.000          0.000          0.000       4609.953       6808.152          0.000         445.200          0.101        367.021          0.000
     31/12/1962      1962       2074.171        152.471          3.002          0.000          0.000          0.000          0.000          0.000          0.000       1557.763       5496.016          0.000         641.300          0.002        437.003          0.000
     31/12/1963      1963          0.000          0.000          0.000       2336.028        202.426          3.089          0.000          0.000          0.000       2022.583       4164.832          0.000         555.600          3.314        410.224          0.000
     31/12/1964      1964       1839.101         91.258          1.946          0.000          0.000          0.000          0.000          0.000          0.000       1335.857       3924.389          0.000         449.100          0.250        381.866          0.000
     31/12/1965      1965          0.000          0.000          0.000          0.000          0.000          0.000          0.000          0.000          0.000       2371.531       2887.333          0.000         342.700          5.534        245.813          0.000
     31/12/1966      1966          0.000          0.000          0.000          0.000          0.000          0.000          0.000          0.000          0.000        564.666        926.016          0.000         374.800          1.033        366.213          0.000
     31/12/1967      1967       2611.141        183.314          6.168          0.000          0.000          0.000          0.000          0.000          0.000       1331.031       7675.599          0.000         327.800          9.219        247.478          0.000
     31/12/1968      1968          0.000          0.000          0.000       1740.276        156.270          2.584          0.000          0.000          0.000       3737.874       7298.165          0.000         519.800          7.544        340.150          0.000
     31/12/1969      1969       2042.672        135.335          3.342          0.000          0.000          0.000          0.000          0.000          0.000       1561.022       5857.649          0.000         671.000          9.909        464.948          0.000
     31/12/1970      1970          0.000          0.000          0.000          0.000          0.000          0.000          0.000          0.000          0.000       1590.952       4160.571          0.000         601.600          3.260        460.271          0.000
     31/12/1971      1971       3290.751        210.039          4.352          0.000          0.000          0.000          0.000          0.000          0.000        615.521       6293.963          0.000         617.500         22.082        424.820         72.559
     31/12/1972      1972          0.000          0.000          0.000          0.000          0.000          0.000          0.000          0.000          0.000       2893.825       4922.515          0.000         467.300          0.115        376.296          0.000
     31/12/1973      1973       4616.132        252.934          4.589          0.000          0.000          0.000          0.000          0.000          0.000       1224.405       7906.929          0.000         873.600         37.417        458.078        113.545
     31/12/1974      1974          0.000          0.000          0.000       2588.918        208.297          3.049          0.000          0.000          0.000       4055.028       6951.484          0.000         593.200         42.983        325.155        147.926
     31/12/1975      1975       1857.144        128.551          2.882          0.000          0.000          0.000          0.000          0.000          0.000       2198.130       4919.122          0.000         485.500          0.030        370.266          0.000
     31/12/1976      1976          0.000          0.000          0.000       2421.836        207.417          3.149          0.000          0.000          0.000       2129.037       4274.069          0.000         624.200          6.162        407.887          0.000
     31/12/1977      1977       1277.401        115.270          1.972          0.000          0.000          0.000          0.000          0.000          0.000       1339.559       3891.965          0.000         498.800         28.308        330.907          0.000
     31/12/1978      1978          0.000          0.000          0.000       2369.063        181.513          2.768          0.000          0.000          0.000       1446.802       3595.509          0.000         738.800          8.787        474.598          0.000
     31/12/1979      1979       2310.421        150.918          3.166          0.000          0.000          0.000          0.000          0.000          0.000       1154.450       5180.757          0.000         325.400          0.000        326.527          0.000
     31/12/1980      1980          0.000          0.000          0.000       1181.758        142.325          2.220          0.000          0.000          0.000       2775.321       4860.715          0.000         533.300         28.981        335.675          0.000
     31/12/1981      1981       1739.501        115.809          3.143          0.000          0.000          0.000          0.000          0.000          0.000       1498.388       4272.055          0.000         500.600          7.384        346.322          0.000
     31/12/1982      1982          0.000          0.000          0.000          0.000          0.000          0.000          0.000          0.000          0.000       1489.211       3425.696          0.000         368.300          3.353        278.823          0.000
     31/12/1983      1983       5216.817        285.504          7.036          0.000          0.000          0.000          0.000          0.000          0.000       1656.711      10511.093          0.000         734.100         16.864        387.932          0.000
     31/12/1984      1984          0.000          0.000          0.000       1990.255        240.734          2.754          0.000          0.000          0.000       4563.662       8490.956          0.000         737.300         11.185        350.789        260.970
     31/12/1985      1985          0.000          0.000          0.000          0.000          0.000          0.000          0.000          0.000          0.000       2707.248       5383.146          0.000         490.100          0.000        439.572          0.000
     31/12/1986      1986       1501.602         95.036          1.999          0.000          0.000          0.000          0.000          0.000          0.000        411.802       3194.220          0.000         352.400          0.000        340.888          0.000
     31/12/1987      1987          0.000          0.000          0.000          0.000          0.000          0.000          0.000          0.000          0.000       1226.765       2854.819          0.000         439.300          0.000        407.805          0.000
     31/12/1988      1988       1265.714         95.706          3.626          0.000          0.000          0.000          0.000          0.000          0.000        508.948       3746.199          0.000         537.400          0.905        433.695          0.000
     31/12/1989      1989          0.000          0.000          0.000       1561.512        143.233          2.136          0.000          0.000          0.000        673.998       2494.204          0.000         513.600          8.472        428.599          0.000
     31/12/1990      1990       1881.745        126.663          3.401          0.000          0.000          0.000          0.000          0.000          0.000        921.557       5211.375          0.000         487.500         26.672        337.309          0.000
     31/12/1991      1991          0.000          0.000          0.000          0.000          0.000          0.000          0.000          0.000          0.000       2871.107       4759.295          0.000         469.000         10.967        355.279          0.000
     31/12/1992      1992       2047.127        126.886          3.103          0.000          0.000          0.000          0.000          0.000          0.000        841.500       4117.327          0.000         475.200          0.097        383.205          0.000
     31/12/1993      1993          0.000          0.000          0.000       2139.801        168.951          2.550          0.000          0.000          0.000       1619.940       3491.719          0.000         589.200          0.027        477.116          0.000
     31/12/1994      1994          0.000          0.000          0.000          0.000          0.000          0.000          0.000          0.000          0.000        295.788       1053.639          0.000         357.300          4.257        290.834          0.000
     31/12/1995      1995       2259.275        146.521          3.894          0.000          0.000          0.000          0.000          0.000          0.000        750.114       5336.350          0.000         584.200         99.214        364.361          0.000
     31/12/1996      1996          0.000          0.000          0.000       1028.452        105.955          1.903          0.000          0.000          0.000       1437.231       3570.623          0.000         545.700          0.000        463.899          0.000
     31/12/1997      1997       1793.248         87.088          1.639          0.000          0.000          0.000          0.000          0.000          0.000        512.607       2603.289          0.000         496.600          4.011        380.211          0.000
     31/12/1998      1998          0.000          0.000          0.000       2713.032        217.738          2.971          0.000          0.000          0.000        868.884       3596.187          0.000         812.200         48.579        475.332          0.000
     31/12/1999      1999       2252.479        160.215          3.159          0.000          0.000          0.000          0.000          0.000          0.000       1003.709       5198.610          0.000         592.800         17.319        436.207          0.000
     31/12/2000      2000          0.000          0.000          0.000       1913.858        207.290          2.072          0.000          0.000          0.000       1354.965       3560.615          0.000         738.900         34.481        439.599          0.000
     31/12/2001      2001       2479.754        162.670          3.711          0.000          0.000          0.000          0.000          0.000          0.000        804.457       5215.824          0.000         447.500          0.710        382.566          0.000
     31/12/2002      2002          0.000          0.000          0.000          0.000          0.000          0.000          0.000          0.000          0.000       2767.147       3955.919          0.000         206.600          0.000        231.857          0.000
