Summary_file = output\coonamble_cd2_200_oc2_deep_AvgWindow.sum
Title = site=coonamble; soil=cd2; treatment=oc2; Nrate=200; RootDepth=deep; Sowing = AvgWindow
           date      year      wht_yield         wht_ep     wht_laimax      chk_yield         chk_ep     chk_laimax      sor_yield         sor_ep     sor_laimax    avg_residue    max_residue    min_residue annual_rainfall  annual_runoff      annual_es   annual_drain
             ()    (year)        (kg/ha)           (mm)      (m^2/m^2)        (kg/ha)           (mm)      (m^2/m^2)        (kg/ha)             ()        (m2/m2)        (kg/ha)        (kg/ha)        (kg/ha)            (mm)           (mm)           (mm)           (mm)
     31/12/1957      1957          0.000          0.000          0.000          0.000          0.000          0.000       1167.579        110.383          2.374       1531.754       4032.599          0.000         240.300          4.728        244.159         19.137
     31/12/1958      1958       4040.822        191.042          4.403          0.000          0.000          0.000          0.000          0.000          0.000       1032.880       6957.141          0.000         642.900         25.449        432.179         10.641
     31/12/1959      1959          0.000          0.000          0.000       1353.558        123.041          2.224          0.000          0.000          0.000       3256.366       6017.005          0.000         685.200         19.018        338.383        191.507
     31/12/1960      1960          0.000          0.000          0.000          0.000          0.000          0.000          0.000          0.000          0.000       1603.739       3750.667          0.000         399.100          0.151        381.608          0.000
     31/12/1961      1961          0.000          0.000          0.000          0.000          0.000          0.000          0.000          0.000          0.000         58.813        312.682          0.000         445.200          0.000        409.762          0.000
     31/12/1962      1962          0.000          0.000          0.000       1893.327        159.870          2.599          0.000          0.000          0.000        228.730       2725.434          0.000         641.300          2.803        509.826          0.000
     31/12/1963      1963       2241.217        147.344          4.018          0.000          0.000          0.000          0.000          0.000          0.000        627.127       5942.232          0.000         555.600          9.421        438.441          0.000
     31/12/1964      1964          0.000          0.000          0.000          0.000          0.000          0.000          0.000          0.000          0.000        409.129       2100.076          0.000         449.100          0.184        413.600          0.000
     31/12/1965      1965          0.000          0.000          0.000          0.000          0.000          0.000          0.000          0.000          0.018         20.940         32.986          0.000         342.700          9.258        266.188          0.000
     31/12/1966      1966       2641.440        142.368          3.630          0.000          0.000          0.000          0.000          0.000          0.037        424.681       5166.351          0.000         374.800          0.000        324.538          0.000
     31/12/1967      1967          0.000          0.000          0.000        789.683         90.157          1.735          0.000          0.000          0.000       1209.604       3611.221          0.000         327.800          0.180        254.460          0.000
     31/12/1968      1968       1897.783        139.010          5.507          0.000          0.000          0.000          0.000          0.000          0.000       1000.859       6720.468          0.000         519.800         19.976        350.434          0.000
     31/12/1969      1969          0.000          0.000          0.000       1136.818        118.023          1.941          0.000          0.000          0.000        638.138       4083.760          0.000         671.000          5.229        541.406          0.000
     31/12/1970      1970          0.000          0.000          0.000          0.000          0.000          0.000          0.000         74.459          2.902        148.309       1162.817          0.000         601.600          4.089        457.764          0.000
     31/12/1971      1971       2095.915        143.129          3.519          0.000          0.000          0.000       3097.262         75.009          2.829       1883.858       4587.072          0.000         617.500         12.935        394.441         39.322
     31/12/1972      1972          0.000          0.000          0.000          0.000          0.000          0.000          0.000         20.335          1.249        413.174       2218.986          0.000         467.300          0.089        396.945          0.000
     31/12/1973      1973       5185.482        252.791          4.257          0.000          0.000          0.000       3575.811        154.437          2.696       1964.688       7278.137          0.000         873.600         15.903        428.289         37.427
     31/12/1974      1974          0.000          0.000          0.000       1131.022        117.047          1.871          0.000          0.000          0.000        933.555       4643.793          0.000         593.200         35.896        384.993        111.410
     31/12/1975      1975       1652.254        107.534          3.006          0.000          0.000          0.000          0.000          0.000          0.000        700.727       4089.486          0.000         485.500          2.350        380.404          0.000
     31/12/1976      1976          0.000          0.000          0.000       1446.116        124.718          2.731          0.000          0.000          0.000        434.403       2658.830          0.000         624.200         10.803        439.830         39.655
     31/12/1977      1977       1490.770        117.493          3.356          0.000          0.000          0.000          0.000          0.000          0.000        888.168       4622.268          0.000         498.800         38.466        333.109         22.189
     31/12/1978      1978          0.000          0.000          0.000       1045.088         96.451          1.597          0.000          0.000          0.000        499.283       3653.598          0.000         738.800          6.094        526.347          0.000
     31/12/1979      1979          0.000          0.000          0.000          0.000          0.000          0.000       3146.412         79.642          2.600        787.877       3139.351          0.000         325.400          0.000        343.511          0.000
     31/12/1980      1980       1427.111        114.270          3.415          0.000          0.000          0.000          0.000          0.000          0.000        660.736       4780.772          0.000         533.300         54.758        353.026          0.000
     31/12/1981      1981          0.000          0.000          0.000       1208.296        108.798          1.402          0.000          0.000          0.000        827.699       2562.021          0.000         500.600          8.244        382.485          0.000
     31/12/1982      1982          0.000          0.000          0.000          0.000          0.000          0.000          0.000          0.000          0.000        229.852       1302.666          0.000         368.300          5.912        297.739          0.000
     31/12/1983      1983       4844.574        255.942          6.347          0.000          0.000          0.000        727.322         26.141          0.430       1060.461       9183.119          0.000         734.100          7.587        411.620         14.809
     31/12/1984      1984          0.000          0.000          0.000        964.707        111.468          1.280       4931.586        212.652          3.938       1742.578       5759.061          0.000         737.300          6.730        407.236        102.900
     31/12/1985      1985          0.000          0.000          0.000          0.000          0.000          0.000          0.000          0.000          0.000        526.307       1625.475          0.000         490.100          0.000        453.816          0.000
     31/12/1986      1986          0.000          0.000          0.000          0.000          0.000          0.000          0.000          0.000          0.000          5.562         21.296          0.000         352.400          0.000        353.162          0.000
     31/12/1987      1987          0.000          0.000          0.000          0.000          0.000          0.000          0.000          0.000          0.000          0.072          0.373          0.000         439.300          0.249        423.375          0.000
     31/12/1988      1988       1545.728        111.591          4.527          0.000          0.000          0.000          0.000          0.000          0.000        677.898       5073.908          0.000         537.400          0.393        427.790          0.000
     31/12/1989      1989          0.000          0.000          0.000       1191.581        115.107          1.902          0.000          0.000          0.000        505.217       2162.408          0.000         513.600          6.305        438.928          4.863
     31/12/1990      1990       2129.720        135.606          6.260          0.000          0.000          0.000          0.000          0.000          0.000       1046.336       6822.473          0.000         487.500         22.039        333.352          0.000
     31/12/1991      1991          0.000          0.000          0.000          0.000          0.000          0.000          0.000          0.000          0.000        798.477       5104.905          0.000         469.000         14.918        373.550          0.000
     31/12/1992      1992       1738.123        101.932          2.503          0.000          0.000          0.000          0.000          0.000          0.000        221.958       3467.530          0.000         475.200          0.011        398.038          0.000
     31/12/1993      1993          0.000          0.000          0.000       1531.550        111.448          1.937          0.000          0.000          0.000        388.180       2043.875          0.000         589.200          0.029        518.941          0.000
     31/12/1994      1994          0.000          0.000          0.000          0.000          0.000          0.000          0.000          0.000          0.000        150.475        608.871          0.000         357.300          0.175        295.885          0.000
     31/12/1995      1995       1707.608        114.269          4.030          0.000          0.000          0.000          0.000          0.000          0.000        366.463       4583.923          0.000         584.200         86.010        381.130         35.585
     31/12/1996      1996          0.000          0.000          0.000          0.000          0.000          0.000          0.000          0.000          0.021        112.209       1013.896          0.000         545.700          0.813        494.555          0.000
     31/12/1997      1997          0.000          0.000          0.000          0.000          0.000          0.000       2224.842         83.265          2.007        486.148       2120.866          0.000         496.600          5.825        396.254          0.000
     31/12/1998      1998       6295.752        259.451          5.376          0.000          0.000          0.000       1754.393        137.529          2.412       1475.081       8910.214          0.000         812.200         27.353        367.671         70.474
     31/12/1999      1999          0.000          0.000          0.000       1153.276        109.399          1.831        900.034         43.296          2.049       1292.297       5339.561          0.000         592.800          8.226        444.130          0.000
     31/12/2000      2000       2039.789        135.215          4.498          0.000          0.000          0.000          0.000         26.153          1.311        382.627       5101.278          0.000         738.900         34.012        416.657         61.808
     31/12/2001      2001          0.000          0.000          0.000          0.000          0.000          0.000       1728.296         91.166          2.291        561.490       2919.421          0.000         447.500          0.000        405.475          0.000
     31/12/2002      2002          0.000          0.000          0.000          0.000          0.000          0.000          0.000          0.000          0.000         11.125         32.874          0.000         206.600          0.000        236.958          0.000
