Summary_file = output\goondiwindi_lg1_200_oc2_deep_AvgWindow.sum
Title = site=goondiwindi; soil=lg1; treatment=oc2; Nrate=200; RootDepth=deep; Sowing = AvgWindow
           date      year      wht_yield         wht_ep     wht_laimax      chk_yield         chk_ep     chk_laimax      sor_yield         sor_ep     sor_laimax    avg_residue    max_residue    min_residue annual_rainfall  annual_runoff      annual_es   annual_drain
             ()    (year)        (kg/ha)           (mm)      (m^2/m^2)        (kg/ha)           (mm)      (m^2/m^2)        (kg/ha)             ()        (m2/m2)        (kg/ha)        (kg/ha)        (kg/ha)            (mm)           (mm)           (mm)           (mm)
     31/12/1957      1957          0.000          0.000          0.000          0.000          0.000          0.000       4578.868        209.026          3.507       1125.476       4553.609          0.000         453.500          0.303        429.808         12.469
     31/12/1958      1958       3412.538        187.612          4.017          0.000          0.000          0.000          0.000          0.000          0.000        857.917       6570.357          0.000         662.400         23.347        484.445          0.000
     31/12/1959      1959          0.000          0.000          0.000       2163.500        159.562          2.579          0.000          0.000          0.000       2032.127       4757.396          0.000         654.400         25.416        421.819          0.000
     31/12/1960      1960       1055.699         88.043          2.289          0.000          0.000          0.000          0.000          0.000          0.000        306.052       2746.641          0.000         450.100          0.085        432.223          0.000
     31/12/1961      1961          0.000          0.000          0.000        814.246        101.789          1.393          0.000          0.408          0.076        322.967       1636.762          0.000         745.300          8.829        515.130          0.000
     31/12/1962      1962       3623.565        231.852          5.822          0.000          0.000          0.000       5185.540        207.988          3.903       2613.179       8091.955          0.000         871.900         85.816        381.652          8.042
     31/12/1963      1963          0.000          0.000          0.000       1814.681        159.913          2.371          0.000          0.000          0.000       1188.387       5903.870          0.000         577.700         13.282        428.672          0.000
     31/12/1964      1964       4185.359        215.380          5.017          0.000          0.000          0.000          0.000          0.000          0.000        794.452       6709.447          0.000         650.500          3.742        474.799          0.000
     31/12/1965      1965          0.000          0.000          0.000          0.000          0.000          0.000          0.000          0.000          0.000       1216.307       3057.834          0.000         402.800          1.851        343.839          0.000
     31/12/1966      1966       3645.395        228.015          6.437          0.000          0.000          0.000          0.000          0.000          0.000       1073.113       9228.969          0.000         572.500          4.620        368.074          0.000
     31/12/1967      1967          0.000          0.000          0.000       1175.810        126.231          2.006          0.000          0.000          0.000       2902.849       6137.087          0.000         385.700          4.297        303.956          0.000
     31/12/1968      1968       1286.447         97.146          3.454          0.000          0.000          0.000          0.000          0.000          0.000        785.685       4744.736          0.000         561.600          2.576        405.174          0.000
     31/12/1969      1969          0.000          0.000          0.000       1935.636        160.728          2.788          0.000          0.159          0.111        904.389       3137.083          0.000         621.900         13.632        398.252          0.000
     31/12/1970      1970          0.000          0.000          0.000          0.000          0.000          0.000       4144.686        175.591          3.380       1697.192       4647.689          0.000         743.300         24.597        454.890          0.000
     31/12/1971      1971          0.000          0.000          0.000          0.000          0.000          0.000       5579.954        215.239          3.890       1809.246       5382.565          0.000         668.800          8.635        434.313          0.000
     31/12/1972      1972          0.000          0.000          0.000          0.000          0.000          0.000       4806.161        187.368          3.803       1765.847       5114.750          0.000         501.100          0.254        419.982          0.000
     31/12/1973      1973       3732.232        208.126          3.633          0.000          0.000          0.000          0.000          0.000          0.000        467.713       5545.128          0.000         727.500         26.423        534.634          0.000
     31/12/1974      1974          0.000          0.000          0.000          0.000          0.000          0.000          0.000         35.311          2.340        178.361       1044.522          0.000         509.100         19.716        429.484          0.000
     31/12/1975      1975       3120.712        170.690          4.722          0.000          0.000          0.000       1903.908         94.814          3.180        999.212       6051.424          0.000         692.900          7.462        414.337          0.000
     31/12/1976      1976          0.000          0.000          0.000       2937.346        217.350          3.163          0.000          0.000          0.000        635.105       4022.423          0.000         817.500         86.919        492.915         19.707
     31/12/1977      1977       2852.980        203.365          6.401          0.000          0.000          0.000          0.000          0.000          0.000       1048.443       7251.421          0.000         614.500         11.079        471.501          0.000
     31/12/1978      1978          0.000          0.000          0.000       2545.483        185.387          3.104          0.000          0.000          0.000        515.991       3813.867          0.000         799.100         14.858        522.795          0.000
     31/12/1979      1979       2728.547        149.647          2.999          0.000          0.000          0.000          0.000          0.000          0.000        467.213       4471.557          0.000         488.600          2.181        385.074          0.000
     31/12/1980      1980          0.000          0.000          0.000          0.000          0.000          0.000          0.000          0.000          0.000        330.305       1427.391          0.000         387.700          0.253        359.343          0.000
     31/12/1981      1981       3596.694        209.708          7.356          0.000          0.000          0.000          0.000          0.000          0.000       1043.552       8892.694          0.000         664.100         32.634        412.516          0.000
     31/12/1982      1982          0.000          0.000          0.000          0.000          0.000          0.000          0.000         38.872          2.530        426.057       3346.886          0.000         518.300          9.464        397.531          0.000
     31/12/1983      1983       5599.649        279.189          6.769          0.000          0.000          0.000       3964.980        134.107          2.679       1810.209      10165.164          0.000        1019.100         81.914        446.825         42.758
     31/12/1984      1984          0.000          0.000          0.000       2119.409        219.624          2.859       6092.786        229.237          3.982       2731.342       7053.027          0.000         798.300         22.143        416.390         20.253
     31/12/1985      1985       2536.587        159.009          5.138          0.000          0.000          0.000          0.000          0.000          0.000       1254.322       6457.124          0.000         568.000         17.021        424.468          0.000
     31/12/1986      1986          0.000          0.000          0.000          0.000          0.000          0.000          0.000          0.000          0.000        281.947       1639.328          0.000         531.400          1.555        478.963          0.000
     31/12/1987      1987       3208.418        192.218          5.156          0.000          0.000          0.000          0.000          0.000          0.000        877.760       7987.754          0.000         598.600          7.307        423.013          0.000
     31/12/1988      1988          0.000          0.000          0.000       2292.254        204.743          3.268          0.000          0.000          0.000        647.589       3849.234          0.000         832.400         33.973        529.827         69.733
     31/12/1989      1989       2825.054        182.627          6.505          0.000          0.000          0.000          0.000          0.000          0.000       1021.351       7979.729          0.000         680.000         54.057        421.108          0.000
     31/12/1990      1990          0.000          0.000          0.000       2124.703        193.583          3.015          0.000          0.000          0.000        781.789       3682.618          0.000         687.900         45.177        466.345         28.693
     31/12/1991      1991       1810.984        146.084          4.577          0.000          0.000          0.000          0.000          0.000          0.000        690.628       5638.908          0.000         608.700         32.783        391.407          0.000
     31/12/1992      1992          0.000          0.000          0.000          0.000          0.000          0.000          0.000          0.000          0.000        191.715        986.222          0.000         382.800          0.231        381.120          0.000
     31/12/1993      1993       2066.866        136.859          3.706          0.000          0.000          0.000          0.000          0.000          0.000        364.391       4618.214          0.000         446.500          4.770        371.854          0.000
     31/12/1994      1994          0.000          0.000          0.000          0.000          0.000          0.000          0.000         40.225          2.211        260.023       1654.664          0.000         524.300         23.258        364.263          0.000
     31/12/1995      1995          0.000          0.000          0.000          0.000          0.000          0.000       5077.707        204.949          3.238       2175.882       5646.148          0.000         608.600         11.182        400.920          0.000
     31/12/1996      1996       4226.015        241.787          5.598          0.000          0.000          0.000       6656.910        230.679          3.769       3040.880       8656.208          0.000         961.100        101.949        386.573          3.455
     31/12/1997      1997          0.000          0.000          0.000       2229.531        219.896          2.733          0.000          0.000          0.000       1239.494       4339.951          0.000         747.000         75.317        418.172         48.978
     31/12/1998      1998       6474.741        272.909          5.069          0.000          0.000          0.000          0.000        118.596          3.432       1221.255       9098.540          0.000         891.400         57.485        388.104         31.884
     31/12/1999      1999          0.000          0.000          0.000       1959.939        199.897          3.004       4701.462         94.916          3.268       1098.180       5563.885          0.000         848.600         13.661        523.474          0.000
     31/12/2000      2000       1644.599        135.495          3.652          0.000          0.000          0.000          0.000          0.000          0.000        422.057       4663.955          0.000         481.900         11.837        399.457          0.000
     31/12/2001      2001          0.000          0.000          0.000       1233.924        133.777          1.999          0.000          0.000          0.000        284.639       2232.537          0.000         584.800         45.793        457.504          0.000
     31/12/2002      2002          0.000          0.000          0.000          0.000          0.000          0.000          0.000          0.000          0.000         87.332        384.228          0.000         469.700         14.785        382.489          0.000
