Summary_file = output\coonamble_lg1_50_LongFallow1_deep_AvgWindow.sum
Title = site=coonamble; soil=lg1; treatment=LongFallow1; Nrate=50; RootDepth=deep; Sowing = AvgWindow
           date      year      wht_yield         wht_ep     wht_laimax      chk_yield         chk_ep     chk_laimax      sor_yield         sor_ep     sor_laimax    avg_residue    max_residue    min_residue annual_rainfall  annual_runoff      annual_es   annual_drain
             ()    (year)        (kg/ha)           (mm)      (m^2/m^2)        (kg/ha)           (mm)      (m^2/m^2)        (kg/ha)           (mm)      (m^2/m^2)        (kg/ha)        (kg/ha)        (kg/ha)            (mm)           (mm)           (mm)           (mm)
     31/12/1957      1957          0.000          0.000          0.000          0.000          0.000          0.000          0.000          0.000          0.000          5.811          9.784          0.000         240.300          9.978        260.706         21.140
     31/12/1958      1958       4984.332        251.232          5.408          0.000          0.000          0.000          0.000          0.000          0.000       1341.950       9714.516          0.000         642.900         48.422        414.794         86.161
     31/12/1959      1959          0.000          0.000          0.000          0.000          0.000          0.000         59.639        132.376          3.039       8079.369       9542.074          0.000         685.200         70.654        223.801        192.169
     31/12/1960      1960          0.000          0.000          0.000          0.000          0.000          0.000       3068.615         69.552          2.861       7059.637       9263.837          0.000         399.100          0.415        295.074          0.001
     31/12/1961      1961       2057.596        162.090          3.281          0.000          0.000          0.000          0.000          0.000          0.000       3766.317       7059.437          0.000         445.200          0.048        352.210          0.000
     31/12/1962      1962          0.000          0.000          0.000          0.000          0.000          0.000          0.000        109.995          3.517       2711.837       5770.378          0.000         641.300          0.190        443.744          0.885
     31/12/1963      1963          0.000          0.000          0.000          0.000          0.000          0.000       5398.002        133.072          3.428       3803.283       6565.115          0.000         555.600         16.173        370.242          0.297
     31/12/1964      1964       2395.274        160.570          3.612          0.000          0.000          0.000          0.000          0.000          0.000       1564.307       6329.778          0.000         449.100          0.239        372.395         27.169
     31/12/1965      1965          0.000          0.000          0.000          0.000          0.000          0.000          0.000          8.441          0.387       5176.797       5935.506          0.000         342.700          3.366        239.133          0.000
     31/12/1966      1966          0.000          0.000          0.000          0.000          0.000          0.000       3163.865        148.580          3.328       3333.334       5438.943          0.000         374.800          0.000        350.071          0.000
     31/12/1967      1967       1857.854        135.358          3.271          0.000          0.000          0.000          0.000          0.000          0.000       1619.445       5392.047          0.000         327.800          1.307        246.680          0.000
     31/12/1968      1968          0.000          0.000          0.000          0.000          0.000          0.000          0.000          0.000          0.000       2284.441       5172.788          0.000         519.800          7.961        362.968          0.000
     31/12/1969      1969          0.000          0.000          0.000          0.000          0.000          0.000       3738.399        167.115          3.074       1038.763       4081.372          0.000         671.000          7.396        511.842          0.000
     31/12/1970      1970          0.000          0.000          0.000          0.000          0.000          0.000          0.000          0.000          0.000         20.542         89.245          0.000         601.600         14.750        477.555          0.000
     31/12/1971      1971          0.000          0.000          0.000          0.000          0.000          0.000          0.000         79.228          3.417          0.981          2.532          0.000         617.500         28.108        449.392        143.184
     31/12/1972      1972          0.000          0.000          0.000          0.000          0.000          0.000       5296.028        160.803          3.529       3231.360       5457.184          0.000         467.300          0.765        360.405          0.001
     31/12/1973      1973       5547.598        270.532          5.087          0.000          0.000          0.000          0.000          0.000          0.000       1181.042       8485.932          0.000         873.600         43.881        455.505         59.230
     31/12/1974      1974          0.000          0.000          0.000          0.000          0.000          0.000          0.000        115.542          3.071       4139.678       7268.676          0.000         593.200         43.102        349.311        135.074
     31/12/1975      1975          0.000          0.000          0.000          0.000          0.000          0.000       4005.600         89.834          3.019       2055.122       4992.534          0.000         485.500          0.015        367.152          0.000
     31/12/1976      1976       2891.389        183.640          4.284          0.000          0.000          0.000          0.000          0.000          0.000        865.005       7049.021          0.000         624.200         31.098        421.430         54.004
     31/12/1977      1977          0.000          0.000          0.000          0.000          0.000          0.000          0.000          0.000          0.000       4572.891       6307.074          0.000         498.800         22.522        293.869         43.074
     31/12/1978      1978          0.000          0.000          0.000          0.000          0.000          0.000       4551.435        204.131          3.120       3244.698       5294.923          0.000         738.800         15.506        421.603          6.685
     31/12/1979      1979       2194.993        154.964          2.588          0.000          0.000          0.000          0.000          0.000          0.000       1413.055       5569.076          0.000         325.400          0.000        332.120         50.859
     31/12/1980      1980          0.000          0.000          0.000          0.000          0.000          0.000          0.000          7.680          0.430       3150.350       5242.749          0.000         533.300         31.961        327.902         14.660
     31/12/1981      1981          0.000          0.000          0.000          0.000          0.000          0.000       3623.341        174.522          3.124       1971.199       4375.556          0.000         500.600          4.000        370.671          0.002
     31/12/1982      1982          0.000          0.000          0.000          0.000          0.000          0.000          0.000          0.000          0.000        161.915        449.443          0.000         368.300         12.715        294.345         36.311
     31/12/1983      1983          0.000          0.000          0.000          0.000          0.000          0.000          0.000        126.383          3.445         27.272         75.990          0.000         734.100         25.754        545.711        111.482
     31/12/1984      1984          0.000          0.000          0.000          0.000          0.000          0.000       6167.801        161.014          3.374       3847.264       6834.939          0.000         737.300         29.823        412.710         47.000
     31/12/1985      1985       3523.276        225.922          4.952          0.000          0.000          0.000          0.000          0.000          0.000       2129.592       8276.359          0.000         490.100          0.868        326.802         12.066
     31/12/1986      1986          0.000          0.000          0.000          0.000          0.000          0.000          0.000        101.579          3.173       4442.259       6613.331          0.000         352.400          0.000        328.299          0.000
     31/12/1987      1987          0.000          0.000          0.000          0.000          0.000          0.000       3031.856         60.830          3.096       3457.564       5101.452          0.000         439.300          0.000        384.203          0.000
     31/12/1988      1988       1828.582        120.713          2.978          0.000          0.000          0.000          0.000          0.000          0.000       1077.935       4731.154          0.000         537.400          0.359        420.168          0.000
     31/12/1989      1989          0.000          0.000          0.000          0.000          0.000          0.000          0.000          0.000          0.000       1246.786       3472.564          0.000         513.600          3.808        413.528          0.000
     31/12/1990      1990          0.000          0.000          0.000          0.000          0.000          0.000          0.000          0.000          0.000        120.870        363.548          0.000         487.500         29.401        361.416         52.860
     31/12/1991      1991       2970.013        197.055          5.733          0.000          0.000          0.000          0.000          0.000          0.000       1072.297       7614.190          0.000         469.000          7.120        347.644         10.371
     31/12/1992      1992          0.000          0.000          0.000          0.000          0.000          0.000          0.000         87.104          3.793       3955.296       5722.900          0.000         475.200          0.139        380.952          0.000
     31/12/1993      1993          0.000          0.000          0.000          0.000          0.000          0.000       3790.770         95.549          3.770       2086.319       4500.845          0.000         589.200          0.006        502.091          0.000
     31/12/1994      1994          0.000          0.000          0.000          0.000          0.000          0.000          0.000          0.000          0.000         84.297        210.208          0.000         357.300          9.024        306.890          0.000
     31/12/1995      1995          0.000          0.000          0.000          0.000          0.000          0.000          0.000         48.629          2.224         12.484         29.731          0.000         584.200        101.219        384.902          6.750
     31/12/1996      1996          0.000          0.000          0.000          0.000          0.000          0.000       4827.247        176.008          3.565       1345.915       4531.493          0.000         545.700          0.693        442.475          7.001
     31/12/1997      1997       2586.337        137.277          2.986          0.000          0.000          0.000          0.000          0.000          0.000        685.010       4666.988          0.000         496.600          4.703        370.057          0.000
     31/12/1998      1998          0.000          0.000          0.000          0.000          0.000          0.000          0.000        122.821          3.204       1470.929       3746.815          0.000         812.200         38.219        502.998        129.136
     31/12/1999      1999          0.000          0.000          0.000          0.000          0.000          0.000       3749.979         77.199          3.125       1030.595       4073.669          0.000         592.800          9.439        467.081          2.567
     31/12/2000      2000       2019.877        167.525          3.515          0.000          0.000          0.000          0.000          0.000          0.000        665.308       5366.334          0.000         738.900         48.048        413.774         20.457
     31/12/2001      2001          0.000          0.000          0.000          0.000          0.000          0.000          0.000        128.095          3.383       2176.548       4140.770          0.000         447.500          0.000        395.957         41.068
     31/12/2002      2002          0.000          0.000          0.000          0.000          0.000          0.000       4013.517         86.487          3.293       2403.357       4604.286          0.000         206.600          0.000        216.935          0.680
