Summary_file = output\goondiwindi_lg1_50_LongFallow1_deep_AvgWindow.sum
Title = site=goondiwindi; soil=lg1; treatment=LongFallow1; Nrate=50; RootDepth=deep; Sowing = AvgWindow
           date      year      wht_yield         wht_ep     wht_laimax      chk_yield         chk_ep     chk_laimax      sor_yield         sor_ep     sor_laimax    avg_residue    max_residue    min_residue annual_rainfall  annual_runoff      annual_es   annual_drain
             ()    (year)        (kg/ha)           (mm)      (m^2/m^2)        (kg/ha)           (mm)      (m^2/m^2)        (kg/ha)           (mm)      (m^2/m^2)        (kg/ha)        (kg/ha)        (kg/ha)            (mm)           (mm)           (mm)           (mm)
     31/12/1957      1957          0.000          0.000          0.000          0.000          0.000          0.000          0.000          0.000          0.000          2.660          9.845          0.000         453.500          1.390        458.739         31.350
     31/12/1958      1958       4378.684        227.998          4.202          0.000          0.000          0.000          0.000          0.000          0.000       1205.779       8160.687          0.000         662.400         27.470        452.680         90.290
     31/12/1959      1959          0.000          0.000          0.000          0.000          0.000          0.000        842.860        141.574          3.203       5989.682       7400.366          0.000         654.400         29.251        339.496         97.517
     31/12/1960      1960          0.000          0.000          0.000          0.000          0.000          0.000       3914.548         59.394          2.850       6104.339       8455.411          0.000         450.100          0.010        358.897          3.876
     31/12/1961      1961       2182.417        174.624          3.590          0.000          0.000          0.000          0.000          0.000          0.000       3035.315       6505.707          0.000         745.300         15.390        408.308         14.303
     31/12/1962      1962          0.000          0.000          0.000          0.000          0.000          0.000          0.000         96.843          2.905       2383.535       4654.976          0.000         871.900         50.161        424.062        397.414
     31/12/1963      1963          0.000          0.000          0.000          0.000          0.000          0.000       4531.102        112.005          2.780       2527.609       5328.610          0.000         577.700          4.694        410.216          0.008
     31/12/1964      1964       2996.160        191.290          4.064          0.000          0.000          0.000          0.000          0.000          0.000       1183.694       6675.930          0.000         650.500          2.170        475.855         87.745
     31/12/1965      1965          0.000          0.000          0.000          0.000          0.000          0.000        113.513        126.962          3.394       3494.515       4840.541          0.000         402.800          0.133        307.697          0.000
     31/12/1966      1966          0.000          0.000          0.000          0.000          0.000          0.000       4676.036         68.922          3.178       2648.277       4690.819          0.000         572.500          1.436        424.735          0.000
     31/12/1967      1967       2460.189        192.132          3.777          0.000          0.000          0.000          0.000          0.000          0.000       1635.120       7092.856          0.000         385.700         10.276        287.089         11.423
     31/12/1968      1968          0.000          0.000          0.000          0.000          0.000          0.000          0.000          8.976          0.531       3085.467       6616.068          0.000         561.600          1.518        402.627          0.000
     31/12/1969      1969          0.000          0.000          0.000          0.000          0.000          0.000       3259.732        171.686          2.905       1847.531       4036.016          0.000         621.900         23.414        416.493          0.000
     31/12/1970      1970       3200.479        188.255          3.493          0.000          0.000          0.000          0.000          0.000          0.000        921.640       6009.920          0.000         743.300         13.982        419.021         47.409
     31/12/1971      1971          0.000          0.000          0.000          0.000          0.000          0.000          0.000        119.954          3.307       1570.813       4244.585          0.000         668.800          9.677        453.437        229.079
     31/12/1972      1972          0.000          0.000          0.000          0.000          0.000          0.000       5155.409        112.321          3.184       2441.863       5280.781          0.000         501.100          0.034        420.574          0.004
     31/12/1973      1973       3094.390        188.560          3.629          0.000          0.000          0.000          0.000          0.000          0.000        814.876       5793.825          0.000         727.500         23.244        521.542          5.287
     31/12/1974      1974          0.000          0.000          0.000          0.000          0.000          0.000          0.000         98.312          2.867       2234.281       4286.238          0.000         509.100         15.145        421.325          0.000
     31/12/1975      1975          0.000          0.000          0.000          0.000          0.000          0.000       3183.366         67.538          2.801        520.395       3545.314          0.000         692.900         16.184        491.038          0.000
     31/12/1976      1976       3275.334        205.610          4.884          0.000          0.000          0.000          0.000          0.000          0.000       1106.078       7807.338          0.000         817.500        103.538        465.189        131.763
     31/12/1977      1977          0.000          0.000          0.000          0.000          0.000          0.000        872.694        130.682          2.950       3132.456       6237.609          0.000         614.500          3.539        422.382         78.853
     31/12/1978      1978          0.000          0.000          0.000          0.000          0.000          0.000       3867.959         45.598          2.583        984.878       3722.255          0.000         799.100         16.801        542.932         49.329
     31/12/1979      1979       3088.062        182.641          3.321          0.000          0.000          0.000          0.000          0.000          0.000        706.309       5483.808          0.000         488.600          2.761        375.304         39.093
     31/12/1980      1980          0.000          0.000          0.000          0.000          0.000          0.000        513.178        119.860          3.211       3162.607       4222.312          0.000         387.700          0.000        324.858          0.000
     31/12/1981      1981          0.000          0.000          0.000          0.000          0.000          0.000       4300.279         49.348          2.890       2069.107       4362.814          0.000         664.100         19.170        450.406          0.000
     31/12/1982      1982          0.000          0.000          0.000          0.000          0.000          0.000          0.000          0.000          0.000        112.617        509.761          0.000         518.300         14.471        414.580         70.665
     31/12/1983      1983          0.000          0.000          0.000          0.000          0.000          0.000        160.054        139.711          3.448          6.627         25.975          0.000        1019.100         99.761        609.954        260.595
     31/12/1984      1984          0.000          0.000          0.000          0.000          0.000          0.000       5827.276         91.112          3.241       2950.118       5766.436          0.000         798.300         22.241        487.867        100.847
     31/12/1985      1985       2943.830        181.154          3.896          0.000          0.000          0.000          0.000          0.000          0.000       1560.183       7191.701          0.000         568.000         13.966        407.201         59.177
     31/12/1986      1986          0.000          0.000          0.000          0.000          0.000          0.000          0.000        127.985          3.168       3179.541       5260.761          0.000         531.400          0.973        427.612         11.171
     31/12/1987      1987          0.000          0.000          0.000          0.000          0.000          0.000       4192.505         90.108          3.043       2713.302       4915.792          0.000         598.600          0.096        463.555          1.205
     31/12/1988      1988       2441.716        147.452          3.091          0.000          0.000          0.000          0.000          0.000          0.000        984.182       5503.569          0.000         832.400         33.294        522.385        157.755
     31/12/1989      1989          0.000          0.000          0.000          0.000          0.000          0.000          0.000        106.219          3.301       2597.088       4291.769          0.000         680.000         33.945        413.798         81.714
     31/12/1990      1990          0.000          0.000          0.000          0.000          0.000          0.000       5376.161        137.524          3.238       1913.786       5453.287          0.000         687.900         20.078        427.161         48.701
     31/12/1991      1991       2274.488        180.198          4.036          0.000          0.000          0.000          0.000          0.000          0.000       1017.043       6285.324          0.000         608.700         34.965        384.113        106.177
     31/12/1992      1992          0.000          0.000          0.000          0.000          0.000          0.000          0.000          8.553          0.496       2312.419       4249.622          0.000         382.800          0.000        374.116          0.000
     31/12/1993      1993          0.000          0.000          0.000          0.000          0.000          0.000       2413.545        109.028          2.556       1014.347       2718.653          0.000         446.500          0.284        400.749          0.000
     31/12/1994      1994          0.000          0.000          0.000          0.000          0.000          0.000          0.000          0.000          0.000         29.449         86.014          0.000         524.300         37.202        370.355          0.000
     31/12/1995      1995          0.000          0.000          0.000          0.000          0.000          0.000        116.960        139.316          3.398          3.979         10.766          0.000         608.600         28.989        430.486         60.773
     31/12/1996      1996          0.000          0.000          0.000          0.000          0.000          0.000       5830.234        100.995          3.181       3538.060       6024.198          0.000         961.100        130.805        450.370        134.878
     31/12/1997      1997       2055.570        155.773          2.276          0.000          0.000          0.000          0.000          0.000          0.000       1377.795       4975.780          0.000         747.000         92.878        412.166        210.841
     31/12/1998      1998          0.000          0.000          0.000          0.000          0.000          0.000         67.810        133.123          3.239       1227.114       2887.965          0.000         891.400         67.130        530.276        208.685
     31/12/1999      1999          0.000          0.000          0.000          0.000          0.000          0.000       4758.996         87.413          3.048        956.630       4515.775          0.000         848.600         23.109        547.812         29.954
     31/12/2000      2000          0.000          0.000          0.000          0.000          0.000          0.000          0.000          0.000          0.000         12.649         53.490          0.000         481.900         13.095        420.434         72.932
     31/12/2001      2001          0.000          0.000          0.000          0.000          0.000          0.000         52.895        122.902          3.262          0.450          1.328          0.000         584.800         54.652        454.696         80.065
     31/12/2002      2002          0.000          0.000          0.000          0.000          0.000          0.000       3730.331         65.496          3.083        803.807       3577.958          0.000         469.700          8.238        378.495          0.001
