Summary_file = output\goondiwindi_lg1_50_w1_deep_AvgWindow.sum
Title = site=goondiwindi; soil=lg1; treatment=w1; Nrate=50; RootDepth=deep; Sowing = AvgWindow
           date      year      wht_yield         wht_ep     wht_laimax      chk_yield         chk_ep     chk_laimax      sor_yield         sor_ep     sor_laimax    avg_residue    max_residue    min_residue annual_rainfall  annual_runoff      annual_es   annual_drain
             ()    (year)        (kg/ha)           (mm)      (m^2/m^2)        (kg/ha)           (mm)      (m^2/m^2)        (kg/ha)           (mm)      (m^2/m^2)        (kg/ha)        (kg/ha)        (kg/ha)            (mm)           (mm)           (mm)           (mm)
     31/12/1957      1957       2512.359        184.569          4.279          0.000          0.000          0.000          0.000          0.000          0.000        834.166       5684.432          0.000         453.500          0.405        429.180         21.347
     31/12/1958      1958       2712.508        194.691          3.266          0.000          0.000          0.000          0.000          0.000          0.000       4541.583       9116.111          0.000         662.400          8.804        374.197          0.924
     31/12/1959      1959       2434.184        155.678          3.176          0.000          0.000          0.000          0.000          0.000          0.000       5923.760       8992.806          0.000         654.400         34.095        291.057         87.610
     31/12/1960      1960       2079.156        153.657          3.148          0.000          0.000          0.000          0.000          0.000          0.000       4971.895       8168.995          0.000         450.100          0.513        345.685         45.688
     31/12/1961      1961       2125.889        168.859          3.174          0.000          0.000          0.000          0.000          0.000          0.000       4441.825       6883.337          0.000         745.300         15.833        377.357         40.181
     31/12/1962      1962       2252.180        162.756          2.311          0.000          0.000          0.000          0.000          0.000          0.000       2538.270       5792.622          0.000         871.900         50.936        406.875        388.187
     31/12/1963      1963       1996.034        146.018          2.520          0.000          0.000          0.000          0.000          0.000          0.000       2623.454       5867.492          0.000         577.700          6.139        391.738         44.226
     31/12/1964      1964       2468.824        167.461          3.365          0.000          0.000          0.000          0.000          0.000          0.000       2550.781       6103.472          0.000         650.500          0.186        449.551         13.674
     31/12/1965      1965          0.000          0.000          0.000          0.000          0.000          0.000          0.000          0.000          0.000       2708.900       4215.321          0.000         402.800          0.828        341.331          0.001
     31/12/1966      1966       4711.238        288.057          6.150          0.000          0.000          0.000          0.000          0.000          0.000       1711.838      10729.826          0.000         572.500          5.106        357.082         14.153
     31/12/1967      1967       2091.919        175.524          2.974          0.000          0.000          0.000          0.000          0.000          0.000       6283.497       9414.671          0.000         385.700          4.298        227.866          0.000
     31/12/1968      1968       2115.969        165.805          3.171          0.000          0.000          0.000          0.000          0.000          0.000       5130.326       9268.238          0.000         561.600          3.686        294.488         13.234
     31/12/1969      1969       2411.081        147.762          2.981          0.000          0.000          0.000          0.000          0.000          0.000       4386.821       6648.240          0.000         621.900         13.339        315.098         67.896
     31/12/1970      1970       2116.767        148.302          2.684          0.000          0.000          0.000          0.000          0.000          0.000       2595.997       5520.047          0.000         743.300         10.988        404.359        112.621
     31/12/1971      1971       2532.192        189.928          2.970          0.000          0.000          0.000          0.000          0.000          0.000       1453.831       5566.568          0.000         668.800          7.906        454.450        224.385
     31/12/1972      1972          0.000          0.000          0.000          0.000          0.000          0.000          0.000          0.000          0.000       1614.188       3864.410          0.000         501.100          0.718        436.246          0.001
     31/12/1973      1973       3832.820        200.836          3.640          0.000          0.000          0.000          0.000          0.000          0.000        846.718       5804.223          0.000         727.500         21.528        520.914         78.021
     31/12/1974      1974       1844.472        122.577          2.894          0.000          0.000          0.000          0.000          0.000          0.000       2570.839       5493.311          0.000         509.100          9.016        377.396          0.000
     31/12/1975      1975       2413.921        154.393          2.946          0.000          0.000          0.000          0.000          0.000          0.000       2133.845       5671.206          0.000         692.900          6.972        414.747          8.914
     31/12/1976      1976       2425.709        165.540          3.348          0.000          0.000          0.000          0.000          0.000          0.000       2058.783       6528.180          0.000         817.500         54.486        464.062        197.856
     31/12/1977      1977       2020.969        154.559          2.637          0.000          0.000          0.000          0.000          0.000          0.000       2479.431       5724.921          0.000         614.500          1.995        442.728         88.809
     31/12/1978      1978       2453.564        140.299          3.331          0.000          0.000          0.000          0.000          0.000          0.000       2198.246       6474.226          0.000         799.100          9.994        444.745         13.896
     31/12/1979      1979       1617.600        118.204          2.016          0.000          0.000          0.000          0.000          0.000          0.000       2642.987       4678.542          0.000         488.600          0.010        385.737         63.326
     31/12/1980      1980       1571.616        138.216          2.736          0.000          0.000          0.000          0.000          0.000          0.000       2659.927       5810.798          0.000         387.700          0.000        316.827          0.002
     31/12/1981      1981       2222.634        157.401          3.075          0.000          0.000          0.000          0.000          0.000          0.000       2397.470       6053.040          0.000         664.100         21.183        402.343         11.189
     31/12/1982      1982          0.000          0.000          0.000          0.000          0.000          0.000          0.000          0.000          0.000       1588.599       4053.485          0.000         518.300          2.586        383.381         79.508
     31/12/1983      1983       3457.758        197.201          4.188          0.000          0.000          0.000          0.000          0.000          0.000       1272.213       7570.306          0.000        1019.100         86.021        506.187        234.302
     31/12/1984      1984       1997.531        140.176          2.399          0.000          0.000          0.000          0.000          0.000          0.000       2433.815       5671.979          0.000         798.300         23.357        471.649        243.362
     31/12/1985      1985       2033.268        140.871          3.030          0.000          0.000          0.000          0.000          0.000          0.000       2924.681       6231.704          0.000         568.000          7.684        407.290          0.001
     31/12/1986      1986          0.000          0.000          0.000          0.000          0.000          0.000          0.000          0.000          0.000       1695.139       3797.810          0.000         531.400          0.670        461.258          8.724
     31/12/1987      1987       3779.148        229.773          5.181          0.000          0.000          0.000          0.000          0.000          0.000       1528.810       9031.823          0.000         598.600          6.060        400.645         37.903
     31/12/1988      1988       2333.041        125.909          2.679          0.000          0.000          0.000          0.000          0.000          0.000       2679.596       5804.789          0.000         832.400          6.586        465.358        228.266
     31/12/1989      1989       2164.754        160.596          3.133          0.000          0.000          0.000          0.000          0.000          0.000       2770.789       6807.098          0.000         680.000         33.425        399.173        102.121
     31/12/1990      1990       2184.696        148.730          2.966          0.000          0.000          0.000          0.000          0.000          0.000       2537.438       6274.550          0.000         687.900         27.838        424.647        140.660
     31/12/1991      1991       1973.719        167.178          3.128          0.000          0.000          0.000          0.000          0.000          0.000       3216.122       7097.879          0.000         608.700         20.770        349.859         12.818
     31/12/1992      1992       1680.358        130.850          2.068          0.000          0.000          0.000          0.000          0.000          0.000       2769.183       5362.613          0.000         382.800          0.000        361.555          0.000
     31/12/1993      1993       1143.795         79.187          1.948          0.000          0.000          0.000          0.000          0.000          0.000       2920.875       4198.279          0.000         446.500          0.000        375.904          0.000
     31/12/1994      1994          0.000          0.000          0.000          0.000          0.000          0.000          0.000          0.000          0.000       1011.238       2517.748          0.000         524.300         14.555        357.925          0.000
     31/12/1995      1995       3076.768        186.165          2.350          0.000          0.000          0.000          0.000          0.000          0.000        814.581       5169.292          0.000         608.600         15.524        417.748         28.514
     31/12/1996      1996       2516.029        177.550          3.012          0.000          0.000          0.000          0.000          0.000          0.000       1898.276       6571.818          0.000         961.100        100.614        456.659        238.078
     31/12/1997      1997       1170.854         99.023          1.597          0.000          0.000          0.000          0.000          0.000          0.000       2863.135       4856.175          0.000         747.000         73.242        397.830        101.248
     31/12/1998      1998       2395.919        120.199          3.182          0.000          0.000          0.000          0.000          0.000          0.000       1728.774       5770.783          0.000         891.400         53.180        414.976        270.467
     31/12/1999      1999       2008.359        163.561          2.529          0.000          0.000          0.000          0.000          0.000          0.000       1658.980       5294.430          0.000         848.600         13.398        535.878        197.894
     31/12/2000      2000          0.000          0.000          0.000          0.000          0.000          0.000          0.000          0.000          0.000       1135.879       3004.833          0.000         481.900          3.065        417.404          0.568
     31/12/2001      2001       2756.178        196.270          4.585          0.000          0.000          0.000          0.000          0.000          0.000        923.801       6489.972          0.000         584.800         47.571        437.559         73.114
     31/12/2002      2002          0.000          0.000          0.000          0.000          0.000          0.000          0.000          0.000          0.000       2921.469       4112.412          0.000         469.700          6.477        364.166          0.000
