Summary_file = intercropping.sum
Title = Canopy Sample Simulation
    day   year    stage_maize      lai_maize     biom_maize   stage_cowpea     lai_cowpea    biom_cowpea       sw_dep()
  (day) (year)             ()      (m^2/m^2)        (kg/ha)             ()      (m^2/m^2)        (kg/ha)           (mm)
      1   1988         12.000          0.000          0.000         12.000          0.000          0.000        720.434
      2   1988         12.000          0.000          0.000         12.000          0.000          0.000        720.229
      3   1988         12.000          0.000          0.000         12.000          0.000          0.000        719.998
      4   1988         12.000          0.000          0.000         12.000          0.000          0.000        746.462
      5   1988         12.000          0.000          0.000         12.000          0.000          0.000        744.398
      6   1988         12.000          0.000          0.000         12.000          0.000          0.000        743.270
      7   1988         12.000          0.000          0.000         12.000          0.000          0.000        742.360
      8   1988         12.000          0.000          0.000         12.000          0.000          0.000        741.558
      9   1988         12.000          0.000          0.000         12.000          0.000          0.000        740.819
     10   1988          1.999          0.000          0.000          1.999          0.000          0.000        764.856
     11   1988          2.000          0.000          0.000          2.000          0.000          0.000        763.397
     12   1988          3.000          0.004          2.000          2.410          0.000          0.000        762.320
     13   1988          3.085          0.005          2.592          2.598          0.000          0.000        761.385
     14   1988          3.158          0.005          3.349          2.776          0.000          0.000        760.529
     15   1988          3.231          0.006          4.177          2.954          0.000          0.000        759.726
     16   1988          3.301          0.007          4.758          3.000          0.025          7.500        767.586
     17   1988          3.387          0.009          5.834          3.046          0.030         10.417        770.407
     18   1988          3.472          0.011          7.403          3.075          0.038         14.574        768.294
     19   1988          3.564          0.014          8.856          3.107          0.045         18.504        766.876
     20   1988          3.649          0.018         10.657          3.136          0.053         23.051        789.701
     21   1988          3.743          0.022         13.459          3.168          0.066         29.777        787.108
     22   1988          3.830          0.027         16.110          3.198          0.077         36.110        786.772
     23   1988          3.917          0.033         19.539          3.227          0.091         43.996        785.010
     24   1988          4.000          0.041         24.650          3.259          0.112         55.348        783.096
     25   1988          4.263          0.051         30.565          3.289          0.136         68.356        781.351
     26   1988          4.467          0.061         37.772          3.314          0.164         84.132        779.618
     27   1988          4.649          0.071         46.473          3.335          0.200        103.591        777.639
     28   1988          4.839          0.083         55.686          3.358          0.239        125.251        775.579
     29   1988          5.000          0.098         66.042          3.385          0.285        150.395        773.612
     30   1988          5.031          0.116         79.150          3.410          0.344        182.807        770.811
     31   1988          5.059          0.138         91.161          3.440          0.401        213.889        772.328
     32   1988          5.087          0.164        107.318          3.469          0.476        255.456        768.689
     33   1988          5.115          0.194        124.782          3.499          0.560        301.346        765.680
     34   1988          5.139          0.223        140.801          3.524          0.636        344.314        763.160
     35   1988          5.162          0.255        165.147          3.546          0.748        410.178        786.497
     36   1988          5.185          0.291        192.895          3.570          0.876        490.253        779.666
     37   1988          5.211          0.334        221.506          3.596          1.010        578.389        772.737
     38   1988          5.234          0.375        238.877          3.621          1.092        634.375        770.408
     39   1988          5.253          0.415        264.068          3.639          1.207        714.312        799.863
     40   1988          5.274          0.461        298.971          3.658          1.371        829.602        792.041
     41   1988          5.297          0.517        334.794          3.681          1.549        956.625        783.025
     42   1988          5.321          0.584        369.528          3.707          1.729       1087.830        775.065
     43   1988          5.350          0.658        406.042          3.737          1.923       1232.455        766.320
     44   1988          5.375          0.710        433.206          3.763          2.071       1345.788        810.012
     45   1988          5.400          0.759        461.063          3.788          2.230       1467.710        830.682
     46   1988          5.421          0.813        493.279          3.810          2.424       1617.091        826.709
     47   1988          5.443          0.864        525.517          3.831          2.634       1778.502        818.780
     48   1988          5.463          0.907        555.961          3.852          2.851       1945.124        810.954
     49   1988          5.484          0.939        580.846          3.872          3.046       2095.355        803.392
     50   1988          5.507          0.974        609.954          3.896          3.296       2287.960        822.497
     51   1988          5.534          1.006        638.275          3.923          3.571       2499.015        807.824
     52   1988          5.559          1.028        660.948          3.950          3.821       2691.876        797.875
     53   1988          5.584          1.047        682.147          3.975          4.086       2895.722        787.379
     54   1988          5.610          1.064        702.452          4.000          4.373       3118.061        774.759
     55   1988          5.634          1.076        719.517          4.839          4.639       3333.227        762.624
     56   1988          5.658          1.079        728.353          5.000          4.781       3460.649        757.487
     57   1988          5.680          1.076        734.086          6.000          4.842       3550.035        754.836
     58   1988          5.706          1.074        743.096          6.184          4.957       3696.622        750.571
     59   1988          5.731          1.071        752.568          6.332          5.086       3861.974        744.723
     60   1988          5.752          1.066        756.553          6.449          5.118       3937.264        753.116
     61   1988          5.773          1.062        762.433          6.559          5.188       4052.115        770.113
     62   1988          5.793          1.057        766.988          6.671          5.234       4145.823        773.659
     63   1988          5.817          1.053        775.519          6.810          5.367       4328.739        773.662
     64   1988          5.843          1.049        784.326          6.959          5.516       4534.352        765.052
     65   1988          5.868          1.043        791.000          7.000          5.536       4705.750        759.279
     66   1988          5.890          1.036        797.765          7.080          5.557       4885.586        779.658
     67   1988          5.911          1.027        805.584          7.121          5.604       5101.120        771.700
     68   1988          5.932          1.017        812.828          7.161          5.636       5311.369        763.905
     69   1988          5.955          1.006        820.129          7.208          5.669       5532.945        754.542
     70   1988          5.980          0.990        827.382          7.257          5.647       5763.745        743.653
     71   1988          6.000          0.972        834.693          7.312          5.554       6006.148        728.929
     72   1988          6.172          0.958        840.595          7.352          5.452       6207.683        724.358
     73   1988          6.284          0.947        846.414          7.381          4.685       6400.973        715.976
     74   1988          6.403          0.934        853.185          7.413          4.710       6601.821        707.184
     75   1988          6.534          0.921        859.884          7.451          4.732       6810.643        698.200
     76   1988          6.676          0.905        866.033          7.495          4.738       7008.459        691.395
     77   1988          6.806          0.884        872.195          7.533          4.740       7211.793        684.404
     78   1988          6.934          0.864        878.227          7.570          4.736       7416.712        677.221
     79   1988          7.000          0.844        883.997          7.606          4.606       7617.888        670.515
     80   1988          7.110          0.824        889.697          7.642          4.452       7815.722        663.623
     81   1988          7.187          0.803        895.340          7.681          4.284       8009.151        657.377
     82   1988          7.264          0.782        901.074          7.718          4.119       8202.432        650.219
     83   1988          7.344          0.761        906.711          7.759          3.939       8389.306        643.954
     84   1988          7.423          0.739        912.319          7.798          3.769       8571.646        637.400
     85   1988          7.500          0.719        916.906          7.837          3.598       8718.009        635.718
     86   1988          7.572          0.699        922.431          7.871          3.449       8889.313        629.195
     87   1988          7.645          0.680        927.974          7.906          3.296       9059.288        623.032
     88   1988          7.720          0.663        933.790          7.943          3.135       9234.923        616.103
     89   1988          7.799          0.645        939.612          7.982          2.965       9406.394        609.138
     90   1988          7.882          0.627        945.271          8.000          2.783       9472.629        632.362
     91   1988          7.945          0.613        947.493          8.739          2.654       9496.924        632.102
     92   1988          8.000          0.000        950.494          9.000          2.466       9534.802        667.104
     93   1988          8.024          0.000        950.494         10.000          0.000       9534.803        684.238
     94   1988         12.000          0.000          0.000         12.000          0.000          0.000        697.103
     95   1988         12.000          0.000          0.000         12.000          0.000          0.000        715.128
     96   1988         12.000          0.000          0.000         12.000          0.000          0.000        719.605
     97   1988         12.000          0.000          0.000         12.000          0.000          0.000        734.901
     98   1988         12.000          0.000          0.000         12.000          0.000          0.000        732.636
     99   1988         12.000          0.000          0.000         12.000          0.000          0.000        735.177
    100   1988         12.000          0.000          0.000         12.000          0.000          0.000        732.873
    101   1988         12.000          0.000          0.000         12.000          0.000          0.000        731.547
    102   1988         12.000          0.000          0.000         12.000          0.000          0.000        749.574
    103   1988         12.000          0.000          0.000         12.000          0.000          0.000        763.806
    104   1988         12.000          0.000          0.000         12.000          0.000          0.000        762.407
    105   1988         12.000          0.000          0.000         12.000          0.000          0.000        760.000
    106   1988         12.000          0.000          0.000         12.000          0.000          0.000        758.965
    107   1988         12.000          0.000          0.000         12.000          0.000          0.000        758.170
    108   1988         12.000          0.000          0.000         12.000          0.000          0.000        757.501
    109   1988         12.000          0.000          0.000         12.000          0.000          0.000        756.910
    110   1988         12.000          0.000          0.000         12.000          0.000          0.000        757.289
    111   1988         12.000          0.000          0.000         12.000          0.000          0.000        756.377
    112   1988         12.000          0.000          0.000         12.000          0.000          0.000        755.886
    113   1988         12.000          0.000          0.000         12.000          0.000          0.000        755.430
    114   1988         12.000          0.000          0.000         12.000          0.000          0.000        755.001
    115   1988         12.000          0.000          0.000         12.000          0.000          0.000        754.595
    116   1988         12.000          0.000          0.000         12.000          0.000          0.000        754.209
    117   1988         12.000          0.000          0.000         12.000          0.000          0.000        753.841
    118   1988         12.000          0.000          0.000         12.000          0.000          0.000        753.487
    119   1988         12.000          0.000          0.000         12.000          0.000          0.000        753.147
    120   1988         12.000          0.000          0.000         12.000          0.000          0.000        756.513
    121   1988         12.000          0.000          0.000         12.000          0.000          0.000        753.972
    122   1988         12.000          0.000          0.000         12.000          0.000          0.000        753.613
    123   1988         12.000          0.000          0.000         12.000          0.000          0.000        753.268
    124   1988         12.000          0.000          0.000         12.000          0.000          0.000        752.936
    125   1988         12.000          0.000          0.000         12.000          0.000          0.000        752.615
    126   1988         12.000          0.000          0.000         12.000          0.000          0.000        752.303
    127   1988         12.000          0.000          0.000         12.000          0.000          0.000        752.001
    128   1988         12.000          0.000          0.000         12.000          0.000          0.000        751.708
    129   1988         12.000          0.000          0.000         12.000          0.000          0.000        751.422
    130   1988         12.000          0.000          0.000         12.000          0.000          0.000        751.144
    131   1988         12.000          0.000          0.000         12.000          0.000          0.000        750.872
    132   1988         12.000          0.000          0.000         12.000          0.000          0.000        750.606
    133   1988         12.000          0.000          0.000         12.000          0.000          0.000        750.301
    134   1988         12.000          0.000          0.000         12.000          0.000          0.000        749.947
    135   1988         12.000          0.000          0.000         12.000          0.000          0.000        749.553
    136   1988         12.000          0.000          0.000         12.000          0.000          0.000        749.128
    137   1988         12.000          0.000          0.000         12.000          0.000          0.000        748.677
    138   1988         12.000          0.000          0.000         12.000          0.000          0.000        748.206
    139   1988         12.000          0.000          0.000         12.000          0.000          0.000        765.396
    140   1988         12.000          0.000          0.000         12.000          0.000          0.000        762.626
    141   1988         12.000          0.000          0.000         12.000          0.000          0.000        760.451
    142   1988         12.000          0.000          0.000         12.000          0.000          0.000        759.148
    143   1988         12.000          0.000          0.000         12.000          0.000          0.000        758.060
    144   1988         12.000          0.000          0.000         12.000          0.000          0.000        757.083
    145   1988         12.000          0.000          0.000         12.000          0.000          0.000        756.175
    146   1988         12.000          0.000          0.000         12.000          0.000          0.000        755.314
    147   1988         12.000          0.000          0.000         12.000          0.000          0.000        754.489
    148   1988         12.000          0.000          0.000         12.000          0.000          0.000        753.691
    149   1988         12.000          0.000          0.000         12.000          0.000          0.000        752.914
    150   1988         12.000          0.000          0.000         12.000          0.000          0.000        752.155
    151   1988         12.000          0.000          0.000         12.000          0.000          0.000        751.412
    152   1988         12.000          0.000          0.000         12.000          0.000          0.000        750.683
    153   1988         12.000          0.000          0.000         12.000          0.000          0.000        749.966
    154   1988         12.000          0.000          0.000         12.000          0.000          0.000        749.260
    155   1988         12.000          0.000          0.000         12.000          0.000          0.000        748.565
    156   1988         12.000          0.000          0.000         12.000          0.000          0.000        747.881
    157   1988         12.000          0.000          0.000         12.000          0.000          0.000        764.586
    158   1988         12.000          0.000          0.000         12.000          0.000          0.000        765.160
    159   1988         12.000          0.000          0.000         12.000          0.000          0.000        762.435
    160   1988         12.000          0.000          0.000         12.000          0.000          0.000        759.954
    161   1988         12.000          0.000          0.000         12.000          0.000          0.000        758.564
    162   1988         12.000          0.000          0.000         12.000          0.000          0.000        757.409
    163   1988         12.000          0.000          0.000         12.000          0.000          0.000        756.376
    164   1988         12.000          0.000          0.000         12.000          0.000          0.000        755.420
    165   1988         12.000          0.000          0.000         12.000          0.000          0.000        754.519
    166   1988         12.000          0.000          0.000         12.000          0.000          0.000        753.658
    167   1988         12.000          0.000          0.000         12.000          0.000          0.000        752.829
    168   1988         12.000          0.000          0.000         12.000          0.000          0.000        752.026
    169   1988         12.000          0.000          0.000         12.000          0.000          0.000        751.245
    170   1988         12.000          0.000          0.000         12.000          0.000          0.000        750.482
    171   1988         12.000          0.000          0.000         12.000          0.000          0.000        749.736
    172   1988         12.000          0.000          0.000         12.000          0.000          0.000        749.005
    173   1988         12.000          0.000          0.000         12.000          0.000          0.000        748.288
    174   1988         12.000          0.000          0.000         12.000          0.000          0.000        747.584
    175   1988         12.000          0.000          0.000         12.000          0.000          0.000        746.892
    176   1988         12.000          0.000          0.000         12.000          0.000          0.000        746.212
    177   1988         12.000          0.000          0.000         12.000          0.000          0.000        745.544
    178   1988         12.000          0.000          0.000         12.000          0.000          0.000        744.887
    179   1988         12.000          0.000          0.000         12.000          0.000          0.000        744.241
    180   1988         12.000          0.000          0.000         12.000          0.000          0.000        743.606
    181   1988         12.000          0.000          0.000         12.000          0.000          0.000        742.982
    182   1988         12.000          0.000          0.000         12.000          0.000          0.000        742.368
    183   1988         12.000          0.000          0.000         12.000          0.000          0.000        741.765
    184   1988         12.000          0.000          0.000         12.000          0.000          0.000        741.173
    185   1988         12.000          0.000          0.000         12.000          0.000          0.000        740.590
    186   1988         12.000          0.000          0.000         12.000          0.000          0.000        740.075
    187   1988         12.000          0.000          0.000         12.000          0.000          0.000        760.466
    188   1988         12.000          0.000          0.000         12.000          0.000          0.000        777.300
    189   1988         12.000          0.000          0.000         12.000          0.000          0.000        775.000
    190   1988         12.000          0.000          0.000         12.000          0.000          0.000        772.706
    191   1988         12.000          0.000          0.000         12.000          0.000          0.000        771.376
    192   1988         12.000          0.000          0.000         12.000          0.000          0.000        770.271
    193   1988         12.000          0.000          0.000         12.000          0.000          0.000        781.438
    194   1988         12.000          0.000          0.000         12.000          0.000          0.000        780.278
    195   1988         12.000          0.000          0.000         12.000          0.000          0.000        777.723
    196   1988         12.000          0.000          0.000         12.000          0.000          0.000        775.170
    197   1988         12.000          0.000          0.000         12.000          0.000          0.000        773.762
    198   1988         12.000          0.000          0.000         12.000          0.000          0.000        772.572
    199   1988         12.000          0.000          0.000         12.000          0.000          0.000        771.485
    200   1988         12.000          0.000          0.000         12.000          0.000          0.000        770.454
    201   1988         12.000          0.000          0.000         12.000          0.000          0.000        769.458
    202   1988         12.000          0.000          0.000         12.000          0.000          0.000        768.485
    203   1988         12.000          0.000          0.000         12.000          0.000          0.000        767.528
    204   1988         12.000          0.000          0.000         12.000          0.000          0.000        773.597
    205   1988         12.000          0.000          0.000         12.000          0.000          0.000        770.440
    206   1988         12.000          0.000          0.000         12.000          0.000          0.000        769.024
    207   1988         12.000          0.000          0.000         12.000          0.000          0.000        767.760
    208   1988         12.000          0.000          0.000         12.000          0.000          0.000        766.586
    209   1988         12.000          0.000          0.000         12.000          0.000          0.000        765.473
    210   1988         12.000          0.000          0.000         12.000          0.000          0.000        764.405
    211   1988         12.000          0.000          0.000         12.000          0.000          0.000        763.374
    212   1988         12.000          0.000          0.000         12.000          0.000          0.000        762.373
    213   1988         12.000          0.000          0.000         12.000          0.000          0.000        761.399
    214   1988         12.000          0.000          0.000         12.000          0.000          0.000        760.450
    215   1988         12.000          0.000          0.000         12.000          0.000          0.000        759.524
    216   1988         12.000          0.000          0.000         12.000          0.000          0.000        758.619
    217   1988         12.000          0.000          0.000         12.000          0.000          0.000        757.735
    218   1988         12.000          0.000          0.000         12.000          0.000          0.000        756.872
    219   1988         12.000          0.000          0.000         12.000          0.000          0.000        756.028
    220   1988         12.000          0.000          0.000         12.000          0.000          0.000        755.204
    221   1988         12.000          0.000          0.000         12.000          0.000          0.000        754.398
    222   1988         12.000          0.000          0.000         12.000          0.000          0.000        753.610
    223   1988         12.000          0.000          0.000         12.000          0.000          0.000        752.838
    224   1988         12.000          0.000          0.000         12.000          0.000          0.000        752.082
    225   1988         12.000          0.000          0.000         12.000          0.000          0.000        751.341
    226   1988         12.000          0.000          0.000         12.000          0.000          0.000        750.613
    227   1988         12.000          0.000          0.000         12.000          0.000          0.000        749.900
    228   1988         12.000          0.000          0.000         12.000          0.000          0.000        749.200
    229   1988         12.000          0.000          0.000         12.000          0.000          0.000        748.512
    230   1988         12.000          0.000          0.000         12.000          0.000          0.000        747.837
    231   1988         12.000          0.000          0.000         12.000          0.000          0.000        747.174
    232   1988         12.000          0.000          0.000         12.000          0.000          0.000        746.523
    233   1988         12.000          0.000          0.000         12.000          0.000          0.000        745.883
    234   1988         12.000          0.000          0.000         12.000          0.000          0.000        745.255
    235   1988         12.000          0.000          0.000         12.000          0.000          0.000        744.638
    236   1988         12.000          0.000          0.000         12.000          0.000          0.000        766.775
    237   1988         12.000          0.000          0.000         12.000          0.000          0.000        765.062
    238   1988         12.000          0.000          0.000         12.000          0.000          0.000        762.235
    239   1988         12.000          0.000          0.000         12.000          0.000          0.000        760.832
    240   1988         12.000          0.000          0.000         12.000          0.000          0.000        759.674
    241   1988         12.000          0.000          0.000         12.000          0.000          0.000        763.043
    242   1988         12.000          0.000          0.000         12.000          0.000          0.000        760.124
    243   1988         12.000          0.000          0.000         12.000          0.000          0.000        758.893
    244   1988         12.000          0.000          0.000         12.000          0.000          0.000        757.818
    245   1988         12.000          0.000          0.000         12.000          0.000          0.000        756.834
    246   1988         12.000          0.000          0.000         12.000          0.000          0.000        755.913
    247   1988         12.000          0.000          0.000         12.000          0.000          0.000        755.036
    248   1988         12.000          0.000          0.000         12.000          0.000          0.000        754.193
    249   1988         12.000          0.000          0.000         12.000          0.000          0.000        753.377
    250   1988         12.000          0.000          0.000         12.000          0.000          0.000        752.584
    251   1988         12.000          0.000          0.000         12.000          0.000          0.000        757.710
    252   1988         12.000          0.000          0.000         12.000          0.000          0.000        755.063
    253   1988         12.000          0.000          0.000         12.000          0.000          0.000        754.032
    254   1988         12.000          0.000          0.000         12.000          0.000          0.000        753.073
    255   1988         12.000          0.000          0.000         12.000          0.000          0.000        752.166
    256   1988         12.000          0.000          0.000         12.000          0.000          0.000        762.232
    257   1988         12.000          0.000          0.000         12.000          0.000          0.000        768.950
    258   1988         12.000          0.000          0.000         12.000          0.000          0.000        767.223
    259   1988         12.000          0.000          0.000         12.000          0.000          0.000        774.524
    260   1988         12.000          0.000          0.000         12.000          0.000          0.000        772.409
    261   1988         12.000          0.000          0.000         12.000          0.000          0.000        770.568
    262   1988         12.000          0.000          0.000         12.000          0.000          0.000        769.243
    263   1988         12.000          0.000          0.000         12.000          0.000          0.000        768.101
    264   1988         12.000          0.000          0.000         12.000          0.000          0.000        767.060
    265   1988         12.000          0.000          0.000         12.000          0.000          0.000        766.083
    266   1988         12.000          0.000          0.000         12.000          0.000          0.000        765.151
    267   1988         12.000          0.000          0.000         12.000          0.000          0.000        764.252
    268   1988         12.000          0.000          0.000         12.000          0.000          0.000        763.377
    269   1988         12.000          0.000          0.000         12.000          0.000          0.000        762.520
    270   1988         12.000          0.000          0.000         12.000          0.000          0.000        761.679
    271   1988         12.000          0.000          0.000         12.000          0.000          0.000        760.850
    272   1988         12.000          0.000          0.000         12.000          0.000          0.000        762.296
    273   1988         12.000          0.000          0.000         12.000          0.000          0.000        761.374
    274   1988         12.000          0.000          0.000         12.000          0.000          0.000        760.478
    275   1988         12.000          0.000          0.000         12.000          0.000          0.000        759.604
    276   1988         12.000          0.000          0.000         12.000          0.000          0.000        758.751
    277   1988         12.000          0.000          0.000         12.000          0.000          0.000        757.915
    278   1988         12.000          0.000          0.000         12.000          0.000          0.000        757.096
    279   1988         12.000          0.000          0.000         12.000          0.000          0.000        756.292
    280   1988         12.000          0.000          0.000         12.000          0.000          0.000        755.502
    281   1988         12.000          0.000          0.000         12.000          0.000          0.000        754.726
    282   1988         12.000          0.000          0.000         12.000          0.000          0.000        753.962
    283   1988         12.000          0.000          0.000         12.000          0.000          0.000        753.211
    284   1988         12.000          0.000          0.000         12.000          0.000          0.000        752.472
    285   1988         12.000          0.000          0.000         12.000          0.000          0.000        751.744
    286   1988         12.000          0.000          0.000         12.000          0.000          0.000        751.028
    287   1988         12.000          0.000          0.000         12.000          0.000          0.000        750.322
    288   1988         12.000          0.000          0.000         12.000          0.000          0.000        749.628
    289   1988         12.000          0.000          0.000         12.000          0.000          0.000        748.945
    290   1988         12.000          0.000          0.000         12.000          0.000          0.000        748.272
    291   1988         12.000          0.000          0.000         12.000          0.000          0.000        747.610
    292   1988         12.000          0.000          0.000         12.000          0.000          0.000        746.959
    293   1988         12.000          0.000          0.000         12.000          0.000          0.000        746.319
    294   1988         12.000          0.000          0.000         12.000          0.000          0.000        745.688
    295   1988         12.000          0.000          0.000         12.000          0.000          0.000        745.068
    296   1988         12.000          0.000          0.000         12.000          0.000          0.000        744.459
    297   1988         12.000          0.000          0.000         12.000          0.000          0.000        743.859
    298   1988         12.000          0.000          0.000         12.000          0.000          0.000        743.269
    299   1988         12.000          0.000          0.000         12.000          0.000          0.000        742.689
    300   1988         12.000          0.000          0.000         12.000          0.000          0.000        742.119
    301   1988         12.000          0.000          0.000         12.000          0.000          0.000        741.558
    302   1988         12.000          0.000          0.000         12.000          0.000          0.000        741.007
    303   1988         12.000          0.000          0.000         12.000          0.000          0.000        740.465
    304   1988         12.000          0.000          0.000         12.000          0.000          0.000        739.933
    305   1988         12.000          0.000          0.000         12.000          0.000          0.000        739.409
    306   1988         12.000          0.000          0.000         12.000          0.000          0.000        738.895
    307   1988         12.000          0.000          0.000         12.000          0.000          0.000        738.389
    308   1988         12.000          0.000          0.000         12.000          0.000          0.000        737.891
    309   1988         12.000          0.000          0.000         12.000          0.000          0.000        737.403
    310   1988         12.000          0.000          0.000         12.000          0.000          0.000        736.922
    311   1988         12.000          0.000          0.000         12.000          0.000          0.000        736.450
    312   1988         12.000          0.000          0.000         12.000          0.000          0.000        735.986
    313   1988         12.000          0.000          0.000         12.000          0.000          0.000        735.530
    314   1988         12.000          0.000          0.000         12.000          0.000          0.000        735.081
    315   1988         12.000          0.000          0.000         12.000          0.000          0.000        734.640
    316   1988         12.000          0.000          0.000         12.000          0.000          0.000        734.207
    317   1988         12.000          0.000          0.000         12.000          0.000          0.000        733.781
    318   1988         12.000          0.000          0.000         12.000          0.000          0.000        733.362
    319   1988         12.000          0.000          0.000         12.000          0.000          0.000        732.950
    320   1988         12.000          0.000          0.000         12.000          0.000          0.000        732.546
    321   1988         12.000          0.000          0.000         12.000          0.000          0.000        744.199
    322   1988         12.000          0.000          0.000         12.000          0.000          0.000        743.519
    323   1988         12.000          0.000          0.000         12.000          0.000          0.000        742.870
    324   1988         12.000          0.000          0.000         12.000          0.000          0.000        742.249
    325   1988         12.000          0.000          0.000         12.000          0.000          0.000        741.650
    326   1988         12.000          0.000          0.000         12.000          0.000          0.000        741.072
    327   1988         12.000          0.000          0.000         12.000          0.000          0.000        740.510
    328   1988         12.000          0.000          0.000         12.000          0.000          0.000        739.962
    329   1988         12.000          0.000          0.000         12.000          0.000          0.000        739.426
    330   1988         12.000          0.000          0.000         12.000          0.000          0.000        738.901
    331   1988         12.000          0.000          0.000         12.000          0.000          0.000        738.386
    332   1988         12.000          0.000          0.000         12.000          0.000          0.000        737.878
    333   1988         12.000          0.000          0.000         12.000          0.000          0.000        737.377
    334   1988         12.000          0.000          0.000         12.000          0.000          0.000        736.884
    335   1988         12.000          0.000          0.000         12.000          0.000          0.000        736.396
    336   1988         12.000          0.000          0.000         12.000          0.000          0.000        735.915
    337   1988         12.000          0.000          0.000         12.000          0.000          0.000        735.439
    338   1988         12.000          0.000          0.000         12.000          0.000          0.000        734.969
    339   1988         12.000          0.000          0.000         12.000          0.000          0.000        734.504
    340   1988         12.000          0.000          0.000         12.000          0.000          0.000        734.045
    341   1988         12.000          0.000          0.000         12.000          0.000          0.000        733.592
    342   1988         12.000          0.000          0.000         12.000          0.000          0.000        733.144
    343   1988         12.000          0.000          0.000         12.000          0.000          0.000        733.760
    344   1988         12.000          0.000          0.000         12.000          0.000          0.000        733.697
    345   1988         12.000          0.000          0.000         12.000          0.000          0.000        756.327
    346   1988         12.000          0.000          0.000         12.000          0.000          0.000        754.567
    347   1988         12.000          0.000          0.000         12.000          0.000          0.000        763.689
    348   1988         12.000          0.000          0.000         12.000          0.000          0.000        761.693
    349   1988         12.000          0.000          0.000         12.000          0.000          0.000        760.494
    350   1988         12.000          0.000          0.000         12.000          0.000          0.000        759.510
    351   1988         12.000          0.000          0.000         12.000          0.000          0.000        758.639
    352   1988         12.000          0.000          0.000         12.000          0.000          0.000        760.706
    353   1988         12.000          0.000          0.000         12.000          0.000          0.000        771.483
    354   1988         12.000          0.000          0.000         12.000          0.000          0.000        770.999
    355   1988         12.000          0.000          0.000         12.000          0.000          0.000        769.202
    356   1988         12.000          0.000          0.000         12.000          0.000          0.000        767.984
    357   1988         12.000          0.000          0.000         12.000          0.000          0.000        766.951
    358   1988         12.000          0.000          0.000         12.000          0.000          0.000        766.014
    359   1988         12.000          0.000          0.000         12.000          0.000          0.000        765.134
    360   1988         12.000          0.000          0.000         12.000          0.000          0.000        764.292
    361   1988         12.000          0.000          0.000         12.000          0.000          0.000        763.477
    362   1988         12.000          0.000          0.000         12.000          0.000          0.000        769.657
    363   1988         12.000          0.000          0.000         12.000          0.000          0.000        767.394
    364   1988         12.000          0.000          0.000         12.000          0.000          0.000        766.012
    365   1988         12.000          0.000          0.000         12.000          0.000          0.000        764.845
