Summary_file = pigeonp.sum
Title = pigeonp Sample Simulation
       day      year            lai        biomass  green_biomass
     (day)    (year)      (m^2/m^2)        (kg/ha)        (kg/ha)
       270      1988          0.000          0.000          0.000
       271      1988          0.000          0.000          0.000
       272      1988          0.000          0.000          0.000
       273      1988          0.000          0.000          0.000
       274      1988          0.000          0.000          0.000
       275      1988          0.000          0.000          0.000
       276      1988          0.000          0.000          0.000
       277      1988          0.000          0.000          0.000
       278      1988          0.000          0.000          0.000
       279      1988          0.000          0.000          0.000
       280      1988          0.000          0.000          0.000
       281      1988          0.000          0.000          0.000
       282      1988          0.000          0.000          0.000
       283      1988          0.000          0.000          0.000
       284      1988          0.000          0.000          0.000
       285      1988          0.000          0.000          0.000
       286      1988          0.000          0.000          0.000
       287      1988          0.000          0.000          0.000
       288      1988          0.000          0.000          0.000
       289      1988          0.000          0.000          0.000
       290      1988          0.000          0.000          0.000
       291      1988          0.000          0.000          0.000
       292      1988          0.000          0.000          0.000
       293      1988          0.000          0.000          0.000
       294      1988          0.000          0.000          0.000
       295      1988          0.000          0.000          0.000
       296      1988          0.013          6.500          6.500
       297      1988          0.015          7.694          7.694
       298      1988          0.016          8.343          8.343
       299      1988          0.018          9.513          9.513
       300      1988          0.021         11.118         11.118
       301      1988          0.024         13.466         13.466
       302      1988          0.027         16.847         16.847
       303      1988          0.030         21.000         21.000
       304      1988          0.034         25.579         25.579
       305      1988          0.038         30.708         30.708
       306      1988          0.043         35.830         35.830
       307      1988          0.047         42.138         42.138
       308      1988          0.051         49.323         49.323
       309      1988          0.056         56.903         56.903
       310      1988          0.060         65.374         65.374
       311      1988          0.062         66.500         66.500
       312      1988          0.065         68.776         68.776
       313      1988          0.068         72.251         72.251
       314      1988          0.071         78.378         78.378
       315      1988          0.075         87.342         87.342
       316      1988          0.080         96.684         96.684
       317      1988          0.084        105.931        105.931
       318      1988          0.088        113.588        113.588
       319      1988          0.093        123.555        123.555
       320      1988          0.098        137.474        137.474
       321      1988          0.100        138.858        138.858
       322      1988          0.103        141.073        141.073
       323      1988          0.107        150.081        150.081
       324      1988          0.112        165.044        165.044
       325      1988          0.116        173.558        173.558
       326      1988          0.121        189.744        189.744
       327      1988          0.127        205.731        205.731
       328      1988          0.133        223.247        223.247
       329      1988          0.139        244.123        244.123
       330      1988          0.144        262.180        262.180
       331      1988          0.150        280.924        280.924
       332      1988          0.156        300.763        300.763
       333      1988          0.177        312.601        312.601
       334      1988          0.213        332.547        332.547
       335      1988          0.265        361.358        361.358
       336      1988          0.325        394.569        394.569
       337      1988          0.395        441.240        441.240
       338      1988          0.468        488.491        488.491
       339      1988          0.535        546.373        546.373
       340      1988          0.607        615.254        615.254
       341      1988          0.676        680.499        680.499
       342      1988          0.755        736.766        736.766
       343      1988          0.831        790.179        790.179
       344      1988          0.918        869.830        869.830
       345      1988          1.001        962.216        962.216
       346      1988          1.088       1073.761       1073.761
       347      1988          1.162       1158.127       1158.127
       348      1988          1.227       1237.718       1237.718
       349      1988          1.284       1305.859       1305.859
       350      1988          1.356       1401.289       1401.289
       351      1988          1.434       1478.472       1478.472
       352      1988          1.494       1511.895       1511.895
       353      1988          1.558       1550.840       1550.840
       354      1988          1.653       1681.038       1681.038
       355      1988          1.751       1822.255       1822.255
       356      1988          1.850       1976.515       1976.515
       357      1988          1.955       2123.162       2123.162
       358      1988          2.057       2277.721       2277.721
       359      1988          2.165       2433.334       2433.334
       360      1988          2.268       2600.934       2600.934
       361      1988          2.375       2774.563       2774.563
       362      1988          2.474       2913.783       2913.783
       363      1988          2.541       3084.792       3078.317
       364      1988          2.643       3264.617       3258.142
       365      1988          2.744       3434.996       3428.521
       366      1988          2.841       3594.910       3588.435
         1      1989          2.937       3756.939       3750.464
         2      1989          3.028       3861.286       3854.811
         3      1989          3.127       4014.411       4007.936
         4      1989          3.157       4155.406       4124.789
         5      1989          3.153       4277.482       4209.919
         6      1989          3.254       4394.708       4327.145
         7      1989          3.363       4558.455       4490.892
         8      1989          3.461       4741.094       4673.530
         9      1989          3.508       4893.135       4805.451
        10      1989          3.461       4995.738       4852.582
        11      1989          3.567       5175.019       5029.859
        12      1989          3.596       5329.465       5157.627
        13      1989          3.626       5483.691       5282.186
        14      1989          3.727       5632.298       5430.793
        15      1989          3.810       5795.623       5589.385
        16      1989          3.880       5949.955       5733.337
        17      1989          3.880       6073.661       5817.353
        18      1989          3.810       6166.522       5839.762
        19      1989          3.724       6247.259       5843.393
        20      1989          3.681       6336.971       5872.493
        21      1989          3.598       6413.736       5873.168
        22      1989          3.621       6517.387       5940.597
        23      1989          3.751       6652.182       6075.392
        24      1989          3.859       6755.524       6178.734
        25      1989          3.941       6874.472       6295.975
        26      1989          3.906       6953.969       6323.747
        27      1989          3.986       7046.513       6415.543
        28      1989          3.988       7135.273       6468.123
        29      1989          3.948       7206.275       6484.987
        30      1989          3.805       7251.706       6431.361
        31      1989          3.649       7284.907       6361.508
        32      1989          3.529       7332.427       6319.898
        33      1989          3.535       7416.782       6365.520
        34      1989          3.579       7510.849       6434.936
        35      1989          3.645       7547.368       6471.455
        36      1989          3.676       7564.454       6488.541
        37      1989          3.763       7623.567       6547.654
        38      1989          3.858       7708.422       6632.509
        39      1989          3.869       7815.929       6703.374
        40      1989          3.778       7887.668       6698.093
        41      1989          3.659       7942.378       6666.166
        42      1989          3.638       8028.584       6700.196
        43      1989          3.650       8124.117       6758.381
        44      1989          3.563       8189.279       6750.131
        45      1989          3.458       8243.562       6724.600
        46      1989          3.350       8293.405       6694.555
        47      1989          3.241       8339.143       6660.675
        48      1989          3.159       8390.778       6644.026
        49      1989          3.075       8437.584       6622.628
        50      1989          2.969       8476.911       6585.306
        51      1989          2.858       8511.317       6542.833
        52      1989          2.992       8653.195       6684.711
        53      1989          3.135       8819.797       6851.312
        54      1989          3.251       8942.880       6974.395
        55      1989          3.365       9042.941       7074.457
        56      1989          3.479       9175.746       7207.261
        57      1989          3.585       9292.599       7324.114
        58      1989          3.698       9425.458       7456.973
        59      1989          3.784       9483.711       7515.226
        60      1989          3.877       9563.760       7595.274
        61      1989          4.004       9716.123       7747.638
        62      1989          4.041       9808.180       7839.695
        63      1989          4.093       9937.269       7968.784
        64      1989          4.148      10075.131       8106.646
        65      1989          4.133      10197.086       8192.293
        66      1989          4.118      10311.352       8271.705
        67      1989          4.104      10418.131       8346.638
        68      1989          4.046      10513.988       8388.137
        69      1989          3.924      10585.886       8391.576
        70      1989          3.804      10654.941       8393.493
        71      1989          3.691      10725.634       8400.504
        72      1989          3.563      10781.264       8384.738
        73      1989          3.448      10838.896       8377.495
        74      1989          3.323      10884.900       8353.486
        75      1989          3.323      10968.023       8436.610
        76      1989          3.323      11018.245       8486.831
        77      1989          3.323      11083.933       8552.520
        78      1989          3.323      11200.730       8669.316
        79      1989          3.269      11294.388       8732.637
        80      1989          3.172      11356.422       8740.100
        81      1989          3.066      11408.550       8732.800
        82      1989          2.950      11448.002       8707.155
        83      1989          2.839      11486.150       8682.869
        84      1989          2.827      11576.628       8766.851
        85      1989          2.827      11621.794       8812.017
        86      1989          2.827      11690.559       8880.781
        87      1989          2.827      11771.141       8961.363
        88      1989          2.827      11853.020       9043.242
        89      1989          2.827      11918.866       9109.090
        90      1989          2.827      11976.836       9167.060
        91      1989          2.827      12038.657       9228.880
        92      1989          2.827      12065.893       9256.115
        93      1989          2.827      12100.406       9290.629
        94      1989          2.827      12160.168       9350.391
        95      1989          2.827      12252.313       9442.537
        96      1989          2.827      12339.307       9529.529
        97      1989          2.827      12415.636       9605.859
        98      1989          2.827      12508.031       9698.254
        99      1989          2.827      12588.681       9778.903
       100      1989          2.827      12674.356       9864.579
       101      1989          2.827      12722.546       9912.770
       102      1989          2.827      12802.755       9992.978
       103      1989          2.827      12875.101      10065.323
       104      1989          2.827      12942.098      10132.320
       105      1989          2.827      13001.032      10191.255
       106      1989          2.827      13060.497      10250.720
       107      1989          2.827      13094.946      10285.170
       108      1989          2.827      13094.946      10285.169
       109      1989          2.827      13094.946      10285.169
       110      1989          2.827      13094.946      10285.170
       111      1989          0.000      13094.946       8698.621
       112      1989          0.000          0.000          0.000
       113      1989          0.000          0.000          0.000
       114      1989          0.000          0.000          0.000
       115      1989          0.000          0.000          0.000
       116      1989          0.000          0.000          0.000
       117      1989          0.000          0.000          0.000
       118      1989          0.000          0.000          0.000
       119      1989          0.000          0.000          0.000
       120      1989          0.000          0.000          0.000
