Summary_file = pigeonp.sum
Title = pigeonp Sample Simulation
    day   year            lai        biomass  green_biomass
  (day) (year)      (m^2/m^2)        (kg/ha)        (kg/ha)
    270   1988          0.000          0.000          0.000
    271   1988          0.000          0.000          0.000
    272   1988          0.000          0.000          0.000
    273   1988          0.000          0.000          0.000
    274   1988          0.000          0.000          0.000
    275   1988          0.000          0.000          0.000
    276   1988          0.000          0.000          0.000
    277   1988          0.000          0.000          0.000
    278   1988          0.000          0.000          0.000
    279   1988          0.000          0.000          0.000
    280   1988          0.000          0.000          0.000
    281   1988          0.000          0.000          0.000
    282   1988          0.000          0.000          0.000
    283   1988          0.000          0.000          0.000
    284   1988          0.000          0.000          0.000
    285   1988          0.000          0.000          0.000
    286   1988          0.000          0.000          0.000
    287   1988          0.000          0.000          0.000
    288   1988          0.000          0.000          0.000
    289   1988          0.000          0.000          0.000
    290   1988          0.000          0.000          0.000
    291   1988          0.000          0.000          0.000
    292   1988          0.000          0.000          0.000
    293   1988          0.000          0.000          0.000
    294   1988          0.000          0.000          0.000
    295   1988          0.000          0.000          0.000
    296   1988          0.013          6.500          6.500
    297   1988          0.015          7.694          7.694
    298   1988          0.016          8.343          8.343
    299   1988          0.018          9.513          9.513
    300   1988          0.021         11.118         11.118
    301   1988          0.024         13.466         13.466
    302   1988          0.027         16.844         16.844
    303   1988          0.030         20.987         20.987
    304   1988          0.034         25.545         25.545
    305   1988          0.038         30.646         30.646
    306   1988          0.043         35.742         35.742
    307   1988          0.047         42.020         42.020
    308   1988          0.051         49.174         49.174
    309   1988          0.055         56.723         56.723
    310   1988          0.060         65.161         65.161
    311   1988          0.062         66.283         66.283
    312   1988          0.065         68.550         68.550
    313   1988          0.067         72.013         72.013
    314   1988          0.071         78.119         78.119
    315   1988          0.075         87.052         87.052
    316   1988          0.080         96.365         96.365
    317   1988          0.084        105.584        105.584
    318   1988          0.088        113.218        113.218
    319   1988          0.092        123.156        123.156
    320   1988          0.098        137.036        137.036
    321   1988          0.100        138.417        138.417
    322   1988          0.102        140.626        140.626
    323   1988          0.106        149.610        149.610
    324   1988          0.111        164.535        164.535
    325   1988          0.115        173.029        173.029
    326   1988          0.121        189.175        189.175
    327   1988          0.127        205.126        205.126
    328   1988          0.132        222.602        222.602
    329   1988          0.138        243.433        243.433
    330   1988          0.144        261.451        261.451
    331   1988          0.150        280.156        280.156
    332   1988          0.156        299.955        299.955
    333   1988          0.177        311.770        311.770
    334   1988          0.213        331.677        331.677
    335   1988          0.265        360.433        360.433
    336   1988          0.324        393.583        393.583
    337   1988          0.395        440.171        440.171
    338   1988          0.467        487.348        487.348
    339   1988          0.534        545.150        545.150
    340   1988          0.606        613.944        613.944
    341   1988          0.675        679.114        679.114
    342   1988          0.754        735.321        735.321
    343   1988          0.830        788.680        788.680
    344   1988          0.917        868.258        868.258
    345   1988          0.999        960.564        960.564
    346   1988          1.087       1072.018       1072.018
    347   1988          1.161       1156.320       1156.320
    348   1988          1.226       1235.854       1235.854
    349   1988          1.283       1303.948       1303.948
    350   1988          1.355       1399.314       1399.314
    351   1988          1.433       1476.448       1476.448
    352   1988          1.493       1509.850       1509.850
    353   1988          1.556       1548.773       1548.773
    354   1988          1.651       1678.899       1678.899
    355   1988          1.750       1820.041       1820.041
    356   1988          1.849       1974.224       1974.224
    357   1988          1.954       2120.802       2120.802
    358   1988          2.055       2275.292       2275.292
    359   1988          2.163       2430.840       2430.840
    360   1988          2.266       2598.374       2598.374
    361   1988          2.371       2771.938       2771.938
    362   1988          2.469       2911.050       2911.050
    363   1988          2.532       3077.846       3069.880
    364   1988          2.631       3257.414       3249.448
    365   1988          2.732       3427.501       3419.534
    366   1988          2.829       3587.160       3579.193
      1   1989          2.922       3748.950       3740.983
      2   1989          3.013       3853.124       3845.157
      3   1989          3.109       4006.013       3998.047
      4   1989          3.133       4142.170       4107.818
      5   1989          3.124       4259.984       4186.848
      6   1989          3.225       4376.879       4303.743
      7   1989          3.334       4540.198       4467.063
      8   1989          3.426       4719.208       4644.333
      9   1989          3.467       4866.483       4769.161
     10   1989          3.417       4965.804       4811.802
     11   1989          3.517       5141.266       4983.438
     12   1989          3.543       5292.359       5106.546
     13   1989          3.569       5443.169       5226.435
     14   1989          3.670       5591.196       5374.461
     15   1989          3.748       5750.638       5526.975
     16   1989          3.812       5901.231       5665.073
     17   1989          3.810       6021.879       5744.780
     18   1989          3.739       6112.461       5764.688
     19   1989          3.653       6191.203       5766.345
     20   1989          3.609       6278.858       5793.083
     21   1989          3.525       6353.808       5792.147
     22   1989          3.546       6454.954       5856.065
     23   1989          3.673       6589.039       5990.151
     24   1989          3.782       6691.869       6092.980
     25   1989          3.857       6807.707       6204.568
     26   1989          3.820       6885.058       6229.376
     27   1989          3.894       6975.152       6316.125
     28   1989          3.892       7061.487       6364.931
     29   1989          3.851       7130.546       6379.268
     30   1989          3.710       7174.733       6325.596
     31   1989          3.557       7207.024       6256.271
     32   1989          3.439       7253.246       6214.337
     33   1989          3.443       7335.304       6256.861
     34   1989          3.483       7426.822       6322.447
     35   1989          3.549       7463.087       6358.712
     36   1989          3.579       7480.059       6375.684
     37   1989          3.666       7538.785       6434.410
     38   1989          3.762       7623.119       6518.744
     39   1989          3.772       7729.099       6588.099
     40   1989          3.683       7799.777       6582.852
     41   1989          3.568       7853.665       6551.397
     42   1989          3.547       7938.646       6584.683
     43   1989          3.559       8032.813       6641.607
     44   1989          3.474       8097.004       6633.405
     45   1989          3.371       8150.438       6608.183
     46   1989          3.265       8199.465       6578.431
     47   1989          3.159       8244.413       6544.796
     48   1989          3.079       8295.195       6528.111
     49   1989          2.998       8341.217       6506.776
     50   1989          2.893       8379.878       6469.762
     51   1989          2.785       8413.694       6427.607
     52   1989          2.919       8554.302       6568.215
     53   1989          3.063       8719.556       6733.469
     54   1989          3.178       8841.746       6855.660
     55   1989          3.292       8941.143       6955.056
     56   1989          3.407       9073.134       7087.047
     57   1989          3.512       9189.328       7203.242
     58   1989          3.626       9321.494       7335.407
     59   1989          3.711       9379.467       7393.380
     60   1989          3.805       9459.152       7473.066
     61   1989          3.931       9610.870       7624.784
     62   1989          3.968       9702.569       7716.482
     63   1989          4.019       9831.170       7845.083
     64   1989          4.074       9968.526       7982.439
     65   1989          4.104      10118.034       8114.784
     66   1989          4.132      10258.211       8239.004
     67   1989          4.162      10389.135       8357.005
     68   1989          4.135      10506.530       8432.907
     69   1989          4.028      10594.465       8460.877
     70   1989          3.922      10678.797       8485.718
     71   1989          3.822      10765.035       8515.673
     72   1989          3.702      10832.819       8516.443
     73   1989          3.596      10902.958       8526.648
     74   1989          3.475      10958.871       8515.154
     75   1989          3.475      11043.018       8599.302
     76   1989          3.475      11093.855       8650.140
     77   1989          3.475      11160.353       8716.636
     78   1989          3.475      11278.585       8834.868
     79   1989          3.436      11387.028       8921.033
     80   1989          3.344      11459.013       8941.274
     81   1989          3.240      11519.589       8943.676
     82   1989          3.123      11565.595       8924.101
     83   1989          3.011      11610.252       8905.844
     84   1989          3.011      11710.727       9006.317
     85   1989          3.011      11756.858       9052.449
     86   1989          3.011      11827.092       9122.684
     87   1989          3.011      11909.394       9204.985
     88   1989          3.011      11993.023       9288.614
     89   1989          3.011      12060.276       9355.867
     90   1989          3.011      12119.484       9415.075
     91   1989          3.011      12182.626       9478.217
     92   1989          3.011      12210.442       9506.034
     93   1989          3.011      12245.693       9541.284
     94   1989          3.011      12306.730       9602.321
     95   1989          3.011      12400.845       9696.436
     96   1989          3.011      12489.694       9785.286
     97   1989          3.011      12567.656       9863.247
     98   1989          3.011      12662.025       9957.616
     99   1989          3.011      12744.396      10039.987
    100   1989          3.011      12831.902      10127.494
    101   1989          3.011      12881.121      10176.713
    102   1989          3.011      12963.043      10258.634
    103   1989          3.011      13036.934      10332.525
    104   1989          3.011      13105.361      10400.952
    105   1989          3.011      13165.555      10461.146
    106   1989          3.011      13226.289      10521.881
    107   1989          3.011      13261.475      10557.066
    108   1989          3.011      13261.474      10557.065
    109   1989          3.011      13261.475      10557.066
    110   1989          3.011      13261.475      10557.065
    111   1989          3.011      13261.475      10557.065
    112   1989          0.000          0.000          0.000
    113   1989          0.000          0.000          0.000
    114   1989          0.000          0.000          0.000
    115   1989          0.000          0.000          0.000
    116   1989          0.000          0.000          0.000
    117   1989          0.000          0.000          0.000
    118   1989          0.000          0.000          0.000
    119   1989          0.000          0.000          0.000
    120   1989          0.000          0.000          0.000
