APSIM output file, version = 5.3
Title = site=goondiwindi; soil=lg1; treatment=w3; Nrate=200; RootDepth=deep; Sowing = AvgWindow
           date           year      wht_yield         wht_ep     wht_laimax      chk_yield         chk_ep     chk_laimax      sor_yield         sor_ep     sor_laimax    avg_residue    max_residue    min_residue annual_rainfall  annual_runoff      annual_es   annual_drain
             ()         (year)        (kg/ha)           (mm)      (m^2/m^2)        (kg/ha)           (mm)      (m^2/m^2)        (kg/ha)             ()        (m2/m2)        (kg/ha)        (kg/ha)        (kg/ha)            (mm)           (mm)           (mm)           (mm)
     31/12/1957           1957       3009.638        197.148          3.766          0.000          0.000          0.000          0.000          0.000          0.000        775.070       5556.035          0.000         453.500          0.405        428.180         21.347
     31/12/1958           1958          0.000          0.000          0.000       2014.971        197.379          2.882          0.000          0.000          0.000       1933.532       4781.953          0.000         662.400          8.812        496.968          0.000
     31/12/1959           1959       2755.202        159.835          5.429          0.000          0.000          0.000          0.000          0.000          0.000        922.238       6085.654          0.000         654.400         27.446        421.267          0.000
     31/12/1960           1960          0.000          0.000          0.000        574.192         83.913          1.320          0.000          0.000          0.000        455.516       2225.070          0.000         450.100          0.068        438.023          0.000
     31/12/1961           1961       1471.767         91.227          1.827          0.000          0.000          0.000          0.000          0.000          0.000        246.148       2354.020          0.000         745.300          6.098        514.232          0.000
     31/12/1962           1962          0.000          0.000          0.000          0.000          0.000          0.000          0.000          0.000          0.000         19.875        329.209          0.000         871.900        110.316        510.754        119.015
     31/12/1963           1963       3502.400        208.837          5.717          0.000          0.000          0.000          0.000          0.000          0.000        862.202       7535.034          0.000         577.700         22.273        434.346         92.504
     31/12/1964           1964          0.000          0.000          0.000       2691.919        216.535          2.966          0.000          0.000          0.000        857.589       3759.199          0.000         650.500          1.197        492.050          0.000
     31/12/1965           1965          0.000          0.000          0.000          0.000          0.000          0.000          0.000          0.000          0.000        461.554       1227.024          0.000         402.800          1.934        341.130          0.000
     31/12/1966           1966       4362.212        229.931          5.746          0.000          0.000          0.000          0.000          0.000          0.000       1077.139       8275.366          0.000         572.500          4.771        374.300          0.000
     31/12/1967           1967          0.000          0.000          0.000       1316.189        139.849          2.173          0.000          0.000          0.000       4043.520       6630.004          0.000         385.700          3.015        288.010          0.000
     31/12/1968           1968       1574.217        111.514          4.087          0.000          0.000          0.000          0.000          0.000          0.000       1128.470       5211.190          0.000         561.600          2.434        395.543          0.000
     31/12/1969           1969          0.000          0.000          0.000       1959.789        158.907          2.750          0.000          0.000          0.000        985.477       3074.203          0.000         621.900         13.888        398.259          0.000
     31/12/1970           1970       4377.529        255.805          4.202          0.000          0.000          0.000          0.000          0.000          0.000       1015.858       7803.290          0.000         743.300         11.909        415.877          0.000
     31/12/1971           1971          0.000          0.000          0.000       1629.023        197.377          2.326          0.000          0.000          0.000        504.471       3492.096          0.000         668.800         16.195        497.480         44.201
     31/12/1972           1972          0.000          0.000          0.000          0.000          0.000          0.000          0.000          0.000          0.000        171.792       1135.059          0.000         501.100          2.320        441.974          0.000
     31/12/1973           1973       3911.947        209.524          3.633          0.000          0.000          0.000          0.000          0.000          0.000        457.431       5426.484          0.000         727.500         27.603        534.551          8.064
     31/12/1974           1974          0.000          0.000          0.000          0.000          0.000          0.000          0.000          0.000          0.000        206.929       1134.307          0.000         509.100         19.636        433.104          0.000
     31/12/1975           1975       4787.540        225.141          4.740          0.000          0.000          0.000          0.000          0.000          0.000        840.961       6898.162          0.000         692.900         22.282        417.693         15.358
     31/12/1976           1976          0.000          0.000          0.000       2865.017        220.771          3.193          0.000          0.000          0.000       1170.777       4617.124          0.000         817.500         60.114        482.111        127.907
     31/12/1977           1977       3245.638        197.834          4.568          0.000          0.000          0.000          0.000          0.000          0.000       1009.024       6171.868          0.000         614.500         10.881        471.527          0.000
     31/12/1978           1978          0.000          0.000          0.000       2570.986        187.766          3.118          0.000          0.000          0.000        583.536       3858.717          0.000         799.100         14.230        521.465          0.000
     31/12/1979           1979          0.000          0.000          0.000          0.000          0.000          0.000          0.000          0.000          0.000        162.577        686.068          0.000         488.600          3.272        433.244          0.000
     31/12/1980           1980       2118.599        157.450          4.000          0.000          0.000          0.000          0.000          0.000          0.000        608.819       5414.864          0.000         387.700          1.114        324.762          0.000
     31/12/1981           1981          0.000          0.000          0.000       1774.357        160.909          2.392          0.000          0.000          0.000        578.625       2952.326          0.000         664.100         28.980        466.618          0.000
     31/12/1982           1982          0.000          0.000          0.000          0.000          0.000          0.000          0.000          0.000          0.000         75.826        665.188          0.000         518.300         15.388        415.869          0.000
     31/12/1983           1983       6085.836        278.671          6.769          0.000          0.000          0.000          0.000          0.000          0.000       1511.626       9651.080          0.000        1019.100         93.970        469.102        121.059
     31/12/1984           1984          0.000          0.000          0.000       2182.506        227.933          2.938          0.000          0.000          0.000       3383.250       6887.226          0.000         798.300         19.812        436.251        231.539
     31/12/1985           1985       3269.781        184.058          5.987          0.000          0.000          0.000          0.000          0.000          0.000       1868.912       7673.698          0.000         568.000         10.026        401.794          0.000
     31/12/1986           1986          0.000          0.000          0.000       1123.590        118.527          1.835          0.000          0.000          0.000        915.848       3479.935          0.000         531.400          0.346        450.949          0.000
     31/12/1987           1987          0.000          0.000          0.000          0.000          0.000          0.000          0.000          0.000          0.000        124.700       1322.543          0.000         598.600          4.191        495.729          0.000
     31/12/1988           1988       5342.304        263.425          5.809          0.000          0.000          0.000          0.000          0.000          0.000       1419.548       8845.917          0.000         832.400         36.378        502.573        104.243
     31/12/1989           1989          0.000          0.000          0.000       1968.963        186.967          2.761          0.000          0.000          0.000       3754.566       6481.088          0.000         680.000         35.287        386.892         13.296
     31/12/1990           1990       4516.562        227.536          6.559          0.000          0.000          0.000          0.000          0.000          0.000       1663.892       8967.800          0.000         687.900         49.031        446.243         33.582
     31/12/1991           1991          0.000          0.000          0.000       1552.888        172.561          2.526          0.000          0.000          0.000       3891.391       7449.808          0.000         608.700         21.102        348.073          0.000
     31/12/1992           1992       1411.472        102.333          2.858          0.000          0.000          0.000          0.000          0.000          0.000        943.549       3692.736          0.000         382.800          0.000        374.592          0.000
     31/12/1993           1993          0.000          0.000          0.000          0.000          0.000          0.000          0.000          0.000          0.000        672.478       1671.973          0.000         446.500          0.693        402.159          0.000
     31/12/1994           1994          0.000          0.000          0.000          0.000          0.000          0.000          0.000          0.000          0.000         45.749        119.355          0.000         524.300         37.164        370.062          0.000
     31/12/1995           1995       3447.367        199.532          2.303          0.000          0.000          0.000          0.000          0.000          0.000        519.831       5092.852          0.000         608.600         18.502        422.152          0.000
     31/12/1996           1996          0.000          0.000          0.000       2024.716        199.267          2.683          0.000          0.000          0.000        396.397       3370.571          0.000         961.100        140.412        506.615        157.375
     31/12/1997           1997       3199.810        203.231          4.662          0.000          0.000          0.000          0.000          0.000          0.000        923.998       5990.942          0.000         747.000        117.660        410.964          0.000
     31/12/1998           1998          0.000          0.000          0.000       2420.055        205.682          3.112          0.000          0.000          0.000       1185.697       3897.373          0.000         891.400         59.665        488.347         77.369
     31/12/1999           1999       3628.071        219.519          3.874          0.000          0.000          0.000          0.000          0.000          0.000        732.819       6112.135          0.000         848.600         27.373        558.644         68.524
     31/12/2000           2000          0.000          0.000          0.000          0.000          0.000          0.000          0.000          0.000          0.000        330.917       1690.937          0.000         481.900          7.418        421.362          0.000
     31/12/2001           2001       3951.520        226.582          5.211          0.000          0.000          0.000          0.000          0.000          0.000        666.774       6831.603          0.000         584.800         51.143        441.950         16.691
     31/12/2002           2002          0.000          0.000          0.000          0.000          0.000          0.000          0.000          0.000          0.000        983.617       2406.280          0.000         469.700          8.962        376.958          0.000
