APSIM output file, version = 5.3
Title = site=goondiwindi; soil=lg1; treatment=w3; Nrate=50; RootDepth=deep; Sowing = AvgWindow
           date           year      wht_yield         wht_ep     wht_laimax      chk_yield         chk_ep     chk_laimax      sor_yield         sor_ep     sor_laimax    avg_residue    max_residue    min_residue annual_rainfall  annual_runoff      annual_es   annual_drain
             ()         (year)        (kg/ha)           (mm)      (m^2/m^2)        (kg/ha)           (mm)      (m^2/m^2)        (kg/ha)             ()        (m2/m2)        (kg/ha)        (kg/ha)        (kg/ha)            (mm)           (mm)           (mm)           (mm)
     31/12/1957           1957       2652.923        186.671          4.293          0.000          0.000          0.000          0.000          0.000          0.000        779.116       5325.437          0.000         453.500          0.405        429.317         21.347
     31/12/1958           1958          0.000          0.000          0.000       2246.544        233.097          3.142          0.000          0.000          0.000       3984.969       6239.459          0.000         662.400          8.266        433.546          0.000
     31/12/1959           1959       1935.417        177.164          3.442          0.000          0.000          0.000          0.000          0.000          0.000       3095.319       7487.806          0.000         654.400         24.016        392.142          0.000
     31/12/1960           1960          0.000          0.000          0.000       1584.615        147.909          2.682          0.000          0.000          0.000       3240.249       5773.749          0.000         450.100          0.000        422.051          0.000
     31/12/1961           1961       1604.367         99.107          2.246          0.000          0.000          0.000          0.000          0.000          0.000       1046.822       3111.234          0.000         745.300          5.081        506.589          0.000
     31/12/1962           1962          0.000          0.000          0.000       2250.163        213.558          3.037          0.000          0.000          0.000        619.908       3529.167          0.000         871.900         90.890        482.244        151.056
     31/12/1963           1963       2021.528        121.601          3.152          0.000          0.000          0.000          0.000          0.000          0.000        694.314       4299.530          0.000         577.700         18.903        446.202          0.000
     31/12/1964           1964          0.000          0.000          0.000       2660.181        213.865          2.980          0.000          0.000          0.000       1349.203       3843.633          0.000         650.500          0.331        484.083          0.000
     31/12/1965           1965          0.000          0.000          0.000          0.000          0.000          0.000          0.000          0.000          0.000       1114.185       2150.884          0.000         402.800          1.770        340.485          0.000
     31/12/1966           1966       4034.268        224.832          5.735          0.000          0.000          0.000          0.000          0.000          0.000       1099.795       8128.938          0.000         572.500          5.593        371.699          0.000
     31/12/1967           1967          0.000          0.000          0.000       1443.461        157.218          2.369          0.000          0.000          0.000       5168.059       6948.635          0.000         385.700          3.258        266.912          0.000
     31/12/1968           1968       1959.083        120.628          3.202          0.000          0.000          0.000          0.000          0.000          0.000       1928.763       5652.184          0.000         561.600          0.906        387.432          0.000
     31/12/1969           1969          0.000          0.000          0.000       2435.424        172.766          3.013          0.000          0.000          0.000       2155.706       3497.711          0.000         621.900         11.522        380.183          0.000
     31/12/1970           1970       3551.078        207.107          3.408          0.000          0.000          0.000          0.000          0.000          0.000        998.040       5955.898          0.000         743.300         12.492        419.497          0.000
     31/12/1971           1971          0.000          0.000          0.000       1631.317        197.688          2.329          0.000          0.000          0.000       1335.996       4031.775          0.000         668.800         10.395        475.338        124.672
     31/12/1972           1972          0.000          0.000          0.000          0.000          0.000          0.000          0.000          0.000          0.000        226.170       1282.895          0.000         501.100          2.210        441.828          0.000
     31/12/1973           1973       3912.118        208.567          3.633          0.000          0.000          0.000          0.000          0.000          0.000        663.509       5422.973          0.000         727.500         27.360        524.658          9.257
     31/12/1974           1974          0.000          0.000          0.000          0.000          0.000          0.000          0.000          0.000          0.000       1773.076       3723.166          0.000         509.100         16.035        431.658          0.000
     31/12/1975           1975       4248.095        208.037          4.672          0.000          0.000          0.000          0.000          0.000          0.000       1020.550       6711.010          0.000         692.900         19.384        414.440         35.086
     31/12/1976           1976          0.000          0.000          0.000       2905.382        225.326          3.195          0.000          0.000          0.000       2689.728       5535.975          0.000         817.500         53.121        448.908        174.783
     31/12/1977           1977       2863.353        175.605          3.120          0.000          0.000          0.000          0.000          0.000          0.000       1178.731       5313.170          0.000         614.500          8.708        469.880          0.000
     31/12/1978           1978          0.000          0.000          0.000       2713.159        201.793          3.216          0.000          0.000          0.000       1580.572       4264.239          0.000         799.100          8.091        495.317          0.000
     31/12/1979           1979       2888.011        161.766          2.651          0.000          0.000          0.000          0.000          0.000          0.000        731.348       4531.646          0.000         488.600          1.970        389.247          0.000
     31/12/1980           1980          0.000          0.000          0.000        768.059         93.380          1.434          0.000          0.000          0.000       1961.248       3013.160          0.000         387.700          0.000        338.266          0.000
     31/12/1981           1981       2613.853        158.772          4.210          0.000          0.000          0.000          0.000          0.000          0.000       1055.939       6024.099          0.000         664.100         29.469        426.554          0.000
     31/12/1982           1982          0.000          0.000          0.000          0.000          0.000          0.000          0.000          0.000          0.000       1667.163       3978.967          0.000         518.300          2.454        382.690          0.000
     31/12/1983           1983       4008.786        218.999          3.999          0.000          0.000          0.000          0.000          0.000          0.000       1293.414       7634.651          0.000        1019.100         85.695        507.073        205.424
     31/12/1984           1984          0.000          0.000          0.000       2131.170        221.229          2.872          0.000          0.000          0.000       2450.731       5350.723          0.000         798.300         22.611        470.899        226.932
     31/12/1985           1985       2300.974        146.126          3.080          0.000          0.000          0.000          0.000          0.000          0.000       1600.420       5756.518          0.000         568.000         10.720        431.503          0.000
     31/12/1986           1986          0.000          0.000          0.000       1223.208        129.138          1.891          0.000          0.000          0.000       1614.680       3498.005          0.000         531.400          0.139        438.598          0.000
     31/12/1987           1987          0.000          0.000          0.000          0.000          0.000          0.000          0.000          0.000          0.000        187.658       1595.436          0.000         598.600          3.803        495.051          0.000
     31/12/1988           1988       4412.264        228.701          4.780          0.000          0.000          0.000          0.000          0.000          0.000       1269.536       7540.839          0.000         832.400         36.181        511.333        110.072
     31/12/1989           1989          0.000          0.000          0.000       1975.147        187.800          2.765          0.000          0.000          0.000       4258.369       6150.410          0.000         680.000         35.278        371.263         46.372
     31/12/1990           1990       2393.244        191.764          3.340          0.000          0.000          0.000          0.000          0.000          0.000       1862.719       7707.139          0.000         687.900         37.937        447.512         60.991
     31/12/1991           1991          0.000          0.000          0.000       1690.811        184.081          2.630          0.000          0.000          0.000       3757.820       6555.188          0.000         608.700         19.966        355.998          0.000
     31/12/1992           1992       1431.629         99.686          2.121          0.000          0.000          0.000          0.000          0.000          0.000       1130.196       3379.421          0.000         382.800          0.000        375.589          0.000
     31/12/1993           1993          0.000          0.000          0.000          0.000          0.000          0.000          0.000          0.000          0.000       1583.022       2453.746          0.000         446.500          0.119        400.049          0.000
     31/12/1994           1994          0.000          0.000          0.000          0.000          0.000          0.000          0.000          0.000          0.000        163.585        400.913          0.000         524.300         34.497        368.230          0.000
     31/12/1995           1995       3447.586        194.787          2.303          0.000          0.000          0.000          0.000          0.000          0.000        681.621       4913.738          0.000         608.600         18.186        419.895         15.437
     31/12/1996           1996          0.000          0.000          0.000       2034.465        200.441          2.695          0.000          0.000          0.000       1265.127       3533.260          0.000         961.100         98.791        477.914        232.990
     31/12/1997           1997       1217.453        142.811          2.015          0.000          0.000          0.000          0.000          0.000          0.000        884.118       4955.387          0.000         747.000        113.454        422.409          0.000
     31/12/1998           1998          0.000          0.000          0.000       2422.085        205.958          3.112          0.000          0.000          0.000       1397.295       3978.851          0.000         891.400         55.638        480.332        143.229
     31/12/1999           1999       2883.501        193.246          3.068          0.000          0.000          0.000          0.000          0.000          0.000        832.143       5391.904          0.000         848.600         26.181        566.890         70.171
     31/12/2000           2000          0.000          0.000          0.000          0.000          0.000          0.000          0.000          0.000          0.000       1177.664       3099.080          0.000         481.900          2.847        417.176          0.000
     31/12/2001           2001       3028.840        208.262          4.340          0.000          0.000          0.000          0.000          0.000          0.000        908.562       6394.991          0.000         584.800         47.672        438.753         47.799
     31/12/2002           2002          0.000          0.000          0.000          0.000          0.000          0.000          0.000          0.000          0.000       3019.015       4124.677          0.000         469.700          6.403        363.353          0.000
