APSIM output file, version = 5.3
Title = site=warialda; soil=lg1; treatment=oc2; Nrate=50; RootDepth=deep; Sowing = AvgWindow
           date           year      wht_yield         wht_ep     wht_laimax      chk_yield         chk_ep     chk_laimax      sor_yield         sor_ep     sor_laimax    avg_residue    max_residue    min_residue annual_rainfall  annual_runoff      annual_es   annual_drain
             ()         (year)        (kg/ha)           (mm)      (m^2/m^2)        (kg/ha)           (mm)      (m^2/m^2)        (kg/ha)             ()        (m2/m2)        (kg/ha)        (kg/ha)        (kg/ha)            (mm)           (mm)           (mm)           (mm)
     31/12/1957           1957          0.000          0.000          0.000          0.000          0.000          0.000       4576.846        210.108          2.800       2952.199       4555.078          0.000         433.800          2.424        395.038         33.796
     31/12/1958           1958       1865.743        166.351          2.520          0.000          0.000          0.000          0.000          0.000          0.000       2666.407       6501.197          0.000         761.600         14.800        456.825          0.000
     31/12/1959           1959          0.000          0.000          0.000       2940.668        247.987          3.125       4984.277        223.473          3.083       4581.918       7468.957          0.000         916.800         20.011        367.399         13.389
     31/12/1960           1960       1085.798        149.669          1.540          0.000          0.000          0.000       4617.357        177.844          3.038       3673.566       5608.136          0.000         567.000          0.209        391.347          0.000
     31/12/1961           1961          0.000          0.000          0.000       1404.257        158.494          2.016          0.000          0.000          0.000       1722.479       4356.283          0.000         650.900          4.703        490.909          0.000
     31/12/1962           1962          0.000          0.000          0.000          0.000          0.000          0.000       4954.814        195.644          2.999       2113.244       5217.029          0.000         803.000         34.634        518.396          0.000
     31/12/1963           1963       1446.566         89.279          1.619          0.000          0.000          0.000       2989.375        145.276          2.656       1063.777       3393.020          0.000         722.000          2.906        469.290          0.000
     31/12/1964           1964          0.000          0.000          0.000       3048.290        223.461          3.012       3111.258        186.305          2.861       2243.536       5084.948          0.000         709.000          7.539        410.944          0.000
     31/12/1965           1965          0.000          0.000          0.000          0.000          0.000          0.000          0.000          0.000          0.000        447.214       1536.782          0.000         355.900          0.697        336.845          0.000
     31/12/1966           1966          0.000          0.000          0.000          0.000          0.000          0.000          0.000         69.319          2.540         10.181         29.817          0.000         547.400         10.996        450.692          0.000
     31/12/1967           1967       1797.242        130.241          4.696          0.000          0.000          0.000       1743.798         68.390          2.631       1168.830       4673.747          0.000         455.200          4.862        322.311          0.000
     31/12/1968           1968          0.000          0.000          0.000       1577.766        143.348          2.253          0.000          0.000          0.000       1132.614       4379.808          0.000         638.100         11.981        481.838          0.000
     31/12/1969           1969          0.000          0.000          0.000          0.000          0.000          0.000          0.000         35.566          1.910        128.102       1262.985          0.000         687.900         16.829        542.818          0.000
     31/12/1970           1970          0.000          0.000          0.000          0.000          0.000          0.000       2705.630        219.704          3.036       1093.438       3995.135          0.000         894.100         54.514        452.887          0.000
     31/12/1971           1971       1615.768        185.759          1.947          0.000          0.000          0.000       5073.748        148.872          2.973       3149.327       6205.894          0.000         894.099         58.018        365.322        273.905
     31/12/1972           1972          0.000          0.000          0.000          0.000          0.000          0.000          0.000         59.963          2.425       2662.758       5399.215          0.000         552.200          0.091        462.139          0.000
     31/12/1973           1973       2541.987        177.437          2.549          0.000          0.000          0.000       4003.399        150.436          2.730       2127.191       4875.303          0.000         816.400         28.471        453.596          0.000
     31/12/1974           1974          0.000          0.000          0.000          0.000          0.000          0.000       3924.646        201.985          2.828       3205.734       4604.293          0.000         610.200         28.602        407.083          0.000
     31/12/1975           1975       3913.552        227.913          3.394          0.000          0.000          0.000          0.000          0.000          0.000       1016.439       6405.494          0.000        1036.400         79.596        498.553        121.359
     31/12/1976           1976          0.000          0.000          0.000       2352.281        220.537          3.100       5044.569        169.669          3.087       3339.604       5390.975          0.000         817.900        119.163        364.593        127.326
     31/12/1977           1977       2476.681        160.901          2.350          0.000          0.000          0.000          0.000          0.000          0.000       1206.856       4542.572          0.000         676.600         48.830        440.575          1.141
     31/12/1978           1978          0.000          0.000          0.000       2809.012        211.148          2.930          0.000          0.000          0.000       1096.254       3989.579          0.000         858.400         13.737        547.908         24.844
     31/12/1979           1979       3918.694        221.561          3.265          0.000          0.000          0.000          0.000          0.000          0.000       1094.832       6090.598          0.000         620.300         32.814        386.290          7.314
     31/12/1980           1980          0.000          0.000          0.000       1362.427        169.559          2.300          0.000          0.000          0.000       3206.880       5973.032          0.000         533.200          3.402        360.341          0.000
     31/12/1981           1981       3830.046        213.306          4.185          0.000          0.000          0.000          0.000          0.000          0.000       1259.947       6531.878          0.000         668.200         23.597        444.619          0.000
     31/12/1982           1982          0.000          0.000          0.000       2041.688        202.570          2.592          0.000          0.000          0.000       1904.738       4315.910          0.000         525.900          4.256        353.282          0.175
     31/12/1983           1983       4529.325        215.435          3.678          0.000          0.000          0.000          0.000         38.280          2.291       1144.542       6527.723          0.000         957.300         55.786        482.414          0.000
     31/12/1984           1984          0.000          0.000          0.000       2233.809        262.722          3.196       4937.497        143.538          3.039       2897.409       5413.263          0.000         832.400         31.209        401.373        138.316
     31/12/1985           1985       2550.233        140.422          2.916          0.000          0.000          0.000          0.000          0.000          0.000       1150.299       4001.773          0.000         651.600          5.453        457.818          0.000
     31/12/1986           1986          0.000          0.000          0.000       1831.586        174.442          2.212          0.000          0.000          0.000       1420.538       3004.593          0.000         474.300          0.499        404.597          0.000
     31/12/1987           1987          0.000          0.000          0.000          0.000          0.000          0.000          0.000          0.000          0.000        214.039       2405.784          0.000         692.700          0.457        612.416          0.000
     31/12/1988           1988       5575.658        289.582          6.749          0.000          0.000          0.000          0.000          0.000          0.000       1425.441       9710.670          0.000         859.700         43.272        441.301         64.328
     31/12/1989           1989          0.000          0.000          0.000       2271.436        223.509          2.477          0.000          0.000          0.000       3531.285       7449.992          0.000         745.200          6.421        419.773         78.790
     31/12/1990           1990       2762.752        210.004          3.771          0.000          0.000          0.000          0.000          0.000          0.000       1457.076       7627.547          0.000         533.100          8.791        421.720          0.000
     31/12/1991           1991          0.000          0.000          0.000       1845.799        195.280          2.506          0.000          0.000          0.000       3343.701       7135.816          0.000         743.500         16.199        384.461         89.635
     31/12/1992           1992          0.000          0.000          0.000          0.000          0.000          0.000          0.000          0.000          0.000        619.770       2419.260          0.000         575.600          0.220        544.492          0.000
     31/12/1993           1993       4138.574        224.935          4.544          0.000          0.000          0.000          0.000          0.000          0.000        888.631       7655.860          0.000         582.300          0.743        396.611          0.000
     31/12/1994           1994          0.000          0.000          0.000       1268.873        166.968          2.088          0.000          0.000          0.000       3246.564       5793.010          0.000         428.100         14.941        314.650          0.000
     31/12/1995           1995       1851.246        114.994          1.564          0.000          0.000          0.000          0.000         16.085          1.629        799.229       3525.223          0.000         802.200         17.199        484.206          0.000
     31/12/1996           1996          0.000          0.000          0.000       2496.911        240.466          3.071       5724.331        213.848          3.112       3294.940       6004.133          0.000         785.800         13.612        417.883          0.000
     31/12/1997           1997       2375.701        148.700          2.304          0.000          0.000          0.000          0.000          0.000          0.000        859.281       4227.204          0.000         676.200         22.974        460.445          0.000
     31/12/1998           1998          0.000          0.000          0.000       3005.478        238.293          3.087          0.000          0.000          0.000       1030.813       3961.710          0.000         911.900         42.531        544.426         82.226
     31/12/1999           1999       4150.388        227.050          3.205          0.000          0.000          0.000          0.000         21.751          2.042        722.331       5893.581          0.000         872.000         32.450        484.519          0.000
     31/12/2000           2000          0.000          0.000          0.000       1396.306        151.221          1.557       5153.513        250.463          3.088       3284.922       5791.124          0.000         821.000         38.050        387.353          0.000
     31/12/2001           2001        880.015        213.867          2.187          0.000          0.000          0.000       4147.458        164.826          3.012       2517.624       8863.544          0.000        1034.800        115.250        426.995         96.231
     31/12/2002           2002          0.000          0.000          0.000          0.000          0.000          0.000       4614.019        195.315          2.927       5423.890       7909.780          0.000         469.300          6.964        319.177          0.000
