Summary_file = output\coonamble_cd2_50_s1_deep_AvgWindow.sum
Title = site=coonamble; soil=cd2; treatment=s1; Nrate=50; RootDepth=deep; Sowing = AvgWindow
           date      year      wht_yield         wht_ep     wht_laimax      chk_yield         chk_ep     chk_laimax      sor_yield         sor_ep     sor_laimax    avg_residue    max_residue    min_residue annual_rainfall  annual_runoff      annual_es   annual_drain
             ()    (year)        (kg/ha)           (mm)      (m^2/m^2)        (kg/ha)           (mm)      (m^2/m^2)        (kg/ha)           (mm)      (m^2/m^2)        (kg/ha)        (kg/ha)        (kg/ha)            (mm)           (mm)           (mm)           (mm)
     31/12/1957      1957          0.000          0.000          0.000          0.000          0.000          0.000       3089.294        149.930          2.971       1708.124       3465.237          0.000         240.300          0.048        236.917          0.000
     31/12/1958      1958          0.000          0.000          0.000          0.000          0.000          0.000          0.000          0.000          0.000       1023.310       2190.834          0.000         642.900         14.886        485.168         41.089
     31/12/1959      1959          0.000          0.000          0.000          0.000          0.000          0.000          0.000          0.000          0.000         30.411        245.852          0.000         685.200         67.176        390.459        215.627
     31/12/1960      1960          0.000          0.000          0.000          0.000          0.000          0.000          0.000         28.634          1.710          0.873          3.034          0.000         399.100          4.906        378.623         15.050
     31/12/1961      1961          0.000          0.000          0.000          0.000          0.000          0.000       2007.611         89.081          2.905        342.422       2527.458          0.000         445.200          0.000        399.721          0.000
     31/12/1962      1962          0.000          0.000          0.000          0.000          0.000          0.000          0.000         80.081          3.044          2.168         24.130          0.000         641.300          2.507        509.901         10.137
     31/12/1963      1963          0.000          0.000          0.000          0.000          0.000          0.000       4251.718        181.306          2.977       3828.207       5677.813          0.000         555.600         11.268        376.473         14.321
     31/12/1964      1964          0.000          0.000          0.000          0.000          0.000          0.000       2263.066        112.751          2.383       3176.316       5034.458          0.000         449.100          0.000        388.114          0.000
     31/12/1965      1965          0.000          0.000          0.000          0.000          0.000          0.000        651.439         17.648          0.971       2127.996       3588.327          0.000         342.700          6.279        251.145          0.000
     31/12/1966      1966          0.000          0.000          0.000          0.000          0.000          0.000       1054.823         66.243          1.936        627.447       1869.491          0.000         374.800          0.000        370.925          0.000
     31/12/1967      1967          0.000          0.000          0.000          0.000          0.000          0.000          0.000          0.000          0.000         21.129         72.626          0.000         327.800          3.694        272.608          0.000
     31/12/1968      1968          0.000          0.000          0.000          0.000          0.000          0.000       2719.831        120.430          2.800        567.663       2528.890          0.000         519.800         19.002        379.574         25.544
     31/12/1969      1969          0.000          0.000          0.000          0.000          0.000          0.000          0.000         75.228          2.384         25.707        173.842          0.000         671.000         13.924        558.324          2.054
     31/12/1970      1970          0.000          0.000          0.000          0.000          0.000          0.000       2900.448        156.039          2.726        862.339       3526.671          0.000         601.600          2.281        439.766          0.000
     31/12/1971      1971          0.000          0.000          0.000          0.000          0.000          0.000       3028.540        124.011          2.749       1843.805       3769.019          0.000         617.500         13.009        410.921         50.283
     31/12/1972      1972          0.000          0.000          0.000          0.000          0.000          0.000       3619.332        117.617          2.845       2466.173       4190.752          0.000         467.300          0.212        372.169          0.000
     31/12/1973      1973          0.000          0.000          0.000          0.000          0.000          0.000       4060.602        262.405          2.880       1615.152       4539.438          0.000         873.600         12.313        517.549         93.229
     31/12/1974      1974          0.000          0.000          0.000          0.000          0.000          0.000       3626.471        148.581          2.599       1404.894       3973.120          0.000         593.200         43.616        377.631         26.988
     31/12/1975      1975          0.000          0.000          0.000          0.000          0.000          0.000       1997.696         46.183          1.999        445.496       2515.311          0.000         485.500          0.397        382.860          0.000
     31/12/1976      1976          0.000          0.000          0.000          0.000          0.000          0.000          0.000          0.000          0.000          7.685         53.197          0.000         624.200         24.903        450.981        128.705
     31/12/1977      1977          0.000          0.000          0.000          0.000          0.000          0.000          0.000          0.000          0.000          0.082          0.438          0.000         498.800         57.461        341.942        122.359
     31/12/1978      1978          0.000          0.000          0.000          0.000          0.000          0.000          0.000         69.372          2.920          0.000          0.011          0.000         738.800          7.442        531.557         78.513
     31/12/1979      1979          0.000          0.000          0.000          0.000          0.000          0.000       3635.704        112.777          3.011       1257.460       3494.743          0.000         325.400          0.000        347.209          0.224
     31/12/1980      1980          0.000          0.000          0.000          0.000          0.000          0.000          0.000          0.626          0.064        171.618        871.243          0.000         533.300         53.381        362.738          0.000
     31/12/1981      1981          0.000          0.000          0.000          0.000          0.000          0.000       2089.285        184.889          2.597        528.395       2235.619          0.000         500.600          6.520        398.439          0.000
     31/12/1982      1982          0.000          0.000          0.000          0.000          0.000          0.000       2808.295         80.370          2.386       1051.718       3581.067          0.000         368.300          0.797        280.327          0.000
     31/12/1983      1983          0.000          0.000          0.000          0.000          0.000          0.000       1649.596        158.813          2.841        239.504       1796.347          0.000         734.100         13.236        551.859          0.000
     31/12/1984      1984          0.000          0.000          0.000          0.000          0.000          0.000       4792.143        224.881          2.793       2812.569       5865.175          0.000         737.300         14.715        437.507         73.088
     31/12/1985      1985          0.000          0.000          0.000          0.000          0.000          0.000       1817.522         40.138          2.429       1022.574       3248.920          0.000         490.100          0.000        450.279          0.000
     31/12/1986      1986          0.000          0.000          0.000          0.000          0.000          0.000          0.000          0.000          0.000         18.695         66.050          0.000         352.400          0.000        353.172          0.000
     31/12/1987      1987          0.000          0.000          0.000          0.000          0.000          0.000          0.000          0.000          0.000          0.336          1.565          0.000         439.300          0.394        423.373          0.000
     31/12/1988      1988          0.000          0.000          0.000          0.000          0.000          0.000          0.000         43.231          2.539          0.000          0.000          0.000         537.400          1.242        450.249          0.000
     31/12/1989      1989          0.000          0.000          0.000          0.000          0.000          0.000       3044.141        104.800          3.329        443.546       3662.810          0.000         513.600          3.476        432.399          0.000
     31/12/1990      1990          0.000          0.000          0.000          0.000          0.000          0.000          0.000          0.000          0.000          4.689         31.275          0.000         487.500         23.323        368.971         74.938
     31/12/1991      1991          0.000          0.000          0.000          0.000          0.000          0.000          0.000          0.831          0.065          0.036          0.207          0.000         469.000         23.992        369.205         39.021
     31/12/1992      1992          0.000          0.000          0.000          0.000          0.000          0.000       3033.384        130.000          2.572        875.615       2950.648          0.000         475.200          0.000        424.904          1.785
     31/12/1993      1993          0.000          0.000          0.000          0.000          0.000          0.000          0.000         66.464          2.580         15.111         67.145          0.000         589.200          0.105        544.329          0.000
     31/12/1994      1994          0.000          0.000          0.000          0.000          0.000          0.000       1400.979         37.471          1.965        456.484       2365.848          0.000         357.300          0.008        294.688          0.000
     31/12/1995      1995          0.000          0.000          0.000          0.000          0.000          0.000       3721.893        169.325          2.974       1913.341       3683.216          0.000         584.200         43.481        353.844          0.000
     31/12/1996      1996          0.000          0.000          0.000          0.000          0.000          0.000       2713.655         99.042          3.175        724.252       3137.773          0.000         545.700          0.476        459.712          0.000
     31/12/1997      1997          0.000          0.000          0.000          0.000          0.000          0.000       1698.133         78.573          2.620        512.530       1960.025          0.000         496.600          5.898        384.789          0.000
     31/12/1998      1998          0.000          0.000          0.000          0.000          0.000          0.000       1858.300        176.443          2.489        388.341       1972.063          0.000         812.200         40.384        522.091        108.834
     31/12/1999      1999          0.000          0.000          0.000          0.000          0.000          0.000       1928.349         90.862          3.266        437.093       2707.471          0.000         592.800         10.427        471.060          0.000
     31/12/2000      2000          0.000          0.000          0.000          0.000          0.000          0.000       2072.548        139.249          3.359        334.246       3088.466          0.000         738.900         43.899        491.756         88.157
     31/12/2001      2001          0.000          0.000          0.000          0.000          0.000          0.000       1900.251         38.981          2.548        444.499       2563.855          0.000         447.500          0.000        406.792          0.000
     31/12/2002      2002          0.000          0.000          0.000          0.000          0.000          0.000          0.000          0.000          0.000          8.596         24.926          0.000         206.600          0.000        237.376          0.000
