Summary_file = output\coonamble_lg1_200_LongFallow1_deep_AvgWindow.sum
Title = site=coonamble; soil=lg1; treatment=LongFallow1; Nrate=200; RootDepth=deep; Sowing = AvgWindow
           date      year      wht_yield         wht_ep     wht_laimax      chk_yield         chk_ep     chk_laimax      sor_yield         sor_ep     sor_laimax    avg_residue    max_residue    min_residue annual_rainfall  annual_runoff      annual_es   annual_drain
             ()    (year)        (kg/ha)           (mm)      (m^2/m^2)        (kg/ha)           (mm)      (m^2/m^2)        (kg/ha)           (mm)      (m^2/m^2)        (kg/ha)        (kg/ha)        (kg/ha)            (mm)           (mm)           (mm)           (mm)
     31/12/1957      1957          0.000          0.000          0.000          0.000          0.000          0.000          0.000          0.000          0.000          5.811          9.784          0.000         240.300          9.978        260.706         21.140
     31/12/1958      1958       6392.103        273.087          5.336          0.000          0.000          0.000          0.000          0.000          0.000       1330.068       9666.930          0.000         642.900         48.516        411.851         86.401
     31/12/1959      1959          0.000          0.000          0.000          0.000          0.000          0.000          0.000        127.493          3.076       7613.636       9438.044          0.000         685.200         68.007        234.353        169.914
     31/12/1960      1960          0.000          0.000          0.000          0.000          0.000          0.000       3010.174         71.540          2.934       2439.177       6367.921          0.000         399.100          0.331        364.017          0.001
     31/12/1961      1961       1633.235        127.511          5.754          0.000          0.000          0.000          0.000          0.000          0.000        564.801       5439.022          0.000         445.200          1.021        381.976          0.000
     31/12/1962      1962          0.000          0.000          0.000          0.000          0.000          0.000          0.000         85.348          3.083        120.820       1502.536          0.000         641.300          2.333        499.699          0.000
     31/12/1963      1963          0.000          0.000          0.000          0.000          0.000          0.000       4250.900        111.206          3.009       1961.410       5604.651          0.000         555.600         10.156        398.930          0.000
     31/12/1964      1964       4311.920        208.678          5.787          0.000          0.000          0.000          0.000          0.000          0.000        873.505       7477.924          0.000         449.100          1.273        357.698          0.000
     31/12/1965      1965          0.000          0.000          0.000          0.000          0.000          0.000          0.000          0.913          0.071       4542.697       5774.522          0.000         342.700          6.732        240.495          0.000
     31/12/1966      1966          0.000          0.000          0.000          0.000          0.000          0.000       1449.863         87.848          2.287        834.495       2450.795          0.000         374.800          0.000        365.044          0.000
     31/12/1967      1967       1556.394        113.488          5.410          0.000          0.000          0.000          0.000          0.000          0.000        875.361       5294.561          0.000         327.800          7.987        243.491          0.000
     31/12/1968      1968          0.000          0.000          0.000          0.000          0.000          0.000          0.000          0.000          0.000        716.718       4629.779          0.000         519.800         12.031        374.703          0.000
     31/12/1969      1969          0.000          0.000          0.000          0.000          0.000          0.000       3375.317        149.055          3.037        843.399       3699.979          0.000         671.000          7.787        514.501          0.000
     31/12/1970      1970          0.000          0.000          0.000          0.000          0.000          0.000          0.000          0.000          0.000         11.683         67.096          0.000         601.600         14.927        477.666          0.000
     31/12/1971      1971          0.000          0.000          0.000          0.000          0.000          0.000          0.000         74.732          3.376          0.087          0.416          0.000         617.500         28.141        449.693        101.620
     31/12/1972      1972          0.000          0.000          0.000          0.000          0.000          0.000       5363.580        170.495          3.556       3196.724       5619.308          0.000         467.300          0.729        361.452          0.001
     31/12/1973      1973       6599.093        268.338          5.103          0.000          0.000          0.000          0.000          0.000          0.000       1026.603       8742.448          0.000         873.600         47.214        459.423         48.779
     31/12/1974      1974          0.000          0.000          0.000          0.000          0.000          0.000          0.000        110.685          3.102       1308.863       6394.881          0.000         593.200         44.650        373.887        110.008
     31/12/1975      1975          0.000          0.000          0.000          0.000          0.000          0.000       3887.118         93.439          3.060        921.983       3948.630          0.000         485.500          0.066        372.815          0.000
     31/12/1976      1976       4305.146        232.180          5.661          0.000          0.000          0.000          0.000          0.000          0.000        791.498       8189.115          0.000         624.200         39.217        416.214         37.071
     31/12/1977      1977          0.000          0.000          0.000          0.000          0.000          0.000          0.000          0.000          0.000       2297.595       6594.443          0.000         498.800         18.511        315.337          0.000
     31/12/1978      1978          0.000          0.000          0.000          0.000          0.000          0.000          0.000          0.000          0.000         46.508        426.817          0.000         738.800         34.589        537.890         54.566
     31/12/1979      1979       4047.322        227.661          4.672          0.000          0.000          0.000          0.000          0.000          0.000        878.516       7648.931          0.000         325.400          0.000        315.034         57.368
     31/12/1980      1980          0.000          0.000          0.000          0.000          0.000          0.000          0.000          0.629          0.064       1489.497       5920.688          0.000         533.300         36.216        346.754          0.000
     31/12/1981      1981          0.000          0.000          0.000          0.000          0.000          0.000       3000.468        147.740          2.782        848.021       2994.270          0.000         500.600          5.853        384.129          0.000
     31/12/1982      1982          0.000          0.000          0.000          0.000          0.000          0.000          0.000          0.000          0.000         25.748        118.578          0.000         368.300         15.758        295.797          0.000
     31/12/1983      1983          0.000          0.000          0.000          0.000          0.000          0.000          0.000        120.327          3.470          0.996          5.400          0.000         734.100         26.399        547.782         96.334
     31/12/1984      1984          0.000          0.000          0.000          0.000          0.000          0.000       6241.935        182.290          3.423       4058.386       7310.475          0.000         737.300         29.664        406.232         35.766
     31/12/1985      1985       6308.953        289.845          7.765          0.000          0.000          0.000          0.000          0.000          0.000       2350.495      10151.697          0.000         490.100          0.888        307.902         12.212
     31/12/1986      1986          0.000          0.000          0.000          0.000          0.000          0.000          0.000         40.145          1.745       3288.136       7210.083          0.000         352.400          0.000        343.674          0.000
     31/12/1987      1987          0.000          0.000          0.000          0.000          0.000          0.000       1971.297         73.139          2.528        429.866       2559.482          0.000         439.300          0.000        410.288          0.000
     31/12/1988      1988        957.491         81.190          2.751          0.000          0.000          0.000          0.000          0.000          0.000        394.024       3582.197          0.000         537.400          0.891        437.221          0.000
     31/12/1989      1989          0.000          0.000          0.000          0.000          0.000          0.000          0.000          0.000          0.000        201.340       1417.454          0.000         513.600          9.853        440.450          0.000
     31/12/1990      1990          0.000          0.000          0.000          0.000          0.000          0.000          0.000          0.000          0.000          0.379          2.843          0.000         487.500         31.864        362.895          0.598
     31/12/1991      1991       3159.643        206.536          6.316          0.000          0.000          0.000          0.000          0.000          0.000        724.807       7686.576          0.000         469.000          6.490        351.554         10.250
     31/12/1992      1992          0.000          0.000          0.000          0.000          0.000          0.000          0.000         70.788          3.521        534.902       2958.849          0.000         475.200          0.092        416.970          0.000
     31/12/1993      1993          0.000          0.000          0.000          0.000          0.000          0.000       2866.250         73.329          3.501        966.729       3443.040          0.000         589.200          0.261        519.841          0.000
     31/12/1994      1994          0.000          0.000          0.000          0.000          0.000          0.000          0.000          0.000          0.000          7.609         28.466          0.000         357.300          8.556        305.311          0.000
     31/12/1995      1995          0.000          0.000          0.000          0.000          0.000          0.000          0.000         43.562          2.022          0.211          1.049          0.000         584.200        101.723        385.026          0.000
     31/12/1996      1996          0.000          0.000          0.000          0.000          0.000          0.000       4916.100        182.388          3.688       1313.598       4476.270          0.000         545.700          0.734        442.540          0.000
     31/12/1997      1997       3730.480        162.210          3.597          0.000          0.000          0.000          0.000          0.000          0.000        621.680       5394.841          0.000         496.600          4.948        363.831          0.000
     31/12/1998      1998          0.000          0.000          0.000          0.000          0.000          0.000          0.000        121.172          3.243        240.336       2356.906          0.000         812.200         65.562        533.559         39.085
     31/12/1999      1999          0.000          0.000          0.000          0.000          0.000          0.000       3755.714         80.045          3.175        866.355       3904.285          0.000         592.800          9.998        467.925          2.321
     31/12/2000      2000       4492.296        231.939          7.392          0.000          0.000          0.000          0.000          0.000          0.000        588.407       7362.477          0.000         738.900         48.090        398.420          7.473
     31/12/2001      2001          0.000          0.000          0.000          0.000          0.000          0.000          0.000        122.814          3.364        638.242       2941.243          0.000         447.500          1.883        401.199          0.000
     31/12/2002      2002          0.000          0.000          0.000          0.000          0.000          0.000       4004.352         91.263          3.293       1136.383       4000.760          0.000         206.600          0.000        216.884          0.000
