Summary_file = output\goondiwindi_cd2_50_s1_deep_AvgWindow.sum
Title = site=goondiwindi; soil=cd2; treatment=s1; Nrate=50; RootDepth=deep; Sowing = AvgWindow
           date      year      wht_yield         wht_ep     wht_laimax      chk_yield         chk_ep     chk_laimax      sor_yield         sor_ep     sor_laimax    avg_residue    max_residue    min_residue annual_rainfall  annual_runoff      annual_es   annual_drain
             ()    (year)        (kg/ha)           (mm)      (m^2/m^2)        (kg/ha)           (mm)      (m^2/m^2)        (kg/ha)           (mm)      (m^2/m^2)        (kg/ha)        (kg/ha)        (kg/ha)            (mm)           (mm)           (mm)           (mm)
     31/12/1957      1957          0.000          0.000          0.000          0.000          0.000          0.000       2648.209        134.789          3.017       1383.950       3300.291          0.000         453.500          0.040        441.060          5.709
     31/12/1958      1958          0.000          0.000          0.000          0.000          0.000          0.000         45.949         83.070          2.428        239.909       1467.175          0.000         662.400         15.311        534.089          2.971
     31/12/1959      1959          0.000          0.000          0.000          0.000          0.000          0.000       2702.407         94.647          2.797        639.482       2740.688          0.000         654.400         21.064        455.903         49.534
     31/12/1960      1960          0.000          0.000          0.000          0.000          0.000          0.000       2590.194         69.923          2.834        336.001       2242.265          0.000         450.100          0.000        446.243          0.000
     31/12/1961      1961          0.000          0.000          0.000          0.000          0.000          0.000         77.803        115.759          3.149          5.305         30.860          0.000         745.300         17.355        535.692         10.924
     31/12/1962      1962          0.000          0.000          0.000          0.000          0.000          0.000       5301.282         81.497          2.935       3281.217       5200.418         -0.000         871.900         57.019        434.170        215.947
     31/12/1963      1963          0.000          0.000          0.000          0.000          0.000          0.000       2584.995        163.441          2.612       1350.620       2621.378          0.000         577.700          4.737        428.754         46.395
     31/12/1964      1964          0.000          0.000          0.000          0.000          0.000          0.000       2942.822        185.991          2.220        619.347       3122.339          0.000         650.500          0.195        530.142          0.000
     31/12/1965      1965          0.000          0.000          0.000          0.000          0.000          0.000       1396.361         26.970          1.512       1054.145       2098.593          0.000         402.800          1.520        345.146          0.000
     31/12/1966      1966          0.000          0.000          0.000          0.000          0.000          0.000        847.872        113.450          2.350        277.033       1488.807          0.000         572.500          6.374        447.771          1.647
     31/12/1967      1967          0.000          0.000          0.000          0.000          0.000          0.000       1798.162         52.770          2.378        466.508       2273.054          0.000         385.700          6.698        319.583          0.000
     31/12/1968      1968          0.000          0.000          0.000          0.000          0.000          0.000       2898.758        127.465          2.793        637.130       2903.658          0.000         561.600          3.741        425.477          0.000
     31/12/1969      1969          0.000          0.000          0.000          0.000          0.000          0.000        821.980        159.341          3.012        306.379       1519.455          0.000         621.900         29.033        437.329          7.813
     31/12/1970      1970          0.000          0.000          0.000          0.000          0.000          0.000       3193.586        131.367          3.359        967.808       3700.925          0.000         743.300         23.015        441.070         42.819
     31/12/1971      1971          0.000          0.000          0.000          0.000          0.000          0.000       5297.327        151.899          3.333       2280.286       4876.483          0.000         668.800         10.786        445.678         94.841
     31/12/1972      1972          0.000          0.000          0.000          0.000          0.000          0.000       3290.204        163.453          3.153        935.533       3172.932          0.000         501.100          0.370        431.456          0.000
     31/12/1973      1973          0.000          0.000          0.000          0.000          0.000          0.000       1471.851        107.675          3.099        202.470       1813.041          0.000         727.500          2.688        543.764         11.147
     31/12/1974      1974          0.000          0.000          0.000          0.000          0.000          0.000       3678.805        119.137          3.154        825.321       3411.403          0.000         509.100         13.345        432.257          0.000
     31/12/1975      1975          0.000          0.000          0.000          0.000          0.000          0.000       1264.972        119.433          2.398        194.574       1646.450          0.000         692.900          6.802        465.802          5.229
     31/12/1976      1976          0.000          0.000          0.000          0.000          0.000          0.000       3517.975        174.255          2.272       1316.146       4326.786          0.000         817.500         44.183        531.643        159.120
     31/12/1977      1977          0.000          0.000          0.000          0.000          0.000          0.000       2613.789        134.441          2.379        429.146       2929.913          0.000         614.500          1.887        468.774         22.723
     31/12/1978      1978          0.000          0.000          0.000          0.000          0.000          0.000       2283.490        111.392          2.791        313.010       2367.789          0.000         799.100         16.108        550.943         86.954
     31/12/1979      1979          0.000          0.000          0.000          0.000          0.000          0.000       2543.091        108.584          2.668        642.603       3125.708          0.000         488.600          0.131        441.970          0.000
     31/12/1980      1980          0.000          0.000          0.000          0.000          0.000          0.000       1220.589         13.887          1.122        340.467       1590.657          0.000         387.700          0.000        354.831          0.000
     31/12/1981      1981          0.000          0.000          0.000          0.000          0.000          0.000          0.000         83.273          2.948          3.944         21.131          0.000         664.100         27.455        479.262          7.651
     31/12/1982      1982          0.000          0.000          0.000          0.000          0.000          0.000       3422.188         83.852          2.891        466.468       3328.629          0.000         518.300          2.360        393.442          9.313
     31/12/1983      1983          0.000          0.000          0.000          0.000          0.000          0.000       3153.453        228.069          3.138        251.348       2943.883          0.000        1019.100         69.599        606.457        174.599
     31/12/1984      1984          0.000          0.000          0.000          0.000          0.000          0.000       4217.552        156.911          3.014       1516.646       4628.394          0.000         798.300         17.955        515.412        109.416
     31/12/1985      1985          0.000          0.000          0.000          0.000          0.000          0.000       2093.855        108.356          2.815        565.922       2732.083          0.000         568.000          9.488        476.167          0.000
     31/12/1986      1986          0.000          0.000          0.000          0.000          0.000          0.000       2334.766         73.927          2.558        787.615       2824.818          0.000         531.400          0.186        471.667          0.000
     31/12/1987      1987          0.000          0.000          0.000          0.000          0.000          0.000       1389.928         60.252          1.546        282.145       1816.524          0.000         598.600          0.000        498.651          0.000
     31/12/1988      1988          0.000          0.000          0.000          0.000          0.000          0.000       2561.965        140.110          2.364        504.143       2672.193          0.000         832.400         11.366        518.596        147.411
     31/12/1989      1989          0.000          0.000          0.000          0.000          0.000          0.000       2311.280        112.862          2.667        318.878       2273.502          0.000         680.000         44.161        467.443         26.862
     31/12/1990      1990          0.000          0.000          0.000          0.000          0.000          0.000       4103.317        232.885          2.812       1778.337       4778.207          0.000         687.900         14.435        427.092         80.255
     31/12/1991      1991          0.000          0.000          0.000          0.000          0.000          0.000       2371.074         51.146          1.687        942.363       3001.104          0.000         608.700         33.678        386.244         44.201
     31/12/1992      1992          0.000          0.000          0.000          0.000          0.000          0.000       3015.644        138.630          2.376        982.355       3105.353          0.000         382.800          0.000        366.032          1.348
     31/12/1993      1993          0.000          0.000          0.000          0.000          0.000          0.000          0.000          0.000          0.000         48.586        173.585          0.000         446.500          0.486        407.476          0.000
     31/12/1994      1994          0.000          0.000          0.000          0.000          0.000          0.000          0.000         36.822          1.825          0.407          1.910          0.000         524.300         31.068        375.007         26.871
     31/12/1995      1995          0.000          0.000          0.000          0.000          0.000          0.000       3915.721        168.234          2.673       2781.707       5035.584          0.000         608.600          5.222        406.274         21.828
     31/12/1996      1996          0.000          0.000          0.000          0.000          0.000          0.000       5495.887        202.640          3.584       2641.440       5757.807          0.000         961.100         78.224        455.586        200.748
     31/12/1997      1997          0.000          0.000          0.000          0.000          0.000          0.000       4437.768        267.043          2.985       2650.972       4849.335          0.000         747.000         71.237        394.207         57.542
     31/12/1998      1998          0.000          0.000          0.000          0.000          0.000          0.000       2543.042        137.311          2.913        914.545       2969.580          0.000         891.400         75.166        554.826        169.627
     31/12/1999      1999          0.000          0.000          0.000          0.000          0.000          0.000       2967.692        141.479          3.091        394.309       3211.672          0.000         848.600         25.291        549.519         83.290
     31/12/2000      2000          0.000          0.000          0.000          0.000          0.000          0.000       3368.324         99.391          3.049        604.435       3746.025          0.000         481.900          1.611        420.022          0.000
     31/12/2001      2001          0.000          0.000          0.000          0.000          0.000          0.000       1961.295        103.412          2.341        519.971       2963.661          0.000         584.800         26.129        453.192          0.000
     31/12/2002      2002          0.000          0.000          0.000          0.000          0.000          0.000       1236.436         59.078          1.649        491.662       1582.609          0.000         469.700          9.750        381.005          0.000
