Summary_file = output\goondiwindi_lg1_50_w1_deep_AvgWindow.sum
Title = site=goondiwindi; soil=lg1; treatment=w1; Nrate=50; RootDepth=deep; Sowing = AvgWindow
           date      year      wht_yield         wht_ep     wht_laimax      chk_yield         chk_ep     chk_laimax      sor_yield         sor_ep     sor_laimax    avg_residue    max_residue    min_residue annual_rainfall  annual_runoff      annual_es   annual_drain
             ()    (year)        (kg/ha)           (mm)      (m^2/m^2)        (kg/ha)           (mm)      (m^2/m^2)        (kg/ha)           (mm)      (m^2/m^2)        (kg/ha)        (kg/ha)        (kg/ha)            (mm)           (mm)           (mm)           (mm)
     31/12/1957      1957       2320.450        191.390          4.287          0.000          0.000          0.000          0.000          0.000          0.000        785.733       5361.111          0.000         453.500          0.405        429.406         21.347
     31/12/1958      1958       2610.771        170.634          3.280          0.000          0.000          0.000          0.000          0.000          0.000       4270.288       8782.690          0.000         662.400          8.359        386.586          0.000
     31/12/1959      1959       2420.724        139.338          3.159          0.000          0.000          0.000          0.000          0.000          0.000       5617.926       8633.080          0.000         654.400         33.015        307.619         88.738
     31/12/1960      1960       2086.714        138.009          3.176          0.000          0.000          0.000          0.000          0.000          0.000       4731.273       8013.711          0.000         450.100          0.458        350.464         48.668
     31/12/1961      1961       2028.760        149.954          3.191          0.000          0.000          0.000          0.000          0.000          0.000       4293.373       6725.682          0.000         745.300         15.707        381.311         68.712
     31/12/1962      1962       2317.697        142.230          2.239          0.000          0.000          0.000          0.000          0.000          0.000       2526.681       5769.784          0.000         871.900         50.841        409.779        387.645
     31/12/1963      1963       2115.228        136.066          2.621          0.000          0.000          0.000          0.000          0.000          0.000       2787.582       6041.818          0.000         577.700          5.514        388.390         64.479
     31/12/1964      1964       2406.177        148.766          3.310          0.000          0.000          0.000          0.000          0.000          0.000       2769.865       5966.348          0.000         650.500          0.293        442.855         29.610
     31/12/1965      1965          0.000          0.000          0.000          0.000          0.000          0.000          0.000          0.000          0.000       2858.513       4160.550          0.000         402.800          0.678        338.296          0.001
     31/12/1966      1966       4760.742        266.163          6.041          0.000          0.000          0.000          0.000          0.000          0.000       1748.154      10610.860          0.000         572.500          4.981        358.336         39.196
     31/12/1967      1967       2181.639        152.831          2.862          0.000          0.000          0.000          0.000          0.000          0.000       6175.141       9035.217          0.000         385.700          4.398        230.445         16.886
     31/12/1968      1968       2156.696        145.032          3.243          0.000          0.000          0.000          0.000          0.000          0.000       4768.307       8881.460          0.000         561.600          3.796        309.655         26.929
     31/12/1969      1969       2550.521        138.483          3.009          0.000          0.000          0.000          0.000          0.000          0.000       4351.432       6805.220          0.000         621.900         13.010        311.448         96.534
     31/12/1970      1970       2086.828        131.304          2.630          0.000          0.000          0.000          0.000          0.000          0.000       2712.018       5528.069          0.000         743.300         11.541        404.749        122.051
     31/12/1971      1971       2563.538        172.898          2.951          0.000          0.000          0.000          0.000          0.000          0.000       1528.925       5275.009          0.000         668.800          8.054        454.159        235.418
     31/12/1972      1972          0.000          0.000          0.000          0.000          0.000          0.000          0.000          0.000          0.000       1705.626       3580.784          0.000         501.100          0.669        435.710          0.001
     31/12/1973      1973       3844.910        203.207          3.655          0.000          0.000          0.000          0.000          0.000          0.000        833.865       5673.048          0.000         727.500         21.168        521.757         91.715
     31/12/1974      1974       1800.250        117.747          2.867          0.000          0.000          0.000          0.000          0.000          0.000       2522.573       5259.142          0.000         509.100          8.945        378.800          0.000
     31/12/1975      1975       2425.828        139.180          2.919          0.000          0.000          0.000          0.000          0.000          0.000       2126.394       5536.521          0.000         692.900          6.952        414.486         10.433
     31/12/1976      1976       2414.725        149.375          3.308          0.000          0.000          0.000          0.000          0.000          0.000       2045.475       6386.483          0.000         817.500         54.034        465.612        212.514
     31/12/1977      1977       1838.368        134.174          2.498          0.000          0.000          0.000          0.000          0.000          0.000       2456.627       5541.118          0.000         614.500          1.864        444.303        102.368
     31/12/1978      1978       2427.034        127.994          3.330          0.000          0.000          0.000          0.000          0.000          0.000       2225.664       6412.279          0.000         799.100          9.802        445.033         46.579
     31/12/1979      1979       1886.514        115.465          2.020          0.000          0.000          0.000          0.000          0.000          0.000       2637.505       4691.305          0.000         488.600          0.011        380.458         63.196
     31/12/1980      1980       1499.742        129.181          2.589          0.000          0.000          0.000          0.000          0.000          0.000       2833.199       5733.413          0.000         387.700          0.000        317.505          0.001
     31/12/1981      1981       2092.756        132.997          2.975          0.000          0.000          0.000          0.000          0.000          0.000       2487.627       5836.073          0.000         664.100         20.262        401.322         31.377
     31/12/1982      1982          0.000          0.000          0.000          0.000          0.000          0.000          0.000          0.000          0.000       1697.716       3927.384          0.000         518.300          2.396        383.018        101.804
     31/12/1983      1983       3491.838        171.501          4.052          0.000          0.000          0.000          0.000          0.000          0.000       1216.722       7355.281          0.000        1019.100         85.416        512.811        237.065
     31/12/1984      1984       1914.274        123.812          2.393          0.000          0.000          0.000          0.000          0.000          0.000       2272.732       5583.477          0.000         798.300         24.132        477.749        256.187
     31/12/1985      1985       2122.314        131.668          3.092          0.000          0.000          0.000          0.000          0.000          0.000       2929.044       6326.060          0.000         568.000          7.801        405.621          0.002
     31/12/1986      1986          0.000          0.000          0.000          0.000          0.000          0.000          0.000          0.000          0.000       1813.126       3833.308          0.000         531.400          0.697        459.203         35.489
     31/12/1987      1987       3804.494        217.592          5.074          0.000          0.000          0.000          0.000          0.000          0.000       1481.897       8828.701          0.000         598.600          6.055        404.157         38.001
     31/12/1988      1988       2242.311        115.680          2.642          0.000          0.000          0.000          0.000          0.000          0.000       2598.125       5555.924          0.000         832.400          6.774        468.284        235.041
     31/12/1989      1989       2137.971        152.514          3.138          0.000          0.000          0.000          0.000          0.000          0.000       2685.207       6631.918          0.000         680.000         33.532        401.871        110.251
     31/12/1990      1990       2048.933        131.692          2.923          0.000          0.000          0.000          0.000          0.000          0.000       2509.911       6170.332          0.000         687.900         27.077        425.479        147.415
     31/12/1991      1991       1968.292        161.338          3.236          0.000          0.000          0.000          0.000          0.000          0.000       3181.873       6940.333          0.000         608.700         20.656        351.222         28.734
     31/12/1992      1992       1755.043        127.421          1.908          0.000          0.000          0.000          0.000          0.000          0.000       2805.310       5429.663          0.000         382.800          0.000        362.119          0.000
     31/12/1993      1993       1285.865         89.618          2.123          0.000          0.000          0.000          0.000          0.000          0.000       2961.057       4171.793          0.000         446.500          0.000        372.618          0.000
     31/12/1994      1994          0.000          0.000          0.000          0.000          0.000          0.000          0.000          0.000          0.000       1133.473       2808.434          0.000         524.300         14.158        356.554          0.000
     31/12/1995      1995       2953.909        186.619          2.908          0.000          0.000          0.000          0.000          0.000          0.000        801.969       4969.424          0.000         608.600         15.038        418.721         31.448
     31/12/1996      1996       2374.010        160.567          2.917          0.000          0.000          0.000          0.000          0.000          0.000       1924.275       6466.009          0.000         961.100         99.577        457.224        238.421
     31/12/1997      1997       1148.034         86.955          1.618          0.000          0.000          0.000          0.000          0.000          0.000       2931.258       4793.409          0.000         747.000         73.499        396.938        116.932
     31/12/1998      1998       2389.482        110.707          3.132          0.000          0.000          0.000          0.000          0.000          0.000       1760.828       5699.825          0.000         891.400         53.273        415.290        292.547
     31/12/1999      1999       2082.912        150.298          2.563          0.000          0.000          0.000          0.000          0.000          0.000       1767.356       5220.573          0.000         848.600         13.020        533.046        200.525
     31/12/2000      2000          0.000          0.000          0.000          0.000          0.000          0.000          0.000          0.000          0.000       1170.466       2996.445          0.000         481.900          2.924        417.214         11.175
     31/12/2001      2001       2770.955        192.164          4.543          0.000          0.000          0.000          0.000          0.000          0.000        868.226       6259.328          0.000         584.800         47.861        440.851         77.119
     31/12/2002      2002          0.000          0.000          0.000          0.000          0.000          0.000          0.000          0.000          0.000       2841.014       3909.008          0.000         469.700          6.394        364.452          0.000
