Summary_file = output\goondiwindi_cd2_200_LongFallow1_deep_AvgWindow.sum
Title = site=goondiwindi; soil=cd2; treatment=LongFallow1; Nrate=200; RootDepth=deep; Sowing = AvgWindow
           date      year      wht_yield         wht_ep     wht_laimax      chk_yield         chk_ep     chk_laimax      sor_yield         sor_ep     sor_laimax    avg_residue    max_residue    min_residue annual_rainfall  annual_runoff      annual_es   annual_drain
             ()    (year)        (kg/ha)           (mm)      (m^2/m^2)        (kg/ha)           (mm)      (m^2/m^2)        (kg/ha)           (mm)      (m^2/m^2)        (kg/ha)        (kg/ha)        (kg/ha)            (mm)           (mm)           (mm)           (mm)
     31/12/1957      1957          0.000          0.000          0.000          0.000          0.000          0.000          0.000          0.000          0.000          2.660          9.845          0.000         453.500          0.606        468.079         21.882
     31/12/1958      1958       2672.479        147.519          3.337          0.000          0.000          0.000          0.000          0.000          0.000        467.067       5236.234          0.000         662.400         18.985        511.875         89.817
     31/12/1959      1959          0.000          0.000          0.000          0.000          0.000          0.000          0.000         49.366          2.796        120.184       1100.653          0.000         654.400         29.146        469.023         31.932
     31/12/1960      1960          0.000          0.000          0.000          0.000          0.000          0.000       2227.486         69.889          2.833        439.252       2628.701          0.000         450.100          0.000        446.110          0.000
     31/12/1961      1961       1443.567         87.419          1.752          0.000          0.000          0.000          0.000          0.000          0.000        105.142       2296.120          0.000         745.300          7.140        524.209          9.398
     31/12/1962      1962          0.000          0.000          0.000          0.000          0.000          0.000          0.000          0.000          0.000         23.932        375.699          0.000         871.900         97.143        520.413        232.929
     31/12/1963      1963          0.000          0.000          0.000          0.000          0.000          0.000       2616.046        119.748          2.657        672.820       2335.174          0.000         577.700          5.629        442.754         36.640
     31/12/1964      1964       4199.530        196.537          4.191          0.000          0.000          0.000          0.000          0.000          0.000        585.874       6062.351          0.000         650.500          2.514        489.722         64.391
     31/12/1965      1965          0.000          0.000          0.000          0.000          0.000          0.000          0.000          3.407          0.150       1335.833       2535.897          0.000         402.800          1.762        347.981          0.000
     31/12/1966      1966          0.000          0.000          0.000          0.000          0.000          0.000        987.618         67.196          2.124        315.544       1737.231          0.000         572.500          6.260        450.611          5.503
     31/12/1967      1967       1960.277        143.890          5.831          0.000          0.000          0.000          0.000          0.000          0.000        906.503       6084.458          0.000         385.700         10.590        289.344         45.959
     31/12/1968      1968          0.000          0.000          0.000          0.000          0.000          0.000          0.000          4.895          0.286        274.432       3070.842          0.000         561.600          6.663        454.652          0.000
     31/12/1969      1969          0.000          0.000          0.000          0.000          0.000          0.000       1451.120         93.457          2.276        440.197       2049.966          0.000         621.900         28.963        441.630         36.617
     31/12/1970      1970       3492.610        157.181          2.981          0.000          0.000          0.000          0.000          0.000          0.000        559.042       5100.331          0.000         743.300         12.918        439.545         91.776
     31/12/1971      1971          0.000          0.000          0.000          0.000          0.000          0.000          0.000         13.720          1.062        132.047       1588.169          0.000         668.800         12.941        526.167        153.609
     31/12/1972      1972          0.000          0.000          0.000          0.000          0.000          0.000       3239.508        124.288          3.124        976.768       3098.323          0.000         501.100          0.361        433.767          0.000
     31/12/1973      1973       2146.058        128.498          3.214          0.000          0.000          0.000          0.000          0.000          0.000        330.662       4037.728          0.000         727.500         18.170        553.186         58.674
     31/12/1974      1974          0.000          0.000          0.000          0.000          0.000          0.000          0.000         66.429          2.254        125.053        749.759          0.000         509.100         20.869        430.509          0.000
     31/12/1975      1975          0.000          0.000          0.000          0.000          0.000          0.000       1687.107         35.157          1.947        221.594       2316.805          0.000         692.900         14.255        497.450         35.636
     31/12/1976      1976          0.000          0.000          0.000          0.000          0.000          0.000          0.000          0.000          0.000          0.558          4.663          0.000         817.500         90.419        555.352        189.762
     31/12/1977      1977          0.000          0.000          0.000          0.000          0.000          0.000        286.746         80.542          2.381          0.000          0.000          0.000         614.500          8.195        483.079        132.764
     31/12/1978      1978          0.000          0.000          0.000          0.000          0.000          0.000       2286.239         28.216          2.042        337.491       2388.795          0.000         799.100         16.193        568.820         88.464
     31/12/1979      1979          0.000          0.000          0.000          0.000          0.000          0.000          0.000          0.000          0.000          1.321          4.944          0.000         488.600          1.911        442.383         64.530
     31/12/1980      1980          0.000          0.000          0.000          0.000          0.000          0.000        127.200         97.786          3.104          0.012          0.051          0.000         387.700          0.664        346.794          2.181
     31/12/1981      1981          0.000          0.000          0.000          0.000          0.000          0.000       3595.169         44.083          2.861        691.762       3196.734          0.000         664.100         23.962        482.459         25.136
     31/12/1982      1982          0.000          0.000          0.000          0.000          0.000          0.000          0.000          0.000          0.000          4.037         31.072          0.000         518.300         10.208        421.366         99.669
     31/12/1983      1983          0.000          0.000          0.000          0.000          0.000          0.000          0.000         95.720          3.184          0.015          0.155          0.000        1019.100         77.564        626.626        286.790
     31/12/1984      1984          0.000          0.000          0.000          0.000          0.000          0.000       4264.012         73.362          3.032       1918.102       4570.673          0.000         798.300         16.297        517.837        120.680
     31/12/1985      1985       2946.774        175.783          6.080          0.000          0.000          0.000          0.000          0.000          0.000        868.304       7799.431          0.000         568.000         11.034        420.778         56.473
     31/12/1986      1986          0.000          0.000          0.000          0.000          0.000          0.000          0.000         47.460          1.831        208.466       1265.957          0.000         531.400          0.770        487.068          0.000
     31/12/1987      1987          0.000          0.000          0.000          0.000          0.000          0.000       2099.927         64.620          2.030        369.855       2453.660          0.000         598.600          0.006        496.542          0.000
     31/12/1988      1988       2247.193        162.246          4.747          0.000          0.000          0.000          0.000          0.000          0.000        490.773       5943.228          0.000         832.400         25.648        540.313        180.585
     31/12/1989      1989          0.000          0.000          0.000          0.000          0.000          0.000          0.000         49.825          2.667        405.953       2566.940          0.000         680.000         47.487        458.684         12.456
     31/12/1990      1990          0.000          0.000          0.000          0.000          0.000          0.000       4103.055        150.254          2.812       1260.906       4777.330          0.000         687.900         15.645        433.168         75.809
     31/12/1991      1991       1378.333        119.012          3.867          0.000          0.000          0.000          0.000          0.000          0.000        458.235       4656.813          0.000         608.700         34.231        405.393        100.056
     31/12/1992      1992          0.000          0.000          0.000          0.000          0.000          0.000          0.000          6.027          0.351        127.778        736.608          0.000         382.800          0.000        387.424          0.000
     31/12/1993      1993          0.000          0.000          0.000          0.000          0.000          0.000        986.245         55.385          1.763        433.510       1534.677          0.000         446.500          0.844        405.245          0.000
     31/12/1994      1994          0.000          0.000          0.000          0.000          0.000          0.000          0.000          0.000          0.000          2.543         14.827          0.000         524.300         32.018        376.587         23.740
     31/12/1995      1995          0.000          0.000          0.000          0.000          0.000          0.000         22.395         95.643          3.011          0.021          0.170          0.000         608.600         21.941        442.440        123.496
     31/12/1996      1996          0.000          0.000          0.000          0.000          0.000          0.000       4615.459        101.082          2.851       2892.710       5253.444          0.000         961.100         87.252        468.499        228.853
     31/12/1997      1997       1915.900        123.168          3.210          0.000          0.000          0.000          0.000          0.000          0.000        828.557       3864.644          0.000         747.000         84.114        433.970        170.762
     31/12/1998      1998          0.000          0.000          0.000          0.000          0.000          0.000         15.473         86.176          2.639         98.770        611.460          0.000         891.400         84.940        566.051        183.941
     31/12/1999      1999          0.000          0.000          0.000          0.000          0.000          0.000       3083.695         58.494          2.481        362.900       3117.767          0.000         848.600         26.362        568.356         85.049
     31/12/2000      2000          0.000          0.000          0.000          0.000          0.000          0.000          0.000          0.000          0.000          1.388          7.637          0.000         481.900          7.386        429.277         69.436
     31/12/2001      2001          0.000          0.000          0.000          0.000          0.000          0.000          0.000         48.252          2.219          0.006          0.044          0.000         584.800         47.851        462.892         76.629
     31/12/2002      2002          0.000          0.000          0.000          0.000          0.000          0.000       1970.730         63.390          2.283        576.919       2300.257          0.000         469.700          9.701        383.028          0.000
