Summary_file = output\goondiwindi_lg1_200_LongFallow1_deep_AvgWindow.sum
Title = site=goondiwindi; soil=lg1; treatment=LongFallow1; Nrate=200; RootDepth=deep; Sowing = AvgWindow
           date      year      wht_yield         wht_ep     wht_laimax      chk_yield         chk_ep     chk_laimax      sor_yield         sor_ep     sor_laimax    avg_residue    max_residue    min_residue annual_rainfall  annual_runoff      annual_es   annual_drain
             ()    (year)        (kg/ha)           (mm)      (m^2/m^2)        (kg/ha)           (mm)      (m^2/m^2)        (kg/ha)           (mm)      (m^2/m^2)        (kg/ha)        (kg/ha)        (kg/ha)            (mm)           (mm)           (mm)           (mm)
     31/12/1957      1957          0.000          0.000          0.000          0.000          0.000          0.000          0.000          0.000          0.000          2.660          9.845          0.000         453.500          1.390        458.739         31.350
     31/12/1958      1958       4780.753        238.924          4.406          0.000          0.000          0.000          0.000          0.000          0.000       1129.839       8095.803          0.000         662.400         27.470        459.583         90.291
     31/12/1959      1959          0.000          0.000          0.000          0.000          0.000          0.000        355.857        131.898          3.228       3986.699       6615.214          0.000         654.400         28.465        397.839         41.364
     31/12/1960      1960          0.000          0.000          0.000          0.000          0.000          0.000       3553.559         60.475          2.942       1239.076       4916.096          0.000         450.100          0.000        442.926          3.586
     31/12/1961      1961       2235.980        129.375          2.291          0.000          0.000          0.000          0.000          0.000          0.000        205.709       3239.354          0.000         745.300          6.229        497.908          0.000
     31/12/1962      1962          0.000          0.000          0.000          0.000          0.000          0.000          0.000          0.000          0.000         38.045        613.083          0.000         871.900        106.651        508.996        168.970
     31/12/1963      1963          0.000          0.000          0.000          0.000          0.000          0.000       4116.923        190.084          3.220       1047.094       3475.494          0.000         577.700          8.901        431.599         12.708
     31/12/1964      1964       6378.548        285.904          6.994          0.000          0.000          0.000          0.000          0.000          0.000       1066.559       8630.122          0.000         650.500          4.365        460.754         33.659
     31/12/1965      1965          0.000          0.000          0.000          0.000          0.000          0.000          0.000          3.407          0.150       2849.691       4947.146          0.000         402.800          1.284        346.454          0.000
     31/12/1966      1966          0.000          0.000          0.000          0.000          0.000          0.000       1589.397         96.719          2.512        433.513       2231.634          0.000         572.500         10.101        440.397          0.000
     31/12/1967      1967       3082.301        210.328          5.723          0.000          0.000          0.000          0.000          0.000          0.000       1183.258       7984.883          0.000         385.700         14.190        284.170          0.000
     31/12/1968      1968          0.000          0.000          0.000          0.000          0.000          0.000          0.000          4.884          0.286        657.411       5327.525          0.000         561.600          8.829        434.919          0.000
     31/12/1969      1969          0.000          0.000          0.000          0.000          0.000          0.000       1970.384        125.002          2.748        601.055       2635.394          0.000         621.900         34.661        431.428          0.000
     31/12/1970      1970       5668.365        260.307          5.235          0.000          0.000          0.000          0.000          0.000          0.000        848.044       8061.719          0.000         743.300         13.403        416.036          0.000
     31/12/1971      1971          0.000          0.000          0.000          0.000          0.000          0.000          0.000        116.544          3.353        316.627       3275.744          0.000         668.800         16.999        485.693        104.451
     31/12/1972      1972          0.000          0.000          0.000          0.000          0.000          0.000       5371.514        118.152          3.249       1959.486       5130.515          0.000         501.100          0.285        424.722          0.004
     31/12/1973      1973       3818.620        203.114          3.654          0.000          0.000          0.000          0.000          0.000          0.000        486.537       5539.508          0.000         727.500         25.820        533.500          0.000
     31/12/1974      1974          0.000          0.000          0.000          0.000          0.000          0.000          0.000         53.102          2.691        194.660       1196.144          0.000         509.100         19.846        428.821          0.000
     31/12/1975      1975          0.000          0.000          0.000          0.000          0.000          0.000       2568.677         87.644          3.067        411.156       3051.904          0.000         692.900         16.207        481.804          0.000
     31/12/1976      1976       5497.149        255.274          7.171          0.000          0.000          0.000          0.000          0.000          0.000       1100.489       8904.851          0.000         817.500        103.685        455.430        119.866
     31/12/1977      1977          0.000          0.000          0.000          0.000          0.000          0.000        513.330        128.228          2.975        936.507       5467.740          0.000         614.500          3.341        455.005          8.184
     31/12/1978      1978          0.000          0.000          0.000          0.000          0.000          0.000       3971.483         50.324          2.668        681.136       3571.676          0.000         799.100         19.391        549.702         36.760
     31/12/1979      1979       4791.964        222.784          4.323          0.000          0.000          0.000          0.000          0.000          0.000        539.227       6368.873          0.000         488.600          2.874        366.962         38.837
     31/12/1980      1980          0.000          0.000          0.000          0.000          0.000          0.000        119.209         94.701          3.024        835.936       2832.163          0.000         387.700          0.049        340.885          0.000
     31/12/1981      1981          0.000          0.000          0.000          0.000          0.000          0.000       3504.702         42.241          2.762        643.503       3067.207          0.000         664.100         28.208        471.001          0.000
     31/12/1982      1982          0.000          0.000          0.000          0.000          0.000          0.000          0.000          0.000          0.000          3.596         27.931          0.000         518.300         16.870        416.447         21.376
     31/12/1983      1983          0.000          0.000          0.000          0.000          0.000          0.000          0.000        132.966          3.482          0.013          0.133          0.000        1019.100        101.116        612.964        260.425
     31/12/1984      1984          0.000          0.000          0.000          0.000          0.000          0.000       5897.925        103.909          3.323       2174.708       5898.146          0.000         798.300         24.953        500.054         77.088
     31/12/1985      1985       5181.810        261.036          7.180          0.000          0.000          0.000          0.000          0.000          0.000       1526.057      10338.866          0.000         568.000         17.177        371.811         55.699
     31/12/1986      1986          0.000          0.000          0.000          0.000          0.000          0.000          0.000        110.371          3.024       1696.670       5665.705          0.000         531.400          1.496        456.595          0.000
     31/12/1987      1987          0.000          0.000          0.000          0.000          0.000          0.000       3668.182         77.315          2.921        926.794       4031.150          0.000         598.600          1.810        480.972          0.000
     31/12/1988      1988       4639.457        254.840          6.509          0.000          0.000          0.000          0.000          0.000          0.000       1128.458       9501.627          0.000         832.400         36.998        508.549        103.259
     31/12/1989      1989          0.000          0.000          0.000          0.000          0.000          0.000          0.000         94.065          3.350       1431.169       4842.981          0.000         680.000         33.441        436.270          0.000
     31/12/1990      1990          0.000          0.000          0.000          0.000          0.000          0.000       5212.859        145.597          3.320        935.790       5058.034          0.000         687.900         27.850        437.524          0.097
     31/12/1991      1991       2668.420        207.377          6.099          0.000          0.000          0.000          0.000          0.000          0.000        652.231       7226.153          0.000         608.700         38.282        392.587        100.806
     31/12/1992      1992          0.000          0.000          0.000          0.000          0.000          0.000          0.000          0.000          0.000        234.256       1357.830          0.000         382.800          0.266        380.608          0.000
     31/12/1993      1993          0.000          0.000          0.000          0.000          0.000          0.000          0.000          0.000          0.000          2.559         10.668          0.000         446.500          6.218        402.358          0.000
     31/12/1994      1994          0.000          0.000          0.000          0.000          0.000          0.000          0.000          0.000          0.000          0.006          0.048          0.000         524.300         42.330        370.994          1.515
     31/12/1995      1995          0.000          0.000          0.000          0.000          0.000          0.000         42.112        134.118          3.453          0.000          0.000          0.000         608.600         29.756        431.939        122.645
     31/12/1996      1996          0.000          0.000          0.000          0.000          0.000          0.000       5982.441        115.364          3.285       3769.869       6246.757          0.000         961.100        129.612        446.055        128.149
     31/12/1997      1997       3557.934        198.511          2.890          0.000          0.000          0.000          0.000          0.000          0.000       1628.623       5574.988          0.000         747.000         87.873        408.386        218.865
     31/12/1998      1998          0.000          0.000          0.000          0.000          0.000          0.000         30.474        131.556          3.289        762.472       2742.801          0.000         891.400         79.091        542.864        143.874
     31/12/1999      1999          0.000          0.000          0.000          0.000          0.000          0.000       4911.440         91.823          3.118        631.272       4473.712          0.000         848.600         25.903        547.449         24.413
     31/12/2000      2000          0.000          0.000          0.000          0.000          0.000          0.000          0.000          0.000          0.000          3.184         16.692          0.000         481.900         13.274        420.611         72.467
     31/12/2001      2001          0.000          0.000          0.000          0.000          0.000          0.000          0.000        119.506          3.369          0.020          0.118          0.000         584.800         54.668        454.818         79.966
     31/12/2002      2002          0.000          0.000          0.000          0.000          0.000          0.000       3772.243         72.083          3.229        921.211       3586.599          0.000         469.700          7.610        377.594          0.001
