Summary_file = output\goondiwindi_cd2_200_oc2_deep_AvgWindow.sum
Title = site=goondiwindi; soil=cd2; treatment=oc2; Nrate=200; RootDepth=deep; Sowing = AvgWindow
           date      year      wht_yield         wht_ep     wht_laimax      chk_yield         chk_ep     chk_laimax      sor_yield         sor_ep     sor_laimax    avg_residue    max_residue    min_residue annual_rainfall  annual_runoff      annual_es   annual_drain
             ()    (year)        (kg/ha)           (mm)      (m^2/m^2)        (kg/ha)           (mm)      (m^2/m^2)        (kg/ha)           (mm)      (m^2/m^2)        (kg/ha)        (kg/ha)        (kg/ha)            (mm)           (mm)           (mm)           (mm)
     31/12/1957      1957          0.000          0.000          0.000          0.000          0.000          0.000       2648.215        134.791          3.017        689.691       3300.344          0.000         453.500          0.040        446.637          5.707
     31/12/1958      1958       2586.279        144.228          3.325          0.000          0.000          0.000          0.000          0.000          0.000        476.984       5220.511          0.000         662.400         16.605        512.490          0.000
     31/12/1959      1959          0.000          0.000          0.000       1316.862        106.921          2.064          0.000         38.902          2.276        325.707       2187.550          0.000         654.400         26.017        457.471          0.000
     31/12/1960      1960          0.000          0.000          0.000          0.000          0.000          0.000       1400.879         35.355          2.039        280.623       1682.051          0.000         450.100          0.000        446.909          0.000
     31/12/1961      1961       1207.139         78.678          1.711          0.000          0.000          0.000          0.000         16.890          1.099         84.112       2155.943          0.000         745.300          7.378        526.317          0.000
     31/12/1962      1962          0.000          0.000          0.000       1390.932        139.429          2.098       4781.674        158.180          3.663       1697.809       4390.229          0.000         871.900         42.584        432.301        169.778
     31/12/1963      1963       1364.902        106.123          4.102          0.000          0.000          0.000          0.000          0.000          0.000        650.206       4626.533          0.000         577.700         16.448        455.361          0.000
     31/12/1964      1964          0.000          0.000          0.000       2121.063        170.477          2.301          0.000          0.000          0.000        457.833       3088.586          0.000         650.500          1.394        512.974          0.000
     31/12/1965      1965          0.000          0.000          0.000          0.000          0.000          0.000          0.000          0.000          0.000        348.911        917.042          0.000         402.800          1.497        346.942          0.000
     31/12/1966      1966       3239.175        204.724          6.143          0.000          0.000          0.000          0.000          0.000          0.000        951.930       8596.798          0.000         572.500          0.733        378.453          0.000
     31/12/1967      1967          0.000          0.000          0.000       1016.566        112.159          1.787          0.000          0.000          0.000       2309.937       5628.489          0.000         385.700          4.619        311.859          0.000
     31/12/1968      1968       1161.919         84.895          3.199          0.000          0.000          0.000          0.000          0.000          0.000        682.641       4317.407          0.000         561.600          2.195        420.003          0.000
     31/12/1969      1969          0.000          0.000          0.000       1770.004        149.828          2.722          0.000         46.343          2.470        757.971       2990.523          0.000         621.900         11.522        404.597          0.000
     31/12/1970      1970          0.000          0.000          0.000          0.000          0.000          0.000       3059.368        164.741          3.359        708.544       2843.263          0.000         743.300         23.906        441.462         15.911
     31/12/1971      1971       2573.862        163.159          3.524          0.000          0.000          0.000       5277.584        139.084          3.333       1674.919       4925.830          0.000         668.800          9.961        428.869         56.961
     31/12/1972      1972          0.000          0.000          0.000          0.000          0.000          0.000          0.000         45.381          1.750        188.051       1277.789          0.000         501.100          1.621        447.286          0.000
     31/12/1973      1973       2149.100        128.673          3.218          0.000          0.000          0.000       1989.789         65.967          1.908        514.180       4038.562          0.000         727.500          2.182        528.684          5.017
     31/12/1974      1974          0.000          0.000          0.000          0.000          0.000          0.000          0.000         30.050          1.868        101.824        600.707          0.000         509.100         21.396        434.660          0.000
     31/12/1975      1975       2688.026        140.898          4.063          0.000          0.000          0.000       1775.147         70.408          2.771        715.942       5152.899          0.000         692.900          5.783        433.163          3.509
     31/12/1976      1976          0.000          0.000          0.000       1786.250        131.382          1.882       5528.070        191.398          3.487       1812.542       5325.304          0.000         817.500         56.120        445.371         70.155
     31/12/1977      1977       1511.482        120.059          4.191          0.000          0.000          0.000          0.000          0.000          0.000        594.183       4841.945          0.000         614.500          6.879        482.450         36.076
     31/12/1978      1978          0.000          0.000          0.000       2222.133        158.036          2.694          0.000          0.000          0.000        368.081       3250.581          0.000         799.100         12.124        536.374         13.166
     31/12/1979      1979          0.000          0.000          0.000          0.000          0.000          0.000         69.555         89.399          2.213        143.954        614.804          0.000         488.600          1.606        442.349          0.518
     31/12/1980      1980          0.000          0.000          0.000          0.000          0.000          0.000       2068.344         27.069          2.013        429.811       1998.500          0.000         387.700          0.000        354.741          0.000
     31/12/1981      1981       2518.731        160.655          6.942          0.000          0.000          0.000          0.000          0.000          0.000        755.365       7553.098          0.000         664.100         27.465        435.497          0.000
     31/12/1982      1982          0.000          0.000          0.000          0.000          0.000          0.000       2459.190        114.399          2.235        950.269       3193.912          0.000         518.300          1.429        379.124          0.000
     31/12/1983      1983       3856.563        194.916          5.454          0.000          0.000          0.000       2718.091        141.976          2.441        938.785       8117.946          0.000        1019.100         64.354        504.599        109.636
     31/12/1984      1984          0.000          0.000          0.000       1461.595        139.905          2.299       4612.668        166.813          3.365       1608.561       5361.085          0.000         798.300         19.725        477.650         70.831
     31/12/1985      1985       1782.892        117.626          4.322          0.000          0.000          0.000          0.000          0.000          0.000        811.578       5326.949          0.000         568.000         15.627        440.711          0.000
     31/12/1986      1986          0.000          0.000          0.000        745.943         84.665          1.425          0.000          0.000          0.000        246.862       1543.587          0.000         531.400          0.273        468.477          0.000
     31/12/1987      1987          0.000          0.000          0.000          0.000          0.000          0.000          0.000          7.625          0.693         98.092       1033.956          0.000         598.600          0.803        504.145          0.000
     31/12/1988      1988       2866.937        175.819          4.304          0.000          0.000          0.000       3336.690        132.291          2.625       1248.923       7208.182          0.000         832.400         10.251        469.195        136.155
     31/12/1989      1989          0.000          0.000          0.000       1091.979        110.133          1.966          0.000          0.000          0.000        524.542       2424.024          0.000         680.000         47.849        463.171          9.524
     31/12/1990      1990       2455.481        136.487          5.528          0.000          0.000          0.000          0.000          0.000          0.000        884.484       6545.835          0.000         687.900         49.783        470.628         80.852
     31/12/1991      1991          0.000          0.000          0.000        809.096        104.937          1.785          0.000          0.000          0.000        447.232       3154.197          0.000         608.700         32.593        404.954          0.000
     31/12/1992      1992          0.000          0.000          0.000          0.000          0.000          0.000          0.000          0.000          0.000         51.220        284.046          0.000         382.800          0.000        387.718          0.000
     31/12/1993      1993       1539.044        108.362          3.646          0.000          0.000          0.000          0.000          0.000          0.000        299.737       4004.487          0.000         446.500          4.064        378.969          0.000
     31/12/1994      1994          0.000          0.000          0.000          0.000          0.000          0.000          0.000         43.497          2.099        213.031       1363.234          0.000         524.300         18.401        371.402          5.368
     31/12/1995      1995       1104.973         77.818          1.496          0.000          0.000          0.000       3892.127        155.135          2.609       1980.151       4642.130          0.000         608.600          4.390        403.603          0.000
     31/12/1996      1996          0.000          0.000          0.000       1376.528        125.714          2.061       5254.120        191.714          3.465       1782.787       5485.636          0.000         961.100         78.273        454.908        129.137
     31/12/1997      1997       1776.194        123.659          3.739          0.000          0.000          0.000          0.000          0.000          0.000        475.421       4393.106          0.000         747.000        103.673        435.818         56.099
     31/12/1998      1998          0.000          0.000          0.000       2072.300        157.374          3.029          0.000         62.592          2.357        374.494       3040.147          0.000         891.400         63.246        503.708        152.248
     31/12/1999      1999       1794.208        131.832          3.030          0.000          0.000          0.000       2364.344         61.885          2.179        666.990       4210.330          0.000         848.600         12.771        546.653         30.888
     31/12/2000      2000          0.000          0.000          0.000          0.000          0.000          0.000       2964.157        124.277          2.338        842.192       2989.257          0.000         481.900          0.000        410.096          0.000
     31/12/2001      2001       1671.268        125.366          4.056          0.000          0.000          0.000          0.000          0.000          0.000        365.641       4790.010          0.000         584.800         43.421        458.354          0.000
     31/12/2002      2002          0.000          0.000          0.000          0.000          0.000          0.000          0.000          0.000          0.000        146.060        669.543          0.000         469.700         12.244        388.949          0.000
