Summary_file = output\warialda_cd2_50_s1_deep_AvgWindow.sum
Title = site=warialda; soil=cd2; treatment=s1; Nrate=50; RootDepth=deep; Sowing = AvgWindow
           date      year      wht_yield         wht_ep     wht_laimax      chk_yield         chk_ep     chk_laimax      sor_yield         sor_ep     sor_laimax    avg_residue    max_residue    min_residue annual_rainfall  annual_runoff      annual_es   annual_drain
             ()    (year)        (kg/ha)           (mm)      (m^2/m^2)        (kg/ha)           (mm)      (m^2/m^2)        (kg/ha)           (mm)      (m^2/m^2)        (kg/ha)        (kg/ha)        (kg/ha)            (mm)           (mm)           (mm)           (mm)
     31/12/1957      1957          0.000          0.000          0.000          0.000          0.000          0.000       3142.780        144.446          2.788       1443.687       3251.472          0.000         433.800          1.253        404.524         28.140
     31/12/1958      1958          0.000          0.000          0.000          0.000          0.000          0.000          0.000         46.698          2.723        619.726       1949.070          0.000         761.600         18.091        573.504          2.144
     31/12/1959      1959          0.000          0.000          0.000          0.000          0.000          0.000       4770.781        280.810          3.506       2712.599       5075.392          0.000         916.800         22.374        514.781         86.729
     31/12/1960      1960          0.000          0.000          0.000          0.000          0.000          0.000       5021.590        198.288          3.433       3354.203       5002.680          0.000         567.000          0.396        432.087         12.627
     31/12/1961      1961          0.000          0.000          0.000          0.000          0.000          0.000       3137.397         99.509          3.213       1875.224       3991.802          0.000         650.900          3.642        508.184          0.000
     31/12/1962      1962          0.000          0.000          0.000          0.000          0.000          0.000       4940.308        176.526          3.575       1648.416       5114.741          0.000         803.000         14.757        505.566         78.183
     31/12/1963      1963          0.000          0.000          0.000          0.000          0.000          0.000       3081.610        182.034          2.888        990.136       3429.944          0.000         722.000          6.209        494.075         60.354
     31/12/1964      1964          0.000          0.000          0.000          0.000          0.000          0.000       3297.604        204.930          2.680        707.669       3240.233          0.000         709.000         12.588        524.154         16.857
     31/12/1965      1965          0.000          0.000          0.000          0.000          0.000          0.000       2079.462         52.089          2.450        887.984       2662.177          0.000         355.900          0.024        338.084          0.000
     31/12/1966      1966          0.000          0.000          0.000          0.000          0.000          0.000          0.000         53.488          2.407         25.843         86.742          0.000         547.400          6.792        459.269          0.000
     31/12/1967      1967          0.000          0.000          0.000          0.000          0.000          0.000       1605.310         51.889          2.613        250.308       2485.496          0.000         455.200          3.800        365.555          0.000
     31/12/1968      1968          0.000          0.000          0.000          0.000          0.000          0.000       3583.552        159.636          3.014        712.073       3531.178          0.000         638.100         22.624        490.950          0.000
     31/12/1969      1969          0.000          0.000          0.000          0.000          0.000          0.000       1694.962        118.506          2.366        340.725       1872.078          0.000         687.900         22.388        548.404          0.000
     31/12/1970      1970          0.000          0.000          0.000          0.000          0.000          0.000       1507.747        116.572          3.297        541.229       2424.445          0.000         894.100         60.069        480.857        116.081
     31/12/1971      1971          0.000          0.000          0.000          0.000          0.000          0.000       4812.684        185.525          3.592       3502.786       5771.002          0.000         894.099         41.303        376.426        328.947
     31/12/1972      1972          0.000          0.000          0.000          0.000          0.000          0.000       3116.623        184.034          3.076       1178.526       3383.080          0.000         552.200          0.677        466.367          0.000
     31/12/1973      1973          0.000          0.000          0.000          0.000          0.000          0.000       1841.432        129.350          2.969        849.223       2907.519          0.000         816.400         53.459        520.967         12.932
     31/12/1974      1974          0.000          0.000          0.000          0.000          0.000          0.000       4209.120        176.007          3.606       1980.693       4273.247          0.000         610.200         27.745        406.978         66.281
     31/12/1975      1975          0.000          0.000          0.000          0.000          0.000          0.000       2042.683        199.410          2.936        618.446       3558.948          0.000        1036.400         49.993        522.128        211.948
     31/12/1976      1976          0.000          0.000          0.000          0.000          0.000          0.000       4014.971        186.774          2.665       2288.802       4941.119          0.000         817.900        121.384        473.626        113.499
     31/12/1977      1977          0.000          0.000          0.000          0.000          0.000          0.000       2596.342         55.320          2.409        327.184       2976.393          0.000         676.600         29.187        440.825         86.743
     31/12/1978      1978          0.000          0.000          0.000          0.000          0.000          0.000       3723.528        224.228          3.274        954.335       3677.018          0.000         858.400         17.002        547.333        101.496
     31/12/1979      1979          0.000          0.000          0.000          0.000          0.000          0.000       3186.539        167.125          3.312        878.204       3627.271          0.000         620.300         12.551        423.001         58.261
     31/12/1980      1980          0.000          0.000          0.000          0.000          0.000          0.000       2386.678        119.237          2.779        668.118       2409.186          0.000         533.200          0.602        372.670          0.000
     31/12/1981      1981          0.000          0.000          0.000          0.000          0.000          0.000       3122.903        164.498          2.774        797.073       3834.264          0.000         668.200         17.572        486.022          0.000
     31/12/1982      1982          0.000          0.000          0.000          0.000          0.000          0.000       3232.932         72.794          2.714        561.871       3348.962          0.000         525.900          4.043        367.028         21.981
     31/12/1983      1983          0.000          0.000          0.000          0.000          0.000          0.000       2386.588        189.589          2.794        240.039       2528.595          0.000         957.300         41.391        653.091        136.579
     31/12/1984      1984          0.000          0.000          0.000          0.000          0.000          0.000       4126.043        165.277          2.843       1669.288       4534.920          0.000         832.400         13.210        492.014        169.808
     31/12/1985      1985          0.000          0.000          0.000          0.000          0.000          0.000       2150.079        143.286          3.138        734.375       3134.350          0.000         651.600          5.430        494.181          0.000
     31/12/1986      1986          0.000          0.000          0.000          0.000          0.000          0.000       3570.167         76.269          3.086       1331.494       3533.761          0.000         474.300          0.197        419.672          0.000
     31/12/1987      1987          0.000          0.000          0.000          0.000          0.000          0.000       1943.333        106.232          2.182        609.215       3124.622          0.000         692.700          0.028        577.667          0.000
     31/12/1988      1988          0.000          0.000          0.000          0.000          0.000          0.000          0.000         25.940          1.852          6.225         44.572          0.000         859.700         34.835        576.194        171.174
     31/12/1989      1989          0.000          0.000          0.000          0.000          0.000          0.000       3069.532        165.410          3.188        284.599       2939.012          0.000         745.200         20.008        555.765         36.025
     31/12/1990      1990          0.000          0.000          0.000          0.000          0.000          0.000       2796.274         81.377          2.856        643.034       3589.411          0.000         533.100          2.721        442.050          0.000
     31/12/1991      1991          0.000          0.000          0.000          0.000          0.000          0.000       3556.265        161.043          3.166       1300.339       3416.677          0.000         743.500         25.005        434.633        104.753
     31/12/1992      1992          0.000          0.000          0.000          0.000          0.000          0.000       3275.203        134.037          2.854        962.079       3266.159          0.000         575.600          0.122        529.150          0.000
     31/12/1993      1993          0.000          0.000          0.000          0.000          0.000          0.000          0.000          2.055          0.111         20.031        124.529          0.000         582.300          2.554        497.781          0.000
     31/12/1994      1994          0.000          0.000          0.000          0.000          0.000          0.000       3124.095        156.478          2.405       2576.680       4468.840          0.000         428.100          2.956        318.622          0.000
     31/12/1995      1995          0.000          0.000          0.000          0.000          0.000          0.000          0.000         98.892          3.398       1184.722       3033.668          0.000         802.200         28.630        495.523        140.335
     31/12/1996      1996          0.000          0.000          0.000          0.000          0.000          0.000       5453.334        211.109          3.347       3507.448       6555.515          0.000         785.800         17.904        479.599         79.802
     31/12/1997      1997          0.000          0.000          0.000          0.000          0.000          0.000       3718.929        163.812          3.021       1969.665       4235.770          0.000         676.200          7.574        461.368          0.000
     31/12/1998      1998          0.000          0.000          0.000          0.000          0.000          0.000       3050.874        200.922          3.178       1262.063       4160.788          0.000         911.900         32.897        594.349        146.383
     31/12/1999      1999          0.000          0.000          0.000          0.000          0.000          0.000       3105.601        141.239          3.472       1047.440       3736.943          0.000         872.000         12.801        572.178        113.574
     31/12/2000      2000          0.000          0.000          0.000          0.000          0.000          0.000       4038.910        205.343          3.578       1525.334       4460.028          0.000         821.000         47.644        456.397        112.884
     31/12/2001      2001          0.000          0.000          0.000          0.000          0.000          0.000       3430.331        133.074          3.007       1343.464       4054.831          0.000        1034.800        103.516        522.554        283.641
     31/12/2002      2002          0.000          0.000          0.000          0.000          0.000          0.000       2779.471        159.429          2.779        898.004       2904.053          0.000         469.300          7.484        334.872          0.000
