Summary_file = output\warialda_cd2_50_w3_deep_AvgWindow.sum
Title = site=warialda; soil=cd2; treatment=w3; Nrate=50; RootDepth=deep; Sowing = AvgWindow
           date      year      wht_yield         wht_ep     wht_laimax      chk_yield         chk_ep     chk_laimax      sor_yield         sor_ep     sor_laimax    avg_residue    max_residue    min_residue annual_rainfall  annual_runoff      annual_es   annual_drain
             ()    (year)        (kg/ha)           (mm)      (m^2/m^2)        (kg/ha)           (mm)      (m^2/m^2)        (kg/ha)           (mm)      (m^2/m^2)        (kg/ha)        (kg/ha)        (kg/ha)            (mm)           (mm)           (mm)           (mm)
     31/12/1957      1957       1187.948        107.737          2.624          0.000          0.000          0.000          0.000          0.000          0.000        359.441       3215.909          0.000         433.800          1.250        426.914         34.046
     31/12/1958      1958          0.000          0.000          0.000       2328.571        186.937          2.856          0.000          0.000          0.000       1603.315       3602.202          0.000         761.600         13.539        513.966          7.449
     31/12/1959      1959       2134.962        133.867          3.637          0.000          0.000          0.000          0.000          0.000          0.000        780.521       4799.334          0.000         916.800         28.786        579.700         75.051
     31/12/1960      1960          0.000          0.000          0.000       1670.827        184.967          1.833          0.000          0.000          0.000       2583.047       4061.251          0.000         567.000          0.285        411.219         86.640
     31/12/1961      1961       1529.135        124.389          3.401          0.000          0.000          0.000          0.000          0.000          0.000       1382.725       4124.417          0.000         650.900          6.252        465.471          0.000
     31/12/1962      1962          0.000          0.000          0.000       1391.704        141.458          2.213          0.000          0.000          0.000        886.018       2734.099          0.000         803.000          9.579        540.674        139.439
     31/12/1963      1963       1514.972        109.288          2.660          0.000          0.000          0.000          0.000          0.000          0.000        490.046       3825.657          0.000         722.000          4.326        523.831         11.647
     31/12/1964      1964          0.000          0.000          0.000       2484.712        181.730          2.528          0.000          0.000          0.000       1247.484       3136.358          0.000         709.000         14.722        474.451        147.981
     31/12/1965      1965          0.000          0.000          0.000          0.000          0.000          0.000          0.000          0.000          0.000        770.602       1464.422          0.000         355.900          0.698        336.941          0.000
     31/12/1966      1966       2815.766        170.118          4.991          0.000          0.000          0.000          0.000          0.000          0.000        583.451       6234.419          0.000         547.400          0.497        369.239          0.000
     31/12/1967      1967          0.000          0.000          0.000       1087.114        127.642          1.597          0.000          0.000          0.000       3809.041       5084.761          0.000         455.200          3.617        316.141         43.686
     31/12/1968      1968       2061.057        150.151          3.639          0.000          0.000          0.000          0.000          0.000          0.000       1692.979       5760.230          0.000         638.100          8.500        452.156         13.529
     31/12/1969      1969          0.000          0.000          0.000       1732.489        144.163          2.478          0.000          0.000          0.000       2008.564       4391.462          0.000         687.900          8.371        474.509          0.000
     31/12/1970      1970          0.000          0.000          0.000          0.000          0.000          0.000          0.000          0.000          0.000        107.705       1157.356          0.000         894.100         75.888        540.998        198.309
     31/12/1971      1971       1898.865        136.204          2.978          0.000          0.000          0.000          0.000          0.000          0.000        227.854       3702.457          0.000         894.099         69.830        485.771        343.043
     31/12/1972      1972          0.000          0.000          0.000          0.000          0.000          0.000          0.000          0.000          0.000        447.459       2648.530          0.000         552.200          1.007        497.216          0.000
     31/12/1973      1973       3311.458        184.640          2.885          0.000          0.000          0.000          0.000          0.000          0.000        350.439       4637.390          0.000         816.400         29.390        503.949         33.532
     31/12/1974      1974          0.000          0.000          0.000       1428.639        168.988          1.697          0.000          0.000          0.000        824.734       2769.671          0.000         610.200         28.587        417.650        121.421
     31/12/1975      1975       3169.966        148.909          3.245          0.000          0.000          0.000          0.000          0.000          0.000        586.361       4355.726          0.000        1036.400         70.809        533.850        145.397
     31/12/1976      1976          0.000          0.000          0.000       1910.467        174.201          2.675          0.000          0.000          0.000       2031.391       3628.796          0.000         817.900         73.689        438.293        278.945
     31/12/1977      1977       1249.873         97.229          1.710          0.000          0.000          0.000          0.000          0.000          0.000        985.625       3443.972          0.000         676.600         39.373        456.275         81.543
     31/12/1978      1978          0.000          0.000          0.000       2110.259        150.963          2.398          0.000          0.000          0.000        796.722       3090.600          0.000         858.400         10.625        570.305         80.563
     31/12/1979      1979       2475.286        131.892          2.380          0.000          0.000          0.000          0.000          0.000          0.000        745.509       3803.734          0.000         620.300         23.607        406.516         54.434
     31/12/1980      1980          0.000          0.000          0.000        838.934        115.582          1.657          0.000          0.000          0.000       2058.435       3781.006          0.000         533.200          0.783        383.676         17.545
     31/12/1981      1981       2243.319        141.619          3.534          0.000          0.000          0.000          0.000          0.000          0.000        791.672       4832.988          0.000         668.200         23.319        476.328         31.210
     31/12/1982      1982          0.000          0.000          0.000          0.000          0.000          0.000          0.000          0.000          0.000       1291.576       3197.244          0.000         525.900          2.884        366.469         94.347
     31/12/1983      1983       3360.913        180.892          4.214          0.000          0.000          0.000          0.000          0.000          0.000        999.014       6822.217          0.000         957.300         47.468        485.159        233.494
     31/12/1984      1984          0.000          0.000          0.000       1615.577        183.003          2.096          0.000          0.000          0.000       2626.932       5158.237          0.000         832.400         15.375        460.388        284.473
     31/12/1985      1985       1649.542        111.322          2.619          0.000          0.000          0.000          0.000          0.000          0.000       1612.486       3780.100          0.000         651.600          1.628        464.790          0.000
     31/12/1986      1986          0.000          0.000          0.000       1645.190        154.660          2.178          0.000          0.000          0.000       1787.463       3081.686          0.000         474.300          0.107        404.544         11.391
     31/12/1987      1987       1652.774        102.352          3.157          0.000          0.000          0.000          0.000          0.000          0.000        568.707       3501.812          0.000         692.700          0.030        568.970          0.000
     31/12/1988      1988          0.000          0.000          0.000       1823.806        166.542          2.901          0.000          0.000          0.000        951.869       3084.136          0.000         859.700         12.464        527.270        159.363
     31/12/1989      1989       1748.324        133.042          3.665          0.000          0.000          0.000          0.000          0.000          0.000        637.296       4958.016          0.000         745.200         18.443        492.252          9.435
     31/12/1990      1990          0.000          0.000          0.000       1185.380        118.964          2.051          0.000          0.000          0.000       1550.278       3442.445          0.000         533.100          1.199        438.204        105.690
     31/12/1991      1991       1649.406        121.878          3.448          0.000          0.000          0.000          0.000          0.000          0.000        849.733       4362.394          0.000         743.500         33.744        447.643         78.943
     31/12/1992      1992          0.000          0.000          0.000       1288.000        111.313          1.951          0.000          0.000          0.000       1474.569       3176.591          0.000         575.600          0.000        507.391          0.000
     31/12/1993      1993       1162.118         90.740          2.872          0.000          0.000          0.000          0.000          0.000          0.000        334.437       3441.076          0.000         582.300          0.000        454.712          0.000
     31/12/1994      1994          0.000          0.000          0.000          0.000          0.000          0.000          0.000          0.000          0.000        946.877       2524.155          0.000         428.100          6.040        358.204         15.439
     31/12/1995      1995       1848.156        125.558          1.883          0.000          0.000          0.000          0.000          0.000          0.000        448.704       3627.161          0.000         802.200         19.836        486.336        127.389
     31/12/1996      1996          0.000          0.000          0.000          0.000          0.000          0.000          0.000          0.000          0.000        443.256       1919.457          0.000         785.800         17.653        572.538        201.322
     31/12/1997      1997       2846.293        154.234          3.948          0.000          0.000          0.000          0.000          0.000          0.000        593.461       4398.562          0.000         676.200         19.794        457.917         71.796
     31/12/1998      1998          0.000          0.000          0.000       2416.086        178.986          2.680          0.000          0.000          0.000       1544.002       3249.261          0.000         911.900         27.445        535.750        217.721
     31/12/1999      1999       2248.658        135.536          2.166          0.000          0.000          0.000          0.000          0.000          0.000        593.818       4298.027          0.000         872.000         21.150        543.850         83.917
     31/12/2000      2000          0.000          0.000          0.000          0.000          0.000          0.000          0.000          0.000          0.000       1074.567       2711.242          0.000         821.000         55.279        492.721        278.163
     31/12/2001      2001       2454.619        155.499          3.555          0.000          0.000          0.000          0.000          0.000          0.000        673.566       5003.409          0.000        1034.800        144.471        487.355        252.178
     31/12/2002      2002          0.000          0.000          0.000          0.000          0.000          0.000          0.000          0.000          0.000       2924.692       3672.881          0.000         469.300          6.546        355.842         90.814
