Summary_file = output\warialda_lg1_200_oc2_deep_AvgWindow.sum
Title = site=warialda; soil=lg1; treatment=oc2; Nrate=200; RootDepth=deep; Sowing = AvgWindow
           date      year      wht_yield         wht_ep     wht_laimax      chk_yield         chk_ep     chk_laimax      sor_yield         sor_ep     sor_laimax    avg_residue    max_residue    min_residue annual_rainfall  annual_runoff      annual_es   annual_drain
             ()    (year)        (kg/ha)           (mm)      (m^2/m^2)        (kg/ha)           (mm)      (m^2/m^2)        (kg/ha)           (mm)      (m^2/m^2)        (kg/ha)        (kg/ha)        (kg/ha)            (mm)           (mm)           (mm)           (mm)
     31/12/1957      1957          0.000          0.000          0.000          0.000          0.000          0.000       4930.767        225.893          3.372       2096.557       4953.212          0.000         433.800          2.424        391.393         33.799
     31/12/1958      1958       4842.131        233.966          5.126          0.000          0.000          0.000          0.000          0.000          0.000       1291.817       7962.067          0.000         761.600         26.435        453.389          0.000
     31/12/1959      1959          0.000          0.000          0.000       2793.849        228.211          3.102          0.000          2.056          0.139       2646.991       6995.465          0.000         916.800         24.252        497.634         52.662
     31/12/1960      1960          0.000          0.000          0.000          0.000          0.000          0.000       4522.208        208.301          3.525       1532.060       4381.694          0.000         567.000          1.101        464.499          0.000
     31/12/1961      1961       2511.827        193.695          8.057          0.000          0.000          0.000          0.000          0.000          0.000        501.060       7507.934          0.000         650.900         12.650        442.791          0.000
     31/12/1962      1962          0.000          0.000          0.000          0.000          0.000          0.000       5116.609        224.655          3.477       2533.749       6132.361          0.000         803.000         27.191        504.354          0.000
     31/12/1963      1963       1319.326        105.365          4.002          0.000          0.000          0.000       3526.905        175.660          2.973       1456.766       4676.627          0.000         722.000          1.668        449.949          0.000
     31/12/1964      1964          0.000          0.000          0.000       2786.164        199.337          2.874       4058.509        197.001          3.404       1490.230       4231.682          0.000         709.000          4.673        428.073          0.000
     31/12/1965      1965          0.000          0.000          0.000          0.000          0.000          0.000          0.000          0.000          0.000        274.438       1510.293          0.000         355.900          0.716        336.811          0.000
     31/12/1966      1966          0.000          0.000          0.000          0.000          0.000          0.000          0.000         64.512          2.820          3.415         12.456          0.000         547.400         10.977        450.544          0.000
     31/12/1967      1967       1679.698        125.063          5.080          0.000          0.000          0.000       2120.137         70.078          3.101       1057.887       4944.150          0.000         455.200          5.312        323.084          0.000
     31/12/1968      1968          0.000          0.000          0.000       1476.721        134.788          2.200          0.000          0.000          0.000        620.416       4320.844          0.000         638.100         15.409        489.570          0.000
     31/12/1969      1969          0.000          0.000          0.000          0.000          0.000          0.000          0.000         37.969          2.130        115.017       1226.951          0.000         687.900         17.068        543.061          0.000
     31/12/1970      1970          0.000          0.000          0.000          0.000          0.000          0.000       3286.048        231.505          3.640       1092.558       3639.440          0.000         894.100         53.978        447.886          0.000
     31/12/1971      1971       3763.862        236.818          4.920          0.000          0.000          0.000       5830.979        175.015          3.602       3298.216       6402.600          0.000         894.099         70.065        339.948        233.417
     31/12/1972      1972          0.000          0.000          0.000          0.000          0.000          0.000          0.000          0.000          0.000        720.621       3949.782          0.000         552.200          1.485        487.952          0.000
     31/12/1973      1973       4955.536        248.980          4.316          0.000          0.000          0.000          0.000          0.000          0.000        482.736       6646.989          0.000         816.400         43.573        471.163          0.000
     31/12/1974      1974          0.000          0.000          0.000          0.000          0.000          0.000       3896.859        218.814          3.075       1549.191       4129.829          0.000         610.200         35.410        422.006         35.604
     31/12/1975      1975       5437.023        263.661          5.275          0.000          0.000          0.000          0.000          0.000          0.000        740.698       8169.956          0.000        1036.400         96.130        490.563         72.010
     31/12/1976      1976          0.000          0.000          0.000          0.000          0.000          0.000       5596.281        221.691          3.812       2709.396       6610.691          0.000         817.900        112.113        449.903        102.259
     31/12/1977      1977       2903.262        213.772          5.249          0.000          0.000          0.000          0.000          0.000          0.000        748.232       7154.272          0.000         676.600         65.296        446.299         69.146
     31/12/1978      1978          0.000          0.000          0.000       2679.172        193.804          2.887          0.000          0.000          0.000        579.061       3630.534          0.000         858.400         19.006        564.231          0.000
     31/12/1979      1979       4881.410        236.144          4.582          0.000          0.000          0.000          0.000          0.000          0.000       1122.436       6690.569          0.000         620.300         34.006        371.157          0.000
     31/12/1980      1980          0.000          0.000          0.000       1190.538        150.507          2.105          0.000          0.000          0.000       1448.803       6079.447          0.000         533.200          2.100        377.469          0.000
     31/12/1981      1981       3923.613        222.397          8.191          0.000          0.000          0.000          0.000          0.000          0.000        765.912       8282.203          0.000         668.200         32.115        442.783          0.000
     31/12/1982      1982          0.000          0.000          0.000          0.000          0.000          0.000          0.000        109.419          2.794        321.256       2831.257          0.000         525.900         16.191        368.902          0.000
     31/12/1983      1983       8032.028        310.083          7.904          0.000          0.000          0.000       4272.448        120.268          2.648       1840.265      10707.489          0.000         957.300         45.846        420.479          0.000
     31/12/1984      1984          0.000          0.000          0.000       2252.223        260.261          3.144       6097.276        225.056          4.027       3568.379       8231.353          0.000         832.400         30.381        366.738         17.206
     31/12/1985      1985       2682.266        158.144          3.951          0.000          0.000          0.000          0.000          0.000          0.000        976.535       4988.706          0.000         651.600          6.448        442.610          0.000
     31/12/1986      1986          0.000          0.000          0.000       1739.652        164.134          2.157          0.000          0.000          0.000        435.256       2731.470          0.000         474.300          2.069        414.234          0.000
     31/12/1987      1987          0.000          0.000          0.000          0.000          0.000          0.000          0.000          0.000          0.000        185.594       2260.236          0.000         692.700          0.476        613.072          0.000
     31/12/1988      1988       5696.111        295.599          7.675          0.000          0.000          0.000          0.000          0.000          0.000       1334.681      11051.559          0.000         859.700         43.768        455.037         62.531
     31/12/1989      1989          0.000          0.000          0.000       2050.080        195.347          2.314          0.000          0.000          0.000        797.563       4375.829          0.000         745.200         22.279        517.920          0.000
     31/12/1990      1990       3660.885        220.761          7.926          0.000          0.000          0.000          0.000          0.000          0.000       1344.993       9518.612          0.000         533.100         12.539        416.942          0.000
     31/12/1991      1991          0.000          0.000          0.000       1835.846        192.849          2.501          0.000          0.000          0.000       1506.178       8310.190          0.000         743.500         17.986        407.884         32.827
     31/12/1992      1992          0.000          0.000          0.000          0.000          0.000          0.000          0.000          0.000          0.000        131.637        825.985          0.000         575.600          2.092        546.595          0.000
     31/12/1993      1993       4172.396        222.351          5.281          0.000          0.000          0.000          0.000          0.000          0.000        750.657       8121.247          0.000         582.300          0.479        396.837          0.000
     31/12/1994      1994          0.000          0.000          0.000       1053.526        145.011          1.928          0.000          0.000          0.000       1101.756       4537.036          0.000         428.100         14.213        342.632          0.000
     31/12/1995      1995       1530.166        111.853          2.289          0.000          0.000          0.000          0.000         18.849          1.253        276.948       3304.581          0.000         802.200         26.243        484.129          0.000
     31/12/1996      1996          0.000          0.000          0.000       2105.838        193.415          2.768       6611.437        271.620          3.943       2717.207       7017.202          0.000         785.800         13.538        429.487          0.000
     31/12/1997      1997       3059.440        168.577          4.610          0.000          0.000          0.000          0.000          0.000          0.000        691.251       4852.870          0.000         676.200         23.730        455.179          0.000
     31/12/1998      1998          0.000          0.000          0.000       2996.943        233.238          3.083          0.000          0.000          0.000        536.933       3835.177          0.000         911.900         54.416        559.836          0.959
     31/12/1999      1999       6134.715        276.806          5.269          0.000          0.000          0.000          0.000         22.376          1.845        745.272       8064.979          0.000         872.000         37.455        465.951          0.000
     31/12/2000      2000          0.000          0.000          0.000        966.585         98.496          1.385       4946.000        247.794          3.930       1430.852       5453.253          0.000         821.000         60.338        429.586          0.000
     31/12/2001      2001       4981.585        275.302          7.819          0.000          0.000          0.000       5003.130        232.104          3.581       2118.074       9853.482          0.000        1034.800        119.817        399.532          0.000
     31/12/2002      2002          0.000          0.000          0.000          0.000          0.000          0.000       4125.512        192.627          3.217       2408.481       4608.821          0.000         469.300          4.143        347.427          0.000
