Summary_file = output\kend_sw.sum
Title = 
           date      year      wht_yield         wht_ep     wht_laimax      sor_yield         sor_ep     sor_laimax    avg_residue    max_residue    min_residue annual_rainfall  annual_runoff      annual_es   annual_drain
             ()    (year)        (kg/ha)           (mm)      (m^2/m^2)        (kg/ha)           (mm)      (m^2/m^2)        (kg/ha)        (kg/ha)        (kg/ha)            (mm)           (mm)           (mm)           (mm)
     22/05/1958      1958          0.000          0.000          0.000          0.000          0.000          0.000        589.424        959.117          0.000         120.700          2.798        101.689          0.000
     17/11/1958      1958       1603.404         60.731          1.934          0.000          0.000          0.000         65.938        188.094          0.000         412.900          9.673        168.458        208.500
     23/12/1958      1958          0.000          0.000          0.000          0.000          0.000          0.000       4194.920       4211.162          0.000          42.500          0.134         15.514          0.007
     23/05/1959      1959          0.000          0.000          0.000       1073.478         47.424          1.299       3535.616       4041.647          0.000         148.300          0.000         89.336         10.521
     19/06/1959      1959          0.000          0.000          0.000          0.000          0.000          0.000       1160.248       1271.671          0.000          67.300          1.098         31.731         21.510
     24/11/1959      1959       1798.047         85.169          2.415          0.000          0.000          0.000        519.163       1031.482          0.000         354.300         13.097        147.939        110.835
     25/11/1959      1959          0.000          0.000          0.000          0.000          0.000          0.000       4996.052       4996.052          0.000           0.000          0.000          1.316          0.025
     24/04/1960      1960          0.000          0.000          0.000         16.930         32.912          0.920       4371.173       4965.153          0.000         194.500          4.268         91.347         88.563
     28/05/1960      1960          0.000          0.000          0.000          0.000          0.000          0.000       1366.187       1535.218          0.000          87.200          0.162         42.226         17.261
     21/11/1960      1960       1461.798         66.075          2.184          0.000          0.000          0.000        544.810       1185.729          0.000         301.600          2.626        139.703        158.259
     27/01/1961      1961          0.000          0.000          0.000          0.000          0.000          0.000       4040.526       4188.793          0.000          51.100          0.000         25.692          0.000
     27/06/1961      1961          0.000          0.000          0.000       1181.777         43.415          1.093       2850.702       3966.088          0.000         298.800          9.857        104.866        117.025
     02/07/1961      1961          0.000          0.000          0.000          0.000          0.000          0.000       1000.606       1022.647          0.000          37.900          0.741          5.285          8.135
     02/12/1961      1961       1028.269         55.297          1.580          0.000          0.000          0.000        459.687        973.168          0.000         272.800          6.573        136.523        145.473
     17/12/1961      1961          0.000          0.000          0.000          0.000          0.000          0.000       2806.594       2914.844          0.000          71.900          6.721         12.584          0.000
     10/05/1962      1962          0.000          0.000          0.000       1149.234         48.013          1.247       2284.773       2637.879          0.000          35.400          0.000         51.843          7.376
     30/05/1962      1962          0.000          0.000          0.000          0.000          0.000          0.000       1010.765       1036.591          0.000          51.300          0.210         18.810          0.000
     17/11/1962      1962       1381.390         60.994          1.816          0.000          0.000          0.000        351.301        932.555          0.000         408.300          8.101        169.458        154.375
     15/05/1963      1963          0.000          0.000          0.000          0.000          0.000          0.000       2647.703       3817.240          0.000         274.300         13.340        149.446         52.557
     02/11/1963      1963       1421.306         54.294          1.705          0.000          0.000          0.000        573.033       1309.743          0.000         427.600         12.561        150.015        254.139
     12/06/1964      1964          0.000          0.000          0.000          0.000          0.000          0.000       3227.652       3895.057          0.000         119.800          0.000        112.009          3.330
     03/12/1964      1964        350.423         15.366          0.490          0.000          0.000          0.000       1465.058       2571.223          0.000         481.500         12.437        167.756        304.852
     28/05/1965      1965          0.000          0.000          0.000          0.000          0.000          0.000       1265.118       1838.887          0.000         217.600          1.858        147.029         40.437
     19/11/1965      1965       1757.017         75.712          2.494          0.000          0.000          0.000        381.646        760.484          0.000         438.600         13.180        162.412        201.138
     21/12/1965      1965          0.000          0.000          0.000          0.000          0.000          0.000       4619.422       4890.104          0.000          52.400          0.000         28.631         15.184
     21/05/1966      1966          0.000          0.000          0.000        798.529         45.556          1.217       3459.695       4344.737          0.000         103.900          0.000         79.898         11.818
     23/06/1966      1966          0.000          0.000          0.000          0.000          0.000          0.000       1084.962       1262.517          0.000          99.500          8.581         37.592          0.000
     05/12/1966      1966       1864.949         81.576          2.525          0.000          0.000          0.000        474.940        917.500          0.000         276.400          0.662        155.993         96.305
     30/06/1967      1967          0.000          0.000          0.000          0.000          0.000          0.000       3544.745       4856.814          0.000         288.800          0.058        159.361         82.376
     04/12/1967      1967        860.007         48.046          1.557          0.000          0.000          0.000       1012.749       1897.226          0.000         269.000          5.955        127.121        151.827
     13/06/1968      1968          0.000          0.000          0.000          0.000          0.000          0.000       2184.969       3027.077          0.000         242.800          1.511        169.082         11.880
     07/12/1968      1968       1331.422         66.801          2.006          0.000          0.000          0.000        474.493        982.167          0.000         337.300          1.504        160.144        167.667
     29/06/1969      1969          0.000          0.000          0.000          0.000          0.000          0.000       3372.791       3994.490          0.000         185.000          1.927        105.977          0.000
     05/12/1969      1969        918.216         46.957          1.672          0.000          0.000          0.000       1245.045       2276.062          0.000         219.900          2.234        133.846        112.574
     12/06/1970      1970          0.000          0.000          0.000          0.000          0.000          0.000       2159.497       2983.900          0.000         205.600          2.162        122.472         12.845
     01/12/1970      1970       1918.342         89.806          2.656          0.000          0.000          0.000        438.055        982.601          0.000         287.100          0.165        146.007        116.374
     22/05/1971      1971          0.000          0.000          0.000          0.000          0.000          0.000       4368.409       5432.336          0.000         214.300          4.545        117.022         19.384
     25/11/1971      1971       1800.043         71.453          2.347          0.000          0.000          0.000       1392.156       3006.608          0.000         410.300          3.496        139.657        196.188
     26/11/1971      1971          0.000          0.000          0.000          0.000          0.000          0.000       5199.375       5199.375          0.000           0.000          0.000          0.774          2.024
     25/04/1972      1972          0.000          0.000          0.000        641.344         42.348          1.055       4470.770       5165.534          0.000          77.900          0.000         75.438         33.894
     15/05/1972      1972          0.000          0.000          0.000          0.000          0.000          0.000       1346.933       1442.319          0.000          25.600          0.000         17.376          0.000
     06/11/1972      1972       2121.440         81.277          2.404          0.000          0.000          0.000        602.112       1273.439          0.000         284.000          0.019        135.952         61.502
     26/05/1973      1973          0.000          0.000          0.000          0.000          0.000          0.000       4923.660       5410.300          0.000         133.300          0.000         76.323         10.553
     24/11/1973      1973       1104.747         45.368          1.450          0.000          0.000          0.000       2102.846       3669.481          0.000         473.800          2.526        148.517        293.783
     15/05/1974      1974          0.000          0.000          0.000          0.000          0.000          0.000       2908.920       3724.131          0.000         146.800          0.000        114.645         14.619
     09/11/1974      1974       1643.647         69.669          2.389          0.000          0.000          0.000        788.878       1583.390          0.000         331.500          2.770        156.375        167.694
     19/11/1974      1974          0.000          0.000          0.000          0.000          0.000          0.000       4578.731       4587.944          0.000          38.000          0.000          4.392          0.000
     19/04/1975      1975          0.000          0.000          0.000        746.493         43.040          1.060       4034.552       4478.989          0.000          93.500          0.000         60.264          0.000
     20/05/1975      1975          0.000          0.000          0.000          0.000          0.000          0.000       1027.518       1305.278          0.000          62.300          0.000         40.134          0.000
     16/11/1975      1975       1665.942         71.947          2.264          0.000          0.000          0.000        335.131        815.939          0.000         373.400         10.460        168.526        143.225
     08/01/1976      1976          0.000          0.000          0.000          0.000          0.000          0.000       4266.128       4540.808          0.000          75.500          0.000         27.206          1.371
     07/06/1976      1976          0.000          0.000          0.000       1455.876         52.760          1.358       3315.914       4141.302          0.000         214.300          0.535         80.828         80.015
     24/06/1976      1976          0.000          0.000          0.000          0.000          0.000          0.000       1060.070       1112.291          0.000          26.500          0.000         14.638         26.767
     07/12/1976      1976       2359.574         98.329          2.939          0.000          0.000          0.000        463.759       1017.964          0.000         328.500          2.165        154.928        100.592
     19/05/1977      1977          0.000          0.000          0.000          0.000          0.000          0.000       5308.771       5600.997          0.000         100.600          0.306         50.491          4.015
     15/11/1977      1977        842.177         33.591          1.106          0.000          0.000          0.000       2926.604       4545.880          0.000         415.300         13.846        124.884        277.912
     14/01/1978      1978          0.000          0.000          0.000          0.000          0.000          0.000       3342.612       3705.714          0.000          69.300          0.000         56.679          7.568
     14/06/1978      1978          0.000          0.000          0.000       1626.925         53.217          1.399       2156.531       2842.476          0.000         205.700          0.278         84.338         40.907
     25/06/1978      1978          0.000          0.000          0.000          0.000          0.000          0.000        850.444        897.073          0.000          30.000          0.412         13.691         21.206
     08/12/1978      1978       1336.551         65.792          1.892          0.000          0.000          0.000        390.786        790.304          0.000         301.600          5.584        153.290        141.155
     22/05/1979      1979          0.000          0.000          0.000          0.000          0.000          0.000       2632.284       3752.519          0.000         146.000          0.000        122.245          0.000
     19/11/1979      1979       1514.525         59.839          1.925          0.000          0.000          0.000        806.327       1793.050          0.000         392.600          1.266        170.040        132.421
     13/07/1980      1980          0.000          0.000          0.000          0.000          0.000          0.000       3264.943       4250.566          0.000         259.200          2.037        151.559         85.871
     17/12/1980      1980       2006.179         93.546          2.700          0.000          0.000          0.000        877.913       1679.588          0.000         282.600          1.133        146.274        109.649
     30/05/1981      1981          0.000          0.000          0.000          0.000          0.000          0.000       5271.197       5726.706          0.000         147.300          0.000         80.556         11.672
     26/11/1981      1981        914.969         40.565          1.221          0.000          0.000          0.000       3121.874       4456.297          0.000         324.800          0.006        117.262        214.814
     22/01/1982      1982          0.000          0.000          0.000          0.000          0.000          0.000       4327.358       4551.928          0.000          61.200          0.000         35.131          0.000
     22/06/1982      1982          0.000          0.000          0.000          0.000         35.354          1.298       3163.011       4230.930          0.000         274.400         91.520         78.666         50.148
     30/07/1982      1982          0.000          0.000          0.000          0.000          0.000          0.000       1148.017       1372.152          0.000          73.200          0.043         47.432         38.458
     16/12/1982      1982       1237.414         55.997          2.069          0.000          0.000          0.000        507.893        917.450          0.000         137.200          0.000        125.353          8.444
     20/06/1983      1983          0.000          0.000          0.000          0.000          0.000          0.000       2318.119       3051.070          0.000         157.400          0.277        122.452          0.000
     30/11/1983      1983       1748.404         76.789          2.732          0.000          0.000          0.000        385.503        888.433          0.000         300.200          3.757        156.370         82.141
     01/01/1984      1984          0.000          0.000          0.000          0.000          0.000          0.000       4190.550       4465.359          0.000          54.300          0.000         30.020          0.000
     31/05/1984      1984          0.000          0.000          0.000        967.816         38.715          1.260       3361.007       3844.790          0.000         124.200          0.000         69.952          0.000
     07/06/1984      1984          0.000          0.000          0.000          0.000          0.000          0.000       1091.887       1158.941          0.000          33.000          2.190          9.900          0.000
     28/11/1984      1984       1696.674         73.134          2.456          0.000          0.000          0.000        372.824       1025.562          0.000         418.100          7.081        171.338        181.167
     19/01/1985      1985          0.000          0.000          0.000          0.000          0.000          0.000       4619.419       4794.280          0.000          37.000          0.000         25.961         13.819
     19/06/1985      1985          0.000          0.000          0.000       1307.889         45.562          1.129       3603.416       4461.979          0.000         154.900          5.074         78.191         20.114
     02/07/1985      1985          0.000          0.000          0.000          0.000          0.000          0.000       1063.129       1131.085          0.000          29.800          0.000         17.537         11.250
     10/12/1985      1985       2039.013         88.813          3.266          0.000          0.000          0.000        432.158        961.923          0.000         249.400          0.128        156.648         72.466
     27/06/1986      1986          0.000          0.000          0.000          0.000          0.000          0.000       4406.316       5097.588          0.000         173.600          0.011        101.215          0.000
     12/12/1986      1986       1124.432         53.036          1.492          0.000          0.000          0.000       1579.911       2981.249          0.000         280.000          0.790        134.484        152.889
     15/05/1987      1987          0.000          0.000          0.000          0.000          0.000          0.000       3461.512       3710.407          0.000         117.000          1.848         70.952          0.000
     04/11/1987      1987       2347.153         82.145          2.565          0.000          0.000          0.000       1193.225       2343.417          0.000         209.600          0.000        126.179         19.364
     05/11/1987      1987          0.000          0.000          0.000          0.000          0.000          0.000       5238.765       5238.765          0.000           0.000          0.000          1.678          0.000
     04/04/1988      1988          0.000          0.000          0.000        555.136         37.274          1.085       3757.604       5195.001          0.000          95.400          0.000         91.591          0.000
     15/05/1988      1988          0.000          0.000          0.000          0.000          0.000          0.000       1098.104       1207.751          0.000         169.400         31.187         39.721          1.470
     06/11/1988      1988       1412.041         58.160          1.741          0.000          0.000          0.000        304.676        835.492          0.000         412.700          4.745        183.839        228.762
     03/12/1988      1988          0.000          0.000          0.000          0.000          0.000          0.000       3707.716       3972.846          0.000          52.000          0.000         18.819          0.019
     29/04/1989      1989          0.000          0.000          0.000       1804.343         66.074          1.235       2476.117       3542.570          0.000         161.400          0.000        122.263         16.183
     18/06/1989      1989          0.000          0.000          0.000          0.000          0.000          0.000        773.512        974.284          0.000          75.200          0.015         58.425          0.000
     01/12/1989      1989       2373.070         95.543          2.911          0.000          0.000          0.000        276.386        580.536          0.000         302.800          1.260        172.099         53.767
     17/05/1990      1990          0.000          0.000          0.000          0.000          0.000          0.000       4108.864       5552.902          0.000         197.400          0.000        133.480         22.556
     17/11/1990      1990       1663.031         69.997          2.567          0.000          0.000          0.000       1054.069       2363.777          0.000         380.600          5.784        145.942        181.643
     18/06/1991      1991          0.000          0.000          0.000          0.000          0.000          0.000       4156.389       4940.767          0.000         170.500          0.406        115.997         14.825
     30/11/1991      1991        799.203         37.959          1.077          0.000          0.000          0.000       1519.465       2855.358          0.000         341.200         11.807        153.753        200.034
     26/05/1992      1992          0.000          0.000          0.000          0.000          0.000          0.000       1979.408       2864.103          0.000         176.000          6.922        119.690          0.000
     24/11/1992      1992       2110.875         74.358          2.498          0.000          0.000          0.000        492.815       1088.788          0.000         475.600          9.837        158.625        208.350
     25/11/1992      1992          0.000          0.000          0.000          0.000          0.000          0.000       5893.994       5893.994          0.000           0.000          0.000          0.761          2.447
     25/04/1993      1993          0.000          0.000          0.000        509.024         46.722          1.117       4948.200       5871.196          0.000         147.500          6.237         73.510         65.185
     30/05/1993      1993          0.000          0.000          0.000          0.000          0.000          0.000       1367.676       1627.460          0.000         114.800          3.739         37.116         35.252
     27/11/1993      1993       2014.083         84.222          2.571          0.000          0.000          0.000        576.996       1151.304          0.000         310.900          1.504        167.906        109.131
     15/05/1994      1994          0.000          0.000          0.000          0.000          0.000          0.000       5263.522       5603.117          0.000          67.000          0.000         40.381          0.000
     06/11/1994      1994        983.185         42.808          1.343          0.000          0.000          0.000       2954.374       4674.239          0.000         352.600          3.412        115.893        210.729
     15/05/1995      1995          0.000          0.000          0.000          0.000          0.000          0.000       4038.369       4371.121          0.000          83.800          0.000         68.290          0.542
     06/11/1995      1995       1413.746         57.761          1.968          0.000          0.000          0.000       2098.822       3714.047          0.000         340.800          0.436        122.625        156.041
     24/12/1995      1995          0.000          0.000          0.000          0.000          0.000          0.000       4276.040       4624.460          0.000          50.200          0.000         40.391          7.001
     23/05/1996      1996          0.000          0.000          0.000        766.848         42.343          1.183       3269.777       3951.074          0.000          78.900          0.000         68.088         21.709
     19/06/1996      1996          0.000          0.000          0.000          0.000          0.000          0.000       1091.302       1218.250          0.000          58.000          1.438         25.138          0.000
     28/11/1996      1996       1106.239         50.164          1.432          0.000          0.000          0.000        468.847        977.669          0.000         434.200          2.812        191.332        197.665
     20/05/1997      1997          0.000          0.000          0.000          0.000          0.000          0.000       2297.341       3301.274          0.000         181.600          0.910        119.996         28.721
     09/11/1997      1997       2067.087         85.699          2.564          0.000          0.000          0.000        506.383       1146.481          0.000         304.600          0.528        146.006        115.302
     11/06/1998      1998          0.000          0.000          0.000          0.000          0.000          0.000       4719.934       5684.071          0.000         270.500         10.411        116.765         83.240
     30/11/1998      1998       1434.061         60.099          1.771          0.000          0.000          0.000       1616.810       2970.303          0.000         328.600          0.399        138.343        190.626
     28/05/1999      1999          0.000          0.000          0.000          0.000          0.000          0.000       3729.481       4422.780          0.000         161.600          1.665        106.110          0.000
     19/11/1999      1999       1261.039         53.013          1.527          0.000          0.000          0.000       1363.507       2784.042          0.000         359.600          0.198        151.863        187.664
     19/01/2000      2000          0.000          0.000          0.000          0.000          0.000          0.000       3633.587       3901.782          0.000          58.000          0.000         45.071          0.029
     18/06/2000      2000          0.000          0.000          0.000       1450.357         56.562          1.421       1760.157       3164.301          0.000         161.200          0.000        116.901         14.534
     21/06/2000      2000          0.000          0.000          0.000          0.000          0.000          0.000       1021.451       1031.358          0.000          27.200          0.000          3.576          0.000
     28/11/2000      2000       1178.890         54.571          2.090          0.000          0.000          0.000        439.287        999.045          0.000         254.400          2.318        132.542        106.111
     15/05/2001      2001          0.000          0.000          0.000          0.000          0.000          0.000       2875.886       3401.520          0.000         120.000          0.000         73.410          0.000
     10/11/2001      2001       2568.338         91.363          2.907          0.000          0.000          0.000        992.203       2385.543          0.000         236.500          0.270        136.834         25.628
     20/11/2001      2001          0.000          0.000          0.000          0.000          0.000          0.000       6128.315       6151.009          0.000          27.600          0.000          6.337          0.324
     20/04/2002      2002          0.000          0.000          0.000        205.341         38.353          0.994       5004.880       5993.525          0.000         255.000         19.607         68.290        102.386
     20/06/2002      2002          0.000          0.000          0.000          0.000          0.000          0.000       1169.437       1733.451          0.000          95.000          0.520         68.038         43.644
     02/12/2002      2002       2307.650        101.453          3.379          0.000          0.000          0.000        397.543        854.368          0.000         256.800          2.465        154.222         57.769
