Summary_file = step3.sum
Title = Step 3. Declining dead pool.
           date       sw_dep()          sw_dep(1)          sw_dep(2)          sw_dep(3)          sw_dep(4)     basal_area     root_depth       sw_index  transpiration vpd_estimation  max_n_avail()   growth_photo    death_frost     residue_wt  transpiration
             ()           (mm)               (mm)               (mm)               (mm)               (mm)       (m^2/ha)           (mm)             ()             ()             ()             ()        (kg/ha)        (kg/ha)        (kg/ha)             ()
     01/01/1957        283.977             17.977             76.000             95.000             95.000          0.000        750.000          1.000          0.000         28.960         15.000          0.000          0.000         50.000          0.000
     02/01/1957        283.151             17.151             76.000             95.000             95.000          0.000        750.000          1.000          0.000         18.960         15.000          0.000          0.000         97.878          0.000
     03/01/1957        282.449             16.449             76.000             95.000             95.000          0.000        750.000          1.000          0.000         21.230         15.000          0.000          0.000        143.965          0.000
     04/01/1957        281.836             15.836             76.000             95.000             95.000          0.000        750.000          1.000          0.000         22.920         15.000          0.000          0.000        188.565          0.000
     05/01/1957        281.291             15.291             76.000             95.000             95.000          0.000        750.000          1.000          0.000         22.920         15.000          0.000          0.000        231.959          0.000
     06/01/1957        280.799             14.799             76.000             95.000             95.000          0.000        750.000          1.000          0.000         19.070         15.000          0.000          0.000        274.411          0.000
     07/01/1957        280.327             14.351             75.976             95.000             95.000          0.000        750.000          1.000          0.000         18.120         15.000          0.000          0.000        316.168          0.000
     08/01/1957        279.872             13.939             75.933             95.000             95.000          0.000        750.000          1.000          0.000         17.000         15.000          0.000          0.000        357.464          0.000
     09/01/1957        279.433             13.559             75.874             95.000             95.000          0.000        750.000          1.000          0.000         11.090         15.000          0.000          0.000        398.526          0.000
     10/01/1957        303.147             19.113             81.600            103.000             99.433          0.000        750.000          1.000          0.000          7.180         15.000          0.000          0.000        439.571          0.000
     11/01/1957        304.285             19.110             81.325            102.993            100.857          0.000        750.000          1.000          0.000         19.610         15.000          0.000          0.000        469.543          0.000
     12/01/1957        302.111             18.050             80.365            102.273            101.423          0.000        750.000          1.000          0.000         18.180         15.000          0.000          0.000        498.079          0.000
     13/01/1957        300.137             17.199             79.991            101.495            101.452          0.000        750.000          1.000          0.000         19.610         15.000          0.000          0.000        526.526          0.000
     14/01/1957        298.553             16.581             79.845            100.897            101.230          0.000        750.000          1.000          0.000         23.640         15.000          0.000          0.000        555.040          0.000
     15/01/1957        297.215             16.031             79.693            100.538            100.953          0.000        750.000          1.000          0.000         24.260         15.000          0.000          0.000        583.566          0.000
     16/01/1957        296.096             15.535             79.536            100.323            100.701          0.000        750.000          1.000          0.000         26.680         15.000          0.000          0.000        612.235          0.000
     17/01/1957        295.152             15.083             79.378            100.194            100.498          0.000        750.000          1.000          0.000         14.280         15.000          0.000          0.000        641.177          0.000
     18/01/1957        294.346             14.667             79.217            100.116            100.345          0.000        750.000          1.000          0.000         14.060         15.000          0.000          0.000        670.518          0.000
     19/01/1957        293.642             14.281             79.056            100.070            100.235          0.000        750.000          1.000          0.000         17.720         15.000          0.000          0.000        700.383          0.000
     20/01/1957        292.930             13.863             78.867            100.042            100.158          0.000        750.000          1.000          0.000         23.190         15.000          0.000          0.000        730.900          0.000
     21/01/1957        292.284             13.476             78.678            100.025            100.105          0.000        750.000          1.000          0.000         17.210         15.000          0.000          0.000        762.472          0.000
     22/01/1957        291.690             13.118             78.488            100.015            100.069          0.000        750.000          1.000          0.000         24.710         15.000          0.000          0.000        795.249          0.000
     23/01/1957        291.136             12.783             78.299            100.009            100.045          0.000        750.000          1.000          0.000         27.630         15.000          0.000          0.000        829.388          0.000
     24/01/1957        290.615             12.470             78.110            100.005            100.029          0.000        750.000          1.000          0.000         31.020         15.000          0.000          0.000        865.053          0.000
     25/01/1957        293.913             15.829             78.062            100.003            100.019          0.000        750.000          1.000          0.000         20.650         15.000          0.000          0.000        902.417          0.000
     26/01/1957        303.298             19.255             81.600            101.737            100.706          0.000        750.000          1.000          0.000         15.040         15.000          0.000          0.000        934.445          0.000
     27/01/1957        301.450             18.282             80.480            101.618            101.071          0.000        750.000          1.000          0.000          7.080         15.000          0.000          0.000        940.958          0.000
     28/01/1957        299.785             17.484             80.057            101.144            101.100          0.000        750.000          1.000          0.000         10.210         15.000          0.000          0.000        949.159          0.000
     29/01/1957        298.328             16.802             79.877            100.707            100.943          0.000        750.000          1.000          0.000         14.560         15.000          0.000          0.000        959.033          0.000
     30/01/1957        297.081             16.201             79.721            100.424            100.735          0.000        750.000          1.000          0.000         15.960         15.000          0.000          0.000        970.575          0.000
     31/01/1957        296.020             15.663             79.560            100.254            100.543          0.000        750.000          1.000          0.000         21.300         15.000          0.000          0.000        983.795          0.000
     01/02/1957        295.110             15.176             79.394            100.153            100.387          0.000        750.000          1.000          0.000         21.120         15.000          0.000          0.000        998.711          0.000
     02/02/1957        294.317             14.730             79.227            100.092            100.269          0.000        750.000          1.000          0.000         22.140         15.000          0.000          0.000       1015.353          0.000
     03/02/1957        293.614             14.318             79.058            100.055            100.183          0.000        750.000          1.000          0.000         23.410         15.000          0.000          0.000       1033.763          0.000
     04/02/1957        292.980             13.937             78.887            100.033            100.123          0.000        750.000          1.000          0.000         18.120         15.000          0.000          0.000       1053.993          0.000
     05/02/1957        292.400             13.582             78.716            100.020            100.082          0.000        750.000          1.000          0.000         14.060         15.000          0.000          0.000       1076.107          0.000
     06/02/1957        291.860             13.249             78.545            100.012            100.054          0.000        750.000          1.000          0.000         13.560         15.000          0.000          0.000       1100.180          0.000
     07/02/1957        291.353             12.937             78.374            100.007            100.035          0.000        750.000          1.000          0.000          9.690         15.000          0.000          0.000       1126.299          0.000
     08/02/1957        290.873             12.644             78.203            100.004            100.023          0.000        750.000          1.000          0.000         18.590         15.000          0.000          0.000       1154.565          0.000
     09/02/1957        290.416             12.367             78.032            100.003            100.015          0.000        750.000          1.000          0.000         18.690         15.000          0.000          0.000       1185.091          0.000
     10/02/1957        289.977             12.105             77.861            100.002            100.009          0.000        750.000          1.000          0.000         16.420         15.000          0.000          0.000       1218.003          0.000
     11/02/1957        289.556             11.857             77.691            100.001            100.006          0.000        750.000          1.000          0.000         18.960         15.000          0.000          0.000       1253.445          0.000
     12/02/1957        289.149             11.622             77.522            100.001            100.004          0.000        750.000          1.000          0.000         12.300         15.000          0.000          0.000       1291.574          0.000
     13/02/1957        288.756             11.399             77.354            100.000            100.002          0.000        750.000          1.000          0.000         15.210         15.000          0.000          0.000       1331.879          0.000
     14/02/1957        288.375             11.187             77.187            100.000            100.002          0.000        750.000          1.000          0.000         16.570         15.000          0.000          0.000       1371.983          0.000
     15/02/1957        288.006             10.984             77.020            100.000            100.001          0.000        750.000          1.000          0.000         20.580         15.000          0.000          0.000       1411.886          0.000
     16/02/1957        287.647             10.791             76.855            100.000            100.001          0.000        750.000          1.000          0.000         21.580         15.000          0.000          0.000       1451.590          0.000
     17/02/1957        287.298             10.607             76.690            100.000            100.000          0.000        750.000          1.000          0.000         24.410         15.000          0.000          0.000       1491.095          0.000
     18/02/1957        286.957             10.431             76.527            100.000            100.000          0.000        750.000          1.000          0.000         23.040         15.000          0.000          0.000       1530.403          0.000
     19/02/1957        286.626             10.262             76.364            100.000            100.000          0.000        750.000          1.000          0.000         25.350         15.000          0.000          0.000       1569.514          0.000
     20/02/1957        286.302             10.100             76.202            100.000            100.000          0.000        750.000          1.000          0.000         25.250         15.000          0.000          0.000       1608.430          0.000
     21/02/1957        285.986              9.945             76.041            100.000            100.000          0.000        750.000          1.000          0.000         25.980         15.000          0.000          0.000       1647.151          0.000
     22/02/1957        285.677              9.796             75.881            100.000            100.000          0.000        750.000          1.000          0.000         19.450         15.000          0.000          0.000       1685.678          0.000
     23/02/1957        285.375              9.653             75.722            100.000            100.000          0.000        750.000          1.000          0.000          8.300         15.000          0.000          0.000       1724.013          0.000
     24/02/1957        285.079              9.515             75.564            100.000            100.000          0.000        750.000          1.000          0.000         15.740         15.000          0.000          0.000       1762.156          0.000
     25/02/1957        284.790              9.383             75.407            100.000            100.000          0.000        750.000          1.000          0.000         10.810         15.000          0.000          0.000       1800.108          0.000
     26/02/1957        284.506              9.256             75.251            100.000            100.000          0.000        750.000          1.000          0.000         14.660         15.000          0.000          0.000       1837.871          0.000
     27/02/1957        292.678             17.428             75.251            100.000            100.000          0.000        750.000          1.000          0.000         13.560         15.000          0.000          0.000       1875.444          0.000
     28/02/1957        292.086             16.836             75.251            100.000            100.000          0.500        750.000          1.000          0.000         16.820         15.000          0.000          0.000       1837.813          0.000
     01/03/1957        291.553             16.302             75.251            100.000            100.000          0.500        750.000          1.000          0.000         18.660         15.000          0.000          0.000       1805.254          0.000
     02/03/1957        291.066             15.815             75.251            100.000            100.000          0.500        750.000          1.000          0.000         20.900         15.000          0.000          0.000       1777.479          0.000
     03/03/1957        290.618             15.367             75.251            100.000            100.000          0.500        750.000          1.000          0.000         23.470         15.000          0.000          0.000       1754.234          0.000
     04/03/1957        290.203             14.952             75.251            100.000            100.000          0.500        750.000          1.000          0.000         24.080         15.000          0.000          0.000       1735.296          0.000
     05/03/1957        291.635             16.384             75.251            100.000            100.000          0.500        750.000          1.000          0.000         20.050         15.000          0.000          0.000       1720.478          0.000
     06/03/1957        292.872             17.621             75.251            100.000            100.000          0.500        750.000          1.000          0.000         20.900         15.000          0.000          0.000       1702.736          0.000
     07/03/1957        292.211             16.961             75.251            100.000            100.000          0.500        750.000          1.000          0.000         20.480         15.000          0.000          0.000       1682.258          0.000
     08/03/1957        292.498             17.248             75.251            100.000            100.000          0.500        750.000          1.000          0.000         18.660         15.000          0.000          0.000       1665.970          0.000
     09/03/1957        291.874             16.623             75.251            100.000            100.000          0.500        750.000          1.000          0.000         21.020         15.000          0.000          0.000       1650.364          0.000
     10/03/1957        291.317             16.066             75.251            100.000            100.000          0.500        750.000          1.000          0.000         20.130         15.000          0.000          0.000       1638.745          0.000
     11/03/1957        301.676             19.039             81.167            101.050            100.420          0.500        750.000          1.000          0.000         16.260         15.000          0.000          0.000       1630.969          0.000
     12/03/1957        300.850             18.640             80.476            101.059            100.675          0.500        750.000          1.000          0.000         20.180         15.000          0.000          0.000       1600.934          0.000
     13/03/1957        299.191             17.609             80.048            100.807            100.728          0.500        750.000          1.000          0.000         21.230         15.000          0.000          0.000       1573.128          0.000
     14/03/1957        297.752             16.765             79.848            100.501            100.637          0.500        750.000          1.000          0.000         20.700         15.000          0.000          0.000       1550.616          0.000
     15/03/1957        298.256             17.687             79.766            100.301            100.503          0.500        750.000          1.000          0.000         12.700         15.000          0.000          0.000       1533.107          0.000
     16/03/1957        296.996             16.815             79.627            100.180            100.374          0.500        750.000          1.000          0.000         16.660         15.000          0.000          0.000       1514.228          0.000
     17/03/1957        296.062             16.197             79.489            100.108            100.268          0.500        750.000          1.000          0.000         22.010         15.000          0.000          0.000       1500.167          0.000
     18/03/1957        295.237             15.644             79.341            100.065            100.186          0.500        750.000          1.000          0.000         21.870         15.000          0.000          0.000       1492.180          0.000
     19/03/1957        294.495             15.144             79.185            100.039            100.127          0.500        750.000          1.000          0.000         24.780         15.000          0.000          0.000       1485.683          0.000
     20/03/1957        293.819             14.686             79.024            100.023            100.086          0.500        750.000          1.000          0.000         32.110         15.000          0.000          0.000       1482.815          0.000
     21/03/1957        293.195             14.264             78.859            100.014            100.057          0.500        750.000          1.000          0.000         22.240         15.000          0.000          0.000       1483.488          0.000
     22/03/1957        292.611             13.873             78.692            100.008            100.038          0.500        750.000          1.000          0.000         18.120         15.000          0.000          0.000       1487.638          0.000
     23/03/1957        292.062             13.509             78.523            100.005            100.025          0.500        750.000          1.000          0.000         20.720         15.000          0.000          0.000       1495.228          0.000
     24/03/1957        291.540             13.169             78.352            100.003            100.016          0.500        750.000          1.000          0.000         19.670         15.000          0.000          0.000       1506.245          0.000
     25/03/1957        306.746             19.146             81.600            103.000            103.000          0.500        750.000          1.000          0.000         17.740         15.000          0.000          0.000       1520.698          0.000
     26/03/1957        303.686             18.101             80.459            102.376            102.750          0.500        750.000          1.000          0.000         16.380         15.000          0.000          0.000       1492.688          0.000
     27/03/1957        301.159             17.253             80.028            101.591            102.287          0.500        750.000          1.000          0.000         15.970         15.000          0.000          0.000       1469.416          0.000
     28/03/1957        299.095             16.530             79.842            100.965            101.758          0.500        750.000          1.000          0.000         12.200         15.000          0.000          0.000       1450.614          0.000
     29/03/1957        297.426             15.897             79.664            100.579            101.286          0.500        750.000          1.000          0.000         16.830         15.000          0.000          0.000       1436.049          0.000
     30/03/1957        296.070             15.333             79.479            100.347            100.911          0.500        750.000          1.000          0.000         18.050         15.000          0.000          0.000       1425.531          0.000
     31/03/1957        294.952             14.822             79.292            100.208            100.630          0.500        750.000          1.000          0.000         20.210         15.000          0.000          0.000       1418.901          0.000
     01/04/1957        294.011             14.357             79.102            100.125            100.428          0.500        750.000          1.000          0.000         23.420         15.000          0.000          0.000       1396.928          0.000
     02/04/1957        293.201             13.928             78.911            100.075            100.287          0.500        750.000          1.000          0.000         24.290         15.000          0.000          0.000       1379.175          0.000
     03/04/1957        292.486             13.533             78.718            100.045            100.190          0.500        750.000          1.000          0.000         19.160         15.000          0.000          0.000       1365.464          0.000
     04/04/1957        292.790             14.086             78.552            100.027            100.125          0.500        750.000          1.000          0.000         18.610         15.000          0.000          0.000       1355.651          0.000
     05/04/1957        292.154             13.675             78.382            100.016            100.081          0.500        750.000          1.000          0.000         18.930         15.000          0.000          0.000       1346.911          0.000
     06/04/1957        291.564             13.294             78.208            100.010            100.053          0.500        750.000          1.000          0.000         19.030         15.000          0.000          0.000       1341.921          0.000
     07/04/1957        291.011             12.940             78.032            100.006            100.034          0.500        750.000          1.000          0.000         19.830         15.000          0.000          0.000       1340.607          0.000
     08/04/1957        290.489             12.610             77.854            100.003            100.022          0.500        750.000          1.000          0.000         18.800         15.000          0.000          0.000       1342.922          0.000
     09/04/1957        289.992             12.301             77.675            100.002            100.014          0.500        750.000          1.000          0.000         19.310         15.000          0.000          0.000       1348.847          0.000
     10/04/1957        300.473             19.038             80.631            100.569            100.236          0.500        750.000          1.000          0.000         19.100         15.000          0.000          0.000       1358.392          0.000
     11/04/1957        298.990             17.929             80.124            100.568            100.369          0.500        750.000          1.000          0.000         24.510         15.000          0.000          0.000       1316.542          0.000
     12/04/1957        297.903             17.219             79.923            100.386            100.375          0.500        750.000          1.000          0.000         20.580         15.000          0.000          0.000       1279.962          0.000
     13/04/1957        296.929             16.597             79.783            100.231            100.318          0.500        750.000          1.000          0.000         23.270         15.000          0.000          0.000       1247.561          0.000
     14/04/1957        296.062             16.042             79.635            100.139            100.246          0.500        750.000          1.000          0.000         24.290         15.000          0.000          0.000       1219.060          0.000
     15/04/1957        295.286             15.540             79.482            100.083            100.181          0.500        750.000          1.000          0.000         16.300         15.000          0.000          0.000       1194.215          0.000
     16/04/1957        294.584             15.081             79.324            100.050            100.129          0.500        750.000          1.000          0.000         18.500         15.000          0.000          0.000       1172.812          0.000
     17/04/1957        293.942             14.658             79.165            100.030            100.089          0.500        750.000          1.000          0.000         19.000         15.000          0.000          0.000       1156.169          0.000
     18/04/1957        293.348             14.267             79.003            100.018            100.061          0.500        750.000          1.000          0.000         17.570         15.000          0.000          0.000       1141.079          0.000
     19/04/1957        292.794             13.902             78.840            100.011            100.041          0.500        750.000          1.000          0.000         18.610         15.000          0.000          0.000       1128.951          0.000
     20/04/1957        292.271             13.561             78.676            100.006            100.027          0.500        750.000          1.000          0.000         21.450         15.000          0.000          0.000       1119.668          0.000
     21/04/1957        291.775             13.241             78.512            100.004            100.018          0.500        750.000          1.000          0.000          8.280         15.000          0.000          0.000       1113.137          0.000
     22/04/1957        294.153             15.704             78.435            100.002            100.012          0.500        750.000          1.000          0.000         14.270         15.000          0.000          0.000       1109.284          0.000
     23/04/1957        293.568             15.217             78.341            100.001            100.008          0.500        750.000          1.000          0.000         23.170         15.000          0.000          0.000       1101.397          0.000
     24/04/1957        293.014             14.772             78.235            100.001            100.005          0.500        750.000          1.000          0.000         19.160         15.000          0.000          0.000       1096.209          0.000
     25/04/1957        292.487             14.363             78.120            100.001            100.003          0.500        750.000          1.000          0.000         18.660         15.000          0.000          0.000       1093.656          0.000
     26/04/1957        291.984             13.984             77.998            100.000            100.002          0.500        750.000          1.000          0.000         21.120         15.000          0.000          0.000       1093.689          0.000
     27/04/1957        291.502             13.631             77.870            100.000            100.001          0.500        750.000          1.000          0.000         15.500         15.000          0.000          0.000       1096.281          0.000
     28/04/1957        291.039             13.301             77.738            100.000            100.001          0.500        750.000          1.000          0.000         19.430         15.000          0.000          0.000       1101.418          0.000
     29/04/1957        290.594             12.992             77.602            100.000            100.001          0.500        750.000          1.000          0.000         21.020         15.000          0.000          0.000       1109.107          0.000
     30/04/1957        290.165             12.701             77.464            100.000            100.000          0.500        750.000          1.000          0.000         19.310         15.000          0.000          0.000       1119.369          0.000
     01/05/1957        289.751             12.427             77.324            100.000            100.000          0.500        750.000          1.000          0.000         23.220         15.000          0.000          0.000       1131.365          0.000
     02/05/1957        289.350             12.168             77.182            100.000            100.000          0.500        750.000          1.000          0.000         13.970         15.000          0.000          0.000       1143.336          0.000
     03/05/1957        288.962             11.923             77.039            100.000            100.000          0.500        750.000          1.000          0.000         16.240         15.000          0.000          0.000       1155.284          0.000
     04/05/1957        288.585             11.691             76.895            100.000            100.000          0.500        750.000          1.000          0.000         17.430         15.000          0.000          0.000       1167.208          0.000
     05/05/1957        288.311             11.525             76.786            100.000            100.000          0.500        750.000          1.000          0.000         17.950         15.000          0.000          0.000       1179.108          0.000
     06/05/1957        288.042             11.365             76.677            100.000            100.000          0.500        750.000          1.000          0.000         16.000         15.000          0.000          0.000       1190.984          0.000
     07/05/1957        287.779             11.211             76.568            100.000            100.000          0.500        750.000          1.000          0.000         16.560         15.000          0.000          0.000       1202.836          0.000
     08/05/1957        287.521             11.062             76.459            100.000            100.000          0.500        750.000          1.000          0.000         15.780         15.000          0.000          0.000       1214.665          0.000
     09/05/1957        287.268             10.918             76.350            100.000            100.000          0.500        750.000          1.000          0.000         18.120         15.000          0.000          0.000       1226.470          0.000
     10/05/1957        287.019             10.779             76.241            100.000            100.000          0.500        750.000          1.000          0.000         17.910         15.000          0.000          0.000       1238.251          0.000
     11/05/1957        286.775             10.644             76.131            100.000            100.000          0.500        750.000          1.000          0.000         18.180         15.000          0.000          0.000       1250.009          0.000
     12/05/1957        286.536             10.514             76.022            100.000            100.000          0.500        750.000          1.000          0.000         19.220         15.000          0.000          0.000       1261.744          0.000
     13/05/1957        286.300             10.388             75.913            100.000            100.000          0.500        750.000          1.000          0.000         20.010         15.000          0.000          0.000       1273.454          0.000
     14/05/1957        286.069             10.265             75.803            100.000            100.000          0.500        750.000          1.000          0.000         20.570         15.000          0.000          0.000       1285.142          0.000
     15/05/1957        285.841             10.147             75.694            100.000            100.000          0.500        750.000          1.000          0.000         20.010         15.000          0.000          0.000       1296.806          0.000
     16/05/1957        285.617             10.032             75.585            100.000            100.000          0.500        750.000          1.000          0.000         15.430         15.000          0.000          0.000       1308.447          0.000
     17/05/1957        285.397              9.920             75.476            100.000            100.000          0.500        750.000          1.000          0.000         16.040         15.000          0.000          0.000       1320.064          0.000
     18/05/1957        285.180              9.812             75.368            100.000            100.000          0.500        750.000          1.000          0.000         13.100         15.000          0.000          0.000       1331.659          0.000
     19/05/1957        284.966              9.707             75.259            100.000            100.000          0.500        750.000          1.000          0.000         16.880         15.000          0.000          0.000       1343.230          0.000
     20/05/1957        284.755              9.604             75.151            100.000            100.000          0.500        750.000          1.000          0.000          9.740         15.000          0.000          0.000       1354.777          0.000
     21/05/1957        284.548              9.505             75.043            100.000            100.000          0.500        750.000          1.000          0.000         11.550         15.000          0.000          0.000       1366.302          0.000
     22/05/1957        284.343              9.408             74.935            100.000            100.000          0.500        750.000          1.000          0.000         11.110         15.000          0.000          0.000       1377.804          0.000
     23/05/1957        284.142              9.314             74.828            100.000            100.000          0.500        750.000          1.000          0.000         10.790         15.000          0.000          0.000       1389.283          0.000
     24/05/1957        283.943              9.222             74.721            100.000            100.000          0.500        750.000          1.000          0.000         14.650         15.000          0.000          0.000       1400.739          0.000
     25/05/1957        283.747              9.133             74.614            100.000            100.000          0.500        750.000          1.000          0.000         16.960         15.000          0.000          0.000       1412.172          0.000
     26/05/1957        283.553              9.047             74.507            100.000            100.000          0.500        750.000          1.000          0.000         17.370         15.000          0.000          0.000       1423.581          0.000
     27/05/1957        283.363              8.962             74.400            100.000            100.000          0.500        750.000          1.000          0.000         12.310         15.000          0.000          0.000       1434.969          0.000
     28/05/1957        283.174              8.880             74.294            100.000            100.000          0.500        750.000          1.000          0.000         11.190         15.000          0.000          0.000       1446.333          0.000
     29/05/1957        282.988              8.799             74.189            100.000            100.000          0.500        750.000          1.000          0.000         14.050         15.000          0.000          0.000       1457.675          0.000
     30/05/1957        282.804              8.721             74.083            100.000            100.000          0.500        750.000          1.000          0.000         15.120         15.000          0.000          0.000       1468.994          0.000
     31/05/1957        282.623              8.645             73.978            100.000            100.000          0.500        750.000          1.000          0.000         13.810         15.000          0.000          0.000       1480.290          0.000
     01/06/1957        282.444              8.571             73.873            100.000            100.000          0.500        750.000          1.000          0.000          5.250         15.000          0.000          0.000       1491.564          0.000
     02/06/1957        286.210             12.371             73.839            100.000            100.000          0.500        750.000          1.000          0.000         10.590         15.000          0.000          0.000       1502.815          0.000
     03/06/1957        285.980             12.180             73.801            100.000            100.000          0.500        750.000          1.000          0.000         13.100         15.000          0.000          0.000       1514.044          0.000
     04/06/1957        285.754             11.996             73.759            100.000            100.000          0.500        750.000          1.000          0.000         12.740         15.000          0.000          0.000       1525.250          0.000
     05/06/1957        285.532             11.819             73.713            100.000            100.000          0.500        750.000          1.000          0.000         12.390         15.000          0.000          0.000       1536.434          0.000
     06/06/1957        285.313             11.649             73.664            100.000            100.000          0.500        750.000          1.000          0.000         10.620         15.000          0.000          0.000       1547.596          0.000
     07/06/1957        285.170             11.540             73.630            100.000            100.000          0.500        750.000          1.000          0.000          9.440         15.000          0.000          0.000       1558.735          0.000
     08/06/1957        285.027             11.433             73.594            100.000            100.000          0.500        750.000          1.000          0.000         11.220         15.000          0.000          0.000       1569.852          0.000
     09/06/1957        284.887             11.329             73.558            100.000            100.000          0.500        750.000          1.000          0.000         14.700         15.000          0.000          0.000       1580.947          0.000
     10/06/1957        284.678             11.176             73.501            100.000            100.000          0.500        750.000          1.000          0.000         16.690         15.000          0.000          0.000       1592.019          0.000
     11/06/1957        284.471             11.029             73.443            100.000            100.000          0.500        750.000          1.000          0.000         15.120         15.000          0.000          0.000       1603.069          0.000
     12/06/1957        284.268             10.886             73.382            100.000            100.000          0.500        750.000          1.000          0.000         16.240         15.000          0.000          0.000       1614.098          0.000
     13/06/1957        284.068             10.749             73.319            100.000            100.000          0.500        750.000          1.000          0.000         13.940         15.000          0.000          0.000       1625.104          0.000
     14/06/1957        283.871             10.615             73.255            100.000            100.000          0.500        750.000          1.000          0.000         14.050         15.000          0.000          0.000       1636.088          0.000
     15/06/1957        283.676             10.486             73.189            100.000            100.000          0.500        750.000          1.000          0.000         15.390         15.000          0.000          0.000       1647.050          0.000
     16/06/1957        283.548             10.403             73.145            100.000            100.000          0.500        750.000          1.000          0.000         12.310         15.000          0.000          0.000       1657.990          0.000
     17/06/1957        283.421             10.321             73.099            100.000            100.000          0.500        750.000          1.000          0.000         12.920         15.000          0.000          0.000       1668.909          0.000
     18/06/1957        283.295             10.241             73.053            100.000            100.000          0.500        750.000          1.000          0.000         14.050         15.000          0.000          0.000       1679.805          0.000
     19/06/1957        283.170             10.163             73.007            100.000            100.000          0.500        750.000          1.000          0.000         13.760         15.000          0.000          0.000       1690.680          0.000
     20/06/1957        283.046             10.086             72.960            100.000            100.000          0.500        750.000          1.000          0.000         11.220         15.000          0.000          0.000       1701.533          0.000
     21/06/1957        302.201             19.810             81.058            100.953            100.381          0.500        750.000          1.000          0.000          4.740         15.000          0.000          0.000       1712.364          0.000
     22/06/1957        301.200             19.241             80.398            100.953            100.610          0.500        750.000          1.000          0.000          9.430         15.000          0.000          0.000       1680.697          0.000
     23/06/1957        300.220             18.738             80.116            100.715            100.652          0.500        750.000          1.000          0.000         10.920         15.000          0.000          0.000       1668.971          0.000
     24/06/1957        299.330             18.283             79.997            100.471            100.579          0.500        750.000          1.000          0.000         14.200         15.000          0.000          0.000       1637.007          0.000
     25/06/1957        298.549             17.866             79.939            100.282            100.461          0.500        750.000          1.000          0.000         13.810         15.000          0.000          0.000       1613.095          0.000
     26/06/1957        297.870             17.482             79.875            100.169            100.344          0.500        750.000          1.000          0.000         14.520         15.000          0.000          0.000       1592.933          0.000
     27/06/1957        297.278             17.124             79.806            100.102            100.247          0.500        750.000          1.000          0.000         17.370         15.000          0.000          0.000       1577.108          0.000
     28/06/1957        296.756             16.789             79.733            100.061            100.173          0.500        750.000          1.000          0.000         14.750         15.000          0.000          0.000       1563.365          0.000
     29/06/1957        296.090             16.316             79.620            100.037            100.118          0.500        750.000          1.000          0.000         15.010         15.000          0.000          0.000       1550.722          0.000
     30/06/1957        295.485             15.882             79.501            100.022            100.080          0.500        750.000          1.000          0.000          7.570         15.000          0.000          0.000       1530.969          0.000
     01/07/1957        299.512             19.419             80.012            100.024            100.057          0.500        750.000          1.000          0.000          0.970         15.000          0.000          0.000       1513.461          0.000
     02/07/1957        307.063             19.463             81.600            103.000            103.000          0.500        750.000          1.000          0.000          5.690         15.000          0.000          0.000       1506.567          0.000
     03/07/1957        304.290             18.632             80.532            102.376            102.750          0.500        750.000          1.000          0.000         10.080         15.000          0.000          0.000       1498.074          0.000
     04/07/1957        302.227             18.167             80.146            101.617            102.297          0.500        750.000          1.000          0.000         11.730         15.000          0.000          0.000       1491.352          0.000
     05/07/1957        300.546             17.744             79.992            101.023            101.787          0.500        750.000          1.000          0.000         13.670         15.000          0.000          0.000       1488.818          0.000
     06/07/1957        299.205             17.354             79.919            100.614            101.318          0.500        750.000          1.000          0.000         11.450         15.000          0.000          0.000       1486.078          0.000
     07/07/1957        299.083             17.912             79.865            100.368            100.938          0.500        750.000          1.000          0.000          7.980         15.000          0.000          0.000       1469.743          0.000
     08/07/1957        298.181             17.506             79.803            100.221            100.651          0.500        750.000          1.000          0.000          9.990         15.000          0.000          0.000       1462.420          0.000
     09/07/1957        297.442             17.131             79.736            100.133            100.444          0.500        750.000          1.000          0.000         10.520         15.000          0.000          0.000       1459.885          0.000
     10/07/1957        296.822             16.781             79.663            100.080            100.298          0.500        750.000          1.000          0.000         10.590         15.000          0.000          0.000       1450.250          0.000
     11/07/1957        296.287             16.453             79.588            100.048            100.198          0.500        750.000          1.000          0.000          9.420         15.000          0.000          0.000       1446.319          0.000
     12/07/1957        295.814             16.146             79.509            100.029            100.130          0.500        750.000          1.000          0.000         10.420         15.000          0.000          0.000       1447.435          0.000
     13/07/1957        295.386             15.855             79.429            100.017            100.085          0.500        750.000          1.000          0.000         12.420         15.000          0.000          0.000       1449.854          0.000
     14/07/1957        294.991             15.580             79.346            100.010            100.055          0.500        750.000          1.000          0.000         14.970         15.000          0.000          0.000       1450.760          0.000
     15/07/1957        294.622             15.318             79.263            100.006            100.036          0.500        750.000          1.000          0.000          9.220         15.000          0.000          0.000       1443.829          0.000
     16/07/1957        295.050             15.864             79.160            100.004            100.023          0.500        750.000          1.000          0.000          2.620         15.000          0.000          0.000       1437.810          0.000
     17/07/1957        294.514             15.447             79.051            100.002            100.015          0.500        750.000          1.000          0.000         10.860         15.000          0.000          0.000       1437.277          0.000
     18/07/1957        294.008             15.061             78.936            100.001            100.009          0.500        750.000          1.000          0.000         14.540         15.000          0.000          0.000       1439.304          0.000
     19/07/1957        293.527             14.703             78.818            100.001            100.006          0.500        750.000          1.000          0.000         13.180         15.000          0.000          0.000       1442.372          0.000
     20/07/1957        294.021             15.296             78.721            100.000            100.004          0.500        750.000          1.000          0.000         10.920         15.000          0.000          0.000       1438.177          0.000
     21/07/1957        295.431             16.742             78.686            100.000            100.002          0.500        750.000          1.000          0.000         10.320         15.000          0.000          0.000       1431.379          0.000
     22/07/1957        294.875             16.243             78.631            100.000            100.001          0.500        750.000          1.000          0.000         12.050         15.000          0.000          0.000       1423.424          0.000
     23/07/1957        294.350             15.789             78.559            100.000            100.001          0.500        750.000          1.000          0.000         10.110         15.000          0.000          0.000       1424.969          0.000
     24/07/1957        293.851             15.373             78.477            100.000            100.001          0.500        750.000          1.000          0.000          9.050         15.000          0.000          0.000       1430.949          0.000
     25/07/1957        293.375             14.988             78.387            100.000            100.000          0.500        750.000          1.000          0.000         10.680         15.000          0.000          0.000       1435.906          0.000
     26/07/1957        299.386             19.411             79.974            100.000            100.000          0.500        750.000          1.000          0.000          3.880         15.000          0.000          0.000       1439.179          0.000
     27/07/1957        302.106             19.407             81.194            101.075            100.430          0.500        750.000          1.000          0.000          5.470         15.000          0.000          0.000       1427.661          0.000
     28/07/1957        301.628             19.166             80.575            101.163            100.723          0.500        750.000          1.000          0.000          9.470         15.000          0.000          0.000       1414.510          0.000
     29/07/1957        300.182             18.336             80.146            100.905            100.796          0.500        750.000          1.000          0.000         11.720         15.000          0.000          0.000       1393.774          0.000
     30/07/1957        298.904             17.636             79.958            100.595            100.716          0.500        750.000          1.000          0.000         10.080         15.000          0.000          0.000       1376.907          0.000
     31/07/1957        297.797             17.027             79.841            100.357            100.572          0.500        750.000          1.000          0.000         12.760         15.000          0.000          0.000       1371.917          0.000
     01/08/1957        296.844             16.485             79.716            100.214            100.429          0.500        750.000          1.000          0.000         14.750         15.000          0.000          0.000       1364.414          0.000
     02/08/1957        296.017             15.995             79.584            100.129            100.309          0.500        750.000          1.000          0.000         13.540         15.000          0.000          0.000       1356.660          0.000
     03/08/1957        295.290             15.549             79.448            100.077            100.216          0.500        750.000          1.000          0.000         15.980         15.000          0.000          0.000       1353.759          0.000
     04/08/1957        294.640             15.137             79.309            100.046            100.148          0.500        750.000          1.000          0.000         19.420         15.000          0.000          0.000       1338.766          0.000
     05/08/1957        294.050             14.754             79.168            100.028            100.100          0.500        750.000          1.000          0.000         17.210         15.000          0.000          0.000       1327.218          0.000
     06/08/1957        293.507             14.398             79.026            100.017            100.067          0.500        750.000          1.000          0.000         14.050         15.000          0.000          0.000       1319.344          0.000
     07/08/1957        293.000             14.064             78.882            100.010            100.044          0.500        750.000          1.000          0.000         15.600         15.000          0.000          0.000       1314.139          0.000
     08/08/1957        292.523             13.751             78.737            100.006            100.029          0.500        750.000          1.000          0.000         12.880         15.000          0.000          0.000       1309.926          0.000
     09/08/1957        291.922             13.356             78.544            100.004            100.019          0.500        750.000          1.000          0.000         16.510         15.000          0.000          0.000       1301.081          0.000
     10/08/1957        291.355             12.991             78.350            100.002            100.012          0.500        750.000          1.000          0.000         13.340         15.000          0.000          0.000       1300.391          0.000
     11/08/1957        290.815             12.650             78.156            100.001            100.008          0.500        750.000          1.000          0.000         11.220         15.000          0.000          0.000       1304.048          0.000
     12/08/1957        290.301             12.333             77.962            100.001            100.005          0.500        750.000          1.000          0.000         14.810         15.000          0.000          0.000       1309.269          0.000
     13/08/1957        289.808             12.035             77.769            100.000            100.003          0.500        750.000          1.000          0.000          8.150         15.000          0.000          0.000       1316.664          0.000
     14/08/1957        289.453             11.826             77.625            100.000            100.002          0.500        750.000          1.000          0.000         13.050         15.000          0.000          0.000       1325.336          0.000
     15/08/1957        289.108             11.626             77.481            100.000            100.001          0.500        750.000          1.000          0.000          4.060         15.000          0.000          0.000       1334.010          0.000
     16/08/1957        296.152             18.670             77.481            100.000            100.001          0.500        750.000          1.000          0.000          3.080         15.000          0.000          0.000       1343.692          0.000
     17/08/1957        297.107             19.223             77.883            100.000            100.001          0.500        750.000          1.000          0.000          6.270         15.000          0.000          0.000       1334.804          0.000
     18/08/1957        295.932             18.048             77.883            100.000            100.000          0.500        750.000          1.000          0.000          9.180         15.000          0.000          0.000       1318.286          0.000
     19/08/1957        295.010             17.126             77.883            100.000            100.000          0.500        750.000          1.000          0.000         10.620         15.000          0.000          0.000       1300.325          0.000
     20/08/1957        294.431             16.548             77.883            100.000            100.000          0.500        750.000          1.000          0.000         11.450         15.000          0.000          0.000       1283.932          0.000
     21/08/1957        293.888             16.027             77.860            100.000            100.000          0.500        750.000          1.000          0.000         15.150         15.000          0.000          0.000       1256.127          0.000
     22/08/1957        293.369             15.553             77.816            100.000            100.000          0.500        750.000          1.000          0.000         11.070         15.000          0.000          0.000       1227.840          0.000
     23/08/1957        299.289             19.320             79.969            100.000            100.000          0.500        750.000          1.000          0.000         15.360         15.000          0.000          0.000       1205.552          0.000
     24/08/1957        298.311             18.388             79.923            100.000            100.000          0.500        750.000          1.000          0.000         15.390         15.000          0.000          0.000       1173.820          0.000
     25/08/1957        297.166             17.365             79.801            100.000            100.000          0.500        750.000          1.000          0.000         15.610         15.000          0.000          0.000       1161.574          0.000
     26/08/1957        296.169             16.530             79.639            100.000            100.000          0.500        750.000          1.000          0.000         12.540         15.000          0.000          0.000       1151.896          0.000
     27/08/1957        295.274             15.816             79.458            100.000            100.000          0.500        750.000          1.000          0.000          8.330         15.000          0.000          0.000       1130.681          0.000
     28/08/1957        294.457             15.191             79.266            100.000            100.000          0.500        750.000          1.000          0.000         11.830         15.000          0.000          0.000       1121.652          0.000
     29/08/1957        293.703             14.635             79.068            100.000            100.000          0.500        750.000          1.000          0.000         14.330         15.000          0.000          0.000       1112.921          0.000
     30/08/1957        292.999             14.133             78.866            100.000            100.000          0.500        750.000          1.000          0.000         15.600         15.000          0.000          0.000       1105.841          0.000
     31/08/1957        292.338             13.677             78.661            100.000            100.000          0.500        750.000          1.000          0.000         19.720         15.000          0.000          0.000       1103.090          0.000
     01/09/1957        291.714             13.259             78.455            100.000            100.000          0.500        750.000          1.000          0.000         11.500         15.000          0.000          0.000       1099.534          0.000
     02/09/1957        291.122             12.873             78.248            100.000            100.000          0.500        750.000          1.000          0.000         12.970         15.000          0.000          0.000       1099.783          0.000
     03/09/1957        290.558             12.516             78.042            100.000            100.000          0.500        750.000          1.000          0.000         14.950         15.000          0.000          0.000       1104.660          0.000
     04/09/1957        290.019             12.184             77.835            100.000            100.000          0.500        750.000          1.000          0.000         15.600         15.000          0.000          0.000       1110.405          0.000
     05/09/1957        289.504             11.874             77.630            100.000            100.000          0.500        750.000          1.000          0.000         11.220         15.000          0.000          0.000       1116.505          0.000
     06/09/1957        289.009             11.584             77.425            100.000            100.000          0.500        750.000          1.000          0.000         15.560         15.000          0.000          0.000       1123.919          0.000
     07/09/1957        289.364             12.163             77.202            100.000            100.000          0.500        750.000          1.000          0.000         12.530         15.000          0.000          0.000       1133.184          0.000
     08/09/1957        288.752             11.777             76.975            100.000            100.000          0.500        750.000          1.000          0.000         17.440         15.000          0.000          0.000       1142.431          0.000
     09/09/1957        288.168             11.422             76.746            100.000            100.000          0.500        750.000          1.000          0.000         18.150         15.000          0.000          0.000       1151.659          0.000
     10/09/1957        287.610             11.094             76.516            100.000            100.000          0.500        750.000          1.000          0.000         16.690         15.000          0.000          0.000       1160.869          0.000
     11/09/1957        287.075             10.789             76.285            100.000            100.000          0.500        750.000          1.000          0.000         14.730         15.000          0.000          0.000       1170.061          0.000
     12/09/1957        286.560             10.506             76.054            100.000            100.000          0.500        750.000          1.000          0.000         16.690         15.000          0.000          0.000       1179.234          0.000
     13/09/1957        286.064             10.241             75.823            100.000            100.000          0.500        750.000          1.000          0.000         15.560         15.000          0.000          0.000       1188.389          0.000
     14/09/1957        285.586              9.994             75.592            100.000            100.000          0.500        750.000          1.000          0.000         16.420         15.000          0.000          0.000       1197.525          0.000
     15/09/1957        285.124              9.761             75.362            100.000            100.000          0.500        750.000          1.000          0.000         18.500         15.000          0.000          0.000       1206.643          0.000
     16/09/1957        284.676              9.543             75.133            100.000            100.000          0.500        750.000          1.000          0.000         10.590         15.000          0.000          0.000       1215.743          0.000
     17/09/1957        284.242              9.337             74.905            100.000            100.000          0.500        750.000          1.000          0.000         16.420         15.000          0.000          0.000       1224.825          0.000
     18/09/1957        283.822              9.144             74.678            100.000            100.000          0.500        750.000          1.000          0.000         21.630         15.000          0.000          0.000       1233.888          0.000
     19/09/1957        283.413              8.961             74.452            100.000            100.000          0.500        750.000          1.000          0.000         24.140         15.000          0.000          0.000       1242.934          0.000
     20/09/1957        283.015              8.788             74.227            100.000            100.000          0.500        750.000          1.000          0.000         21.920         15.000          0.000          0.000       1251.961          0.000
     21/09/1957        282.628              8.624             74.004            100.000            100.000          0.500        750.000          1.000          0.000         21.130         15.000          0.000          0.000       1260.970          0.000
     22/09/1957        282.251              8.469             73.782            100.000            100.000          0.500        750.000          1.000          0.000         27.870         15.000          0.000          0.000       1269.962          0.000
     23/09/1957        281.810              8.292             73.518            100.000            100.000          0.500        750.000          1.000          0.000         28.630         15.000          0.000          0.000       1278.935          0.000
     24/09/1957        281.381              8.126             73.255            100.000            100.000          0.500        750.000          1.000          0.000         20.210         15.000          0.000          0.000       1287.890          0.000
     25/09/1957        280.965              7.970             72.995            100.000            100.000          0.500        750.000          1.000          0.000         22.080         15.000          0.000          0.000       1296.828          0.000
     26/09/1957        280.560              7.823             72.737            100.000            100.000          0.500        750.000          1.000          0.000         22.670         15.000          0.000          0.000       1305.748          0.000
     27/09/1957        280.166              7.684             72.481            100.000            100.000          0.500        750.000          1.000          0.000         24.050         15.000          0.000          0.000       1314.649          0.000
     28/09/1957        279.781              7.553             72.228            100.000            100.000          0.500        750.000          1.000          0.000         21.070         15.000          0.000          0.000       1323.533          0.000
     29/09/1957        279.406              7.430             71.977            100.000            100.000          0.500        750.000          1.000          0.000         23.210         15.000          0.000          0.000       1332.399          0.000
     30/09/1957        279.041              7.313             71.728            100.000            100.000          0.500        750.000          1.000          0.000         19.830         15.000          0.000          0.000       1341.248          0.000
     01/10/1957        279.659              8.146             71.514            100.000            100.000          0.500        750.000          1.000          0.000         17.650         15.000          0.000          0.000       1350.079          0.000
     02/10/1957        279.288              7.988             71.299            100.000            100.000          0.500        750.000          1.000          0.000         14.700         15.000          0.000          0.000       1372.111          0.000
     03/10/1957        278.925              7.840             71.084            100.000            100.000          0.500        750.000          1.000          0.000         20.280         15.000          0.000          0.000       1394.034          0.000
     04/10/1957        278.570              7.701             70.870            100.000            100.000          0.500        750.000          1.000          0.000         23.080         15.000          0.000          0.000       1415.847          0.000
     05/10/1957        278.224              7.569             70.655            100.000            100.000          0.500        750.000          1.000          0.000         20.830         15.000          0.000          0.000       1437.551          0.000
     06/10/1957        277.885              7.445             70.441            100.000            100.000          0.500        750.000          1.000          0.000         21.300         15.000          0.000          0.000       1459.146          0.000
     07/10/1957        277.554              7.327             70.227            100.000            100.000          0.500        750.000          1.000          0.000         20.360         15.000          0.000          0.000       1480.633          0.000
     08/10/1957        277.230              7.216             70.014            100.000            100.000          0.500        750.000          1.000          0.000         21.130         15.000          0.000          0.000       1502.013          0.000
     09/10/1957        276.912              7.111             69.801            100.000            100.000          0.500        750.000          1.000          0.000         20.740         15.000          0.000          0.000       1523.286          0.000
     10/10/1957        276.601              7.011             69.590            100.000            100.000          0.500        750.000          1.000          0.000         26.850         15.000          0.000          0.000       1544.452          0.000
     11/10/1957        276.296              6.917             69.380            100.000            100.000          0.500        750.000          1.000          0.000         35.560         15.000          0.000          0.000       1565.513          0.000
     12/10/1957        275.997              6.827             69.170            100.000            100.000          0.500        750.000          1.000          0.000         30.550         15.000          0.000          0.000       1586.469          0.000
     13/10/1957        275.704              6.742             68.962            100.000            100.000          0.500        750.000          1.000          0.000         29.780         15.000          0.000          0.000       1607.319          0.000
     14/10/1957        275.417              6.662             68.755            100.000            100.000          0.500        750.000          1.000          0.000         23.790         15.000          0.000          0.000       1628.066          0.000
     15/10/1957        275.134              6.585             68.549            100.000            100.000          0.500        750.000          1.000          0.000         28.340         15.000          0.000          0.000       1648.708          0.000
     16/10/1957        274.857              6.512             68.345            100.000            100.000          0.500        750.000          1.000          0.000         25.530         15.000          0.000          0.000       1669.248          0.000
     17/10/1957        274.585              6.443             68.141            100.000            100.000          0.500        750.000          1.000          0.000         34.710         15.000          0.000          0.000       1689.685          0.000
     18/10/1957        274.317              6.377             67.940            100.000            100.000          0.500        750.000          1.000          0.000         29.810         15.000          0.000          0.000       1710.020          0.000
     19/10/1957        274.054              6.315             67.739            100.000            100.000          0.500        750.000          1.000          0.000         28.520         15.000          0.000          0.000       1730.252          0.000
     20/10/1957        273.796              6.255             67.540            100.000            100.000          0.500        750.000          1.000          0.000         19.610         15.000          0.000          0.000       1750.384          0.000
     21/10/1957        273.541              6.199             67.342            100.000            100.000          0.500        750.000          1.000          0.000         21.300         15.000          0.000          0.000       1770.415          0.000
     22/10/1957        273.291              6.145             67.146            100.000            100.000          0.500        750.000          1.000          0.000         26.110         15.000          0.000          0.000       1790.346          0.000
     23/10/1957        273.045              6.094             66.952            100.000            100.000          0.500        750.000          1.000          0.000         26.800         15.000          0.000          0.000       1810.177          0.000
     24/10/1957        272.803              6.045             66.759            100.000            100.000          0.500        750.000          1.000          0.000         27.630         15.000          0.000          0.000       1829.910          0.000
     25/10/1957        274.532              7.894             66.638            100.000            100.000          0.500        750.000          0.999          0.000         17.260         15.000          0.000          0.000       1849.543          0.000
     26/10/1957        274.266              7.752             66.514            100.000            100.000          0.500        750.000          0.995          0.000         18.180         15.000          0.000          0.000       1869.079          0.000
     27/10/1957        275.968              9.491             66.477            100.000            100.000          0.500        750.000          0.994          0.000         17.740         15.000          0.000          0.000       1888.516          0.000
     28/10/1957        275.676              9.249             66.427            100.000            100.000          0.500        750.000          0.992          0.000         19.680         15.000          0.000          0.000       1907.857          0.000
     29/10/1957        293.447             18.171             75.276            100.000            100.000          0.500        750.000          1.000          0.000         13.560         15.000          0.000          0.000       1927.100          0.000
     30/10/1957        305.741             18.141             81.600            103.000            103.000          0.500        750.000          1.000          0.000          8.060         15.000          0.000          0.000       1869.164          0.000
     31/10/1957        303.610             17.767             80.674            102.406            102.763          0.500        750.000          1.000          0.000         15.100         15.000          0.000          0.000       1813.449          0.000
     01/11/1957        300.294             16.331             79.945            101.686            102.332          0.500        750.000          1.000          0.000         13.700         15.000          0.000          0.000       1760.916          0.000
     02/11/1957        299.256             16.703             79.738            101.012            101.804          0.500        750.000          1.000          0.000          5.380         15.000          0.000          0.000       1718.523          0.000
     03/11/1957        305.633             18.033             81.600            103.000            103.000          0.500        750.000          1.000          0.000         17.720         15.000          0.000          0.000       1678.688          0.000
     04/11/1957        301.823             16.468             80.229            102.376            102.750          0.500        750.000          1.000          0.000         24.010         15.000          0.000          0.000       1630.214          0.000
     05/11/1957        305.581             17.981             81.600            103.000            103.000          0.500        750.000          1.000          0.000         15.210         15.000          0.000          0.000       1591.393          0.000
     06/11/1957        305.554             17.954             81.600            103.000            103.000          0.500        750.000          1.000          0.000         32.050         15.000          0.000          0.000       1546.225          0.000
     07/11/1957        301.701             16.364             80.211            102.376            102.750          0.500        750.000          1.000          0.000         15.210         15.000          0.000          0.000       1502.771          0.000
     08/11/1957        298.632             15.188             79.691            101.502            102.251          0.500        750.000          1.000          0.000         12.500         15.000          0.000          0.000       1468.393          0.000
     09/11/1957        296.152             14.242             79.298            100.901            101.711          0.500        750.000          1.000          0.000         20.830         15.000          0.000          0.000       1442.456          0.000
     10/11/1957        293.943             13.316             78.844            100.541            101.243          0.500        750.000          1.000          0.000         25.750         15.000          0.000          0.000       1426.244          0.000
     11/11/1957        292.135             12.540             78.395            100.324            100.875          0.500        750.000          1.000          0.000         26.830         15.000          0.000          0.000       1416.980          0.000
     12/11/1957        290.626             11.875             77.953            100.195            100.603          0.500        750.000          1.000          0.000         28.520         15.000          0.000          0.000       1416.204          0.000
     13/11/1957        289.485             11.379             77.581            100.117            100.409          0.500        750.000          1.000          0.000         24.260         15.000          0.000          0.000       1423.772          0.000
     14/11/1957        288.356             10.860             77.153            100.070            100.273          0.500        750.000          1.000          0.000         19.660         15.000          0.000          0.000       1438.467          0.000
     15/11/1957        287.354             10.399             76.732            100.042            100.181          0.500        750.000          1.000          0.000         23.790         15.000          0.000          0.000       1456.139          0.000
     16/11/1957        286.450              9.988             76.318            100.025            100.119          0.500        750.000          1.000          0.000         24.010         15.000          0.000          0.000       1473.723          0.000
     17/11/1957        285.621              9.617             75.911            100.015            100.077          0.500        750.000          1.000          0.000         23.410         15.000          0.000          0.000       1491.218          0.000
     18/11/1957        284.853              9.282             75.511            100.009            100.050          0.500        750.000          1.000          0.000         26.340         15.000          0.000          0.000       1508.626          0.000
     19/11/1957        284.133              8.978             75.118            100.005            100.032          0.500        750.000          1.000          0.000         28.340         15.000          0.000          0.000       1525.947          0.000
     20/11/1957        283.454              8.700             74.730            100.003            100.021          0.500        750.000          1.000          0.000         28.220         15.000          0.000          0.000       1543.182          0.000
     21/11/1957        282.810              8.446             74.349            100.002            100.013          0.500        750.000          1.000          0.000         22.820         15.000          0.000          0.000       1560.330          0.000
     22/11/1957        282.195              8.213             73.973            100.001            100.008          0.500        750.000          1.000          0.000         24.070         15.000          0.000          0.000       1577.392          0.000
     23/11/1957        289.538             15.559             73.973            100.001            100.005          0.500        750.000          1.000          0.000         31.870         15.000          0.000          0.000       1594.370          0.000
     24/11/1957        288.320             14.343             73.973            100.000            100.003          0.500        750.000          1.000          0.000         31.020         15.000          0.000          0.000       1547.487          0.000
     25/11/1957        287.346             13.371             73.973            100.000            100.002          0.500        750.000          1.000          0.000         27.010         15.000          0.000          0.000       1511.714          0.000
     26/11/1957        289.592             15.617             73.973            100.000            100.001          0.500        750.000          1.000          0.000         22.820         15.000          0.000          0.000       1486.258          0.000
     27/11/1957        288.332             14.358             73.973            100.000            100.001          0.500        750.000          1.000          0.000         27.540         15.000          0.000          0.000       1458.638          0.000
     28/11/1957        287.335             13.362             73.973            100.000            100.001          0.500        750.000          1.000          0.000         22.020         15.000          0.000          0.000       1440.754          0.000
     29/11/1957        286.459             12.539             73.920            100.000            100.000          0.500        750.000          1.000          0.000         24.890         15.000          0.000          0.000       1432.151          0.000
     30/11/1957        285.635             11.840             73.795            100.000            100.000          0.500        750.000          1.000          0.000         25.530         15.000          0.000          0.000       1432.541          0.000
     01/12/1957        284.857             11.237             73.620            100.000            100.000          0.500        750.000          1.000          0.000         27.860         15.000          0.000          0.000       1441.797          0.000
     02/12/1957        284.120             10.709             73.411            100.000            100.000          0.500        750.000          1.000          0.000         23.310         15.000          0.000          0.000       1458.026          0.000
     03/12/1957        283.421             10.243             73.177            100.000            100.000          0.500        750.000          1.000          0.000         28.340         15.000          0.000          0.000       1474.173          0.000
     04/12/1957        284.655             11.586             73.069            100.000            100.000          0.500        750.000          1.000          0.000         27.630         15.000          0.000          0.000       1490.239          0.000
     05/12/1957        283.929             11.015             72.913            100.000            100.000          0.500        750.000          1.000          0.000         20.650         15.000          0.000          0.000       1506.225          0.000
     06/12/1957        283.238             10.514             72.724            100.000            100.000          0.500        750.000          1.000          0.000         23.190         15.000          0.000          0.000       1522.131          0.000
     07/12/1957        282.579             10.070             72.509            100.000            100.000          0.500        750.000          1.000          0.000         22.820         15.000          0.000          0.000       1537.958          0.000
     08/12/1957        281.949              9.673             72.277            100.000            100.000          0.500        750.000          1.000          0.000         25.040         15.000          0.000          0.000       1553.706          0.000
     09/12/1957        281.259              9.265             71.994            100.000            100.000          0.500        750.000          1.000          0.000         25.530         15.000          0.000          0.000       1569.374          0.000
     10/12/1957        280.600              8.902             71.698            100.000            100.000          0.500        750.000          1.000          0.000         24.620         15.000          0.000          0.000       1584.965          0.000
     11/12/1957        279.969              8.576             71.392            100.000            100.000          0.500        750.000          1.000          0.000         27.700         15.000          0.000          0.000       1600.477          0.000
     12/12/1957        279.363              8.284             71.079            100.000            100.000          0.500        750.000          1.000          0.000         34.550         15.000          0.000          0.000       1615.912          0.000
     13/12/1957        278.781              8.020             70.761            100.000            100.000          0.500        750.000          1.000          0.000         27.130         15.000          0.000          0.000       1631.270          0.000
     14/12/1957        286.913             16.152             70.761            100.000            100.000          0.500        750.000          1.000          0.000         32.970         15.000          0.000          0.000       1646.551          0.000
     15/12/1957        285.279             14.518             70.761            100.000            100.000          0.500        750.000          1.000          0.000         26.550         15.000          0.000          0.000       1595.894          0.000
     16/12/1957        295.634             16.755             78.879            100.000            100.000          0.500        750.000          1.000          0.000         23.410         15.000          0.000          0.000       1558.716          0.000
     17/12/1957        300.988             17.176             81.600            101.580            100.632          0.500        750.000          1.000          0.000         26.680         15.000          0.000          0.000       1511.420          0.000
     18/12/1957        297.921             15.379             80.029            101.524            100.989          0.500        750.000          1.000          0.000         21.240         15.000          0.000          0.000       1465.941          0.000
     19/12/1957        295.435             14.096             79.450            100.925            100.963          0.500        750.000          1.000          0.000         25.160         15.000          0.000          0.000       1431.760          0.000
     20/12/1957        293.352             13.087             78.911            100.555            100.800          0.500        750.000          1.000          0.000         25.160         15.000          0.000          0.000       1408.060          0.000
     21/12/1957        291.589             12.255             78.388            100.333            100.613          0.500        750.000          1.000          0.000         27.860         15.000          0.000          0.000       1394.241          0.000
     22/12/1957        290.079             11.552             77.879            100.200            100.448          0.500        750.000          1.000          0.000         28.250         15.000          0.000          0.000       1389.901          0.000
     23/12/1957        288.766             10.948             77.382            100.120            100.317          0.500        750.000          1.000          0.000         28.960         15.000          0.000          0.000       1394.820          0.000
     24/12/1957        287.608             10.421             76.897            100.072            100.219          0.500        750.000          1.000          0.000         28.780         15.000          0.000          0.000       1408.953          0.000
     25/12/1957        286.571              9.957             76.423            100.043            100.149          0.500        750.000          1.000          0.000         29.510         15.000          0.000          0.000       1423.414          0.000
     26/12/1957        285.629              9.545             75.959            100.026            100.099          0.500        750.000          1.000          0.000         36.070         15.000          0.000          0.000       1437.803          0.000
     27/12/1957        284.762              9.176             75.504            100.016            100.066          0.500        750.000          1.000          0.000         29.370         15.000          0.000          0.000       1452.120          0.000
     28/12/1957        283.956              8.846             75.058            100.009            100.043          0.500        750.000          1.000          0.000         22.730         15.000          0.000          0.000       1466.365          0.000
     29/12/1957        283.201              8.547             74.621            100.006            100.028          0.500        750.000          1.000          0.000         24.720         15.000          0.000          0.000       1480.539          0.000
     30/12/1957        282.489              8.276             74.191            100.003            100.018          0.500        750.000          1.000          0.000         29.230         15.000          0.000          0.000       1494.642          0.000
     31/12/1957        281.813              8.030             73.770            100.002            100.012          0.500        750.000          1.000          0.000         24.720         15.000          0.000          0.000       1508.675          0.000
     01/01/1958        282.125              8.713             73.403            100.001            100.008          0.500        750.000          1.000          0.000          4.970         15.000          0.000          0.000       1522.638          0.000
