Summary_file = output\coonamble_lg1_50_LongFallow1_deep_AvgWindow.sum
Title = site=coonamble; soil=lg1; treatment=LongFallow1; Nrate=50; RootDepth=deep; Sowing = AvgWindow
           date      year      wht_yield         wht_ep     wht_laimax      chk_yield         chk_ep     chk_laimax      sor_yield         sor_ep     sor_laimax    avg_residue    max_residue    min_residue annual_rainfall  annual_runoff      annual_es   annual_drain
             ()    (year)        (kg/ha)           (mm)      (m^2/m^2)        (kg/ha)           (mm)      (m^2/m^2)        (kg/ha)           (mm)      (m^2/m^2)        (kg/ha)        (kg/ha)        (kg/ha)            (mm)           (mm)           (mm)           (mm)
     31/12/1957      1957          0.000          0.000          0.000          0.000          0.000          0.000          0.000          0.000          0.000          5.811          9.784          0.000         240.300          9.978        260.706         21.140
     31/12/1958      1958       5194.754        243.391          5.335          0.000          0.000          0.000          0.000          0.000          0.000       1332.750       9650.820          0.000         642.900         48.516        414.971         86.401
     31/12/1959      1959          0.000          0.000          0.000          0.000          0.000          0.000          0.000        129.270          3.098       7979.905       9478.559          0.000         685.200         70.467        226.079        198.395
     31/12/1960      1960          0.000          0.000          0.000          0.000          0.000          0.000       3103.874         75.145          2.956       7022.247       9073.390          0.000         399.100          0.386        298.571          0.001
     31/12/1961      1961       1952.573        154.312          3.258          0.000          0.000          0.000          0.000          0.000          0.000       3771.831       6609.929          0.000         445.200          0.045        356.542          0.000
     31/12/1962      1962          0.000          0.000          0.000          0.000          0.000          0.000          0.000        103.833          3.586       2384.029       5388.684          0.000         641.300          0.050        454.461          0.000
     31/12/1963      1963          0.000          0.000          0.000          0.000          0.000          0.000       5390.679        142.290          3.516       3853.264       6692.404          0.000         555.600         17.264        370.359          0.000
     31/12/1964      1964       2457.612        151.076          3.578          0.000          0.000          0.000          0.000          0.000          0.000       1566.414       6238.902          0.000         449.100          0.252        372.809         10.078
     31/12/1965      1965          0.000          0.000          0.000          0.000          0.000          0.000          0.000          5.787          0.261       5062.154       5696.299          0.000         342.700          3.411        240.251          0.000
     31/12/1966      1966          0.000          0.000          0.000          0.000          0.000          0.000       3314.353        158.805          3.366       3443.817       5547.099          0.000         374.800          0.000        349.544          0.000
     31/12/1967      1967       1795.640        135.718          3.240          0.000          0.000          0.000          0.000          0.000          0.000       1530.397       5014.418          0.000         327.800          1.325        248.164          0.000
     31/12/1968      1968          0.000          0.000          0.000          0.000          0.000          0.000          0.000          0.000          0.000       2190.265       4752.075          0.000         519.800          7.905        364.116          0.000
     31/12/1969      1969          0.000          0.000          0.000          0.000          0.000          0.000       3866.474        170.415          3.209       1159.227       4240.803          0.000         671.000          7.056        507.561          0.000
     31/12/1970      1970          0.000          0.000          0.000          0.000          0.000          0.000          0.000          0.000          0.000         18.058        101.193          0.000         601.600         14.814        477.596          0.000
     31/12/1971      1971          0.000          0.000          0.000          0.000          0.000          0.000          0.000         74.732          3.376          0.149          0.699          0.000         617.500         28.138        449.692        142.204
     31/12/1972      1972          0.000          0.000          0.000          0.000          0.000          0.000       5363.579        170.663          3.556       3425.656       5620.823          0.000         467.300          0.729        358.046          0.001
     31/12/1973      1973       5060.265        230.117          4.712          0.000          0.000          0.000          0.000          0.000          0.000       1188.970       7912.984          0.000         873.600         39.788        458.891         60.796
     31/12/1974      1974          0.000          0.000          0.000          0.000          0.000          0.000          0.000        111.597          3.193       4011.833       7023.955          0.000         593.200         43.008        351.767        169.073
     31/12/1975      1975          0.000          0.000          0.000          0.000          0.000          0.000       3975.115         96.353          3.160       2196.505       4973.906          0.000         485.500          0.023        365.883          0.000
     31/12/1976      1976       2761.079        174.128          4.171          0.000          0.000          0.000          0.000          0.000          0.000        780.076       6809.029          0.000         624.200         32.850        423.716         50.465
     31/12/1977      1977          0.000          0.000          0.000          0.000          0.000          0.000          0.000          0.000          0.000       4356.884       6063.303          0.000         498.800         22.943        295.767         48.732
     31/12/1978      1978          0.000          0.000          0.000          0.000          0.000          0.000       4576.305        211.936          3.154       3349.819       5510.276          0.000         738.800         15.408        419.573          7.123
     31/12/1979      1979       2156.036        140.242          2.576          0.000          0.000          0.000          0.000          0.000          0.000       1472.840       5441.010          0.000         325.400          0.000        332.904         44.374
     31/12/1980      1980          0.000          0.000          0.000          0.000          0.000          0.000          0.000          5.379          0.295       3043.974       5045.739          0.000         533.300         31.855        332.329         24.923
     31/12/1981      1981          0.000          0.000          0.000          0.000          0.000          0.000       3884.303        180.896          3.209       1854.144       4226.235          0.000         500.600          4.172        372.026          0.002
     31/12/1982      1982          0.000          0.000          0.000          0.000          0.000          0.000          0.000          0.000          0.000         70.728        310.788          0.000         368.300         14.266        295.259         27.801
     31/12/1983      1983          0.000          0.000          0.000          0.000          0.000          0.000          0.000        120.327          3.470          3.106         16.120          0.000         734.100         26.469        547.769        110.987
     31/12/1984      1984          0.000          0.000          0.000          0.000          0.000          0.000       6241.654        178.555          3.423       4112.224       7174.644          0.000         737.300         29.689        405.748         39.889
     31/12/1985      1985       3425.723        199.839          4.497          0.000          0.000          0.000          0.000          0.000          0.000       2243.550       7649.976          0.000         490.100          0.930        334.047         12.738
     31/12/1986      1986          0.000          0.000          0.000          0.000          0.000          0.000          0.000         49.527          2.025       3937.452       5925.697          0.000         352.400          0.000        337.765          0.000
     31/12/1987      1987          0.000          0.000          0.000          0.000          0.000          0.000       3145.784        118.175          3.100       2550.574       4327.673          0.000         439.300          0.000        391.841          0.000
     31/12/1988      1988       1515.003        108.391          2.322          0.000          0.000          0.000          0.000          0.000          0.000        570.939       3419.437          0.000         537.400          1.220        440.137          0.000
     31/12/1989      1989          0.000          0.000          0.000          0.000          0.000          0.000          0.000          0.000          0.000        841.035       2566.140          0.000         513.600          5.218        425.066          0.000
     31/12/1990      1990          0.000          0.000          0.000          0.000          0.000          0.000          0.000          0.000          0.000         73.994        225.377          0.000         487.500         30.338        361.981         25.896
     31/12/1991      1991       3057.644        202.956          5.880          0.000          0.000          0.000          0.000          0.000          0.000       1014.634       7523.039          0.000         469.000          6.925        348.212         10.322
     31/12/1992      1992          0.000          0.000          0.000          0.000          0.000          0.000          0.000         82.307          3.773       3905.671       5576.455          0.000         475.200          0.103        382.050          0.000
     31/12/1993      1993          0.000          0.000          0.000          0.000          0.000          0.000       3684.202         97.679          3.759       2165.960       4473.851          0.000         589.200          0.002        499.803          0.000
     31/12/1994      1994          0.000          0.000          0.000          0.000          0.000          0.000          0.000          0.000          0.000         55.213        183.699          0.000         357.300          9.345        306.994          0.000
     31/12/1995      1995          0.000          0.000          0.000          0.000          0.000          0.000          0.000         43.572          2.022          2.310          9.902          0.000         584.200        101.681        385.000          3.458
     31/12/1996      1996          0.000          0.000          0.000          0.000          0.000          0.000       4918.308        182.467          3.689       1426.402       4478.403          0.000         545.700          0.670        441.113          7.173
     31/12/1997      1997       2256.529        118.302          2.615          0.000          0.000          0.000          0.000          0.000          0.000        633.983       4301.381          0.000         496.600          5.530        374.088          0.000
     31/12/1998      1998          0.000          0.000          0.000          0.000          0.000          0.000          0.000        121.274          3.244       1372.726       3429.927          0.000         812.200         39.784        506.260        138.550
     31/12/1999      1999          0.000          0.000          0.000          0.000          0.000          0.000       3765.203         80.268          3.176       1079.975       4075.240          0.000         592.800          9.154        466.390          2.579
     31/12/2000      2000       1907.644        164.427          3.432          0.000          0.000          0.000          0.000          0.000          0.000        581.315       4825.285          0.000         738.900         48.161        417.953         19.278
     31/12/2001      2001          0.000          0.000          0.000          0.000          0.000          0.000          0.000        123.424          3.372       1862.816       3634.178          0.000         447.500          0.011        396.320         40.881
     31/12/2002      2002          0.000          0.000          0.000          0.000          0.000          0.000       4026.687         91.795          3.301       2084.810       4452.280          0.000         206.600          0.000        217.113          0.960
