Summary_file = output\goondiwindi_cd2_50_w1_deep_AvgWindow.sum
Title = site=goondiwindi; soil=cd2; treatment=w1; Nrate=50; RootDepth=deep; Sowing = AvgWindow
           date      year      wht_yield         wht_ep     wht_laimax      chk_yield         chk_ep     chk_laimax      sor_yield         sor_ep     sor_laimax    avg_residue    max_residue    min_residue annual_rainfall  annual_runoff      annual_es   annual_drain
             ()    (year)        (kg/ha)           (mm)      (m^2/m^2)        (kg/ha)           (mm)      (m^2/m^2)        (kg/ha)           (mm)      (m^2/m^2)        (kg/ha)        (kg/ha)        (kg/ha)            (mm)           (mm)           (mm)           (mm)
     31/12/1957      1957          0.000          0.000          0.000          0.000          0.000          0.000          0.000          0.000          0.000          2.660          9.845          0.000         453.500          0.606        468.079         21.882
     31/12/1958      1958       2672.479        147.519          3.337          0.000          0.000          0.000          0.000          0.000          0.000        750.686       5287.839          0.000         662.400         18.985        501.423         89.817
     31/12/1959      1959       2325.135        137.102          3.659          0.000          0.000          0.000          0.000          0.000          0.000       4189.669       7262.849          0.000         654.400         21.763        355.710         24.486
     31/12/1960      1960       1899.339        133.505          3.027          0.000          0.000          0.000          0.000          0.000          0.000       4992.539       8026.354          0.000         450.100          0.066        344.535         42.085
     31/12/1961      1961       1806.488        133.607          2.789          0.000          0.000          0.000          0.000          0.000          0.000       5027.149       7072.781          0.000         745.300         12.016        369.059        159.029
     31/12/1962      1962       1761.478        127.712          2.006          0.000          0.000          0.000          0.000          0.000          0.000       3003.524       5029.415          0.000         871.900         36.396        404.564        353.534
     31/12/1963      1963       1584.534        106.901          2.186          0.000          0.000          0.000          0.000          0.000          0.000       2729.888       4752.430          0.000         577.700          2.413        403.412         81.004
     31/12/1964      1964       2387.370        138.916          3.227          0.000          0.000          0.000          0.000          0.000          0.000       2137.262       4985.463          0.000         650.500          0.000        471.225         28.901
     31/12/1965      1965          0.000          0.000          0.000          0.000          0.000          0.000          0.000          0.000          0.000       2842.624       3823.093          0.000         402.800          0.557        338.303         11.382
     31/12/1966      1966       3481.556        220.477          5.135          0.000          0.000          0.000          0.000          0.000          0.000       1490.086       8328.688          0.000         572.500          1.778        375.474         33.187
     31/12/1967      1967       1629.053        131.780          2.694          0.000          0.000          0.000          0.000          0.000          0.000       5450.764       7422.490          0.000         385.700          1.502        241.388         41.797
     31/12/1968      1968       1839.831        131.669          3.035          0.000          0.000          0.000          0.000          0.000          0.000       3999.706       7274.459          0.000         561.600          0.794        345.492         20.641
     31/12/1969      1969       2341.045        130.835          2.871          0.000          0.000          0.000          0.000          0.000          0.000       4001.546       6455.037          0.000         621.900          7.822        322.301        134.098
     31/12/1970      1970       1932.418        112.494          2.275          0.000          0.000          0.000          0.000          0.000          0.000       2645.722       4856.696          0.000         743.300          8.964        415.606        165.670
     31/12/1971      1971       2125.430        150.042          2.890          0.000          0.000          0.000          0.000          0.000          0.000       1254.893       4265.811          0.000         668.800          3.767        473.512        161.383
     31/12/1972      1972          0.000          0.000          0.000          0.000          0.000          0.000          0.000          0.000          0.000       1225.257       2929.045          0.000         501.100          0.530        446.997          0.000
     31/12/1973      1973       2149.652        128.701          3.218          0.000          0.000          0.000          0.000          0.000          0.000        471.271       4078.939          0.000         727.500         14.998        548.982         92.701
     31/12/1974      1974          0.000          0.000          0.000          0.000          0.000          0.000          0.000          0.000          0.000        321.280       1587.621          0.000         509.100         21.010        437.725          0.000
     31/12/1975      1975       2612.644        138.849          4.018          0.000          0.000          0.000          0.000          0.000          0.000        676.619       5153.783          0.000         692.900         13.730        439.369         83.035
     31/12/1976      1976       2094.558        125.379          2.959          0.000          0.000          0.000          0.000          0.000          0.000       1831.022       4746.457          0.000         817.500         44.415        486.927        212.189
     31/12/1977      1977       1553.719        111.487          2.240          0.000          0.000          0.000          0.000          0.000          0.000       1761.473       4088.793          0.000         614.500          1.124        460.402         98.262
     31/12/1978      1978       2381.250        129.157          3.322          0.000          0.000          0.000          0.000          0.000          0.000       1367.820       6264.263          0.000         799.100          8.230        477.727         40.274
     31/12/1979      1979       1620.920        107.960          2.160          0.000          0.000          0.000          0.000          0.000          0.000       2786.246       4191.962          0.000         488.600          0.000        387.536         54.279
     31/12/1980      1980       1065.716         91.099          2.501          0.000          0.000          0.000          0.000          0.000          0.000       2357.907       3971.055          0.000         387.700          0.000        330.276          0.000
     31/12/1981      1981       1768.533        126.220          3.089          0.000          0.000          0.000          0.000          0.000          0.000       1766.279       4842.974          0.000         664.100         19.014        427.541         44.846
     31/12/1982      1982          0.000          0.000          0.000          0.000          0.000          0.000          0.000          0.000          0.000       1270.809       3366.079          0.000         518.300          1.181        395.401         92.355
     31/12/1983      1983       2906.761        162.620          3.884          0.000          0.000          0.000          0.000          0.000          0.000       1055.216       6585.018          0.000        1019.100         66.824        532.627        260.979
     31/12/1984      1984       1699.094        115.042          2.281          0.000          0.000          0.000          0.000          0.000          0.000       2125.985       4917.448          0.000         798.300         17.701        495.537        228.594
     31/12/1985      1985       1991.112        126.589          2.906          0.000          0.000          0.000          0.000          0.000          0.000       2784.389       5865.528          0.000         568.000          3.187        415.233          4.711
     31/12/1986      1986          0.000          0.000          0.000          0.000          0.000          0.000          0.000          0.000          0.000       1987.312       4004.360          0.000         531.400          0.105        467.892         31.541
     31/12/1987      1987       2740.430        165.250          4.521          0.000          0.000          0.000          0.000          0.000          0.000       1230.376       7034.080          0.000         598.600          1.521        426.100         35.254
     31/12/1988      1988       2316.350        116.753          2.652          0.000          0.000          0.000          0.000          0.000          0.000       2477.340       5243.522          0.000         832.400          5.407        480.674        259.509
     31/12/1989      1989       1638.277        111.400          2.852          0.000          0.000          0.000          0.000          0.000          0.000       2683.118       4985.275          0.000         680.000         27.050        413.380        116.799
     31/12/1990      1990       1784.443        111.758          2.950          0.000          0.000          0.000          0.000          0.000          0.000       1820.170       4961.582          0.000         687.900         22.879        453.052        158.467
     31/12/1991      1991       1418.191        116.736          3.126          0.000          0.000          0.000          0.000          0.000          0.000       2492.786       5031.221          0.000         608.700         15.181        370.066         34.216
     31/12/1992      1992       1133.058         88.208          1.948          0.000          0.000          0.000          0.000          0.000          0.000       2291.288       4244.953          0.000         382.800          0.000        375.588          0.000
     31/12/1993      1993        712.996         54.983          1.875          0.000          0.000          0.000          0.000          0.000          0.000       2211.475       2953.551          0.000         446.500          0.000        386.199          0.000
     31/12/1994      1994          0.000          0.000          0.000          0.000          0.000          0.000          0.000          0.000          0.000        654.370       1898.324          0.000         524.300         12.689        367.978         18.616
     31/12/1995      1995       1691.102        112.156          1.725          0.000          0.000          0.000          0.000          0.000          0.000        356.472       3145.750          0.000         608.600         10.602        436.020         86.360
     31/12/1996      1996       2142.084        132.930          3.416          0.000          0.000          0.000          0.000          0.000          0.000        840.954       4898.299          0.000         961.100        124.274        504.512        243.912
     31/12/1997      1997       1092.308         86.079          1.484          0.000          0.000          0.000          0.000          0.000          0.000       2031.750       3443.956          0.000         747.000         58.653        421.427        127.604
     31/12/1998      1998       2213.113        104.930          3.008          0.000          0.000          0.000          0.000          0.000          0.000       1779.833       5450.396          0.000         891.400         40.324        419.977        308.214
     31/12/1999      1999       1580.148        117.362          2.199          0.000          0.000          0.000          0.000          0.000          0.000       1746.453       4212.904          0.000         848.600          8.516        550.688        190.650
     31/12/2000      2000          0.000          0.000          0.000          0.000          0.000          0.000          0.000          0.000          0.000        775.762       2154.283          0.000         481.900          2.387        427.763         30.994
     31/12/2001      2001       1862.925        135.343          4.138          0.000          0.000          0.000          0.000          0.000          0.000        617.625       4600.684          0.000         584.800         42.579        454.705         68.369
     31/12/2002      2002          0.000          0.000          0.000          0.000          0.000          0.000          0.000          0.000          0.000       1919.017       2698.072          0.000         469.700          5.884        378.647          0.000
