Summary_file = output\goondiwindi_lg1_200_oc2_deep_AvgWindow.sum
Title = site=goondiwindi; soil=lg1; treatment=oc2; Nrate=200; RootDepth=deep; Sowing = AvgWindow
           date      year      wht_yield         wht_ep     wht_laimax      chk_yield         chk_ep     chk_laimax      sor_yield         sor_ep     sor_laimax    avg_residue    max_residue    min_residue annual_rainfall  annual_runoff      annual_es   annual_drain
             ()    (year)        (kg/ha)           (mm)      (m^2/m^2)        (kg/ha)           (mm)      (m^2/m^2)        (kg/ha)           (mm)      (m^2/m^2)        (kg/ha)        (kg/ha)        (kg/ha)            (mm)           (mm)           (mm)           (mm)
     31/12/1957      1957          0.000          0.000          0.000          0.000          0.000          0.000       4646.294        209.517          3.496       1311.877       4455.132          0.000         453.500          0.295        431.475         12.381
     31/12/1958      1958       3576.056        188.613          4.186          0.000          0.000          0.000          0.000          0.000          0.000        882.291       6877.141          0.000         662.400         23.201        481.795          0.000
     31/12/1959      1959          0.000          0.000          0.000       2128.429        155.631          2.546          0.000          0.000          0.000       1799.326       4733.104          0.000         654.400         25.530        426.333          0.000
     31/12/1960      1960       1060.548         86.934          2.525          0.000          0.000          0.000          0.000          0.000          0.000        322.182       2730.346          0.000         450.100          0.086        431.674          0.000
     31/12/1961      1961          0.000          0.000          0.000        832.946        102.325          1.413          0.000          1.542          0.088        331.510       1767.143          0.000         745.300          9.046        513.672          0.000
     31/12/1962      1962       3673.227        225.875          6.580          0.000          0.000          0.000       5697.010        210.753          3.819       2383.854       8110.553          0.000         871.900         88.781        385.962          5.868
     31/12/1963      1963          0.000          0.000          0.000       1709.525        151.417          2.318          0.000          0.000          0.000        974.355       5376.908          0.000         577.700         15.251        435.655          0.000
     31/12/1964      1964       4538.237        213.442          5.775          0.000          0.000          0.000          0.000          0.000          0.000        754.374       6786.179          0.000         650.500          3.724        473.953          0.000
     31/12/1965      1965          0.000          0.000          0.000          0.000          0.000          0.000          0.000          0.000          0.000       1025.574       2774.080          0.000         402.800          1.938        343.483          0.000
     31/12/1966      1966       3703.333        229.745          7.245          0.000          0.000          0.000          0.000          0.000          0.000       1061.604       9482.704          0.000         572.500          4.756        366.857          0.000
     31/12/1967      1967          0.000          0.000          0.000       1163.872        124.596          1.994          0.000          0.000          0.000       2765.859       5977.316          0.000         385.700          4.359        305.428          0.000
     31/12/1968      1968       1324.534         97.236          3.980          0.000          0.000          0.000          0.000          0.000          0.000        794.881       4872.472          0.000         561.600          2.607        405.219          0.000
     31/12/1969      1969          0.000          0.000          0.000       1941.804        158.737          2.785          0.000          1.148          0.075       1052.726       3112.007          0.000         621.900         13.558        397.860          0.000
     31/12/1970      1970          0.000          0.000          0.000          0.000          0.000          0.000       3880.596        181.413          3.201       1559.057       3870.227          0.000         743.300         23.730        455.887          0.000
     31/12/1971      1971          0.000          0.000          0.000          0.000          0.000          0.000       5535.337        320.958          3.952       1977.098       5527.099          0.000         668.800          8.409        415.610          0.000
     31/12/1972      1972          0.000          0.000          0.000          0.000          0.000          0.000       4925.728        109.702          3.218       1820.911       4935.270          0.000         501.100          0.328        424.967          0.000
     31/12/1973      1973       3655.479        197.645          3.653          0.000          0.000          0.000          0.000          0.000          0.000        482.518       5499.424          0.000         727.500         26.111        533.438          0.000
     31/12/1974      1974          0.000          0.000          0.000          0.000          0.000          0.000          0.000         36.655          2.120        203.702       1228.931          0.000         509.100         19.804        430.400          0.000
     31/12/1975      1975       3147.108        165.247          4.771          0.000          0.000          0.000       2478.604         98.321          3.046        930.618       6031.810          0.000         692.900          7.591        414.133          0.000
     31/12/1976      1976          0.000          0.000          0.000       2935.702        214.707          3.157          0.000          0.000          0.000        683.455       3977.061          0.000         817.500         85.624        492.697         14.469
     31/12/1977      1977       2854.449        205.271          6.576          0.000          0.000          0.000          0.000          0.000          0.000       1041.414       7229.142          0.000         614.500         10.509        471.114          0.000
     31/12/1978      1978          0.000          0.000          0.000       2548.837        181.852          3.103          0.000          0.000          0.000        536.620       3755.859          0.000         799.100         15.034        522.653          0.000
     31/12/1979      1979       3146.528        154.047          3.678          0.000          0.000          0.000          0.000          0.000          0.000        585.567       4754.407          0.000         488.600          2.120        380.428          0.000
     31/12/1980      1980          0.000          0.000          0.000          0.000          0.000          0.000          0.000          0.000          0.000        451.113       2001.065          0.000         387.700          0.244        359.381          0.000
     31/12/1981      1981       3808.167        212.819          7.430          0.000          0.000          0.000          0.000          0.000          0.000       1000.427       8928.126          0.000         664.100         32.580        414.898          0.000
     31/12/1982      1982          0.000          0.000          0.000          0.000          0.000          0.000        113.517        128.486          3.047        439.786       3261.353          0.000         518.300          8.243        389.485          0.000
     31/12/1983      1983       5929.551        265.577          6.769          0.000          0.000          0.000       4378.788        100.556          2.812       1856.500      10278.277          0.000        1019.100         81.531        449.318         16.865
     31/12/1984      1984          0.000          0.000          0.000       2127.917        217.636          2.873       6115.855        211.429          3.794       2913.461       6890.490          0.000         798.300         20.609        412.730         32.025
     31/12/1985      1985       2757.614        164.390          5.614          0.000          0.000          0.000          0.000          0.000          0.000       1374.328       6713.042          0.000         568.000         16.815        423.111          0.000
     31/12/1986      1986          0.000          0.000          0.000          0.000          0.000          0.000          0.000          0.000          0.000        293.995       1788.822          0.000         531.400          1.530        478.795          0.000
     31/12/1987      1987       3374.471        192.748          5.656          0.000          0.000          0.000          0.000          0.000          0.000        794.855       8164.871          0.000         598.600          7.347        423.609          0.000
     31/12/1988      1988          0.000          0.000          0.000       2291.110        201.849          3.263          0.000          0.000          0.000        686.913       3807.790          0.000         832.400         34.106        529.760         68.756
     31/12/1989      1989       2883.479        184.956          6.959          0.000          0.000          0.000          0.000          0.000          0.000        959.208       8047.024          0.000         680.000         53.681        427.653          0.000
     31/12/1990      1990          0.000          0.000          0.000       2124.107        191.669          3.011          0.000          0.000          0.000        763.650       3659.313          0.000         687.900         46.423        467.516         20.652
     31/12/1991      1991       1774.756        148.174          5.250          0.000          0.000          0.000          0.000          0.000          0.000        733.567       5686.771          0.000         608.700         31.739        390.755          0.000
     31/12/1992      1992          0.000          0.000          0.000          0.000          0.000          0.000          0.000          0.000          0.000        193.923       1076.316          0.000         382.800          0.241        381.166          0.000
     31/12/1993      1993       2190.057        140.615          4.304          0.000          0.000          0.000          0.000          0.000          0.000        396.685       4819.914          0.000         446.500          4.812        367.815          0.000
     31/12/1994      1994          0.000          0.000          0.000          0.000          0.000          0.000          0.000         41.196          1.879        324.168       2099.188          0.000         524.300         22.126        364.332          0.000
     31/12/1995      1995          0.000          0.000          0.000          0.000          0.000          0.000       4739.875        210.109          3.126       2538.095       5723.919          0.000         608.600          9.166        399.985          0.000
     31/12/1996      1996       4386.237        243.907          6.062          0.000          0.000          0.000       6562.173        240.116          3.688       3084.798       8900.044          0.000         961.100        104.510        383.433          0.000
     31/12/1997      1997          0.000          0.000          0.000       2228.659        217.335          2.731          0.000          0.000          0.000       1165.379       3960.652          0.000         747.000         77.420        420.112         36.582
     31/12/1998      1998       6474.742        222.941          5.069          0.000          0.000          0.000          0.000        128.025          3.369       1111.634       9074.052          0.000         891.400         59.634        398.067         52.494
     31/12/1999      1999          0.000          0.000          0.000       1947.209        196.313          2.983       4981.087        103.193          3.226       1095.106       5095.947          0.000         848.600         14.260        527.390          0.000
     31/12/2000      2000       1663.281        136.716          4.498          0.000          0.000          0.000          0.000          0.000          0.000        432.857       4735.092          0.000         481.900         11.749        399.519          0.000
     31/12/2001      2001          0.000          0.000          0.000       1223.094        132.252          1.990          0.000          0.000          0.000        260.112       2235.402          0.000         584.800         46.831        457.691          0.000
     31/12/2002      2002          0.000          0.000          0.000          0.000          0.000          0.000          0.000          0.000          0.000         92.026        406.312          0.000         469.700         14.818        382.508          0.000
