Summary_file = output\goondiwindi_lg1_200_LongFallow1_deep_AvgWindow.sum
Title = site=goondiwindi; soil=lg1; treatment=LongFallow1; Nrate=200; RootDepth=deep; Sowing = AvgWindow
           date      year      wht_yield         wht_ep     wht_laimax      chk_yield         chk_ep     chk_laimax      sor_yield         sor_ep     sor_laimax    avg_residue    max_residue    min_residue annual_rainfall  annual_runoff      annual_es   annual_drain
             ()    (year)        (kg/ha)           (mm)      (m^2/m^2)        (kg/ha)           (mm)      (m^2/m^2)        (kg/ha)           (mm)      (m^2/m^2)        (kg/ha)        (kg/ha)        (kg/ha)            (mm)           (mm)           (mm)           (mm)
     31/12/1957      1957          0.000          0.000          0.000          0.000          0.000          0.000          0.000          0.000          0.000          2.660          9.845          0.000         453.500          1.390        458.739         31.350
     31/12/1958      1958       4780.753        238.924          4.406          0.000          0.000          0.000          0.000          0.000          0.000       1131.598       8095.803          0.000         662.400         27.470        459.399         90.291
     31/12/1959      1959          0.000          0.000          0.000          0.000          0.000          0.000        356.045        131.939          3.228       4059.272       6642.062          0.000         654.400         28.428        396.751         42.559
     31/12/1960      1960          0.000          0.000          0.000          0.000          0.000          0.000       3554.866         60.490          2.942       1327.422       4932.368          0.000         450.100          0.000        442.657          3.592
     31/12/1961      1961       2244.661        129.820          2.302          0.000          0.000          0.000          0.000          0.000          0.000        220.024       3253.031          0.000         745.300          6.178        497.345          0.000
     31/12/1962      1962          0.000          0.000          0.000          0.000          0.000          0.000          0.000          0.000          0.000         44.956        671.306          0.000         871.900        105.618        508.527        170.961
     31/12/1963      1963          0.000          0.000          0.000          0.000          0.000          0.000       4116.931        189.886          3.220       1048.102       3463.169          0.000         577.700          8.920        431.593         12.713
     31/12/1964      1964       6378.571        285.905          6.994          0.000          0.000          0.000          0.000          0.000          0.000       1057.592       8631.207          0.000         650.500          4.356        461.139         33.861
     31/12/1965      1965          0.000          0.000          0.000          0.000          0.000          0.000          0.000          3.407          0.150       2777.723       4921.773          0.000         402.800          1.317        346.599          0.000
     31/12/1966      1966          0.000          0.000          0.000          0.000          0.000          0.000       1577.759         96.061          2.501        428.234       2217.471          0.000         572.500         10.134        440.442          0.000
     31/12/1967      1967       3082.158        210.317          5.723          0.000          0.000          0.000          0.000          0.000          0.000       1187.473       7988.414          0.000         385.700         14.194        284.144          0.000
     31/12/1968      1968          0.000          0.000          0.000          0.000          0.000          0.000          0.000          4.886          0.286        702.925       5388.980          0.000         561.600          8.711        433.977          0.000
     31/12/1969      1969          0.000          0.000          0.000          0.000          0.000          0.000       1988.189        125.971          2.759        616.185       2654.021          0.000         621.900         34.517        431.288          0.000
     31/12/1970      1970       5670.396        260.397          5.238          0.000          0.000          0.000          0.000          0.000          0.000        808.596       8063.592          0.000         743.300         13.218        418.410          0.000
     31/12/1971      1971          0.000          0.000          0.000          0.000          0.000          0.000          0.000        116.542          3.353        249.408       2775.829          0.000         668.800         18.008        488.574         98.705
     31/12/1972      1972          0.000          0.000          0.000          0.000          0.000          0.000       5371.390        118.156          3.249       1959.980       5130.840          0.000         501.100          0.285        424.720          0.004
     31/12/1973      1973       3818.596        203.113          3.654          0.000          0.000          0.000          0.000          0.000          0.000        492.288       5543.837          0.000         727.500         25.818        533.283          0.000
     31/12/1974      1974          0.000          0.000          0.000          0.000          0.000          0.000          0.000         53.139          2.693        206.697       1246.889          0.000         509.100         19.825        428.837          0.000
     31/12/1975      1975          0.000          0.000          0.000          0.000          0.000          0.000       2572.814         87.796          3.069        414.718       3055.130          0.000         692.900         16.193        481.709          0.000
     31/12/1976      1976       5497.152        255.274          7.171          0.000          0.000          0.000          0.000          0.000          0.000       1074.424       8899.447          0.000         817.500        103.681        455.895        120.010
     31/12/1977      1977          0.000          0.000          0.000          0.000          0.000          0.000        513.281        128.216          2.975        862.193       5238.644          0.000         614.500          3.585        457.436          5.056
     31/12/1978      1978          0.000          0.000          0.000          0.000          0.000          0.000       3971.121         50.322          2.668        681.631       3571.296          0.000         799.100         19.386        549.696         36.775
     31/12/1979      1979       4791.963        222.784          4.323          0.000          0.000          0.000          0.000          0.000          0.000        547.237       6372.013          0.000         488.600          2.874        366.763         38.837
     31/12/1980      1980          0.000          0.000          0.000          0.000          0.000          0.000        119.145         94.642          3.023        754.369       2892.597          0.000         387.700          0.100        341.119          0.000
     31/12/1981      1981          0.000          0.000          0.000          0.000          0.000          0.000       3502.940         42.222          2.761        646.340       3064.746          0.000         664.100         28.176        470.972          0.000
     31/12/1982      1982          0.000          0.000          0.000          0.000          0.000          0.000          0.000          0.000          0.000          3.709         28.627          0.000         518.300         16.867        416.445         21.434
     31/12/1983      1983          0.000          0.000          0.000          0.000          0.000          0.000          0.000        132.967          3.482          0.014          0.141          0.000        1019.100        101.116        612.964        260.425
     31/12/1984      1984          0.000          0.000          0.000          0.000          0.000          0.000       5897.925        103.881          3.323       2165.703       5898.973          0.000         798.300         24.993        500.183         76.968
     31/12/1985      1985       5181.558        261.028          7.180          0.000          0.000          0.000          0.000          0.000          0.000       1527.820      10341.854          0.000         568.000         17.213        371.719         55.651
     31/12/1986      1986          0.000          0.000          0.000          0.000          0.000          0.000          0.000        111.104          3.032       1772.205       5734.498          0.000         531.400          1.496        454.992          0.000
     31/12/1987      1987          0.000          0.000          0.000          0.000          0.000          0.000       3693.860         77.939          2.929        950.098       4056.466          0.000         598.600          1.787        480.797          0.000
     31/12/1988      1988       4639.466        254.841          6.509          0.000          0.000          0.000          0.000          0.000          0.000       1143.635       9501.636          0.000         832.400         36.983        508.151        103.820
     31/12/1989      1989          0.000          0.000          0.000          0.000          0.000          0.000          0.000         94.239          3.352       1524.047       5032.497          0.000         680.000         32.880        433.367          0.000
     31/12/1990      1990          0.000          0.000          0.000          0.000          0.000          0.000       5238.129        146.827          3.322        964.697       5090.149          0.000         687.900         27.604        436.919          3.384
     31/12/1991      1991       2668.441        207.379          6.099          0.000          0.000          0.000          0.000          0.000          0.000        665.502       7234.507          0.000         608.700         38.014        392.312        100.911
     31/12/1992      1992          0.000          0.000          0.000          0.000          0.000          0.000          0.000          0.000          0.000        256.555       1453.008          0.000         382.800          0.267        380.516          0.000
     31/12/1993      1993          0.000          0.000          0.000          0.000          0.000          0.000          0.000          0.000          0.000          3.160         12.840          0.000         446.500          6.234        402.365          0.000
     31/12/1994      1994          0.000          0.000          0.000          0.000          0.000          0.000          0.000          0.000          0.000          0.008          0.067          0.000         524.300         42.339        370.993          2.018
     31/12/1995      1995          0.000          0.000          0.000          0.000          0.000          0.000         42.112        134.118          3.453          0.000          0.000          0.000         608.600         29.756        431.939        122.645
     31/12/1996      1996          0.000          0.000          0.000          0.000          0.000          0.000       5982.441        115.364          3.285       3769.059       6246.758          0.000         961.100        129.613        446.062        128.144
     31/12/1997      1997       3612.862        201.304          3.058          0.000          0.000          0.000          0.000          0.000          0.000       1627.755       5683.650          0.000         747.000         87.887        407.307        218.845
     31/12/1998      1998          0.000          0.000          0.000          0.000          0.000          0.000         30.473        131.549          3.289        725.291       2703.386          0.000         891.400         80.039        544.564        139.534
     31/12/1999      1999          0.000          0.000          0.000          0.000          0.000          0.000       4910.923         91.804          3.118        631.355       4470.850          0.000         848.600         25.906        547.479         24.386
     31/12/2000      2000          0.000          0.000          0.000          0.000          0.000          0.000          0.000          0.000          0.000          3.206         16.787          0.000         481.900         13.274        420.504         72.467
     31/12/2001      2001          0.000          0.000          0.000          0.000          0.000          0.000          0.000        119.506          3.369          0.020          0.119          0.000         584.800         54.670        454.855         80.034
     31/12/2002      2002          0.000          0.000          0.000          0.000          0.000          0.000       3772.242         72.083          3.229        921.211       3586.599          0.000         469.700          7.610        377.594          0.001
