Summary_file = output\coonamble_lg1_50_w3_deep_AvgWindow.sum
Title = site=coonamble; soil=lg1; treatment=w3; Nrate=50; RootDepth=deep; Sowing = AvgWindow
           date      year      wht_yield         wht_ep     wht_laimax      chk_yield         chk_ep     chk_laimax      sor_yield         sor_ep     sor_laimax    avg_residue    max_residue    min_residue annual_rainfall  annual_runoff      annual_es   annual_drain
             ()    (year)        (kg/ha)           (mm)      (m^2/m^2)        (kg/ha)           (mm)      (m^2/m^2)        (kg/ha)           (mm)      (m^2/m^2)        (kg/ha)        (kg/ha)        (kg/ha)            (mm)           (mm)           (mm)           (mm)
     31/12/1957      1957          0.000          0.000          0.000          0.000          0.000          0.000          0.000          0.000          0.000          5.811          9.784          0.000         240.300          9.978        260.706         21.140
     31/12/1958      1958       5194.776        243.391          5.335          0.000          0.000          0.000          0.000          0.000          0.000       1332.743       9650.810          0.000         642.900         48.516        414.971         86.401
     31/12/1959      1959          0.000          0.000          0.000       2543.268        223.966          3.037          0.000          0.000          0.000       8244.606      10128.518          0.000         685.200         67.498        200.013        192.052
     31/12/1960      1960       1253.798         91.432          1.870          0.000          0.000          0.000          0.000          0.000          0.000       7016.280       9693.410          0.000         399.100          0.045        290.239          0.000
     31/12/1961      1961          0.000          0.000          0.000       1144.477        136.868          1.905          0.000          0.000          0.000       4805.506       7022.790          0.000         445.200          0.132        370.458          0.000
     31/12/1962      1962       2002.127        140.012          2.877          0.000          0.000          0.000          0.000          0.000          0.000       1587.747       5229.040          0.000         641.300          0.012        445.121          0.000
     31/12/1963      1963          0.000          0.000          0.000       2347.589        201.883          3.104          0.000          0.000          0.000       1942.452       3912.289          0.000         555.600          2.546        413.508          0.000
     31/12/1964      1964       1903.995         91.227          1.823          0.000          0.000          0.000          0.000          0.000          0.000       1352.637       3756.267          0.000         449.100          0.274        383.351          0.000
     31/12/1965      1965          0.000          0.000          0.000          0.000          0.000          0.000          0.000          0.000          0.000       2426.859       2963.921          0.000         342.700          5.569        246.379          0.000
     31/12/1966      1966          0.000          0.000          0.000          0.000          0.000          0.000          0.000          0.000          0.000        550.235        920.216          0.000         374.800          1.091        366.291          0.000
     31/12/1967      1967       2649.591        183.645          6.539          0.000          0.000          0.000          0.000          0.000          0.000       1329.583       7727.773          0.000         327.800          9.401        248.107          0.000
     31/12/1968      1968          0.000          0.000          0.000       1746.396        154.217          2.628          0.000          0.000          0.000       3459.346       7104.257          0.000         519.800          7.544        342.822          0.000
     31/12/1969      1969       2408.215        126.647          3.090          0.000          0.000          0.000          0.000          0.000          0.000       1212.427       4598.356          0.000         671.000          7.667        497.171          0.000
     31/12/1970      1970          0.000          0.000          0.000          0.000          0.000          0.000          0.000          0.000          0.000       1501.978       3682.116          0.000         601.600          3.320        461.900          0.000
     31/12/1971      1971       3471.944        214.457          4.882          0.000          0.000          0.000          0.000          0.000          0.000        575.913       6086.479          0.000         617.500         22.449        427.012         50.695
     31/12/1972      1972          0.000          0.000          0.000          0.000          0.000          0.000          0.000          0.000          0.000       2887.071       4640.507          0.000         467.300          0.067        376.191          0.000
     31/12/1973      1973       4551.756        212.853          4.492          0.000          0.000          0.000          0.000          0.000          0.000       1178.667       7617.305          0.000         873.600         38.469        459.389        106.440
     31/12/1974      1974          0.000          0.000          0.000       2653.374        206.165          3.009          0.000          0.000          0.000       3979.578       6701.697          0.000         593.200         42.901        327.545        183.630
     31/12/1975      1975       1883.616        120.530          2.762          0.000          0.000          0.000          0.000          0.000          0.000       2381.956       4981.340          0.000         485.500          0.026        371.084          0.000
     31/12/1976      1976          0.000          0.000          0.000       2415.766        205.137          3.139          0.000          0.000          0.000       2011.611       4016.821          0.000         624.200          6.153        410.989          0.000
     31/12/1977      1977       1204.301         93.159          1.779          0.000          0.000          0.000          0.000          0.000          0.000       1309.095       3533.712          0.000         498.800         28.648        331.835          0.000
     31/12/1978      1978          0.000          0.000          0.000       2389.728        187.168          2.947          0.000          0.000          0.000       1456.570       3693.044          0.000         738.800          9.682        474.715          0.000
     31/12/1979      1979       2688.662        165.243          3.546          0.000          0.000          0.000          0.000          0.000          0.000       1312.797       5674.180          0.000         325.400          0.000        323.218          0.000
     31/12/1980      1980          0.000          0.000          0.000       1285.103        150.205          2.323          0.000          0.000          0.000       3066.446       5185.080          0.000         533.300         29.266        331.656          0.000
     31/12/1981      1981       1705.397        113.554          3.110          0.000          0.000          0.000          0.000          0.000          0.000       1512.336       4043.869          0.000         500.600          8.147        351.910          0.000
     31/12/1982      1982          0.000          0.000          0.000          0.000          0.000          0.000          0.000          0.000          0.000       1628.171       3328.236          0.000         368.300          3.193        278.591          0.000
     31/12/1983      1983       5332.880        270.279          7.136          0.000          0.000          0.000          0.000          0.000          0.000       1663.543      10736.080          0.000         734.100         17.386        388.797          0.000
     31/12/1984      1984          0.000          0.000          0.000       1982.906        237.773          2.747          0.000          0.000          0.000       4294.564       8149.603          0.000         737.300         10.710        359.301        271.641
     31/12/1985      1985          0.000          0.000          0.000          0.000          0.000          0.000          0.000          0.000          0.000       2545.497       5138.814          0.000         490.100          0.021        443.033          0.000
     31/12/1986      1986       1503.363         92.526          2.097          0.000          0.000          0.000          0.000          0.000          0.000        264.375       3080.382          0.000         352.400          0.012        341.338          0.000
     31/12/1987      1987          0.000          0.000          0.000          0.000          0.000          0.000          0.000          0.000          0.000        826.711       2728.363          0.000         439.300          0.000        411.035          0.000
     31/12/1988      1988       1119.924         89.125          3.190          0.000          0.000          0.000          0.000          0.000          0.000        425.814       3623.244          0.000         537.400          0.922        435.554          0.000
     31/12/1989      1989          0.000          0.000          0.000       1544.705        141.005          2.120          0.000          0.000          0.000        565.750       2466.195          0.000         513.600          9.389        430.887          0.000
     31/12/1990      1990       2034.452        130.793          3.574          0.000          0.000          0.000          0.000          0.000          0.000        970.449       5356.081          0.000         487.500         26.652        335.538          0.000
     31/12/1991      1991          0.000          0.000          0.000          0.000          0.000          0.000          0.000          0.000          0.000       2983.759       4895.690          0.000         469.000         10.681        355.112          0.000
     31/12/1992      1992       2098.021        124.790          3.027          0.000          0.000          0.000          0.000          0.000          0.000        857.498       4092.982          0.000         475.200          0.080        383.320          0.000
     31/12/1993      1993          0.000          0.000          0.000       2155.121        169.098          2.573          0.000          0.000          0.000       1706.396       3503.875          0.000         589.200          0.032        475.658          0.000
     31/12/1994      1994          0.000          0.000          0.000          0.000          0.000          0.000          0.000          0.000          0.000        307.890       1270.134          0.000         357.300          4.602        291.394          0.000
     31/12/1995      1995       2466.452        148.404          3.890          0.000          0.000          0.000          0.000          0.000          0.000        736.680       5315.312          0.000         584.200         99.899        366.306          0.000
     31/12/1996      1996          0.000          0.000          0.000       1203.937        104.892          1.695          0.000          0.000          0.000       1502.949       3524.170          0.000         545.700          0.000        461.901          0.000
     31/12/1997      1997       1670.910         73.076          1.390          0.000          0.000          0.000          0.000          0.000          0.000        445.706       2422.638          0.000         496.600          4.850        385.374          0.000
     31/12/1998      1998          0.000          0.000          0.000       2795.568        215.284          2.967          0.000          0.000          0.000        729.606       3505.915          0.000         812.200         52.798        480.183          0.000
     31/12/1999      1999       2329.120        157.678          3.189          0.000          0.000          0.000          0.000          0.000          0.000       1061.390       5190.808          0.000         592.800         17.376        435.460          0.000
     31/12/2000      2000          0.000          0.000          0.000       2002.264        207.706          2.118          0.000          0.000          0.000       1448.595       3556.738          0.000         738.900         32.988        439.754          0.000
     31/12/2001      2001       2491.256        161.465          3.641          0.000          0.000          0.000          0.000          0.000          0.000        785.460       5154.673          0.000         447.500          0.807        383.533          0.000
     31/12/2002      2002          0.000          0.000          0.000          0.000          0.000          0.000          0.000          0.000          0.000       2830.432       3910.732          0.000         206.600          0.000        231.950          0.000
