Summary_file = output\goondiwindi_cd2_50_w1_deep_AvgWindow.sum
Title = site=goondiwindi; soil=cd2; treatment=w1; Nrate=50; RootDepth=deep; Sowing = AvgWindow
           date      year      wht_yield         wht_ep     wht_laimax      chk_yield         chk_ep     chk_laimax      sor_yield         sor_ep     sor_laimax    avg_residue    max_residue    min_residue annual_rainfall  annual_runoff      annual_es   annual_drain
             ()    (year)        (kg/ha)           (mm)      (m^2/m^2)        (kg/ha)           (mm)      (m^2/m^2)        (kg/ha)           (mm)      (m^2/m^2)        (kg/ha)        (kg/ha)        (kg/ha)            (mm)           (mm)           (mm)           (mm)
     31/12/1957      1957          0.000          0.000          0.000          0.000          0.000          0.000          0.000          0.000          0.000          2.660          9.845          0.000         453.500          0.606        468.079         21.882
     31/12/1958      1958       2672.479        147.519          3.337          0.000          0.000          0.000          0.000          0.000          0.000        750.901       5325.719          0.000         662.400         18.985        501.392         89.817
     31/12/1959      1959       2297.766        135.911          3.601          0.000          0.000          0.000          0.000          0.000          0.000       4114.926       7081.619          0.000         654.400         21.763        359.206         24.418
     31/12/1960      1960       1896.093        133.359          3.027          0.000          0.000          0.000          0.000          0.000          0.000       4844.059       7894.881          0.000         450.100          0.050        349.148         37.476
     31/12/1961      1961       1814.190        134.001          2.811          0.000          0.000          0.000          0.000          0.000          0.000       4973.664       6968.740          0.000         745.300         12.016        370.921        154.720
     31/12/1962      1962       1729.192        125.752          1.986          0.000          0.000          0.000          0.000          0.000          0.000       2912.371       4942.569          0.000         871.900         36.396        407.638        353.193
     31/12/1963      1963       1577.569        106.614          2.185          0.000          0.000          0.000          0.000          0.000          0.000       2579.197       4611.417          0.000         577.700          2.662        408.070         77.635
     31/12/1964      1964       2495.173        140.480          3.234          0.000          0.000          0.000          0.000          0.000          0.000       1902.824       4933.800          0.000         650.500          0.000        479.080         22.019
     31/12/1965      1965          0.000          0.000          0.000          0.000          0.000          0.000          0.000          0.000          0.000       2773.452       3757.526          0.000         402.800          0.592        338.773          6.324
     31/12/1966      1966       3486.571        220.801          5.151          0.000          0.000          0.000          0.000          0.000          0.000       1485.868       8340.754          0.000         572.500          1.769        375.380         32.925
     31/12/1967      1967       1633.954        132.231          2.719          0.000          0.000          0.000          0.000          0.000          0.000       5465.642       7432.797          0.000         385.700          1.507        240.906         41.968
     31/12/1968      1968       1777.155        128.144          2.899          0.000          0.000          0.000          0.000          0.000          0.000       3937.256       7284.491          0.000         561.600          0.628        347.394         21.616
     31/12/1969      1969       2182.344        127.354          2.796          0.000          0.000          0.000          0.000          0.000          0.000       3747.563       6112.478          0.000         621.900          8.361        332.832        127.243
     31/12/1970      1970       2003.373        113.632          2.286          0.000          0.000          0.000          0.000          0.000          0.000       2317.145       4717.967          0.000         743.300          8.899        420.131        160.294
     31/12/1971      1971       2142.378        150.876          2.917          0.000          0.000          0.000          0.000          0.000          0.000       1021.016       4245.493          0.000         668.800          4.780        485.575        150.435
     31/12/1972      1972          0.000          0.000          0.000          0.000          0.000          0.000          0.000          0.000          0.000        980.930       2646.003          0.000         501.100          0.682        446.463          0.000
     31/12/1973      1973       2148.702        128.648          3.217          0.000          0.000          0.000          0.000          0.000          0.000        440.870       4072.054          0.000         727.500         15.626        549.667         89.037
     31/12/1974      1974          0.000          0.000          0.000          0.000          0.000          0.000          0.000          0.000          0.000        302.946       1530.313          0.000         509.100         21.043        437.694          0.000
     31/12/1975      1975       2612.637        138.849          4.018          0.000          0.000          0.000          0.000          0.000          0.000        678.026       5171.885          0.000         692.900         13.735        439.236         82.599
     31/12/1976      1976       2111.562        125.886          2.980          0.000          0.000          0.000          0.000          0.000          0.000       1804.220       4759.376          0.000         817.500         44.651        485.825        213.054
     31/12/1977      1977       1550.987        110.868          2.165          0.000          0.000          0.000          0.000          0.000          0.000       1594.024       4000.380          0.000         614.500          1.131        463.035         95.521
     31/12/1978      1978       2404.459        129.837          3.333          0.000          0.000          0.000          0.000          0.000          0.000       1304.526       6299.550          0.000         799.100          8.617        480.245         36.935
     31/12/1979      1979       1582.181        106.369          2.152          0.000          0.000          0.000          0.000          0.000          0.000       2689.557       4159.585          0.000         488.600          0.000        390.583         54.342
     31/12/1980      1980       1050.646         89.891          2.488          0.000          0.000          0.000          0.000          0.000          0.000       2203.563       3798.299          0.000         387.700          0.000        332.012          0.000
     31/12/1981      1981       1787.745        127.218          3.145          0.000          0.000          0.000          0.000          0.000          0.000       1659.146       4868.324          0.000         664.100         19.768        429.537         39.848
     31/12/1982      1982          0.000          0.000          0.000          0.000          0.000          0.000          0.000          0.000          0.000       1141.851       3268.227          0.000         518.300          1.418        397.573         89.585
     31/12/1983      1983       2925.125        163.820          3.953          0.000          0.000          0.000          0.000          0.000          0.000       1060.747       6662.707          0.000        1019.100         68.011        530.574        260.281
     31/12/1984      1984       1696.845        114.992          2.280          0.000          0.000          0.000          0.000          0.000          0.000       2162.280       4934.620          0.000         798.300         17.519        494.225        229.973
     31/12/1985      1985       1960.961        124.531          2.843          0.000          0.000          0.000          0.000          0.000          0.000       2703.353       5760.538          0.000         568.000          3.319        418.874          4.719
     31/12/1986      1986          0.000          0.000          0.000          0.000          0.000          0.000          0.000          0.000          0.000       1791.985       3851.712          0.000         531.400          0.076        470.040         27.939
     31/12/1987      1987       2768.882        165.925          4.585          0.000          0.000          0.000          0.000          0.000          0.000       1225.983       7108.581          0.000         598.600          1.654        425.149         35.101
     31/12/1988      1988       2383.660        117.249          2.625          0.000          0.000          0.000          0.000          0.000          0.000       2389.088       5178.747          0.000         832.400          5.955        483.837        257.534
     31/12/1989      1989       1609.100        110.167          2.728          0.000          0.000          0.000          0.000          0.000          0.000       2602.240       4777.261          0.000         680.000         27.030        416.347        114.079
     31/12/1990      1990       1796.389        113.087          2.981          0.000          0.000          0.000          0.000          0.000          0.000       1619.359       4955.789          0.000         687.900         25.343        458.584        149.869
     31/12/1991      1991       1410.431        116.206          3.110          0.000          0.000          0.000          0.000          0.000          0.000       2350.774       4939.269          0.000         608.700         15.329        371.486         31.746
     31/12/1992      1992       1121.911         87.259          1.932          0.000          0.000          0.000          0.000          0.000          0.000       2083.864       4117.491          0.000         382.800          0.000        376.819          0.000
     31/12/1993      1993        667.401         52.060          1.810          0.000          0.000          0.000          0.000          0.000          0.000       2050.959       2756.458          0.000         446.500          0.000        389.265          0.000
     31/12/1994      1994          0.000          0.000          0.000          0.000          0.000          0.000          0.000          0.000          0.000        545.086       1655.956          0.000         524.300         13.299        368.993         16.268
     31/12/1995      1995       1690.501        112.121          1.725          0.000          0.000          0.000          0.000          0.000          0.000        310.198       3137.549          0.000         608.600         11.338        436.939         85.836
     31/12/1996      1996       2148.679        133.254          3.504          0.000          0.000          0.000          0.000          0.000          0.000        844.065       4943.246          0.000         961.100        125.671        504.426        240.670
     31/12/1997      1997       1053.797         84.996          1.471          0.000          0.000          0.000          0.000          0.000          0.000       2067.135       3505.687          0.000         747.000         58.414        420.862        128.902
     31/12/1998      1998       2205.450        104.688          3.003          0.000          0.000          0.000          0.000          0.000          0.000       1786.039       5446.212          0.000         891.400         40.273        419.709        309.879
     31/12/1999      1999       1586.663        115.535          2.046          0.000          0.000          0.000          0.000          0.000          0.000       1544.873       4222.602          0.000         848.600          9.404        553.712        188.440
     31/12/2000      2000          0.000          0.000          0.000          0.000          0.000          0.000          0.000          0.000          0.000        687.822       1902.304          0.000         481.900          2.622        428.030         30.668
     31/12/2001      2001       1892.853        136.420          4.241          0.000          0.000          0.000          0.000          0.000          0.000        616.366       4653.916          0.000         584.800         42.798        454.565         68.123
     31/12/2002      2002          0.000          0.000          0.000          0.000          0.000          0.000          0.000          0.000          0.000       1951.770       2716.841          0.000         469.700          5.809        378.338          0.000
