Summary_file = output\goondiwindi_lg1_50_w3_deep_AvgWindow.sum
Title = site=goondiwindi; soil=lg1; treatment=w3; Nrate=50; RootDepth=deep; Sowing = AvgWindow
           date      year      wht_yield         wht_ep     wht_laimax      chk_yield         chk_ep     chk_laimax      sor_yield         sor_ep     sor_laimax    avg_residue    max_residue    min_residue annual_rainfall  annual_runoff      annual_es   annual_drain
             ()    (year)        (kg/ha)           (mm)      (m^2/m^2)        (kg/ha)           (mm)      (m^2/m^2)        (kg/ha)           (mm)      (m^2/m^2)        (kg/ha)        (kg/ha)        (kg/ha)            (mm)           (mm)           (mm)           (mm)
     31/12/1957      1957       2319.173        191.356          4.296          0.000          0.000          0.000          0.000          0.000          0.000        786.935       5381.813          0.000         453.500          0.405        429.379         21.347
     31/12/1958      1958          0.000          0.000          0.000       2237.214        231.834          3.124          0.000          0.000          0.000       4060.985       6290.028          0.000         662.400          8.371        431.828          0.000
     31/12/1959      1959       2099.160        139.600          3.310          0.000          0.000          0.000          0.000          0.000          0.000       3401.911       6000.453          0.000         654.400         24.163        398.601          0.000
     31/12/1960      1960          0.000          0.000          0.000       1840.673        163.763          2.909          0.000          0.000          0.000       2346.681       4570.312          0.000         450.100          0.000        431.034          0.000
     31/12/1961      1961       1635.974        101.064          2.275          0.000          0.000          0.000          0.000          0.000          0.000        686.622       2606.086          0.000         745.300          5.352        508.788          0.000
     31/12/1962      1962          0.000          0.000          0.000       2248.156        213.346          3.033          0.000          0.000          0.000        566.878       3507.280          0.000         871.900         93.936        483.927        146.488
     31/12/1963      1963       1891.997        124.867          3.198          0.000          0.000          0.000          0.000          0.000          0.000        712.384       4444.650          0.000         577.700         18.976        445.333          0.000
     31/12/1964      1964          0.000          0.000          0.000       2641.260        212.153          2.959          0.000          0.000          0.000       1372.915       3806.156          0.000         650.500          0.314        484.112          0.000
     31/12/1965      1965          0.000          0.000          0.000          0.000          0.000          0.000          0.000          0.000          0.000       1230.658       2270.642          0.000         402.800          1.835        340.498          0.000
     31/12/1966      1966       3650.481        221.399          5.610          0.000          0.000          0.000          0.000          0.000          0.000       1174.401       8699.276          0.000         572.500          5.152        371.254          0.000
     31/12/1967      1967          0.000          0.000          0.000       1471.350        161.106          2.394          0.000          0.000          0.000       5314.274       7194.721          0.000         385.700          3.417        264.998          0.000
     31/12/1968      1968       1780.665        119.353          3.143          0.000          0.000          0.000          0.000          0.000          0.000       1908.527       5824.913          0.000         561.600          1.207        389.652          0.000
     31/12/1969      1969          0.000          0.000          0.000       2436.666        172.897          3.007          0.000          0.000          0.000       2132.862       3521.319          0.000         621.900         11.625        380.699          0.000
     31/12/1970      1970       3420.142        172.245          3.408          0.000          0.000          0.000          0.000          0.000          0.000        916.435       5801.927          0.000         743.300         14.239        420.841          0.000
     31/12/1971      1971          0.000          0.000          0.000       1630.672        197.635          2.321          0.000          0.000          0.000       1255.584       3879.706          0.000         668.800         10.650        477.103        153.756
     31/12/1972      1972          0.000          0.000          0.000          0.000          0.000          0.000          0.000          0.000          0.000        185.838       1227.280          0.000         501.100          2.341        442.027          0.000
     31/12/1973      1973       3837.317        203.721          3.654          0.000          0.000          0.000          0.000          0.000          0.000        664.313       5658.465          0.000         727.500         27.607        524.119          8.592
     31/12/1974      1974          0.000          0.000          0.000       1764.048        129.363          2.505          0.000          0.000          0.000       1563.501       3709.416          0.000         509.100          8.477        413.691          0.000
     31/12/1975      1975       2709.267        163.694          3.945          0.000          0.000          0.000          0.000          0.000          0.000        862.090       6108.006          0.000         692.900         20.651        426.169          0.000
     31/12/1976      1976          0.000          0.000          0.000       2881.280        222.655          3.186          0.000          0.000          0.000       1872.470       4597.660          0.000         817.500         52.344        470.143        129.724
     31/12/1977      1977       2315.855        166.782          3.467          0.000          0.000          0.000          0.000          0.000          0.000       1156.542       5823.757          0.000         614.500         10.610        470.596          0.000
     31/12/1978      1978          0.000          0.000          0.000       2780.938        201.972          3.199          0.000          0.000          0.000       1654.440       4199.182          0.000         799.100          7.876        492.639          0.000
     31/12/1979      1979       2615.639        146.230          2.683          0.000          0.000          0.000          0.000          0.000          0.000        718.445       4545.718          0.000         488.600          2.204        388.624          0.000
     31/12/1980      1980          0.000          0.000          0.000        906.955        111.556          1.598          0.000          0.000          0.000       2031.754       3226.008          0.000         387.700          0.000        339.479          0.000
     31/12/1981      1981       2468.275        154.140          4.186          0.000          0.000          0.000          0.000          0.000          0.000        956.709       5819.208          0.000         664.100         30.531        429.023          0.000
     31/12/1982      1982          0.000          0.000          0.000          0.000          0.000          0.000          0.000          0.000          0.000       1402.219       3741.778          0.000         518.300          2.969        386.279          0.000
     31/12/1983      1983       3611.507        177.658          4.237          0.000          0.000          0.000          0.000          0.000          0.000       1251.577       7653.713          0.000        1019.100         88.383        505.513        202.800
     31/12/1984      1984          0.000          0.000          0.000       2129.358        221.057          2.867          0.000          0.000          0.000       2421.003       5304.062          0.000         798.300         22.757        471.815        266.694
     31/12/1985      1985       2095.572        131.134          3.081          0.000          0.000          0.000          0.000          0.000          0.000       1480.290       5532.746          0.000         568.000         11.491        434.682          0.000
     31/12/1986      1986          0.000          0.000          0.000       1284.444        136.353          1.909          0.000          0.000          0.000       1418.825       3178.998          0.000         531.400          0.188        441.348          0.000
     31/12/1987      1987          0.000          0.000          0.000          0.000          0.000          0.000          0.000          0.000          0.000        151.182       1616.307          0.000         598.600          4.186        495.663          0.000
     31/12/1988      1988       3504.588        199.255          4.706          0.000          0.000          0.000          0.000          0.000          0.000       1187.397       7779.785          0.000         832.400         37.109        511.281        112.386
     31/12/1989      1989          0.000          0.000          0.000       1974.668        187.784          2.761          0.000          0.000          0.000       4354.587       6199.833          0.000         680.000         35.301        372.089         71.288
     31/12/1990      1990       2331.600        150.256          3.373          0.000          0.000          0.000          0.000          0.000          0.000       1577.752       6567.387          0.000         687.900         43.672        455.688         51.272
     31/12/1991      1991          0.000          0.000          0.000       1761.942        193.117          2.659          0.000          0.000          0.000       2959.156       5272.016          0.000         608.700         21.229        368.098          9.801
     31/12/1992      1992       1387.443        101.376          2.032          0.000          0.000          0.000          0.000          0.000          0.000        720.765       3174.954          0.000         382.800          0.000        378.199          0.000
     31/12/1993      1993          0.000          0.000          0.000          0.000          0.000          0.000          0.000          0.000          0.000       1312.306       2129.697          0.000         446.500          0.226        400.649          0.000
     31/12/1994      1994          0.000          0.000          0.000          0.000          0.000          0.000          0.000          0.000          0.000        101.274        263.267          0.000         524.300         35.901        369.172          0.000
     31/12/1995      1995       3228.668        194.299          2.801          0.000          0.000          0.000          0.000          0.000          0.000        680.458       5027.524          0.000         608.600         18.509        419.587         13.230
     31/12/1996      1996          0.000          0.000          0.000       2149.185        200.582          2.682          0.000          0.000          0.000       1150.285       3386.045          0.000         961.100        100.359        479.755        231.230
     31/12/1997      1997       1463.181        104.154          2.009          0.000          0.000          0.000          0.000          0.000          0.000        689.179       3901.441          0.000         747.000        115.904        428.491          0.000
     31/12/1998      1998          0.000          0.000          0.000       2349.377        203.406          3.122          0.000          0.000          0.000       1155.924       3945.109          0.000         891.400         58.255        483.084        166.123
     31/12/1999      1999       2303.077        170.779          3.024          0.000          0.000          0.000          0.000          0.000          0.000        820.758       5414.087          0.000         848.600         27.436        567.578         72.677
     31/12/2000      2000          0.000          0.000          0.000          0.000          0.000          0.000          0.000          0.000          0.000       1265.818       3152.371          0.000         481.900          2.704        416.589          0.000
     31/12/2001      2001       2621.826        186.325          4.253          0.000          0.000          0.000          0.000          0.000          0.000        888.583       6117.764          0.000         584.800         47.114        440.910         71.866
     31/12/2002      2002          0.000          0.000          0.000          0.000          0.000          0.000          0.000          0.000          0.000       2857.407       3905.530          0.000         469.700          6.440        364.515          0.000
