Summary_file = output\goondiwindi_cd2_200_oc2_deep_AvgWindow.sum
Title = site=goondiwindi; soil=cd2; treatment=oc2; Nrate=200; RootDepth=deep; Sowing = AvgWindow
           date      year      wht_yield         wht_ep     wht_laimax      chk_yield         chk_ep     chk_laimax      sor_yield         sor_ep     sor_laimax    avg_residue    max_residue    min_residue annual_rainfall  annual_runoff      annual_es   annual_drain
             ()    (year)        (kg/ha)           (mm)      (m^2/m^2)        (kg/ha)           (mm)      (m^2/m^2)        (kg/ha)           (mm)      (m^2/m^2)        (kg/ha)        (kg/ha)        (kg/ha)            (mm)           (mm)           (mm)           (mm)
     31/12/1957      1957          0.000          0.000          0.000          0.000          0.000          0.000       2648.215        134.791          3.017        806.420       3300.344          0.000         453.500          0.040        446.206          5.707
     31/12/1958      1958       2593.887        144.514          3.325          0.000          0.000          0.000          0.000          0.000          0.000        495.063       5179.649          0.000         662.400         16.595        512.322          0.000
     31/12/1959      1959          0.000          0.000          0.000       1313.631        106.300          2.061          0.000         39.093          2.287        319.625       2177.504          0.000         654.400         26.113        457.833          0.000
     31/12/1960      1960          0.000          0.000          0.000          0.000          0.000          0.000       1409.226         35.561          2.059        286.787       1707.848          0.000         450.100          0.000        446.897          0.000
     31/12/1961      1961       1207.538         78.704          1.712          0.000          0.000          0.000          0.000         16.890          1.099         88.616       2173.035          0.000         745.300          7.187        525.780          0.000
     31/12/1962      1962          0.000          0.000          0.000       1395.047        139.161          2.100       4781.831        158.190          3.663       1728.091       4390.262          0.000         871.900         42.408        431.611        170.929
     31/12/1963      1963       1392.747        107.420          4.202          0.000          0.000          0.000          0.000          0.000          0.000        733.073       4643.533          0.000         577.700         16.449        453.289          0.000
     31/12/1964      1964          0.000          0.000          0.000       2141.340        171.279          2.333          0.000          0.000          0.000        544.145       3107.572          0.000         650.500          1.185        512.138          0.000
     31/12/1965      1965          0.000          0.000          0.000          0.000          0.000          0.000          0.000          0.000          0.000        420.542       1113.510          0.000         402.800          1.548        346.976          0.000
     31/12/1966      1966       3266.510        206.301          6.205          0.000          0.000          0.000          0.000          0.000          0.000        949.295       8651.300          0.000         572.500          0.744        378.548          0.000
     31/12/1967      1967          0.000          0.000          0.000       1025.814        112.526          1.802          0.000          0.000          0.000       2444.630       5895.708          0.000         385.700          4.229        310.811          0.000
     31/12/1968      1968       1180.321         85.987          3.236          0.000          0.000          0.000          0.000          0.000          0.000        712.612       4352.761          0.000         561.600          2.196        418.610          0.000
     31/12/1969      1969          0.000          0.000          0.000       2077.517        139.968          2.800          0.000         46.380          2.471        915.297       2591.547          0.000         621.900         11.287        403.237          0.000
     31/12/1970      1970          0.000          0.000          0.000          0.000          0.000          0.000       3262.097        175.248          3.359        912.737       3070.683          0.000         743.300         22.691        438.610         22.281
     31/12/1971      1971       2578.412        163.438          3.529          0.000          0.000          0.000       5297.125        138.969          3.333       1766.573       4894.436          0.000         668.800          9.976        427.329         57.694
     31/12/1972      1972          0.000          0.000          0.000          0.000          0.000          0.000          0.000         45.618          1.757        231.497       1615.039          0.000         501.100          1.602        447.288          0.000
     31/12/1973      1973       2149.488        128.695          3.219          0.000          0.000          0.000       2004.044         66.422          1.916        573.159       4044.826          0.000         727.500          2.114        527.802          5.231
     31/12/1974      1974          0.000          0.000          0.000          0.000          0.000          0.000          0.000         30.062          1.869        125.411        751.628          0.000         509.100         21.347        434.510          0.000
     31/12/1975      1975       2688.835        140.935          4.064          0.000          0.000          0.000       1791.569         71.079          2.776        743.128       5115.711          0.000         692.900          5.358        432.235          4.044
     31/12/1976      1976          0.000          0.000          0.000       1778.434        128.861          1.872       5533.064        192.369          3.491       1870.114       5344.060          0.000         817.500         55.924        444.916         71.473
     31/12/1977      1977       1511.499        120.059          4.191          0.000          0.000          0.000          0.000          0.000          0.000        646.864       4813.732          0.000         614.500          6.739        481.875         38.201
     31/12/1978      1978          0.000          0.000          0.000       2222.150        157.411          2.694          0.000          0.000          0.000        408.499       3245.093          0.000         799.100         12.019        536.179         13.786
     31/12/1979      1979          0.000          0.000          0.000          0.000          0.000          0.000         69.555         89.400          2.213        177.261        759.894          0.000         488.600          1.550        442.380          1.286
     31/12/1980      1980          0.000          0.000          0.000          0.000          0.000          0.000       2068.344         27.069          2.013        456.539       2033.119          0.000         387.700          0.000        354.701          0.000
     31/12/1981      1981       2519.620        160.694          6.942          0.000          0.000          0.000          0.000          0.000          0.000        686.152       7492.755          0.000         664.100         27.453        439.856          0.000
     31/12/1982      1982          0.000          0.000          0.000          0.000          0.000          0.000         74.776         87.753          2.484        210.196       1994.736          0.000         518.300          7.015        406.198         37.837
     31/12/1983      1983       3855.973        194.889          5.454          0.000          0.000          0.000       2874.198         75.043          2.278       1014.149       7989.222          0.000        1019.100         64.640        508.894        131.240
     31/12/1984      1984          0.000          0.000          0.000       1461.136        138.164          2.299       4742.904        160.727          3.321       1598.574       5060.553          0.000         798.300         19.949        476.785         70.153
     31/12/1985      1985       1807.924        119.169          4.383          0.000          0.000          0.000          0.000          0.000          0.000        884.033       5350.830          0.000         568.000         15.669        439.229          0.000
     31/12/1986      1986          0.000          0.000          0.000        761.666         85.126          1.448          0.000          0.000          0.000        287.530       1557.882          0.000         531.400          0.222        468.083          0.000
     31/12/1987      1987          0.000          0.000          0.000          0.000          0.000          0.000         42.229         75.562          2.605         98.860       1043.276          0.000         598.600          0.819        497.122          0.000
     31/12/1988      1988       2854.397        175.260          4.298          0.000          0.000          0.000       2108.290         35.892          2.230       1029.710       7180.244          0.000         832.400         18.251        505.732        130.942
     31/12/1989      1989          0.000          0.000          0.000       1091.987        109.643          1.966          0.000          0.000          0.000        545.341       2369.826          0.000         680.000         47.602        461.300          9.832
     31/12/1990      1990       2455.484        136.488          5.528          0.000          0.000          0.000          0.000          0.000          0.000        833.994       6503.229          0.000         687.900         49.713        471.518         81.556
     31/12/1991      1991          0.000          0.000          0.000        815.656        105.111          1.791          0.000          0.000          0.000        482.691       3048.088          0.000         608.700         31.731        404.021          0.000
     31/12/1992      1992          0.000          0.000          0.000          0.000          0.000          0.000          0.000          0.000          0.000         53.632        297.543          0.000         382.800          0.000        387.715          0.000
     31/12/1993      1993       1549.700        108.924          3.651          0.000          0.000          0.000          0.000          0.000          0.000        329.340       4023.573          0.000         446.500          4.064        378.258          0.000
     31/12/1994      1994          0.000          0.000          0.000          0.000          0.000          0.000          0.000         43.498          2.099        267.792       1737.122          0.000         524.300         17.798        371.029          7.197
     31/12/1995      1995       1101.861         77.453          1.486          0.000          0.000          0.000       3892.211        156.229          2.610       2106.406       4691.294          0.000         608.600          3.927        402.831          0.000
     31/12/1996      1996          0.000          0.000          0.000       1384.898        125.653          2.066       5260.479        191.878          3.468       1858.053       5455.733          0.000         961.100         78.169        453.520        129.885
     31/12/1997      1997       1790.431        123.702          3.750          0.000          0.000          0.000          0.000          0.000          0.000        538.202       4362.762          0.000         747.000        102.974        434.815         58.149
     31/12/1998      1998          0.000          0.000          0.000       2072.302        155.560          3.029          0.000         63.466          2.379        429.102       3061.853          0.000         891.400         63.139        503.396        153.365
     31/12/1999      1999       1795.327        131.919          3.031          0.000          0.000          0.000       2402.328         62.691          2.200        769.725       4212.383          0.000         848.600         11.536        545.116         33.196
     31/12/2000      2000          0.000          0.000          0.000          0.000          0.000          0.000       2992.951        125.297          2.356        952.264       3009.795          0.000         481.900          0.000        409.818          0.000
     31/12/2001      2001       1669.578        125.310          4.056          0.000          0.000          0.000          0.000          0.000          0.000        397.535       4778.721          0.000         584.800         43.351        457.919          0.000
     31/12/2002      2002          0.000          0.000          0.000          0.000          0.000          0.000          0.000          0.000          0.000        179.890        838.416          0.000         469.700         12.178        388.985          0.000
