Summary_file = output\goondiwindi_cd2_200_LongFallow1_deep_AvgWindow.sum
Title = site=goondiwindi; soil=cd2; treatment=LongFallow1; Nrate=200; RootDepth=deep; Sowing = AvgWindow
           date      year      wht_yield         wht_ep     wht_laimax      chk_yield         chk_ep     chk_laimax      sor_yield         sor_ep     sor_laimax    avg_residue    max_residue    min_residue annual_rainfall  annual_runoff      annual_es   annual_drain
             ()    (year)        (kg/ha)           (mm)      (m^2/m^2)        (kg/ha)           (mm)      (m^2/m^2)        (kg/ha)           (mm)      (m^2/m^2)        (kg/ha)        (kg/ha)        (kg/ha)            (mm)           (mm)           (mm)           (mm)
     31/12/1957      1957          0.000          0.000          0.000          0.000          0.000          0.000          0.000          0.000          0.000          2.660          9.845          0.000         453.500          0.606        468.079         21.882
     31/12/1958      1958       2672.479        147.519          3.337          0.000          0.000          0.000          0.000          0.000          0.000        455.833       5284.717          0.000         662.400         18.985        512.138         89.817
     31/12/1959      1959          0.000          0.000          0.000          0.000          0.000          0.000          0.000         49.366          2.796        101.138        906.409          0.000         654.400         29.137        469.957         30.746
     31/12/1960      1960          0.000          0.000          0.000          0.000          0.000          0.000       2227.474         69.889          2.833        403.854       2596.066          0.000         450.100          0.000        446.146          0.000
     31/12/1961      1961       1442.832         87.369          1.751          0.000          0.000          0.000          0.000          0.000          0.000         98.754       2277.520          0.000         745.300          7.344        524.902          8.522
     31/12/1962      1962          0.000          0.000          0.000          0.000          0.000          0.000          0.000          0.000          0.000         22.330        350.286          0.000         871.900         97.545        520.613        232.321
     31/12/1963      1963          0.000          0.000          0.000          0.000          0.000          0.000       2616.046        119.600          2.657        634.826       2294.962          0.000         577.700          5.656        442.847         36.672
     31/12/1964      1964       4199.538        196.538          4.191          0.000          0.000          0.000          0.000          0.000          0.000        599.212       6108.674          0.000         650.500          2.517        489.710         64.378
     31/12/1965      1965          0.000          0.000          0.000          0.000          0.000          0.000          0.000          3.407          0.150       1341.105       2550.917          0.000         402.800          1.757        347.975          0.000
     31/12/1966      1966          0.000          0.000          0.000          0.000          0.000          0.000        987.780         67.184          2.123        311.507       1728.109          0.000         572.500          6.278        450.676          5.462
     31/12/1967      1967       1960.277        143.890          5.831          0.000          0.000          0.000          0.000          0.000          0.000        952.019       6154.207          0.000         385.700         10.591        289.141         45.957
     31/12/1968      1968          0.000          0.000          0.000          0.000          0.000          0.000          0.000          4.895          0.286        243.928       3134.330          0.000         561.600          6.657        455.907          0.000
     31/12/1969      1969          0.000          0.000          0.000          0.000          0.000          0.000       1430.137         92.509          2.268        422.724       2036.254          0.000         621.900         29.051        441.738         36.323
     31/12/1970      1970       3492.599        157.180          2.981          0.000          0.000          0.000          0.000          0.000          0.000        550.906       5117.815          0.000         743.300         13.512        441.352         89.802
     31/12/1971      1971          0.000          0.000          0.000          0.000          0.000          0.000          0.000         13.720          1.062        103.913       1225.875          0.000         668.800         13.659        527.052        151.579
     31/12/1972      1972          0.000          0.000          0.000          0.000          0.000          0.000       3239.476        124.287          3.124        877.301       3098.285          0.000         501.100          0.376        434.011          0.000
     31/12/1973      1973       2146.061        128.498          3.214          0.000          0.000          0.000          0.000          0.000          0.000        287.910       4032.023          0.000         727.500         18.172        553.851         58.414
     31/12/1974      1974          0.000          0.000          0.000          0.000          0.000          0.000          0.000         44.914          2.324        101.604        599.380          0.000         509.100         21.402        432.699          0.000
     31/12/1975      1975          0.000          0.000          0.000          0.000          0.000          0.000       1697.732         57.033          2.539        251.563       2385.531          0.000         692.900         13.245        490.570         39.775
     31/12/1976      1976          0.000          0.000          0.000          0.000          0.000          0.000          0.000          0.000          0.000          0.628          5.530          0.000         817.500         90.412        555.351        189.771
     31/12/1977      1977          0.000          0.000          0.000          0.000          0.000          0.000        286.746         80.542          2.381          0.000          0.000          0.000         614.500          8.195        483.079        132.764
     31/12/1978      1978          0.000          0.000          0.000          0.000          0.000          0.000       2286.239         28.216          2.042        311.991       2367.972          0.000         799.100         16.121        570.157         87.198
     31/12/1979      1979          0.000          0.000          0.000          0.000          0.000          0.000          0.000          0.000          0.000          1.223          4.578          0.000         488.600          1.911        442.383         64.530
     31/12/1980      1980          0.000          0.000          0.000          0.000          0.000          0.000        127.200         97.786          3.104          0.011          0.047          0.000         387.700          0.664        346.794          2.181
     31/12/1981      1981          0.000          0.000          0.000          0.000          0.000          0.000       3595.169         44.083          2.861        598.248       3196.734          0.000         664.100         24.784        483.319         23.459
     31/12/1982      1982          0.000          0.000          0.000          0.000          0.000          0.000          0.000          0.000          0.000          3.396         26.129          0.000         518.300         10.218        421.379         99.640
     31/12/1983      1983          0.000          0.000          0.000          0.000          0.000          0.000          0.000         95.720          3.184          0.013          0.130          0.000        1019.100         77.564        626.626        286.790
     31/12/1984      1984          0.000          0.000          0.000          0.000          0.000          0.000       4264.012         73.411          3.032       1879.365       4567.458          0.000         798.300         16.463        518.342        120.021
     31/12/1985      1985       2945.960        175.746          6.080          0.000          0.000          0.000          0.000          0.000          0.000        948.667       7916.217          0.000         568.000         11.161        416.596         56.321
     31/12/1986      1986          0.000          0.000          0.000          0.000          0.000          0.000          0.000         49.181          1.879        218.430       1333.449          0.000         531.400          0.819        487.114          0.000
     31/12/1987      1987          0.000          0.000          0.000          0.000          0.000          0.000       2208.033         67.574          2.089        354.496       2531.637          0.000         598.600          0.006        496.330          0.000
     31/12/1988      1988       2247.192        162.246          4.747          0.000          0.000          0.000          0.000          0.000          0.000        494.618       5952.670          0.000         832.400         25.650        539.794        180.206
     31/12/1989      1989          0.000          0.000          0.000          0.000          0.000          0.000          0.000         49.824          2.667        353.532       2407.765          0.000         680.000         48.417        459.753         10.979
     31/12/1990      1990          0.000          0.000          0.000          0.000          0.000          0.000       4103.023        150.252          2.812       1190.823       4784.163          0.000         687.900         16.192        434.858         73.583
     31/12/1991      1991       1378.324        119.012          3.867          0.000          0.000          0.000          0.000          0.000          0.000        419.748       4667.082          0.000         608.700         35.564        406.003         99.778
     31/12/1992      1992          0.000          0.000          0.000          0.000          0.000          0.000          0.000          0.000          0.000        101.757        578.276          0.000         382.800          0.000        387.491          0.000
     31/12/1993      1993          0.000          0.000          0.000          0.000          0.000          0.000          0.000          0.000          0.000          0.965          4.175          0.000         446.500          5.107        406.580          0.000
     31/12/1994      1994          0.000          0.000          0.000          0.000          0.000          0.000          0.000          0.000          0.000          0.001          0.015          0.000         524.300         35.173        376.623         74.619
     31/12/1995      1995          0.000          0.000          0.000          0.000          0.000          0.000         22.395         95.643          3.011          0.000          0.000          0.000         608.600         21.942        442.440        123.495
     31/12/1996      1996          0.000          0.000          0.000          0.000          0.000          0.000       4615.460        101.082          2.851       3124.513       5257.730          0.000         961.100         87.058        465.409        232.082
     31/12/1997      1997       1923.919        123.502          3.250          0.000          0.000          0.000          0.000          0.000          0.000       1065.512       3893.843          0.000         747.000         77.298        432.064        179.889
     31/12/1998      1998          0.000          0.000          0.000          0.000          0.000          0.000         15.473         86.176          2.639         81.103        494.493          0.000         891.400         85.057        566.166        183.025
     31/12/1999      1999          0.000          0.000          0.000          0.000          0.000          0.000       3083.687         58.494          2.481        306.737       3076.595          0.000         848.600         27.732        569.252         82.787
     31/12/2000      2000          0.000          0.000          0.000          0.000          0.000          0.000          0.000          0.000          0.000          1.100          6.105          0.000         481.900          7.390        429.278         69.428
     31/12/2001      2001          0.000          0.000          0.000          0.000          0.000          0.000          0.000         48.252          2.219          0.004          0.034          0.000         584.800         47.851        462.892         76.629
     31/12/2002      2002          0.000          0.000          0.000          0.000          0.000          0.000       1970.730         63.390          2.283        546.397       2300.257          0.000         469.700          9.991        383.142          0.000
