Summary_file = output\warialda_lg1_50_LongFallow1_deep_AvgWindow.sum
Title = site=warialda; soil=lg1; treatment=LongFallow1; Nrate=50; RootDepth=deep; Sowing = AvgWindow
           date      year      wht_yield         wht_ep     wht_laimax      chk_yield         chk_ep     chk_laimax      sor_yield         sor_ep     sor_laimax    avg_residue    max_residue    min_residue annual_rainfall  annual_runoff      annual_es   annual_drain
             ()    (year)        (kg/ha)           (mm)      (m^2/m^2)        (kg/ha)           (mm)      (m^2/m^2)        (kg/ha)           (mm)      (m^2/m^2)        (kg/ha)        (kg/ha)        (kg/ha)            (mm)           (mm)           (mm)           (mm)
     31/12/1957      1957          0.000          0.000          0.000          0.000          0.000          0.000          0.000          0.000          0.000          2.659          9.812          0.000         433.800          2.891        425.133         41.881
     31/12/1958      1958       5473.761        263.043          5.481          0.000          0.000          0.000          0.000          0.000          0.000       1488.215      10260.882          0.000         761.600         35.932        429.936         79.393
     31/12/1959      1959          0.000          0.000          0.000          0.000          0.000          0.000          0.000        152.036          3.700       8025.432       9812.789          0.000         916.800         26.303        247.442        400.233
     31/12/1960      1960          0.000          0.000          0.000          0.000          0.000          0.000       6444.067        170.170          3.582       8302.206      10964.271          0.000         567.000          1.389        287.346        107.967
     31/12/1961      1961       2033.259        155.087          3.057          0.000          0.000          0.000          0.000          0.000          0.000       4186.662       6568.511          0.000         650.900          4.392        388.133        136.288
     31/12/1962      1962          0.000          0.000          0.000          0.000          0.000          0.000          0.000        100.225          3.434       2064.731       5026.390          0.000         803.000         12.475        485.588        209.216
     31/12/1963      1963          0.000          0.000          0.000          0.000          0.000          0.000       5259.014        156.295          3.371       2774.381       6609.415          0.000         722.000         19.235        457.201         32.840
     31/12/1964      1964       3127.071        181.735          4.166          0.000          0.000          0.000          0.000          0.000          0.000        850.092       6722.857          0.000         709.000         41.216        453.492        157.689
     31/12/1965      1965          0.000          0.000          0.000          0.000          0.000          0.000          0.000          3.400          0.140       3006.848       4646.775          0.000         355.900          0.278        338.178          0.000
     31/12/1966      1966          0.000          0.000          0.000          0.000          0.000          0.000       2960.687        149.492          3.079       1740.140       3769.749          0.000         547.400          1.508        437.895          0.000
     31/12/1967      1967       2333.533        189.512          4.192          0.000          0.000          0.000          0.000          0.000          0.000        916.254       5752.279          0.000         455.200         13.538        335.158          0.000
     31/12/1968      1968          0.000          0.000          0.000          0.000          0.000          0.000          0.000        116.520          3.376       2244.075       5453.027          0.000         638.100         12.309        453.310          0.000
     31/12/1969      1969          0.000          0.000          0.000          0.000          0.000          0.000       4848.938        145.342          3.314       2524.152       5725.413          0.000         687.900         11.912        498.138          0.000
     31/12/1970      1970          0.000          0.000          0.000          0.000          0.000          0.000          0.000          0.000          0.000         67.559        478.607          0.000         894.100         87.936        530.494         85.138
     31/12/1971      1971          0.000          0.000          0.000          0.000          0.000          0.000          0.000         10.413          0.690          0.354          2.586          0.000         894.099         91.154        499.492        385.440
     31/12/1972      1972          0.000          0.000          0.000          0.000          0.000          0.000       4734.249        230.156          3.651       2198.936       4972.495          0.000         552.200          0.053        446.482          0.001
     31/12/1973      1973       3621.202        208.487          3.643          0.000          0.000          0.000          0.000          0.000          0.000        629.981       5859.249          0.000         816.400         41.047        469.858          0.000
     31/12/1974      1974          0.000          0.000          0.000          0.000          0.000          0.000          0.000        116.597          3.081       2905.319       4675.175          0.000         610.200         35.448        407.389        133.679
     31/12/1975      1975          0.000          0.000          0.000          0.000          0.000          0.000       4044.512        134.098          3.115       1770.458       4861.174          0.000        1036.400         45.016        524.073        186.760
     31/12/1976      1976       2688.656        152.642          3.187          0.000          0.000          0.000          0.000          0.000          0.000        544.451       5967.587          0.000         817.900        137.416        440.839        220.285
     31/12/1977      1977          0.000          0.000          0.000          0.000          0.000          0.000        122.044        120.814          2.917       2683.540       5382.524          0.000         676.600         32.495        384.780        178.191
     31/12/1978      1978          0.000          0.000          0.000          0.000          0.000          0.000       4271.376         83.017          2.739       1346.504       4672.332          0.000         858.400         19.925        538.044         70.830
     31/12/1979      1979       2768.534        184.107          3.450          0.000          0.000          0.000          0.000          0.000          0.000        715.456       6251.663          0.000         620.300         37.376        383.084        128.443
     31/12/1980      1980          0.000          0.000          0.000          0.000          0.000          0.000          0.000        124.425          3.510       3796.720       6203.667          0.000         533.200          3.802        337.095         28.382
     31/12/1981      1981          0.000          0.000          0.000          0.000          0.000          0.000       5388.885        147.640          3.398       3445.106       6404.913          0.000         668.200         13.311        441.677          0.597
     31/12/1982      1982          0.000          0.000          0.000          0.000          0.000          0.000          0.000          0.000          0.000        128.948        804.163          0.000         525.900         20.154        383.335        117.945
     31/12/1983      1983          0.000          0.000          0.000          0.000          0.000          0.000          0.000        107.986          3.452          3.028         18.998          0.000         957.300         68.611        651.541        224.377
     31/12/1984      1984          0.000          0.000          0.000          0.000          0.000          0.000       5905.636        138.103          3.419       3705.722       6449.130          0.000         832.400         24.275        448.192        124.486
     31/12/1985      1985       2356.720        160.405          2.986          0.000          0.000          0.000          0.000          0.000          0.000       1516.367       5689.271          0.000         651.600          8.030        443.087         72.368
     31/12/1986      1986          0.000          0.000          0.000          0.000          0.000          0.000          0.000        110.516          3.165       3259.008       4686.704          0.000         474.300          0.031        392.724         56.683
     31/12/1987      1987          0.000          0.000          0.000          0.000          0.000          0.000       4754.688        129.778          3.140       1440.150       5111.176          0.000         692.700          0.128        548.327          0.034
     31/12/1988      1988       2898.953        160.262          3.796          0.000          0.000          0.000          0.000          0.000          0.000        994.256       6783.419          0.000         859.700         42.728        480.429        117.893
     31/12/1989      1989          0.000          0.000          0.000          0.000          0.000          0.000          0.000        118.732          3.544       2397.107       5129.358          0.000         745.200          9.052        483.694        182.619
     31/12/1990      1990          0.000          0.000          0.000          0.000          0.000          0.000       5062.090        109.910          3.490       2173.238       5035.254          0.000         533.100          1.182        413.384          5.302
     31/12/1991      1991       2003.327        159.332          3.457          0.000          0.000          0.000          0.000          0.000          0.000        947.840       5705.236          0.000         743.500         45.918        430.339        133.717
     31/12/1992      1992          0.000          0.000          0.000          0.000          0.000          0.000          0.000         87.970          3.500       2177.260       4269.418          0.000         575.600          0.111        517.691          0.000
     31/12/1993      1993          0.000          0.000          0.000          0.000          0.000          0.000       3557.515         79.439          3.456       1073.642       3793.126          0.000         582.300          5.624        487.431          0.000
     31/12/1994      1994          0.000          0.000          0.000          0.000          0.000          0.000          0.000          0.000          0.000         11.788         69.300          0.000         428.100         29.330        357.277          0.000
     31/12/1995      1995          0.000          0.000          0.000          0.000          0.000          0.000          0.000        123.257          3.643          0.117          1.192          0.000         802.200         63.222        497.305         82.050
     31/12/1996      1996          0.000          0.000          0.000          0.000          0.000          0.000       6379.916        169.437          3.587       4323.098       7405.382          0.000         785.800         30.888        455.497         63.045
     31/12/1997      1997       2566.823        135.575          2.231          0.000          0.000          0.000          0.000          0.000          0.000       1226.815       4614.664          0.000         676.200         20.512        450.882        100.079
     31/12/1998      1998          0.000          0.000          0.000          0.000          0.000          0.000          0.000        122.472          3.498       1265.564       3033.524          0.000         911.900         35.625        590.886        245.794
     31/12/1999      1999          0.000          0.000          0.000          0.000          0.000          0.000       5091.138        128.404          3.452       2362.920       5338.177          0.000         872.000         13.260        558.773         59.615
     31/12/2000      2000          0.000          0.000          0.000          0.000          0.000          0.000          0.000          0.000          0.000         34.771        201.719          0.000         821.000         88.666        491.075        210.711
     31/12/2001      2001          0.000          0.000          0.000          0.000          0.000          0.000          0.000        112.526          3.571          0.201          1.151          0.000        1034.800        210.138        524.538        308.995
     31/12/2002      2002          0.000          0.000          0.000          0.000          0.000          0.000       4785.273        124.599          3.537       3057.375       4749.807          0.000         469.300          5.277        347.763         10.829
