Summary_file = output\warialda_cd2_50_s1_deep_AvgWindow.sum
Title = site=warialda; soil=cd2; treatment=s1; Nrate=50; RootDepth=deep; Sowing = AvgWindow
           date      year      wht_yield         wht_ep     wht_laimax      chk_yield         chk_ep     chk_laimax      sor_yield         sor_ep     sor_laimax    avg_residue    max_residue    min_residue annual_rainfall  annual_runoff      annual_es   annual_drain
             ()    (year)        (kg/ha)           (mm)      (m^2/m^2)        (kg/ha)           (mm)      (m^2/m^2)        (kg/ha)           (mm)      (m^2/m^2)        (kg/ha)        (kg/ha)        (kg/ha)            (mm)           (mm)           (mm)           (mm)
     31/12/1957      1957          0.000          0.000          0.000          0.000          0.000          0.000       3142.780        144.446          2.788       1443.664       3251.477          0.000         433.800          1.253        404.524         28.140
     31/12/1958      1958          0.000          0.000          0.000          0.000          0.000          0.000          0.000         46.698          2.723        619.694       1949.014          0.000         761.600         18.091        573.504          2.143
     31/12/1959      1959          0.000          0.000          0.000          0.000          0.000          0.000       4771.217        281.607          3.506       2732.852       5112.828          0.000         916.800         22.370        514.367         86.348
     31/12/1960      1960          0.000          0.000          0.000          0.000          0.000          0.000       5016.991        197.793          3.433       3338.918       4979.100          0.000         567.000          0.400        432.394         12.803
     31/12/1961      1961          0.000          0.000          0.000          0.000          0.000          0.000       3134.838         99.508          3.213       1909.483       3999.329          0.000         650.900          3.580        507.601          0.000
     31/12/1962      1962          0.000          0.000          0.000          0.000          0.000          0.000       4940.896        176.603          3.576       1602.702       5123.657          0.000         803.000         14.883        505.674         78.910
     31/12/1963      1963          0.000          0.000          0.000          0.000          0.000          0.000       3076.888        181.327          2.887        972.959       3398.950          0.000         722.000          6.360        494.400         60.207
     31/12/1964      1964          0.000          0.000          0.000          0.000          0.000          0.000       3297.451        204.923          2.680        715.857       3240.324          0.000         709.000         12.557        524.076         16.965
     31/12/1965      1965          0.000          0.000          0.000          0.000          0.000          0.000       2079.527         52.091          2.450        893.695       2663.495          0.000         355.900          0.023        338.073          0.000
     31/12/1966      1966          0.000          0.000          0.000          0.000          0.000          0.000          0.000         53.490          2.407         26.764         89.294          0.000         547.400          6.789        459.269          0.000
     31/12/1967      1967          0.000          0.000          0.000          0.000          0.000          0.000       1605.579         51.900          2.613        250.342       2485.704          0.000         455.200          3.800        365.555          0.000
     31/12/1968      1968          0.000          0.000          0.000          0.000          0.000          0.000       3583.555        159.624          3.014        717.699       3530.027          0.000         638.100         22.624        490.918          0.000
     31/12/1969      1969          0.000          0.000          0.000          0.000          0.000          0.000       1696.648        118.588          2.368        340.712       1873.584          0.000         687.900         22.377        548.388          0.000
     31/12/1970      1970          0.000          0.000          0.000          0.000          0.000          0.000       1507.495        116.562          3.297        539.034       2424.174          0.000         894.100         60.108        480.880        116.022
     31/12/1971      1971          0.000          0.000          0.000          0.000          0.000          0.000       4812.678        184.518          3.592       3505.055       5732.636          0.000         894.099         41.305        376.424        329.844
     31/12/1972      1972          0.000          0.000          0.000          0.000          0.000          0.000       3119.449        183.938          3.078       1158.240       3393.896          0.000         552.200          0.694        466.592          0.000
     31/12/1973      1973          0.000          0.000          0.000          0.000          0.000          0.000       1835.017        128.557          2.969        850.757       2876.910          0.000         816.400         53.579        521.015         13.512
     31/12/1974      1974          0.000          0.000          0.000          0.000          0.000          0.000       4209.189        175.996          3.607       1984.841       4272.949          0.000         610.200         27.726        406.953         66.293
     31/12/1975      1975          0.000          0.000          0.000          0.000          0.000          0.000       2043.764        199.547          2.936        620.701       3562.897          0.000        1036.400         49.969        522.073        211.939
     31/12/1976      1976          0.000          0.000          0.000          0.000          0.000          0.000       4014.981        187.861          2.665       2300.364       4996.405          0.000         817.900        121.341        473.522        112.571
     31/12/1977      1977          0.000          0.000          0.000          0.000          0.000          0.000       2596.123         55.326          2.409        321.317       2972.429          0.000         676.600         29.233        440.928         86.582
     31/12/1978      1978          0.000          0.000          0.000          0.000          0.000          0.000       3726.586        224.612          3.274        964.050       3696.389          0.000         858.400         16.970        547.016        101.444
     31/12/1979      1979          0.000          0.000          0.000          0.000          0.000          0.000       3186.805        167.140          3.312        878.908       3628.784          0.000         620.300         12.547        422.999         58.265
     31/12/1980      1980          0.000          0.000          0.000          0.000          0.000          0.000       2386.678        119.237          2.779        668.122       2409.214          0.000         533.200          0.602        372.670          0.000
     31/12/1981      1981          0.000          0.000          0.000          0.000          0.000          0.000       3122.893        164.597          2.775        824.248       3834.254          0.000         668.200         17.404        485.671          0.000
     31/12/1982      1982          0.000          0.000          0.000          0.000          0.000          0.000       3239.869         73.055          2.716        574.866       3356.981          0.000         525.900          3.966        366.896         22.327
     31/12/1983      1983          0.000          0.000          0.000          0.000          0.000          0.000       2386.694        189.594          2.794        240.469       2529.153          0.000         957.300         41.384        653.077        136.617
     31/12/1984      1984          0.000          0.000          0.000          0.000          0.000          0.000       4125.097        165.215          2.843       1666.825       4532.827          0.000         832.400         13.226        492.044        169.825
     31/12/1985      1985          0.000          0.000          0.000          0.000          0.000          0.000       2150.056        143.286          3.139        735.384       3134.118          0.000         651.600          5.428        494.176          0.000
     31/12/1986      1986          0.000          0.000          0.000          0.000          0.000          0.000       3570.306         76.273          3.086       1331.343       3533.833          0.000         474.300          0.197        419.674          0.000
     31/12/1987      1987          0.000          0.000          0.000          0.000          0.000          0.000       1943.251        106.229          2.182        605.934       3124.566          0.000         692.700          0.028        577.687          0.000
     31/12/1988      1988          0.000          0.000          0.000          0.000          0.000          0.000          0.000         25.940          1.852          6.055         43.622          0.000         859.700         34.846        576.196        171.144
     31/12/1989      1989          0.000          0.000          0.000          0.000          0.000          0.000       3069.531        165.410          3.188        283.070       2939.011          0.000         745.200         20.043        555.808         35.948
     31/12/1990      1990          0.000          0.000          0.000          0.000          0.000          0.000       2796.269         81.487          2.856        625.056       3595.290          0.000         533.100          2.854        442.323          0.000
     31/12/1991      1991          0.000          0.000          0.000          0.000          0.000          0.000       3556.227        161.041          3.166       1272.134       3416.342          0.000         743.500         25.079        434.829        104.174
     31/12/1992      1992          0.000          0.000          0.000          0.000          0.000          0.000       3276.947        133.899          2.852        885.902       3260.297          0.000         575.600          0.133        529.459          0.000
     31/12/1993      1993          0.000          0.000          0.000          0.000          0.000          0.000          0.000          2.055          0.111         15.771        101.041          0.000         582.300          2.552        497.771          0.000
     31/12/1994      1994          0.000          0.000          0.000          0.000          0.000          0.000       3116.074        156.763          2.402       2587.590       4493.019          0.000         428.100          2.950        318.560          0.000
     31/12/1995      1995          0.000          0.000          0.000          0.000          0.000          0.000          0.000         98.892          3.398       1185.263       3042.697          0.000         802.200         28.615        495.522        139.762
     31/12/1996      1996          0.000          0.000          0.000          0.000          0.000          0.000       5453.292        211.116          3.347       3504.224       6555.720          0.000         785.800         17.907        479.681         79.711
     31/12/1997      1997          0.000          0.000          0.000          0.000          0.000          0.000       3718.710        163.549          3.020       1959.748       4220.830          0.000         676.200          7.627        461.476          0.000
     31/12/1998      1998          0.000          0.000          0.000          0.000          0.000          0.000       3052.600        200.781          3.178       1278.237       4149.329          0.000         911.900         32.390        592.526        148.944
     31/12/1999      1999          0.000          0.000          0.000          0.000          0.000          0.000       3105.924        141.599          3.472       1010.571       3752.895          0.000         872.000         13.115        572.451        112.687
     31/12/2000      2000          0.000          0.000          0.000          0.000          0.000          0.000       4037.234        205.286          3.578       1520.692       4458.649          0.000         821.000         47.682        456.431        112.817
     31/12/2001      2001          0.000          0.000          0.000          0.000          0.000          0.000       3430.299        131.155          3.007       1352.138       3968.363          0.000        1034.800        103.068        522.483        286.053
     31/12/2002      2002          0.000          0.000          0.000          0.000          0.000          0.000       2780.599        159.629          2.780        936.342       2909.132          0.000         469.300          7.452        334.562          0.000
