Summary_file = output\warialda_cd2_50_oc2_deep_AvgWindow.sum
Title = site=warialda; soil=cd2; treatment=oc2; Nrate=50; RootDepth=deep; Sowing = AvgWindow
           date      year      wht_yield         wht_ep     wht_laimax      chk_yield         chk_ep     chk_laimax      sor_yield         sor_ep     sor_laimax    avg_residue    max_residue    min_residue annual_rainfall  annual_runoff      annual_es   annual_drain
             ()    (year)        (kg/ha)           (mm)      (m^2/m^2)        (kg/ha)           (mm)      (m^2/m^2)        (kg/ha)             ()        (m2/m2)        (kg/ha)        (kg/ha)        (kg/ha)            (mm)           (mm)           (mm)           (mm)
     31/12/1957      1957          0.000          0.000          0.000          0.000          0.000          0.000       3152.868        143.155          2.742       1338.894       3205.348          0.000         433.800          1.253        404.554         28.208
     31/12/1958      1958       2434.028        163.902          3.174          0.000          0.000          0.000          0.000          0.000          0.000       1230.514       6067.230          0.000         761.600         20.811        481.149          0.000
     31/12/1959      1959          0.000          0.000          0.000       2147.406        173.027          2.353       4791.736        218.579          3.516       4445.477       6890.146          0.000         916.800         14.602        377.895         91.280
     31/12/1960      1960       1017.173         96.651          1.361          0.000          0.000          0.000       3758.740        139.849          2.871       3397.044       5022.750          0.000         567.000          0.300        403.495          0.123
     31/12/1961      1961          0.000          0.000          0.000          0.000          0.000          0.000       3729.307        173.386          2.935       2839.821       4988.120          0.000         650.900          2.319        458.802          0.000
     31/12/1962      1962       1325.226        104.361          2.119          0.000          0.000          0.000       4769.291        176.416          3.842       1664.772       4897.111          0.000         803.000          9.915        454.629         65.198
     31/12/1963      1963          0.000          0.000          0.000        631.872         75.424          1.405       2611.462        141.791          2.576       1160.833       3539.635          0.000         722.000          4.144        478.290          0.000
     31/12/1964      1964       2167.368        133.425          3.020          0.000          0.000          0.000       2671.751        124.358          2.604       1248.738       4617.702          0.000         709.000         11.635        451.355          3.222
     31/12/1965      1965          0.000          0.000          0.000          0.000          0.000          0.000          0.000          1.755          0.122       1756.379       3065.353          0.000         355.900          0.601        340.653          0.000
     31/12/1966      1966          0.000          0.000          0.000          0.000          0.000          0.000       1172.324        137.333          2.480        809.034       2910.556          0.000         547.400          2.152        452.439          0.000
     31/12/1967      1967       1446.487        108.827          3.475          0.000          0.000          0.000       1092.913         52.287          2.694        835.295       3729.723          0.000         455.200          3.259        341.447          0.000
     31/12/1968      1968          0.000          0.000          0.000       1307.710        123.400          2.148          0.000          0.000          0.000       1015.054       3495.298          0.000         638.100          7.828        495.552          1.706
     31/12/1969      1969       1686.944        108.322          1.735          0.000          0.000          0.000          0.000         19.850          1.254        422.787       3591.041          0.000         687.900          6.535        485.010          0.000
     31/12/1970      1970          0.000          0.000          0.000          0.000          0.000          0.000       2036.097        162.828          3.419        875.302       3485.264          0.000         894.100         57.277        466.936        118.050
     31/12/1971      1971       1231.519        112.773          1.803          0.000          0.000          0.000       4983.322        173.061          3.690       2778.481       5612.619          0.000         894.099         36.262        368.758        315.426
     31/12/1972      1972          0.000          0.000          0.000          0.000          0.000          0.000          0.000         47.159          2.073       1132.435       3028.843          0.000         552.200          0.539        490.962          0.000
     31/12/1973      1973       1864.519        130.912          2.331          0.000          0.000          0.000       2545.393        125.051          2.663       1742.235       4483.245          0.000         816.400         24.318        471.771          0.000
     31/12/1974      1974          0.000          0.000          0.000          0.000          0.000          0.000       2985.293        177.139          3.714       2860.746       4364.149          0.000         610.200         25.535        407.101         82.434
     31/12/1975      1975       2483.059        142.705          2.890          0.000          0.000          0.000       1932.077        114.040          2.478        933.720       4200.646          0.000        1036.400         40.159        472.345        164.943
     31/12/1976      1976          0.000          0.000          0.000       1067.414        118.554          1.674       5492.287        191.361          3.887       3427.612       5762.405          0.000         817.900        107.854        387.385        171.220
     31/12/1977      1977       1165.025         93.183          1.533          0.000          0.000          0.000          0.000          0.000          0.000       1004.105       3436.130          0.000         676.600         34.901        454.216         75.139
     31/12/1978      1978          0.000          0.000          0.000       2103.869        153.440          2.325          0.000          0.000          0.000        690.780       2961.562          0.000         858.400         10.884        574.615         82.176
     31/12/1979      1979       2528.583        142.812          3.074          0.000          0.000          0.000          0.000          0.000          0.000        760.158       4105.830          0.000         620.300         22.805        399.599         49.857
     31/12/1980      1980          0.000          0.000          0.000        822.448        115.237          1.649          0.000          0.000          0.000       1831.753       4056.505          0.000         533.200          1.125        385.277         13.946
     31/12/1981      1981       1486.998        102.273          2.395          0.000          0.000          0.000       1649.537         96.755          3.099       1168.774       3537.844          0.000         668.200         16.541        478.623          0.000
     31/12/1982      1982          0.000          0.000          0.000          0.000          0.000          0.000          0.000          0.188          0.064        623.016       2239.066          0.000         525.900          7.133        376.591         57.723
     31/12/1983      1983       2763.954        169.229          3.532          0.000          0.000          0.000       2063.760        136.792          2.183        929.109       6130.279          0.000         957.300         42.942        495.761        133.250
     31/12/1984      1984          0.000          0.000          0.000       1612.152        183.382          2.174       4785.695        142.775          3.218       3134.929       5361.544          0.000         832.400         18.927        400.698        165.281
     31/12/1985      1985       1767.816        116.467          2.762          0.000          0.000          0.000          0.000          0.265          0.111       1412.291       3801.096          0.000         651.600          1.721        463.883          0.000
     31/12/1986      1986          0.000          0.000          0.000          0.000          0.000          0.000       1996.975        119.466          2.862       2995.270       4690.339          0.000         474.300          0.000        392.975          0.000
     31/12/1987      1987          0.000          0.000          0.000          0.000          0.000          0.000       3114.107        135.643          2.878        764.873       3655.447          0.000         692.700          0.039        562.287          0.000
     31/12/1988      1988       3398.149        207.654          5.004          0.000          0.000          0.000          0.000          0.000          0.000       1155.844       7847.545          0.000         859.700         33.552        469.587        145.824
     31/12/1989      1989          0.000          0.000          0.000       1318.622        132.444          1.817          0.000         10.222          1.229       2567.242       5969.021          0.000         745.200          4.498        464.108        118.168
     31/12/1990      1990       1713.018        119.322          3.072          0.000          0.000          0.000       2682.844        100.010          2.170       1200.614       4524.615          0.000         533.100          2.399        402.279          0.000
     31/12/1991      1991          0.000          0.000          0.000        965.693        114.971          2.023          0.000          0.000          0.000       1500.300       4082.355          0.000         743.500         11.223        438.060        126.654
     31/12/1992      1992          0.000          0.000          0.000          0.000          0.000          0.000          0.000          0.000          0.000        218.148       1037.655          0.000         575.600          0.193        553.879          0.000
     31/12/1993      1993          0.000          0.000          0.000       1572.815        130.195          2.234          0.000          0.000          0.000        204.013       2401.617          0.000         582.300          0.000        470.220          0.000
     31/12/1994      1994          0.000          0.000          0.000          0.000          0.000          0.000          0.000          0.000          0.000        140.148        985.861          0.000         428.100         15.949        366.321          0.000
     31/12/1995      1995       1997.266        128.660          1.673          0.000          0.000          0.000          0.000         17.094          1.252        204.077       3672.371          0.000         802.200         25.107        492.036        108.801
     31/12/1996      1996          0.000          0.000          0.000       1756.639        158.341          2.444       5969.161        222.344          3.878       3262.976       5983.243          0.000         785.800          6.280        419.976         61.408
     31/12/1997      1997       1864.255        107.228          1.579          0.000          0.000          0.000          0.000          0.000          0.000        636.237       2926.812          0.000         676.200         18.123        481.830          0.000
     31/12/1998      1998          0.000          0.000          0.000       2370.393        175.977          2.630       2172.337        133.573          2.854       1379.324       3829.562          0.000         911.900         25.986        516.200        114.542
     31/12/1999      1999       2412.405        159.225          2.528          0.000          0.000          0.000          0.000         21.144          1.838        555.780       4685.441          0.000         872.000         21.308        524.106         61.548
     31/12/2000      2000          0.000          0.000          0.000        983.451        102.032          1.393       3486.625        187.158          3.634       3169.023       5435.908          0.000         821.000         26.550        398.515        119.304
     31/12/2001      2001       1388.748        113.717          1.973          0.000          0.000          0.000       3808.823        167.120          2.953       1946.243       4354.615          0.000        1034.800         68.739        478.153        210.821
     31/12/2002      2002          0.000          0.000          0.000          0.000          0.000          0.000       2874.838        202.629          2.771       2615.245       3877.732          0.000         469.300          4.753        317.204          0.008
