ApsimVersion = 6.1
Title = Lettuce Sample Simulation
           Date DaysAfterSowing          Stage            lai        biomass             ep         tt_tot    LeafGreenWt    StemGreenWt  FloretGreenWt        node_no
             ()             (?)             ()      (m^2/m^2)        (kg/ha)           (mm)            (?)        (g/m^2)        (g/m^2)        (g/m^2)       (/plant)
    01/Apr/1998               ?          0.000          0.000            0.0          0.000              ?           0.00           0.00           0.00          0.000
    02/Apr/1998               ?          0.000          0.000            0.0          0.000              ?           0.00           0.00           0.00          0.000
    03/Apr/1998               ?          0.000          0.000            0.0          0.000              ?           0.00           0.00           0.00          0.000
    04/Apr/1998               ?          0.000          0.000            0.0          0.000              ?           0.00           0.00           0.00          0.000
    05/Apr/1998               ?          1.021          0.001            1.8          0.000              ?           0.18           0.00           0.00          0.000
    06/Apr/1998               ?          1.043          0.001            2.0          0.005              ?           0.19           0.01           0.00          0.000
    07/Apr/1998               ?          1.064          0.002            2.2          0.005              ?           0.20           0.02           0.00          1.000
    08/Apr/1998               ?          1.087          0.002            2.4          0.006              ?           0.22           0.03           0.00          1.000
    09/Apr/1998               ?          1.111          0.002            2.6          0.006              ?           0.23           0.03           0.00          2.000
    10/Apr/1998               ?          1.135          0.002            2.8          0.006              ?           0.24           0.04           0.00          2.000
    11/Apr/1998               ?          1.158          0.002            3.1          0.009              ?           0.26           0.05           0.00          3.000
    12/Apr/1998               ?          1.183          0.003            3.3          0.006              ?           0.27           0.06           0.00          3.000
    13/Apr/1998               ?          1.210          0.003            3.4          0.003              ?           0.27           0.06           0.00          4.000
    14/Apr/1998               ?          1.233          0.003            3.5          0.002              ?           0.25           0.07           0.00          4.000
    15/Apr/1998               ?          1.252          0.002            3.7          0.001              ?           0.24           0.07           0.00          4.000
    16/Apr/1998               ?          1.272          0.002            3.8          0.002              ?           0.22           0.08           0.00          5.000
    17/Apr/1998               ?          1.293          0.002            4.1          0.004              ?           0.21           0.09           0.00          5.000
    18/Apr/1998               ?          1.313          0.002            4.4          0.006              ?           0.20           0.10           0.00          6.000
    19/Apr/1998               ?          1.332          0.002            4.8          0.008              ?           0.20           0.12           0.00          6.000
    20/Apr/1998               ?          1.351          0.002            5.0          0.004              ?           0.18           0.13           0.00          7.000
    21/Apr/1998               ?          1.371          0.002            5.2          0.005              ?           0.18           0.14           0.00          8.000
    22/Apr/1998               ?          1.393          0.002            5.4          0.004              ?           0.18           0.14           0.00          8.000
    23/Apr/1998               ?          1.414          0.002            5.6          0.000              ?           0.18           0.15           0.00          9.000
    24/Apr/1998               ?          1.434          0.002            5.9          0.003              ?           0.19           0.16           0.00         10.000
    25/Apr/1998               ?          1.455          0.003            6.2          0.006              ?           0.20           0.18           0.00         11.000
    26/Apr/1998               ?          1.473          0.003            6.6          0.010              ?           0.22           0.19           0.00         11.000
    27/Apr/1998               ?          1.491          0.003            7.1          0.010              ?           0.24           0.21           0.00         12.000
    28/Apr/1998               ?          1.506          0.004            7.5          0.006              ?           0.25           0.23           0.00         12.000
    29/Apr/1998               ?          1.526          0.004            7.9          0.008              ?           0.26           0.24           0.00         13.000
    30/Apr/1998               ?          1.545          0.004            8.4          0.013              ?           0.29           0.27           0.00         14.000
    01/May/1998               ?          1.565          0.004            8.9          0.011              ?           0.30           0.29           0.00         14.000
    02/May/1998               ?          1.583          0.005            9.2          0.001              ?           0.31           0.30           0.00         15.000
    03/May/1998               ?          1.601          0.005            9.7          0.003              ?           0.34           0.31           0.00         16.000
    04/May/1998               ?          1.623          0.005           10.1          0.008              ?           0.36           0.33           0.00         16.000
    05/May/1998               ?          1.642          0.006           10.4          0.002              ?           0.37           0.35           0.00         17.000
    06/May/1998               ?          1.661          0.006           11.1          0.009              ?           0.41           0.37           0.00         18.000
    07/May/1998               ?          1.680          0.007           12.0          0.016              ?           0.45           0.41           0.00         18.000
    08/May/1998               ?          1.697          0.007           12.7          0.015              ?           0.48           0.43           0.00         19.000
    09/May/1998               ?          1.713          0.008           13.7          0.022              ?           0.54           0.48           0.00         20.000
    10/May/1998               ?          1.728          0.009           14.9          0.024              ?           0.60           0.52           0.00         20.000
    11/May/1998               ?          1.742          0.010           16.0          0.023              ?           0.66           0.57           0.00         21.000
    12/May/1998               ?          1.760          0.011           17.4          0.031              ?           0.73           0.63           0.00         21.000
    13/May/1998               ?          1.777          0.012           18.8          0.030              ?           0.80           0.68           0.00         22.000
    14/May/1998               ?          1.795          0.013           19.6          0.007              ?           0.84           0.71           0.00         23.000
    15/May/1998               ?          1.813          0.014           20.5          0.007              ?           0.88           0.75           0.00         23.000
    16/May/1998               ?          1.834          0.015           21.7          0.013              ?           0.95           0.79           0.00         24.000
    17/May/1998               ?          1.853          0.016           22.7          0.015              ?           1.00           0.83           0.00         25.000
    18/May/1998               ?          1.872          0.017           24.5          0.027              ?           1.09           0.91           0.00         25.000
    19/May/1998               ?          1.891          0.019           26.2          0.023              ?           1.18           0.98           0.00         26.000
    20/May/1998               ?          1.910          0.021           28.9          0.044              ?           1.33           1.08           0.00         27.000
    21/May/1998               ?          1.926          0.024           31.9          0.034              ?           1.51           1.20           0.00         27.000
    22/May/1998               ?          1.941          0.027           35.3          0.064              ?           1.70           1.34           0.00         28.000
    23/May/1998               ?          1.955          0.030           38.9          0.076              ?           1.91           1.48           0.00         28.000
    24/May/1998               ?          1.972          0.034           43.0          0.089              ?           2.13           1.65           0.00         29.000
    25/May/1998               ?          1.986          0.038           47.5          0.096              ?           2.39           1.83           0.00         29.000
    26/May/1998               ?          2.000          0.042           52.3          0.100              ?           2.66           2.02           0.00         30.000
    27/May/1998               ?          0.000          0.000            0.0          0.114              ?           0.00           0.00           0.00          0.000
    28/May/1998               ?          0.000          0.000            0.0          0.000              ?           0.00           0.00           0.00          0.000
    29/May/1998               ?          0.000          0.000            0.0          0.000              ?           0.00           0.00           0.00          0.000
    30/May/1998               ?          0.000          0.000            0.0          0.000              ?           0.00           0.00           0.00          0.000
    31/May/1998               ?          0.000          0.000            0.0          0.000              ?           0.00           0.00           0.00          0.000
    01/Jun/1998               ?          0.000          0.000            0.0          0.000              ?           0.00           0.00           0.00          0.000
    02/Jun/1998               ?          0.000          0.000            0.0          0.000              ?           0.00           0.00           0.00          0.000
    03/Jun/1998               ?          0.000          0.000            0.0          0.000              ?           0.00           0.00           0.00          0.000
    04/Jun/1998               ?          0.000          0.000            0.0          0.000              ?           0.00           0.00           0.00          0.000
    05/Jun/1998               ?          0.000          0.000            0.0          0.000              ?           0.00           0.00           0.00          0.000
    06/Jun/1998               ?          0.000          0.000            0.0          0.000              ?           0.00           0.00           0.00          0.000
    07/Jun/1998               ?          0.000          0.000            0.0          0.000              ?           0.00           0.00           0.00          0.000
    08/Jun/1998               ?          0.000          0.000            0.0          0.000              ?           0.00           0.00           0.00          0.000
    09/Jun/1998               ?          0.000          0.000            0.0          0.000              ?           0.00           0.00           0.00          0.000
    10/Jun/1998               ?          0.000          0.000            0.0          0.000              ?           0.00           0.00           0.00          0.000
    11/Jun/1998               ?          0.000          0.000            0.0          0.000              ?           0.00           0.00           0.00          0.000
    12/Jun/1998               ?          0.000          0.000            0.0          0.000              ?           0.00           0.00           0.00          0.000
    13/Jun/1998               ?          0.000          0.000            0.0          0.000              ?           0.00           0.00           0.00          0.000
    14/Jun/1998               ?          0.000          0.000            0.0          0.000              ?           0.00           0.00           0.00          0.000
    15/Jun/1998               ?          0.000          0.000            0.0          0.000              ?           0.00           0.00           0.00          0.000
    16/Jun/1998               ?          0.000          0.000            0.0          0.000              ?           0.00           0.00           0.00          0.000
    17/Jun/1998               ?          0.000          0.000            0.0          0.000              ?           0.00           0.00           0.00          0.000
    18/Jun/1998               ?          0.000          0.000            0.0          0.000              ?           0.00           0.00           0.00          0.000
    19/Jun/1998               ?          0.000          0.000            0.0          0.000              ?           0.00           0.00           0.00          0.000
    20/Jun/1998               ?          0.000          0.000            0.0          0.000              ?           0.00           0.00           0.00          0.000
    21/Jun/1998               ?          0.000          0.000            0.0          0.000              ?           0.00           0.00           0.00          0.000
    22/Jun/1998               ?          0.000          0.000            0.0          0.000              ?           0.00           0.00           0.00          0.000
    23/Jun/1998               ?          0.000          0.000            0.0          0.000              ?           0.00           0.00           0.00          0.000
    24/Jun/1998               ?          0.000          0.000            0.0          0.000              ?           0.00           0.00           0.00          0.000
    25/Jun/1998               ?          0.000          0.000            0.0          0.000              ?           0.00           0.00           0.00          0.000
    26/Jun/1998               ?          0.000          0.000            0.0          0.000              ?           0.00           0.00           0.00          0.000
    27/Jun/1998               ?          0.000          0.000            0.0          0.000              ?           0.00           0.00           0.00          0.000
    28/Jun/1998               ?          0.000          0.000            0.0          0.000              ?           0.00           0.00           0.00          0.000
    29/Jun/1998               ?          0.000          0.000            0.0          0.000              ?           0.00           0.00           0.00          0.000
    30/Jun/1998               ?          0.000          0.000            0.0          0.000              ?           0.00           0.00           0.00          0.000
    01/Jul/1998               ?          0.000          0.000            0.0          0.000              ?           0.00           0.00           0.00          0.000
    02/Jul/1998               ?          0.000          0.000            0.0          0.000              ?           0.00           0.00           0.00          0.000
    03/Jul/1998               ?          0.000          0.000            0.0          0.000              ?           0.00           0.00           0.00          0.000
    04/Jul/1998               ?          0.000          0.000            0.0          0.000              ?           0.00           0.00           0.00          0.000
    05/Jul/1998               ?          0.000          0.000            0.0          0.000              ?           0.00           0.00           0.00          0.000
    06/Jul/1998               ?          0.000          0.000            0.0          0.000              ?           0.00           0.00           0.00          0.000
    07/Jul/1998               ?          0.000          0.000            0.0          0.000              ?           0.00           0.00           0.00          0.000
    08/Jul/1998               ?          0.000          0.000            0.0          0.000              ?           0.00           0.00           0.00          0.000
    09/Jul/1998               ?          0.000          0.000            0.0          0.000              ?           0.00           0.00           0.00          0.000
    10/Jul/1998               ?          0.000          0.000            0.0          0.000              ?           0.00           0.00           0.00          0.000
    11/Jul/1998               ?          0.000          0.000            0.0          0.000              ?           0.00           0.00           0.00          0.000
    12/Jul/1998               ?          0.000          0.000            0.0          0.000              ?           0.00           0.00           0.00          0.000
    13/Jul/1998               ?          0.000          0.000            0.0          0.000              ?           0.00           0.00           0.00          0.000
    14/Jul/1998               ?          0.000          0.000            0.0          0.000              ?           0.00           0.00           0.00          0.000
    15/Jul/1998               ?          0.000          0.000            0.0          0.000              ?           0.00           0.00           0.00          0.000
    16/Jul/1998               ?          0.000          0.000            0.0          0.000              ?           0.00           0.00           0.00          0.000
    17/Jul/1998               ?          0.000          0.000            0.0          0.000              ?           0.00           0.00           0.00          0.000
    18/Jul/1998               ?          0.000          0.000            0.0          0.000              ?           0.00           0.00           0.00          0.000
    19/Jul/1998               ?          0.000          0.000            0.0          0.000              ?           0.00           0.00           0.00          0.000
    20/Jul/1998               ?          0.000          0.000            0.0          0.000              ?           0.00           0.00           0.00          0.000
    21/Jul/1998               ?          0.000          0.000            0.0          0.000              ?           0.00           0.00           0.00          0.000
    22/Jul/1998               ?          0.000          0.000            0.0          0.000              ?           0.00           0.00           0.00          0.000
    23/Jul/1998               ?          0.000          0.000            0.0          0.000              ?           0.00           0.00           0.00          0.000
    24/Jul/1998               ?          0.000          0.000            0.0          0.000              ?           0.00           0.00           0.00          0.000
    25/Jul/1998               ?          0.000          0.000            0.0          0.000              ?           0.00           0.00           0.00          0.000
    26/Jul/1998               ?          0.000          0.000            0.0          0.000              ?           0.00           0.00           0.00          0.000
    27/Jul/1998               ?          0.000          0.000            0.0          0.000              ?           0.00           0.00           0.00          0.000
    28/Jul/1998               ?          0.000          0.000            0.0          0.000              ?           0.00           0.00           0.00          0.000
    29/Jul/1998               ?          0.000          0.000            0.0          0.000              ?           0.00           0.00           0.00          0.000
    30/Jul/1998               ?          0.000          0.000            0.0          0.000              ?           0.00           0.00           0.00          0.000
    31/Jul/1998               ?          0.000          0.000            0.0          0.000              ?           0.00           0.00           0.00          0.000
    01/Aug/1998               ?          0.000          0.000            0.0          0.000              ?           0.00           0.00           0.00          0.000
    02/Aug/1998               ?          0.000          0.000            0.0          0.000              ?           0.00           0.00           0.00          0.000
    03/Aug/1998               ?          0.000          0.000            0.0          0.000              ?           0.00           0.00           0.00          0.000
    04/Aug/1998               ?          0.000          0.000            0.0          0.000              ?           0.00           0.00           0.00          0.000
    05/Aug/1998               ?          0.000          0.000            0.0          0.000              ?           0.00           0.00           0.00          0.000
    06/Aug/1998               ?          0.000          0.000            0.0          0.000              ?           0.00           0.00           0.00          0.000
    07/Aug/1998               ?          0.000          0.000            0.0          0.000              ?           0.00           0.00           0.00          0.000
    08/Aug/1998               ?          0.000          0.000            0.0          0.000              ?           0.00           0.00           0.00          0.000
    09/Aug/1998               ?          0.000          0.000            0.0          0.000              ?           0.00           0.00           0.00          0.000
    10/Aug/1998               ?          0.000          0.000            0.0          0.000              ?           0.00           0.00           0.00          0.000
    11/Aug/1998               ?          0.000          0.000            0.0          0.000              ?           0.00           0.00           0.00          0.000
    12/Aug/1998               ?          0.000          0.000            0.0          0.000              ?           0.00           0.00           0.00          0.000
    13/Aug/1998               ?          0.000          0.000            0.0          0.000              ?           0.00           0.00           0.00          0.000
    14/Aug/1998               ?          0.000          0.000            0.0          0.000              ?           0.00           0.00           0.00          0.000
    15/Aug/1998               ?          0.000          0.000            0.0          0.000              ?           0.00           0.00           0.00          0.000
    16/Aug/1998               ?          0.000          0.000            0.0          0.000              ?           0.00           0.00           0.00          0.000
    17/Aug/1998               ?          0.000          0.000            0.0          0.000              ?           0.00           0.00           0.00          0.000
    18/Aug/1998               ?          0.000          0.000            0.0          0.000              ?           0.00           0.00           0.00          0.000
    19/Aug/1998               ?          0.000          0.000            0.0          0.000              ?           0.00           0.00           0.00          0.000
    20/Aug/1998               ?          0.000          0.000            0.0          0.000              ?           0.00           0.00           0.00          0.000
    21/Aug/1998               ?          0.000          0.000            0.0          0.000              ?           0.00           0.00           0.00          0.000
    22/Aug/1998               ?          0.000          0.000            0.0          0.000              ?           0.00           0.00           0.00          0.000
    23/Aug/1998               ?          0.000          0.000            0.0          0.000              ?           0.00           0.00           0.00          0.000
    24/Aug/1998               ?          0.000          0.000            0.0          0.000              ?           0.00           0.00           0.00          0.000
    25/Aug/1998               ?          0.000          0.000            0.0          0.000              ?           0.00           0.00           0.00          0.000
    26/Aug/1998               ?          0.000          0.000            0.0          0.000              ?           0.00           0.00           0.00          0.000
    27/Aug/1998               ?          0.000          0.000            0.0          0.000              ?           0.00           0.00           0.00          0.000
    28/Aug/1998               ?          0.000          0.000            0.0          0.000              ?           0.00           0.00           0.00          0.000
    29/Aug/1998               ?          0.000          0.000            0.0          0.000              ?           0.00           0.00           0.00          0.000
    30/Aug/1998               ?          0.000          0.000            0.0          0.000              ?           0.00           0.00           0.00          0.000
    31/Aug/1998               ?          0.000          0.000            0.0          0.000              ?           0.00           0.00           0.00          0.000
    01/Sep/1998               ?          0.000          0.000            0.0          0.000              ?           0.00           0.00           0.00          0.000
    02/Sep/1998               ?          0.000          0.000            0.0          0.000              ?           0.00           0.00           0.00          0.000
    03/Sep/1998               ?          0.000          0.000            0.0          0.000              ?           0.00           0.00           0.00          0.000
    04/Sep/1998               ?          0.000          0.000            0.0          0.000              ?           0.00           0.00           0.00          0.000
    05/Sep/1998               ?          0.000          0.000            0.0          0.000              ?           0.00           0.00           0.00          0.000
    06/Sep/1998               ?          0.000          0.000            0.0          0.000              ?           0.00           0.00           0.00          0.000
    07/Sep/1998               ?          0.000          0.000            0.0          0.000              ?           0.00           0.00           0.00          0.000
    08/Sep/1998               ?          0.000          0.000            0.0          0.000              ?           0.00           0.00           0.00          0.000
    09/Sep/1998               ?          0.000          0.000            0.0          0.000              ?           0.00           0.00           0.00          0.000
    10/Sep/1998               ?          0.000          0.000            0.0          0.000              ?           0.00           0.00           0.00          0.000
    11/Sep/1998               ?          0.000          0.000            0.0          0.000              ?           0.00           0.00           0.00          0.000
    12/Sep/1998               ?          0.000          0.000            0.0          0.000              ?           0.00           0.00           0.00          0.000
    13/Sep/1998               ?          0.000          0.000            0.0          0.000              ?           0.00           0.00           0.00          0.000
    14/Sep/1998               ?          0.000          0.000            0.0          0.000              ?           0.00           0.00           0.00          0.000
    15/Sep/1998               ?          0.000          0.000            0.0          0.000              ?           0.00           0.00           0.00          0.000
    16/Sep/1998               ?          0.000          0.000            0.0          0.000              ?           0.00           0.00           0.00          0.000
    17/Sep/1998               ?          0.000          0.000            0.0          0.000              ?           0.00           0.00           0.00          0.000
    18/Sep/1998               ?          0.000          0.000            0.0          0.000              ?           0.00           0.00           0.00          0.000
    19/Sep/1998               ?          0.000          0.000            0.0          0.000              ?           0.00           0.00           0.00          0.000
    20/Sep/1998               ?          0.000          0.000            0.0          0.000              ?           0.00           0.00           0.00          0.000
    21/Sep/1998               ?          0.000          0.000            0.0          0.000              ?           0.00           0.00           0.00          0.000
    22/Sep/1998               ?          0.000          0.000            0.0          0.000              ?           0.00           0.00           0.00          0.000
    23/Sep/1998               ?          0.000          0.000            0.0          0.000              ?           0.00           0.00           0.00          0.000
    24/Sep/1998               ?          0.000          0.000            0.0          0.000              ?           0.00           0.00           0.00          0.000
    25/Sep/1998               ?          0.000          0.000            0.0          0.000              ?           0.00           0.00           0.00          0.000
    26/Sep/1998               ?          0.000          0.000            0.0          0.000              ?           0.00           0.00           0.00          0.000
    27/Sep/1998               ?          0.000          0.000            0.0          0.000              ?           0.00           0.00           0.00          0.000
    28/Sep/1998               ?          0.000          0.000            0.0          0.000              ?           0.00           0.00           0.00          0.000
    29/Sep/1998               ?          0.000          0.000            0.0          0.000              ?           0.00           0.00           0.00          0.000
    30/Sep/1998               ?          0.000          0.000            0.0          0.000              ?           0.00           0.00           0.00          0.000
