Summary_file = output\myr_cw.sum
Title = 
           date      year      wht_yield         wht_ep     wht_laimax      sor_yield         sor_ep     sor_laimax    avg_residue    max_residue    min_residue annual_rainfall  annual_runoff      annual_es   annual_drain
             ()    (year)        (kg/ha)           (mm)      (m^2/m^2)        (kg/ha)             ()        (m2/m2)        (kg/ha)        (kg/ha)        (kg/ha)            (mm)           (mm)           (mm)           (mm)
     27/05/1958      1958          0.000          0.000          0.000          0.000          0.000          0.000        790.416        965.279          0.000         117.000          0.066         91.389         14.414
     15/11/1958      1958       2618.840        105.296          2.939          0.000          0.000          0.000        157.995        413.404          0.000         411.200          7.525        153.885        174.581
     03/06/1959      1959          0.000          0.000          0.000          0.000          0.000          0.000       5686.226       6273.755          0.000         161.200          0.000        119.495          2.305
     07/11/1959      1959       2192.995        113.171          2.481          0.000          0.000          0.000       3687.882       5074.417          0.000         336.300          4.226         88.931        157.450
     29/05/1960      1960          0.000          0.000          0.000          0.000          0.000          0.000       7380.669       8280.132          0.000         324.100         18.293        116.799        156.094
     14/11/1960      1960        963.490         50.092          1.295          0.000          0.000          0.000       4944.673       6204.785          0.000         326.700          3.706         76.848        241.997
     15/05/1961      1961          0.000          0.000          0.000          0.000          0.000          0.000       6104.604       6856.109          0.000         307.900         20.803        111.928        141.752
     20/10/1961      1961       1848.537         94.982          2.110          0.000          0.000          0.000       3233.621       4990.684          0.000         357.700          6.484         94.037        209.440
     16/05/1962      1962          0.000          0.000          0.000          0.000          0.000          0.000       6060.289       6946.546          0.000         165.900          0.000        111.788          6.669
     26/10/1962      1962       1744.390         93.873          2.025          0.000          0.000          0.000       3258.163       4978.091          0.000         373.900          2.037         96.003        208.663
     04/06/1963      1963          0.000          0.000          0.000          0.000          0.000          0.000       5312.558       6320.679          0.000         234.200          0.915        148.453         54.315
     09/11/1963      1963       1614.441         92.429          2.108          0.000          0.000          0.000       2182.700       3611.569          0.000         295.400          4.632        113.912        160.865
     19/06/1964      1964          0.000          0.000          0.000          0.000          0.000          0.000       5076.565       5583.711          0.000         151.800          0.013         91.512          0.000
     26/11/1964      1964       2321.125        114.999          2.308          0.000          0.000          0.000       2398.086       4080.878          0.000         392.900         10.932        117.282        167.225
     30/05/1965      1965          0.000          0.000          0.000          0.000          0.000          0.000       6279.948       6843.556          0.000         166.700          4.804         78.296         49.373
     06/11/1965      1965       1322.881         73.971          1.802          0.000          0.000          0.000       3425.823       5221.947          0.000         439.300          7.016         99.706        259.358
     31/05/1966      1966          0.000          0.000          0.000          0.000          0.000          0.000       4065.809       5242.937          0.000         221.500          3.358        133.301         86.685
     15/11/1966      1966       2095.960        100.023          2.136          0.000          0.000          0.000       1237.143       2413.756          0.000         413.100         37.532        142.090        168.230
     15/05/1967      1967          0.000          0.000          0.000          0.000          0.000          0.000       4910.366       5539.116          0.000         148.800          2.478         74.682         34.914
     25/10/1967      1967       2071.399         96.319          2.299          0.000          0.000          0.000       1679.940       3448.980          0.000         332.700          1.170        116.178        164.337
     18/05/1968      1968          0.000          0.000          0.000          0.000          0.000          0.000       4896.530       5942.662          0.000         316.000          0.982        116.110        146.037
     05/11/1968      1968       1568.203         79.351          1.671          0.000          0.000          0.000       1643.551       3218.176          0.000         492.300         21.477        141.366        293.447
     30/07/1969      1969          0.000          0.000          0.000          0.000          0.000          0.000       2773.476       4712.357          0.000         249.600          0.000        210.207         30.721
     14/12/1969      1969       2991.051        137.896          3.519          0.000          0.000          0.000        601.262        970.813          0.000         236.800         10.448        110.116         21.392
     15/05/1970      1970          0.000          0.000          0.000          0.000          0.000          0.000       5057.015       5722.665          0.000         300.000          4.445         73.608        139.962
     30/10/1970      1970       3151.667        128.886          3.246          0.000          0.000          0.000       1748.495       3710.839          0.000         304.200          2.094        104.046        121.073
     17/05/1971      1971          0.000          0.000          0.000          0.000          0.000          0.000       6643.643       7329.843          0.000         209.900          5.631         76.029         85.649
     03/11/1971      1971        755.620         33.998          0.789          0.000          0.000          0.000       3074.271       5034.745          0.000         516.000          4.720        148.897        352.189
     12/07/1972      1972          0.000          0.000          0.000          0.000          0.000          0.000       1501.623       3173.935          0.000         352.500          5.884        214.390        111.637
     02/12/1972      1972       1983.294         92.590          1.532          0.000          0.000          0.000        315.718        570.350          0.000         298.800         20.832        156.236        122.326
     05/06/1973      1973          0.000          0.000          0.000          0.000          0.000          0.000       3369.402       4069.820          0.000         153.400          0.000        100.700          0.000
     16/11/1973      1973       2091.690        109.119          2.554          0.000          0.000          0.000        883.203       1957.095          0.000         402.700          4.054        156.938        143.169
     29/06/1974      1974          0.000          0.000          0.000          0.000          0.000          0.000       4145.420       5665.666          0.000         347.200          3.012        166.388        126.555
     24/11/1974      1974       2065.217        102.026          2.655          0.000          0.000          0.000        907.751       1840.546          0.000         287.900          5.910        145.478         86.971
     23/05/1975      1975          0.000          0.000          0.000          0.000          0.000          0.000       3682.576       5037.270          0.000         178.100          0.000        128.285          0.000
     03/11/1975      1975       2335.051        112.784          2.733          0.000          0.000          0.000        904.399       2133.601          0.000         345.600          0.408        144.256        126.024
     26/06/1976      1976          0.000          0.000          0.000          0.000          0.000          0.000       4263.908       6157.402          0.000         311.300         13.652        161.984         88.544
     22/11/1976      1976       1900.129         99.907          2.128          0.000          0.000          0.000       1120.247       2372.458          0.000         303.000          8.460        148.665        138.317
     17/05/1977      1977          0.000          0.000          0.000          0.000          0.000          0.000       4760.883       5325.733          0.000          82.400          0.000         53.801          0.000
     27/10/1977      1977       2089.057         86.479          1.788          0.000          0.000          0.000       2609.097       4214.427          0.000         266.000          0.542        111.393         55.676
     11/06/1978      1978          0.000          0.000          0.000          0.000          0.000          0.000       3642.656       5360.346          0.000         251.600          0.000        164.962         41.294
     16/11/1978      1978       2308.028         89.733          1.624          0.000          0.000          0.000        822.626       1813.112          0.000         311.300          0.459        156.022        118.840
     23/05/1979      1979          0.000          0.000          0.000          0.000          0.000          0.000       2916.491       4253.320          0.000         207.900          4.014        147.845          0.000
     02/11/1979      1979       1343.100         58.522          1.546          0.000          0.000          0.000        627.781       1459.828          0.000         434.300          8.627        167.760        235.893
     09/06/1980      1980          0.000          0.000          0.000          0.000          0.000          0.000       2556.515       3677.900          0.000         218.100          0.650        153.667         28.979
     11/11/1980      1980       2875.126        133.200          3.115          0.000          0.000          0.000        509.536       1172.708          0.000         275.400          0.003        163.124         69.949
     31/05/1981      1981          0.000          0.000          0.000          0.000          0.000          0.000       4574.147       6125.630          0.000         177.800          0.129        118.266          0.000
     06/11/1981      1981        455.194         26.537          0.498          0.000          0.000          0.000       1913.767       3306.655          0.000         363.600          1.192        142.602        204.382
     16/06/1982      1982          0.000          0.000          0.000          0.000          0.000          0.000       1717.219       2308.219          0.000         183.600          0.633        144.645          0.000
     13/11/1982      1982       3535.804        154.623          3.782          0.000          0.000          0.000        434.597        888.801          0.000         275.700          4.485        144.027         34.889
     30/07/1983      1983          0.000          0.000          0.000          0.000          0.000          0.000       4916.038       7046.850          0.000         272.700          0.077        186.516         26.706
     05/12/1983      1983       1614.217         85.525          2.622          0.000          0.000          0.000       1138.636       2487.801          0.000         185.500          0.369        117.370         18.065
     08/06/1984      1984          0.000          0.000          0.000          0.000          0.000          0.000       2908.581       4303.519          0.000         204.600          0.698        138.437         20.177
     14/11/1984      1984       1398.899         65.667          1.726          0.000          0.000          0.000        549.715       1206.448          0.000         400.300         14.647        156.416        214.527
     16/07/1985      1985          0.000          0.000          0.000          0.000          0.000          0.000       2605.397       3916.704          0.000         227.400          2.506        159.076         22.664
     02/12/1985      1985       2715.673        137.315          2.748          0.000          0.000          0.000        427.608        911.083          0.000         355.900          9.808        156.691         83.290
     16/05/1986      1986          0.000          0.000          0.000          0.000          0.000          0.000       5108.701       6200.867          0.000         189.500          6.572        109.302          9.843
     01/11/1986      1986       1218.195         55.752          1.706          0.000          0.000          0.000       1995.741       3540.891          0.000         431.500          2.559        132.859        297.223
     15/05/1987      1987          0.000          0.000          0.000          0.000          0.000          0.000       3241.081       4200.015          0.000         227.000         12.126        141.829         21.045
     25/10/1987      1987       3187.476        124.385          2.764          0.000          0.000          0.000        737.794       1553.863          0.000         301.000          1.914        138.544        114.507
     23/05/1988      1988          0.000          0.000          0.000          0.000          0.000          0.000       4946.258       6293.810          0.000         222.000          2.682        122.097         29.438
     25/10/1988      1988       1730.971         82.956          1.900          0.000          0.000          0.000       1312.569       3053.914          0.000         298.000          0.116        142.682        136.750
     25/05/1989      1989          0.000          0.000          0.000          0.000          0.000          0.000       2857.091       4549.582          0.000         245.600          0.978        175.714          2.858
     02/11/1989      1989        920.225         43.022          0.892          0.000          0.000          0.000        537.481       1215.071          0.000         532.500         45.250        211.403        272.236
     17/05/1990      1990          0.000          0.000          0.000          0.000          0.000          0.000       1414.393       2237.566          0.000         262.800         20.865        158.330         38.931
     30/10/1990      1990       2642.744        115.704          3.011          0.000          0.000          0.000        298.957        678.165          0.000         355.500          1.244        154.688        126.717
     19/06/1991      1991          0.000          0.000          0.000          0.000          0.000          0.000       5538.182       6515.217          0.000         158.200          0.621        113.517         13.766
     15/11/1991      1991       2027.582        108.102          2.258          0.000          0.000          0.000       2514.431       4212.975          0.000         323.800          0.420        113.624        123.302
     19/05/1992      1992          0.000          0.000          0.000          0.000          0.000          0.000       4926.607       6318.646          0.000         329.800          9.010        147.159        135.806
     02/11/1992      1992       2485.554         94.558          2.640          0.000          0.000          0.000       1218.676       2824.821          0.000         465.300          5.494        137.478        279.840
     30/05/1993      1993          0.000          0.000          0.000          0.000          0.000          0.000       4848.645       6283.140          0.000         292.900          7.309        141.804        106.016
     12/11/1993      1993       1796.375         94.989          2.190          0.000          0.000          0.000       1747.515       3328.441          0.000         355.800          0.001        142.206        140.156
     23/06/1994      1994          0.000          0.000          0.000          0.000          0.000          0.000       4465.697       5505.304          0.000         141.200          1.885        109.348          8.630
     17/11/1994      1994       2503.553        127.229          3.005          0.000          0.000          0.000       1705.189       3215.563          0.000         218.400          0.059        108.811         54.240
     25/05/1995      1995          0.000          0.000          0.000          0.000          0.000          0.000       5237.337       6900.597          0.000         205.600          0.474        116.304         13.489
     30/10/1995      1995       1317.830         70.384          1.785          0.000          0.000          0.000       1715.196       3517.142          0.000         351.800          2.763        129.010        183.415
     17/06/1996      1996          0.000          0.000          0.000          0.000          0.000          0.000       3325.948       4324.241          0.000         281.200          1.189        169.415         87.484
     14/11/1996      1996       3281.624        142.581          3.134          0.000          0.000          0.000        549.805       1292.253          0.000         341.000          0.326        166.042         83.042
     20/05/1997      1997          0.000          0.000          0.000          0.000          0.000          0.000       5265.743       6798.002          0.000         224.800          4.428        131.297         11.198
     28/10/1997      1997        857.051         38.617          0.843          0.000          0.000          0.000       1336.981       2991.138          0.000         436.900         10.210        159.779        290.499
     09/06/1998      1998          0.000          0.000          0.000          0.000          0.000          0.000       2136.912       2789.309          0.000         177.700          0.082        133.612         12.673
     14/11/1998      1998       2616.084        106.668          2.092          0.000          0.000          0.000        417.465        885.656          0.000         373.300         10.977        164.512        133.383
     31/05/1999      1999          0.000          0.000          0.000          0.000          0.000          0.000       3632.159       5027.498          0.000         414.800         64.751        164.752        131.198
     03/11/1999      1999       2478.243        111.321          2.567          0.000          0.000          0.000        862.004       2117.331          0.000         365.100          2.083        151.510        163.131
     14/05/2000      2000          0.000          0.000          0.000          0.000          0.000          0.000       3716.277       5848.086          0.000         523.100         18.459        186.826        252.033
     22/10/2000      2000       3253.394        120.455          3.025          0.000          0.000          0.000        855.552       1707.015          0.000         233.900          0.805        109.668         83.402
     28/05/2001      2001          0.000          0.000          0.000          0.000          0.000          0.000       5253.500       6929.415          0.000         194.900          0.000        150.610          0.000
     03/11/2001      2001       1923.671         94.159          2.289          0.000          0.000          0.000       2007.927       3734.337          0.000         429.300          6.811        119.625        206.014
     14/07/2002      2002          0.000          0.000          0.000          0.000          0.000          0.000       4067.785       5674.020          0.000         301.000          2.462        161.900        100.783
     29/11/2002      2002       2588.981        144.707          3.866          0.000          0.000          0.000       1154.286       2198.855          0.000         199.500          0.000        116.110         45.882
