Summary_file = soi.sum
Title = Goondiwindi may phase 4
           date       soi
             ()        ()
     01/01/1980         5
     02/01/1980         5
     03/01/1980         5
     04/01/1980         5
     05/01/1980         5
     06/01/1980         5
     07/01/1980         5
     08/01/1980         5
     09/01/1980         5
     10/01/1980         5
     11/01/1980         5
     12/01/1980         5
     13/01/1980         5
     14/01/1980         5
     15/01/1980         5
     16/01/1980         5
     17/01/1980         5
     18/01/1980         5
     19/01/1980         5
     20/01/1980         5
     21/01/1980         5
     22/01/1980         5
     23/01/1980         5
     24/01/1980         5
     25/01/1980         5
     26/01/1980         5
     27/01/1980         5
     28/01/1980         5
     29/01/1980         5
     30/01/1980         5
     31/01/1980         5
     01/02/1980         5
     02/02/1980         5
     03/02/1980         5
     04/02/1980         5
     05/02/1980         5
     06/02/1980         5
     07/02/1980         5
     08/02/1980         5
     09/02/1980         5
     10/02/1980         5
     11/02/1980         5
     12/02/1980         5
     13/02/1980         5
     14/02/1980         5
     15/02/1980         5
     16/02/1980         5
     17/02/1980         5
     18/02/1980         5
     19/02/1980         5
     20/02/1980         5
     21/02/1980         5
     22/02/1980         5
     23/02/1980         5
     24/02/1980         5
     25/02/1980         5
     26/02/1980         5
     27/02/1980         5
     28/02/1980         5
     29/02/1980         5
     01/03/1980         5
     02/03/1980         5
     03/03/1980         5
     04/03/1980         5
     05/03/1980         5
     06/03/1980         5
     07/03/1980         5
     08/03/1980         5
     09/03/1980         5
     10/03/1980         5
     11/03/1980         5
     12/03/1980         5
     13/03/1980         5
     14/03/1980         5
     15/03/1980         5
     16/03/1980         5
     17/03/1980         5
     18/03/1980         5
     19/03/1980         5
     20/03/1980         5
     21/03/1980         5
     22/03/1980         5
     23/03/1980         5
     24/03/1980         5
     25/03/1980         5
     26/03/1980         5
     27/03/1980         5
     28/03/1980         5
     29/03/1980         5
     30/03/1980         5
     31/03/1980         5
     01/04/1980         5
     02/04/1980         5
     03/04/1980         5
     04/04/1980         5
     05/04/1980         5
     06/04/1980         5
     07/04/1980         5
     08/04/1980         5
     09/04/1980         5
     10/04/1980         5
     11/04/1980         5
     12/04/1980         5
     13/04/1980         5
     14/04/1980         5
     15/04/1980         5
     16/04/1980         5
     17/04/1980         5
     18/04/1980         5
     19/04/1980         5
     20/04/1980         5
     21/04/1980         5
     22/04/1980         5
     23/04/1980         5
     24/04/1980         5
     25/04/1980         5
     26/04/1980         5
     27/04/1980         5
     28/04/1980         5
     29/04/1980         5
     30/04/1980         5
     01/05/1980         5
     02/05/1980         5
     03/05/1980         5
     04/05/1980         5
     05/05/1980         5
     06/05/1980         5
     07/05/1980         5
     08/05/1980         5
     09/05/1980         5
     10/05/1980         5
     11/05/1980         5
     12/05/1980         5
     13/05/1980         5
     14/05/1980         5
     15/05/1980         5
     16/05/1980         5
     17/05/1980         5
     18/05/1980         5
     19/05/1980         5
     20/05/1980         5
     21/05/1980         5
     22/05/1980         5
     23/05/1980         5
     24/05/1980         5
     25/05/1980         5
     26/05/1980         5
     27/05/1980         5
     28/05/1980         5
     29/05/1980         5
     30/05/1980         5
     31/05/1980         5
     01/06/1980         5
     02/06/1980         5
     03/06/1980         5
     04/06/1980         5
     05/06/1980         5
     06/06/1980         5
     07/06/1980         5
     08/06/1980         5
     09/06/1980         5
     10/06/1980         5
     11/06/1980         5
     12/06/1980         5
     13/06/1980         5
     14/06/1980         5
     15/06/1980         5
     16/06/1980         5
     17/06/1980         5
     18/06/1980         5
     19/06/1980         5
     20/06/1980         5
     21/06/1980         5
     22/06/1980         5
     23/06/1980         5
     24/06/1980         5
     25/06/1980         5
     26/06/1980         5
     27/06/1980         5
     28/06/1980         5
     29/06/1980         5
     30/06/1980         5
     01/07/1980         5
     02/07/1980         5
     03/07/1980         5
     04/07/1980         5
     05/07/1980         5
     06/07/1980         5
     07/07/1980         5
     08/07/1980         5
     09/07/1980         5
     10/07/1980         5
     11/07/1980         5
     12/07/1980         5
     13/07/1980         5
     14/07/1980         5
     15/07/1980         5
     16/07/1980         5
     17/07/1980         5
     18/07/1980         5
     19/07/1980         5
     20/07/1980         5
     21/07/1980         5
     22/07/1980         5
     23/07/1980         5
     24/07/1980         5
     25/07/1980         5
     26/07/1980         5
     27/07/1980         5
     28/07/1980         5
     29/07/1980         5
     30/07/1980         5
     31/07/1980         5
     01/08/1980         5
     02/08/1980         5
     03/08/1980         5
     04/08/1980         5
     05/08/1980         5
     06/08/1980         5
     07/08/1980         5
     08/08/1980         5
     09/08/1980         5
     10/08/1980         5
     11/08/1980         5
     12/08/1980         5
     13/08/1980         5
     14/08/1980         5
     15/08/1980         5
     16/08/1980         5
     17/08/1980         5
     18/08/1980         5
     19/08/1980         5
     20/08/1980         5
     21/08/1980         5
     22/08/1980         5
     23/08/1980         5
     24/08/1980         5
     25/08/1980         5
     26/08/1980         5
     27/08/1980         5
     28/08/1980         5
     29/08/1980         5
     30/08/1980         5
     31/08/1980         5
     01/09/1980         5
     02/09/1980         5
     03/09/1980         5
     04/09/1980         5
     05/09/1980         5
     06/09/1980         5
     07/09/1980         5
     08/09/1980         5
     09/09/1980         5
     10/09/1980         5
     11/09/1980         5
     12/09/1980         5
     13/09/1980         5
     14/09/1980         5
     15/09/1980         5
     16/09/1980         5
     17/09/1980         5
     18/09/1980         5
     19/09/1980         5
     20/09/1980         5
     21/09/1980         5
     22/09/1980         5
     23/09/1980         5
     24/09/1980         5
     25/09/1980         5
     26/09/1980         5
     27/09/1980         5
     28/09/1980         5
     29/09/1980         5
     30/09/1980         5
     01/10/1980         5
     02/10/1980         5
     03/10/1980         5
     04/10/1980         5
     05/10/1980         5
     06/10/1980         5
     07/10/1980         5
     08/10/1980         5
     09/10/1980         5
     10/10/1980         5
     11/10/1980         5
     12/10/1980         5
     13/10/1980         5
     14/10/1980         5
     15/10/1980         5
     16/10/1980         5
     17/10/1980         5
     18/10/1980         5
     19/10/1980         5
     20/10/1980         5
     21/10/1980         5
     22/10/1980         5
     23/10/1980         5
     24/10/1980         5
     25/10/1980         5
     26/10/1980         5
     27/10/1980         5
     28/10/1980         5
     29/10/1980         5
     30/10/1980         5
     31/10/1980         5
     01/11/1980         5
     02/11/1980         5
     03/11/1980         5
     04/11/1980         5
     05/11/1980         5
     06/11/1980         5
     07/11/1980         5
     08/11/1980         5
     09/11/1980         5
     10/11/1980         5
     11/11/1980         5
     12/11/1980         5
     13/11/1980         5
     14/11/1980         5
     15/11/1980         5
     16/11/1980         5
     17/11/1980         5
     18/11/1980         5
     19/11/1980         5
     20/11/1980         5
     21/11/1980         5
     22/11/1980         5
     23/11/1980         5
     24/11/1980         5
     25/11/1980         5
     26/11/1980         5
     27/11/1980         5
     28/11/1980         5
     29/11/1980         5
     30/11/1980         5
     01/12/1980         5
     02/12/1980         5
     03/12/1980         5
     04/12/1980         5
     05/12/1980         5
     06/12/1980         5
     07/12/1980         5
     08/12/1980         5
     09/12/1980         5
     10/12/1980         5
     11/12/1980         5
     12/12/1980         5
     13/12/1980         5
     14/12/1980         5
     15/12/1980         5
     16/12/1980         5
     17/12/1980         5
     18/12/1980         5
     19/12/1980         5
     20/12/1980         5
     21/12/1980         5
     22/12/1980         5
     23/12/1980         5
     24/12/1980         5
     25/12/1980         5
     26/12/1980         5
     27/12/1980         5
     28/12/1980         5
     29/12/1980         5
     30/12/1980         5
     31/12/1980         5
     01/01/1981         2
     02/01/1981         2
     03/01/1981         2
     04/01/1981         2
     05/01/1981         2
     06/01/1981         2
     07/01/1981         2
     08/01/1981         2
     09/01/1981         2
     10/01/1981         2
     11/01/1981         2
     12/01/1981         2
     13/01/1981         2
     14/01/1981         2
     15/01/1981         2
     16/01/1981         2
     17/01/1981         2
     18/01/1981         2
     19/01/1981         2
     20/01/1981         2
     21/01/1981         2
     22/01/1981         2
     23/01/1981         2
     24/01/1981         2
     25/01/1981         2
     26/01/1981         2
     27/01/1981         2
     28/01/1981         2
     29/01/1981         2
     30/01/1981         2
     31/01/1981         2
     01/02/1981         2
     02/02/1981         2
     03/02/1981         2
     04/02/1981         2
     05/02/1981         2
     06/02/1981         2
     07/02/1981         2
     08/02/1981         2
     09/02/1981         2
     10/02/1981         2
     11/02/1981         2
     12/02/1981         2
     13/02/1981         2
     14/02/1981         2
     15/02/1981         2
     16/02/1981         2
     17/02/1981         2
     18/02/1981         2
     19/02/1981         2
     20/02/1981         2
     21/02/1981         2
     22/02/1981         2
     23/02/1981         2
     24/02/1981         2
     25/02/1981         2
     26/02/1981         2
     27/02/1981         2
     28/02/1981         2
     01/03/1981         2
     02/03/1981         2
     03/03/1981         2
     04/03/1981         2
     05/03/1981         2
     06/03/1981         2
     07/03/1981         2
     08/03/1981         2
     09/03/1981         2
     10/03/1981         2
     11/03/1981         2
     12/03/1981         2
     13/03/1981         2
     14/03/1981         2
     15/03/1981         2
     16/03/1981         2
     17/03/1981         2
     18/03/1981         2
     19/03/1981         2
     20/03/1981         2
     21/03/1981         2
     22/03/1981         2
     23/03/1981         2
     24/03/1981         2
     25/03/1981         2
     26/03/1981         2
     27/03/1981         2
     28/03/1981         2
     29/03/1981         2
     30/03/1981         2
     31/03/1981         2
     01/04/1981         2
     02/04/1981         2
     03/04/1981         2
     04/04/1981         2
     05/04/1981         2
     06/04/1981         2
     07/04/1981         2
     08/04/1981         2
     09/04/1981         2
     10/04/1981         2
     11/04/1981         2
     12/04/1981         2
     13/04/1981         2
     14/04/1981         2
     15/04/1981         2
     16/04/1981         2
     17/04/1981         2
     18/04/1981         2
     19/04/1981         2
     20/04/1981         2
     21/04/1981         2
     22/04/1981         2
     23/04/1981         2
     24/04/1981         2
     25/04/1981         2
     26/04/1981         2
     27/04/1981         2
     28/04/1981         2
     29/04/1981         2
     30/04/1981         2
     01/05/1981         2
     02/05/1981         2
     03/05/1981         2
     04/05/1981         2
     05/05/1981         2
     06/05/1981         2
     07/05/1981         2
     08/05/1981         2
     09/05/1981         2
     10/05/1981         2
     11/05/1981         2
     12/05/1981         2
     13/05/1981         2
     14/05/1981         2
     15/05/1981         2
     16/05/1981         2
     17/05/1981         2
     18/05/1981         2
     19/05/1981         2
     20/05/1981         2
     21/05/1981         2
     22/05/1981         2
     23/05/1981         2
     24/05/1981         2
     25/05/1981         2
     26/05/1981         2
     27/05/1981         2
     28/05/1981         2
     29/05/1981         2
     30/05/1981         2
     31/05/1981         2
     01/06/1981         2
     02/06/1981         2
     03/06/1981         2
     04/06/1981         2
     05/06/1981         2
     06/06/1981         2
     07/06/1981         2
     08/06/1981         2
     09/06/1981         2
     10/06/1981         2
     11/06/1981         2
     12/06/1981         2
     13/06/1981         2
     14/06/1981         2
     15/06/1981         2
     16/06/1981         2
     17/06/1981         2
     18/06/1981         2
     19/06/1981         2
     20/06/1981         2
     21/06/1981         2
     22/06/1981         2
     23/06/1981         2
     24/06/1981         2
     25/06/1981         2
     26/06/1981         2
     27/06/1981         2
     28/06/1981         2
     29/06/1981         2
     30/06/1981         2
     01/07/1981         2
     02/07/1981         2
     03/07/1981         2
     04/07/1981         2
     05/07/1981         2
     06/07/1981         2
     07/07/1981         2
     08/07/1981         2
     09/07/1981         2
     10/07/1981         2
     11/07/1981         2
     12/07/1981         2
     13/07/1981         2
     14/07/1981         2
     15/07/1981         2
     16/07/1981         2
     17/07/1981         2
     18/07/1981         2
     19/07/1981         2
     20/07/1981         2
     21/07/1981         2
     22/07/1981         2
     23/07/1981         2
     24/07/1981         2
     25/07/1981         2
     26/07/1981         2
     27/07/1981         2
     28/07/1981         2
     29/07/1981         2
     30/07/1981         2
     31/07/1981         2
     01/08/1981         2
     02/08/1981         2
     03/08/1981         2
     04/08/1981         2
     05/08/1981         2
     06/08/1981         2
     07/08/1981         2
     08/08/1981         2
     09/08/1981         2
     10/08/1981         2
     11/08/1981         2
     12/08/1981         2
     13/08/1981         2
     14/08/1981         2
     15/08/1981         2
     16/08/1981         2
     17/08/1981         2
     18/08/1981         2
     19/08/1981         2
     20/08/1981         2
     21/08/1981         2
     22/08/1981         2
     23/08/1981         2
     24/08/1981         2
     25/08/1981         2
     26/08/1981         2
     27/08/1981         2
     28/08/1981         2
     29/08/1981         2
     30/08/1981         2
     31/08/1981         2
     01/09/1981         2
     02/09/1981         2
     03/09/1981         2
     04/09/1981         2
     05/09/1981         2
     06/09/1981         2
     07/09/1981         2
     08/09/1981         2
     09/09/1981         2
     10/09/1981         2
     11/09/1981         2
     12/09/1981         2
     13/09/1981         2
     14/09/1981         2
     15/09/1981         2
     16/09/1981         2
     17/09/1981         2
     18/09/1981         2
     19/09/1981         2
     20/09/1981         2
     21/09/1981         2
     22/09/1981         2
     23/09/1981         2
     24/09/1981         2
     25/09/1981         2
     26/09/1981         2
     27/09/1981         2
     28/09/1981         2
     29/09/1981         2
     30/09/1981         2
     01/10/1981         2
     02/10/1981         2
     03/10/1981         2
     04/10/1981         2
     05/10/1981         2
     06/10/1981         2
     07/10/1981         2
     08/10/1981         2
     09/10/1981         2
     10/10/1981         2
     11/10/1981         2
     12/10/1981         2
     13/10/1981         2
     14/10/1981         2
     15/10/1981         2
     16/10/1981         2
     17/10/1981         2
     18/10/1981         2
     19/10/1981         2
     20/10/1981         2
     21/10/1981         2
     22/10/1981         2
     23/10/1981         2
     24/10/1981         2
     25/10/1981         2
     26/10/1981         2
     27/10/1981         2
     28/10/1981         2
     29/10/1981         2
     30/10/1981         2
     31/10/1981         2
     01/11/1981         2
     02/11/1981         2
     03/11/1981         2
     04/11/1981         2
     05/11/1981         2
     06/11/1981         2
     07/11/1981         2
     08/11/1981         2
     09/11/1981         2
     10/11/1981         2
     11/11/1981         2
     12/11/1981         2
     13/11/1981         2
     14/11/1981         2
     15/11/1981         2
     16/11/1981         2
     17/11/1981         2
     18/11/1981         2
     19/11/1981         2
     20/11/1981         2
     21/11/1981         2
     22/11/1981         2
     23/11/1981         2
     24/11/1981         2
     25/11/1981         2
     26/11/1981         2
     27/11/1981         2
     28/11/1981         2
     29/11/1981         2
     30/11/1981         2
     01/12/1981         2
     02/12/1981         2
     03/12/1981         2
     04/12/1981         2
     05/12/1981         2
     06/12/1981         2
     07/12/1981         2
     08/12/1981         2
     09/12/1981         2
     10/12/1981         2
     11/12/1981         2
     12/12/1981         2
     13/12/1981         2
     14/12/1981         2
     15/12/1981         2
     16/12/1981         2
     17/12/1981         2
     18/12/1981         2
     19/12/1981         2
     20/12/1981         2
     21/12/1981         2
     22/12/1981         2
     23/12/1981         2
     24/12/1981         2
     25/12/1981         2
     26/12/1981         2
     27/12/1981         2
     28/12/1981         2
     29/12/1981         2
     30/12/1981         2
     31/12/1981         2
     01/01/1983         3
     02/01/1983         3
     03/01/1983         3
     04/01/1983         3
     05/01/1983         3
     06/01/1983         3
     07/01/1983         3
     08/01/1983         3
     09/01/1983         3
     10/01/1983         3
     11/01/1983         3
     12/01/1983         3
     13/01/1983         3
     14/01/1983         3
     15/01/1983         3
     16/01/1983         3
     17/01/1983         3
     18/01/1983         3
     19/01/1983         3
     20/01/1983         3
     21/01/1983         3
     22/01/1983         3
     23/01/1983         3
     24/01/1983         3
     25/01/1983         3
     26/01/1983         3
     27/01/1983         3
     28/01/1983         3
     29/01/1983         3
     30/01/1983         3
     31/01/1983         3
     01/02/1983         3
     02/02/1983         3
     03/02/1983         3
     04/02/1983         3
     05/02/1983         3
     06/02/1983         3
     07/02/1983         3
     08/02/1983         3
     09/02/1983         3
     10/02/1983         3
     11/02/1983         3
     12/02/1983         3
     13/02/1983         3
     14/02/1983         3
     15/02/1983         3
     16/02/1983         3
     17/02/1983         3
     18/02/1983         3
     19/02/1983         3
     20/02/1983         3
     21/02/1983         3
     22/02/1983         3
     23/02/1983         3
     24/02/1983         3
     25/02/1983         3
     26/02/1983         3
     27/02/1983         3
     28/02/1983         3
     01/03/1983         3
     02/03/1983         3
     03/03/1983         3
     04/03/1983         3
     05/03/1983         3
     06/03/1983         3
     07/03/1983         3
     08/03/1983         3
     09/03/1983         3
     10/03/1983         3
     11/03/1983         3
     12/03/1983         3
     13/03/1983         3
     14/03/1983         3
     15/03/1983         3
     16/03/1983         3
     17/03/1983         3
     18/03/1983         3
     19/03/1983         3
     20/03/1983         3
     21/03/1983         3
     22/03/1983         3
     23/03/1983         3
     24/03/1983         3
     25/03/1983         3
     26/03/1983         3
     27/03/1983         3
     28/03/1983         3
     29/03/1983         3
     30/03/1983         3
     31/03/1983         3
     01/04/1983         3
     02/04/1983         3
     03/04/1983         3
     04/04/1983         3
     05/04/1983         3
     06/04/1983         3
     07/04/1983         3
     08/04/1983         3
     09/04/1983         3
     10/04/1983         3
     11/04/1983         3
     12/04/1983         3
     13/04/1983         3
     14/04/1983         3
     15/04/1983         3
     16/04/1983         3
     17/04/1983         3
     18/04/1983         3
     19/04/1983         3
     20/04/1983         3
     21/04/1983         3
     22/04/1983         3
     23/04/1983         3
     24/04/1983         3
     25/04/1983         3
     26/04/1983         3
     27/04/1983         3
     28/04/1983         3
     29/04/1983         3
     30/04/1983         3
     01/05/1983         3
     02/05/1983         3
     03/05/1983         3
     04/05/1983         3
     05/05/1983         3
     06/05/1983         3
     07/05/1983         3
     08/05/1983         3
     09/05/1983         3
     10/05/1983         3
     11/05/1983         3
     12/05/1983         3
     13/05/1983         3
     14/05/1983         3
     15/05/1983         3
     16/05/1983         3
     17/05/1983         3
     18/05/1983         3
     19/05/1983         3
     20/05/1983         3
     21/05/1983         3
     22/05/1983         3
     23/05/1983         3
     24/05/1983         3
     25/05/1983         3
     26/05/1983         3
     27/05/1983         3
     28/05/1983         3
     29/05/1983         3
     30/05/1983         3
     31/05/1983         3
     01/06/1983         3
     02/06/1983         3
     03/06/1983         3
     04/06/1983         3
     05/06/1983         3
     06/06/1983         3
     07/06/1983         3
     08/06/1983         3
     09/06/1983         3
     10/06/1983         3
     11/06/1983         3
     12/06/1983         3
     13/06/1983         3
     14/06/1983         3
     15/06/1983         3
     16/06/1983         3
     17/06/1983         3
     18/06/1983         3
     19/06/1983         3
     20/06/1983         3
     21/06/1983         3
     22/06/1983         3
     23/06/1983         3
     24/06/1983         3
     25/06/1983         3
     26/06/1983         3
     27/06/1983         3
     28/06/1983         3
     29/06/1983         3
     30/06/1983         3
     01/07/1983         3
     02/07/1983         3
     03/07/1983         3
     04/07/1983         3
     05/07/1983         3
     06/07/1983         3
     07/07/1983         3
     08/07/1983         3
     09/07/1983         3
     10/07/1983         3
     11/07/1983         3
     12/07/1983         3
     13/07/1983         3
     14/07/1983         3
     15/07/1983         3
     16/07/1983         3
     17/07/1983         3
     18/07/1983         3
     19/07/1983         3
     20/07/1983         3
     21/07/1983         3
     22/07/1983         3
     23/07/1983         3
     24/07/1983         3
     25/07/1983         3
     26/07/1983         3
     27/07/1983         3
     28/07/1983         3
     29/07/1983         3
     30/07/1983         3
     31/07/1983         3
     01/08/1983         3
     02/08/1983         3
     03/08/1983         3
     04/08/1983         3
     05/08/1983         3
     06/08/1983         3
     07/08/1983         3
     08/08/1983         3
     09/08/1983         3
     10/08/1983         3
     11/08/1983         3
     12/08/1983         3
     13/08/1983         3
     14/08/1983         3
     15/08/1983         3
     16/08/1983         3
     17/08/1983         3
     18/08/1983         3
     19/08/1983         3
     20/08/1983         3
     21/08/1983         3
     22/08/1983         3
     23/08/1983         3
     24/08/1983         3
     25/08/1983         3
     26/08/1983         3
     27/08/1983         3
     28/08/1983         3
     29/08/1983         3
     30/08/1983         3
     31/08/1983         3
     01/09/1983         3
     02/09/1983         3
     03/09/1983         3
     04/09/1983         3
     05/09/1983         3
     06/09/1983         3
     07/09/1983         3
     08/09/1983         3
     09/09/1983         3
     10/09/1983         3
     11/09/1983         3
     12/09/1983         3
     13/09/1983         3
     14/09/1983         3
     15/09/1983         3
     16/09/1983         3
     17/09/1983         3
     18/09/1983         3
     19/09/1983         3
     20/09/1983         3
     21/09/1983         3
     22/09/1983         3
     23/09/1983         3
     24/09/1983         3
     25/09/1983         3
     26/09/1983         3
     27/09/1983         3
     28/09/1983         3
     29/09/1983         3
     30/09/1983         3
     01/10/1983         3
     02/10/1983         3
     03/10/1983         3
     04/10/1983         3
     05/10/1983         3
     06/10/1983         3
     07/10/1983         3
     08/10/1983         3
     09/10/1983         3
     10/10/1983         3
     11/10/1983         3
     12/10/1983         3
     13/10/1983         3
     14/10/1983         3
     15/10/1983         3
     16/10/1983         3
     17/10/1983         3
     18/10/1983         3
     19/10/1983         3
     20/10/1983         3
     21/10/1983         3
     22/10/1983         3
     23/10/1983         3
     24/10/1983         3
     25/10/1983         3
     26/10/1983         3
     27/10/1983         3
     28/10/1983         3
     29/10/1983         3
     30/10/1983         3
     31/10/1983         3
     01/11/1983         3
     02/11/1983         3
     03/11/1983         3
     04/11/1983         3
     05/11/1983         3
     06/11/1983         3
     07/11/1983         3
     08/11/1983         3
     09/11/1983         3
     10/11/1983         3
     11/11/1983         3
     12/11/1983         3
     13/11/1983         3
     14/11/1983         3
     15/11/1983         3
     16/11/1983         3
     17/11/1983         3
     18/11/1983         3
     19/11/1983         3
     20/11/1983         3
     21/11/1983         3
     22/11/1983         3
     23/11/1983         3
     24/11/1983         3
     25/11/1983         3
     26/11/1983         3
     27/11/1983         3
     28/11/1983         3
     29/11/1983         3
     30/11/1983         3
     01/12/1983         3
     02/12/1983         3
     03/12/1983         3
     04/12/1983         3
     05/12/1983         3
     06/12/1983         3
     07/12/1983         3
     08/12/1983         3
     09/12/1983         3
     10/12/1983         3
     11/12/1983         3
     12/12/1983         3
     13/12/1983         3
     14/12/1983         3
     15/12/1983         3
     16/12/1983         3
     17/12/1983         3
     18/12/1983         3
     19/12/1983         3
     20/12/1983         3
     21/12/1983         3
     22/12/1983         3
     23/12/1983         3
     24/12/1983         3
     25/12/1983         3
     26/12/1983         3
     27/12/1983         3
     28/12/1983         3
     29/12/1983         3
     30/12/1983         3
     31/12/1983         3
     01/01/1988         3
     02/01/1988         3
     03/01/1988         3
     04/01/1988         3
     05/01/1988         3
     06/01/1988         3
     07/01/1988         3
     08/01/1988         3
     09/01/1988         3
     10/01/1988         3
     11/01/1988         3
     12/01/1988         3
     13/01/1988         3
     14/01/1988         3
     15/01/1988         3
     16/01/1988         3
     17/01/1988         3
     18/01/1988         3
     19/01/1988         3
     20/01/1988         3
     21/01/1988         3
     22/01/1988         3
     23/01/1988         3
     24/01/1988         3
     25/01/1988         3
     26/01/1988         3
     27/01/1988         3
     28/01/1988         3
     29/01/1988         3
     30/01/1988         3
     31/01/1988         3
     01/02/1988         3
     02/02/1988         3
     03/02/1988         3
     04/02/1988         3
     05/02/1988         3
     06/02/1988         3
     07/02/1988         3
     08/02/1988         3
     09/02/1988         3
     10/02/1988         3
     11/02/1988         3
     12/02/1988         3
     13/02/1988         3
     14/02/1988         3
     15/02/1988         3
     16/02/1988         3
     17/02/1988         3
     18/02/1988         3
     19/02/1988         3
     20/02/1988         3
     21/02/1988         3
     22/02/1988         3
     23/02/1988         3
     24/02/1988         3
     25/02/1988         3
     26/02/1988         3
     27/02/1988         3
     28/02/1988         3
     29/02/1988         3
     01/03/1988         3
     02/03/1988         3
     03/03/1988         3
     04/03/1988         3
     05/03/1988         3
     06/03/1988         3
     07/03/1988         3
     08/03/1988         3
     09/03/1988         3
     10/03/1988         3
     11/03/1988         3
     12/03/1988         3
     13/03/1988         3
     14/03/1988         3
     15/03/1988         3
     16/03/1988         3
     17/03/1988         3
     18/03/1988         3
     19/03/1988         3
     20/03/1988         3
     21/03/1988         3
     22/03/1988         3
     23/03/1988         3
     24/03/1988         3
     25/03/1988         3
     26/03/1988         3
     27/03/1988         3
     28/03/1988         3
     29/03/1988         3
     30/03/1988         3
     31/03/1988         3
     01/04/1988         3
     02/04/1988         3
     03/04/1988         3
     04/04/1988         3
     05/04/1988         3
     06/04/1988         3
     07/04/1988         3
     08/04/1988         3
     09/04/1988         3
     10/04/1988         3
     11/04/1988         3
     12/04/1988         3
     13/04/1988         3
     14/04/1988         3
     15/04/1988         3
     16/04/1988         3
     17/04/1988         3
     18/04/1988         3
     19/04/1988         3
     20/04/1988         3
     21/04/1988         3
     22/04/1988         3
     23/04/1988         3
     24/04/1988         3
     25/04/1988         3
     26/04/1988         3
     27/04/1988         3
     28/04/1988         3
     29/04/1988         3
     30/04/1988         3
     01/05/1988         3
     02/05/1988         3
     03/05/1988         3
     04/05/1988         3
     05/05/1988         3
     06/05/1988         3
     07/05/1988         3
     08/05/1988         3
     09/05/1988         3
     10/05/1988         3
     11/05/1988         3
     12/05/1988         3
     13/05/1988         3
     14/05/1988         3
     15/05/1988         3
     16/05/1988         3
     17/05/1988         3
     18/05/1988         3
     19/05/1988         3
     20/05/1988         3
     21/05/1988         3
     22/05/1988         3
     23/05/1988         3
     24/05/1988         3
     25/05/1988         3
     26/05/1988         3
     27/05/1988         3
     28/05/1988         3
     29/05/1988         3
     30/05/1988         3
     31/05/1988         3
     01/06/1988         3
     02/06/1988         3
     03/06/1988         3
     04/06/1988         3
     05/06/1988         3
     06/06/1988         3
     07/06/1988         3
     08/06/1988         3
     09/06/1988         3
     10/06/1988         3
     11/06/1988         3
     12/06/1988         3
     13/06/1988         3
     14/06/1988         3
     15/06/1988         3
     16/06/1988         3
     17/06/1988         3
     18/06/1988         3
     19/06/1988         3
     20/06/1988         3
     21/06/1988         3
     22/06/1988         3
     23/06/1988         3
     24/06/1988         3
     25/06/1988         3
     26/06/1988         3
     27/06/1988         3
     28/06/1988         3
     29/06/1988         3
     30/06/1988         3
     01/07/1988         3
     02/07/1988         3
     03/07/1988         3
     04/07/1988         3
     05/07/1988         3
     06/07/1988         3
     07/07/1988         3
     08/07/1988         3
     09/07/1988         3
     10/07/1988         3
     11/07/1988         3
     12/07/1988         3
     13/07/1988         3
     14/07/1988         3
     15/07/1988         3
     16/07/1988         3
     17/07/1988         3
     18/07/1988         3
     19/07/1988         3
     20/07/1988         3
     21/07/1988         3
     22/07/1988         3
     23/07/1988         3
     24/07/1988         3
     25/07/1988         3
     26/07/1988         3
     27/07/1988         3
     28/07/1988         3
     29/07/1988         3
     30/07/1988         3
     31/07/1988         3
     01/08/1988         3
     02/08/1988         3
     03/08/1988         3
     04/08/1988         3
     05/08/1988         3
     06/08/1988         3
     07/08/1988         3
     08/08/1988         3
     09/08/1988         3
     10/08/1988         3
     11/08/1988         3
     12/08/1988         3
     13/08/1988         3
     14/08/1988         3
     15/08/1988         3
     16/08/1988         3
     17/08/1988         3
     18/08/1988         3
     19/08/1988         3
     20/08/1988         3
     21/08/1988         3
     22/08/1988         3
     23/08/1988         3
     24/08/1988         3
     25/08/1988         3
     26/08/1988         3
     27/08/1988         3
     28/08/1988         3
     29/08/1988         3
     30/08/1988         3
     31/08/1988         3
     01/09/1988         3
     02/09/1988         3
     03/09/1988         3
     04/09/1988         3
     05/09/1988         3
     06/09/1988         3
     07/09/1988         3
     08/09/1988         3
     09/09/1988         3
     10/09/1988         3
     11/09/1988         3
     12/09/1988         3
     13/09/1988         3
     14/09/1988         3
     15/09/1988         3
     16/09/1988         3
     17/09/1988         3
     18/09/1988         3
     19/09/1988         3
     20/09/1988         3
     21/09/1988         3
     22/09/1988         3
     23/09/1988         3
     24/09/1988         3
     25/09/1988         3
     26/09/1988         3
     27/09/1988         3
     28/09/1988         3
     29/09/1988         3
     30/09/1988         3
     01/10/1988         3
     02/10/1988         3
     03/10/1988         3
     04/10/1988         3
     05/10/1988         3
     06/10/1988         3
     07/10/1988         3
     08/10/1988         3
     09/10/1988         3
     10/10/1988         3
     11/10/1988         3
     12/10/1988         3
     13/10/1988         3
     14/10/1988         3
     15/10/1988         3
     16/10/1988         3
     17/10/1988         3
     18/10/1988         3
     19/10/1988         3
     20/10/1988         3
     21/10/1988         3
     22/10/1988         3
     23/10/1988         3
     24/10/1988         3
     25/10/1988         3
     26/10/1988         3
     27/10/1988         3
     28/10/1988         3
     29/10/1988         3
     30/10/1988         3
     31/10/1988         3
     01/11/1988         3
     02/11/1988         3
     03/11/1988         3
     04/11/1988         3
     05/11/1988         3
     06/11/1988         3
     07/11/1988         3
     08/11/1988         3
     09/11/1988         3
     10/11/1988         3
     11/11/1988         3
     12/11/1988         3
     13/11/1988         3
     14/11/1988         3
     15/11/1988         3
     16/11/1988         3
     17/11/1988         3
     18/11/1988         3
     19/11/1988         3
     20/11/1988         3
     21/11/1988         3
     22/11/1988         3
     23/11/1988         3
     24/11/1988         3
     25/11/1988         3
     26/11/1988         3
     27/11/1988         3
     28/11/1988         3
     29/11/1988         3
     30/11/1988         3
     01/12/1988         3
     02/12/1988         3
     03/12/1988         3
     04/12/1988         3
     05/12/1988         3
     06/12/1988         3
     07/12/1988         3
     08/12/1988         3
     09/12/1988         3
     10/12/1988         3
     11/12/1988         3
     12/12/1988         3
     13/12/1988         3
     14/12/1988         3
     15/12/1988         3
     16/12/1988         3
     17/12/1988         3
     18/12/1988         3
     19/12/1988         3
     20/12/1988         3
     21/12/1988         3
     22/12/1988         3
     23/12/1988         3
     24/12/1988         3
     25/12/1988         3
     26/12/1988         3
     27/12/1988         3
     28/12/1988         3
     29/12/1988         3
     30/12/1988         3
     31/12/1988         3
