Summary_file=step6.sum
Title =step 6. growth by regrowth + transpiration
           date       sw_dep()      sw_dep(1)      sw_dep(2)      sw_dep(3)      sw_dep(4)     basal_area     root_depth       sw_index  transpiration vpd_estimation  max_n_avail()   growth_photo    death_frost     residue_wt
             ()           (mm)           (mm)           (mm)           (mm)           (mm)       (m^2/ha)           (mm)             ()             ()             ()             ()        (kg/ha)        (kg/ha)        (kg/ha)
      1/01/1957        279.403         13.403         76.000         95.000         95.000          4.000        750.000          1.000          0.000         28.960         15.000          0.000          0.000          0.000
      2/01/1957        277.049         11.560         75.504         94.986         95.000          4.000        750.000          1.000          0.082         18.960         15.000          2.376          0.000          0.000
      3/01/1957        275.007         10.323         74.727         94.957         95.000          4.000        750.000          1.000          0.164         21.230         15.000          4.685          0.000          0.000
      4/01/1957        273.158          9.411         73.835         94.913         95.000          4.000        750.000          1.000          0.243         22.920         15.000          7.530          0.000          0.000
      5/01/1957        271.436          8.706         72.877         94.853         95.000          4.000        750.000          1.000          0.322         22.920         15.000         10.378          0.000          0.001
      6/01/1957        269.798          8.146         71.875         94.778         95.000          4.000        750.000          1.000          0.401         19.070         15.000         12.475          0.000          0.002
      7/01/1957        268.218          7.690         70.841         94.686         95.000          4.000        750.000          1.000          0.478         18.120         15.000         10.488          0.000          0.004
      8/01/1957        266.681          7.315         69.786         94.579         95.000          4.000        750.000          1.000          0.549         17.000         15.000         10.785          0.000          0.006
      9/01/1957        265.174          7.002         68.715         94.456         95.000          4.000        750.000          1.000          0.616         11.090         15.000          7.132          0.000          0.009
     10/01/1957        276.920         14.248         73.293         94.379         95.000          4.000        750.000          1.000          0.580          7.180         15.000          5.327          0.000          0.013
     11/01/1957        275.802         13.626         72.887         94.289         95.000          4.000        750.000          1.000          0.631         19.610         15.000         23.034          0.000          0.018
     12/01/1957        273.335         11.857         72.316         94.162         95.000          4.000        750.000          1.000          0.752         18.180         15.000         21.867          0.000          0.023
     13/01/1957        271.131         10.669         71.452         94.010         95.000          4.000        750.000          1.000          0.836         19.610         15.000         24.764          0.000          0.030
     14/01/1957        269.344          9.907         70.572         93.865         95.000          4.000        750.000          1.000          0.778         23.640         15.000         30.716          0.000          0.038
     15/01/1957        267.611          9.286         69.619         93.706         95.000          4.000        750.000          1.000          0.839         24.260         15.000         33.183          0.000          0.047
     16/01/1957        265.914          8.771         68.612         93.531         95.000          4.000        750.000          1.000          0.899         26.680         15.000         35.625          0.000          0.058
     17/01/1957        264.241          8.336         67.565         93.341         95.000          4.000        750.000          1.000          0.958         14.280         15.000         26.237          0.000          0.070
     18/01/1957        262.618          7.964         66.514         93.140         95.000          4.000        750.000          0.969          0.981         14.060         15.000         31.136          0.000          0.085
     19/01/1957        261.046          7.645         65.470         92.931         95.000          4.000        750.000          0.932          0.992         17.720         15.000         32.165          0.000          0.101
     20/01/1957        259.273          7.321         64.274         92.678         95.000          4.000        750.000          0.893          1.159         23.190         15.000         41.379          0.000          0.119
     21/01/1957        257.575          7.044         63.114         92.417         95.000          4.000        750.000          0.848          1.148         17.210         15.000         38.433          0.000          0.141
     22/01/1957        255.952          6.807         61.997         92.149         95.000          4.000        750.000          0.802          1.127         24.710         15.000         44.915          0.000          0.167
     23/01/1957        254.404          6.601         60.929         91.874         95.000          4.000        750.000          0.758          1.099         27.630         15.000         49.934          0.000          0.198
     24/01/1957        252.928          6.422         59.911         91.595         95.000          4.000        750.000          0.714          1.067         31.020         15.000         49.721          0.000          0.234
     25/01/1957        255.134          9.672         59.150         91.312         95.000          4.000        750.000          0.681          1.044         20.650         15.000         36.487          0.000          0.277
     26/01/1957        260.439         15.148         59.137         91.154         95.000          4.000        750.000          1.000          1.094         15.040         15.000         35.443          0.000          0.327
     27/01/1957        257.571         13.108         58.541         90.923         95.000          4.000        750.000          0.913          1.167          7.080         15.000         14.519          0.000          0.366
     28/01/1957        255.430         11.847         57.915         90.668         95.000          4.000        750.000          0.716          1.013         10.210         15.000         26.761          0.000          0.410
     29/01/1957        253.641         10.954         57.286         90.401         95.000          4.000        750.000          0.620          0.932         14.560         15.000         44.223          0.000          0.464
     30/01/1957        252.063         10.255         56.678         90.130         95.000          4.000        750.000          0.572          0.882         15.960         15.000         45.441          0.000          0.531
     31/01/1957        250.625          9.672         56.096         89.858         95.000          4.000        750.000          0.545          0.854         21.300         15.000         42.384          0.000          0.612
      1/02/1957        249.302          9.173         55.543         89.586         95.000          4.000        750.000          0.521          0.824         21.120         15.000         40.037          0.000          0.706
      2/02/1957        248.077          8.742         55.019         89.315         95.000          4.000        750.000          0.498          0.795         22.140         15.000         60.613          0.000          0.812
      3/02/1957        246.934          8.367         54.522         89.046         95.000          4.000        750.000          0.477          0.767         23.410         15.000         56.652          0.000          0.930
      4/02/1957        245.864          8.037         54.049         88.777         95.000          4.000        750.000          0.457          0.741         18.120         15.000         43.404          0.000          1.060
      5/02/1957        244.857          7.746         53.601         88.510         95.000          4.000        750.000          0.438          0.716         14.060         15.000         38.199          0.000          1.204
      6/02/1957        243.904          7.489         53.172         88.243         95.000          4.000        750.000          0.421          0.695         13.560         15.000         35.004          0.000          1.362
      7/02/1957        243.000          7.260         52.764         87.976         95.000          4.000        750.000          0.404          0.675          9.690         15.000         25.984          0.000          1.533
      8/02/1957        242.135          7.055         52.372         87.708         95.000          4.000        750.000          0.389          0.661         18.590         15.000         50.554          0.000          1.719
      9/02/1957        241.314          6.872         52.000         87.442         95.000          4.000        750.000          0.374          0.638         18.690         15.000         36.291          0.000          1.921
     10/02/1957        240.532          6.707         51.647         87.178         95.000          4.000        750.000          0.360          0.616         16.420         15.000         46.164          0.000          2.137
     11/02/1957        239.784          6.558         51.308         86.917         95.000          4.000        750.000          0.347          0.596         18.960         15.000         43.968          0.000          2.370
     12/02/1957        239.062          6.423         50.980         86.659         95.000          4.000        750.000          0.334          0.576         12.300         15.000         41.641          0.000          2.618
     13/02/1957        238.364          6.302         50.661         86.401         95.000          4.000        750.000          0.322          0.560         15.210         15.000         46.935          0.000          2.883
     14/02/1957        237.691          6.191         50.353         86.146         95.000          4.000        750.000          0.311          0.542         16.570         15.000         47.141          0.000          3.165
     15/02/1957        237.041          6.091         50.056         85.894         95.000          4.000        750.000          0.300          0.524         20.580         15.000         62.193          0.000          3.463
     16/02/1957        236.415          6.000         49.770         85.645         95.000          4.000        750.000          0.290          0.505         21.580         15.000         62.178          0.000          3.778
     17/02/1957        235.816          5.916         49.498         85.402         95.000          4.000        750.000          0.280          0.483         24.410         15.000         64.019          0.000          4.111
     18/02/1957        235.241          5.839         49.237         85.164         95.000          4.000        750.000          0.271          0.463         23.040         15.000         60.934          0.000          4.461
     19/02/1957        234.690          5.769         48.988         84.932         95.000          4.000        750.000          0.263          0.444         25.350         15.000         57.898          0.000          4.828
     20/02/1957        234.160          5.705         48.750         84.704         95.000          4.000        750.000          0.255          0.426         25.250         15.000         47.749          0.000          5.212
     21/02/1957        233.651          5.646         48.523         84.482         95.000          4.000        750.000          0.247          0.409         25.980         15.000         51.975          0.000          5.612
     22/02/1957        233.161          5.592         48.304         84.264         95.000          4.000        750.000          0.240          0.393         19.450         15.000         42.076          0.000          6.030
     23/02/1957        232.689          5.543         48.095         84.051         95.000          4.000        750.000          0.233          0.377          8.300         15.000         30.064          0.000          6.463
     24/02/1957        232.235          5.498         47.894         83.843         95.000          4.000        750.000          0.227          0.363         15.740         15.000         36.604          0.000          6.913
     25/02/1957        231.797          5.456         47.701         83.639         95.000          4.000        750.000          0.220          0.350         10.810         15.000         27.156          0.000          7.380
     26/02/1957        231.374          5.418         47.516         83.440         95.000          4.000        750.000          0.215          0.337         14.660         15.000         33.574          0.000          7.862
     27/02/1957        238.361         12.712         47.392         83.257         95.000          4.000        750.000          0.418          0.610         13.560         15.000         24.350          0.000          8.360
     28/02/1957        237.159         11.773         47.288         83.098         95.000          0.500        750.000          0.291          0.371         16.820         15.000         50.189          0.000          8.535
      1/03/1957        236.178         11.053         47.186         82.940         95.000          0.500        750.000          0.232          0.298         18.660         15.000         48.408          0.000          8.778
      2/03/1957        235.333         10.463         47.087         82.784         95.000          0.500        750.000          0.205          0.262         20.900         15.000         47.337          0.000          9.092
      3/03/1957        234.577          9.955         46.991         82.630         95.000          0.500        750.000          0.197          0.249         23.470         15.000         52.010          0.000          9.478
      4/03/1957        233.888          9.508         46.900         82.480         95.000          0.500        750.000          0.194          0.242         24.080         15.000         49.282          0.000          9.941
      5/03/1957        234.979         10.834         46.811         82.333         95.000          0.500        750.000          0.209          0.257         20.050         15.000         42.263          0.000         10.486
      6/03/1957        235.778         11.858         46.728         82.193         95.000          0.500        750.000          0.281          0.334         20.900         15.000         45.249          0.000         11.077
      7/03/1957        234.809         11.111         46.646         82.052         95.000          0.500        750.000          0.218          0.261         20.480         15.000         42.191          0.000         11.688
      8/03/1957        234.791         11.308         46.568         81.914         95.000          0.500        750.000          0.228          0.269         18.660         15.000         44.799          0.000         12.312
      9/03/1957        233.934         10.665         46.491         81.778         95.000          0.500        750.000          0.192          0.226         21.020         15.000         45.475          0.000         12.950
     10/03/1957        233.181         10.121         46.417         81.644         95.000          0.500        750.000          0.179          0.209         20.130         15.000         38.090          0.000         13.601
     11/03/1957        239.772         15.230         48.026         81.515         95.000          0.500        750.000          0.861          0.974         16.260         15.000         31.705          0.000         14.266
     12/03/1957        238.005         13.729         47.904         81.372         95.000          0.500        750.000          0.586          0.745         20.180         15.000         42.712          0.000         14.361
     13/03/1957        236.276         12.283         47.775         81.218         95.000          0.500        750.000          0.350          0.483         21.230         15.000         43.188          0.000         14.558
     14/03/1957        234.997         11.290         47.647         81.060         95.000          0.500        750.000          0.246          0.349         20.700         15.000         39.129          0.000         14.886
     15/03/1957        235.429         11.994         47.526         80.908         95.000          0.500        750.000          0.307          0.423         12.700         15.000         27.809          0.000         15.349
     16/03/1957        234.235         11.076         47.405         80.754         95.000          0.500        750.000          0.224          0.319         16.660         15.000         30.747          0.000         15.890
     17/03/1957        233.409         10.474         47.308         80.627         95.000          0.500        750.000          0.196          0.231         22.010         15.000         27.875          0.000         16.577
     18/03/1957        232.673          9.956         47.215         80.502         95.000          0.500        750.000          0.187          0.218         21.870         15.000         36.076          0.000         17.311
     19/03/1957        232.006          9.502         47.125         80.379         95.000          0.500        750.000          0.184          0.213         24.780         15.000         39.229          0.000         18.057
     20/03/1957        231.396          9.099         47.038         80.259         95.000          0.500        750.000          0.182          0.207         32.110         15.000         47.003          0.000         18.816
     21/03/1957        230.835          8.741         46.954         80.141         95.000          0.500        750.000          0.179          0.202         22.240         15.000         42.588          0.000         19.587
     22/03/1957        230.317          8.419         46.873         80.025         95.000          0.500        750.000          0.177          0.197         18.120         15.000         38.267          0.000         20.371
     23/03/1957        229.836          8.130         46.795         79.911         95.000          0.500        750.000          0.174          0.192         20.720         15.000         32.148          0.000         21.166
     24/03/1957        229.387          7.869         46.719         79.800         95.000          0.500        750.000          0.172          0.187         19.670         15.000         28.035          0.000         21.974
     25/03/1957        262.845         16.295         71.799         79.751         95.000          0.500        750.000          1.000          0.847         17.740         15.000         33.247          0.000         22.793
     26/03/1957        260.148         14.274         71.192         79.682         95.000          0.500        750.000          1.000          0.967         16.380         15.000         33.245          0.000         22.698
     27/03/1957        257.919         12.913         70.412         79.593         95.000          0.500        750.000          1.000          1.063         15.970         15.000         24.923          0.000         22.775
     28/03/1957        255.899         11.925         69.489         79.486         95.000          0.500        750.000          1.000          1.136         12.200         15.000         17.686          0.000         23.016
     29/03/1957        254.014         11.171         68.477         79.365         95.000          0.500        750.000          0.975          1.175         16.830         15.000         29.426          0.000         23.418
     30/03/1957        252.274         10.566         67.466         79.242         95.000          0.500        750.000          0.916          1.145         18.050         15.000         34.055          0.000         23.981
     31/03/1957        250.620         10.054         66.451         79.116         95.000          0.500        750.000          0.874          1.122         20.210         15.000         37.821          0.000         24.710
      1/04/1957        249.044          9.607         65.449         78.988         95.000          0.500        750.000          0.839          1.097         23.420         15.000         41.112          0.000         25.036
      2/04/1957        247.544          9.213         64.472         78.860         95.000          0.500        750.000          0.803          1.066         24.290         15.000         45.931          0.000         25.363
      3/04/1957        246.118          8.863         63.525         78.731         95.000          0.500        750.000          0.766          1.031         19.160         15.000         44.374          0.000         25.692
      4/04/1957        245.700          9.445         62.654         78.601         95.000          0.500        750.000          0.732          1.001         18.610         15.000         41.597          0.000         26.024
      5/04/1957        244.360          9.075         61.816         78.470         95.000          0.500        750.000          0.698          0.969         18.930         15.000         35.593          0.000         26.359
      6/04/1957        243.095          8.745         61.012         78.338         95.000          0.500        750.000          0.665          0.936         19.030         15.000         41.712          0.000         26.697
      7/04/1957        241.895          8.448         60.240         78.206         95.000          0.500        750.000          0.632          0.901         19.830         15.000         39.791          0.000         27.038
      8/04/1957        240.753          8.182         59.498         78.074         95.000          0.500        750.000          0.601          0.865         18.800         15.000         33.456          0.000         27.383
      9/04/1957        239.666          7.940         58.784         77.941         95.000          0.500        750.000          0.571          0.830         19.310         15.000         34.337          0.000         27.733
     10/04/1957        247.163         15.932         58.372         77.859         95.000          0.500        750.000          1.000          1.172         19.100         15.000         35.623          0.000         28.087
     11/04/1957        244.456         13.923         57.793         77.740         95.000          0.500        750.000          0.944          1.253         24.510         15.000         52.426          0.000         27.318
     12/04/1957        242.841         12.881         57.321         77.638         95.000          0.500        750.000          0.727          0.829         20.580         15.000         47.942          0.000         26.764
     13/04/1957        241.489         12.103         56.853         77.533         95.000          0.500        750.000          0.603          0.714         23.270         15.000         52.225          0.000         26.375
     14/04/1957        240.314         11.491         56.396         77.427         95.000          0.500        750.000          0.524          0.634         24.290         15.000         48.747          0.000         26.141
     15/04/1957        239.264         10.987         55.956         77.321         95.000          0.500        750.000          0.473          0.577         16.300         15.000         28.750          0.000         26.057
     16/04/1957        238.304         10.556         55.533         77.214         95.000          0.500        750.000          0.438          0.540         18.500         15.000         29.902          0.000         26.118
     17/04/1957        237.412         10.176         55.128         77.108         95.000          0.500        750.000          0.415          0.512         19.000         15.000         31.051          0.000         26.331
     18/04/1957        236.575          9.832         54.741         77.003         95.000          0.500        750.000          0.399          0.492         17.570         15.000         32.443          0.000         26.679
     19/04/1957        235.786          9.517         54.371         76.898         95.000          0.500        750.000          0.384          0.475         18.610         15.000         42.987          0.000         27.073
     20/04/1957        235.041          9.229         54.017         76.794         95.000          0.500        750.000          0.370          0.457         21.450         15.000         38.896          0.000         27.474
     21/04/1957        234.336          8.964         53.680         76.691         95.000          0.500        750.000          0.357          0.440          8.280         15.000         18.396          0.000         27.881
     22/04/1957        236.331         11.382         53.359         76.590         95.000          0.500        750.000          0.395          0.485         14.270         15.000         36.312          0.000         28.295
     23/04/1957        235.436         10.900         53.048         76.488         95.000          0.500        750.000          0.354          0.439         23.170         15.000         39.320          0.000         28.716
     24/04/1957        234.620         10.484         52.750         76.386         95.000          0.500        750.000          0.328          0.407         19.160         15.000         41.282          0.000         29.143
     25/04/1957        233.865         10.114         52.465         76.286         95.000          0.500        750.000          0.312          0.386         18.660         15.000         39.135          0.000         29.578
     26/04/1957        233.155          9.777         52.192         76.187         95.000          0.500        750.000          0.302          0.372         21.120         15.000         43.834          0.000         30.021
     27/04/1957        232.488          9.468         51.931         76.088         95.000          0.500        750.000          0.292          0.359         15.500         15.000         36.852          0.000         30.470
     28/04/1957        231.859          9.184         51.683         75.992         95.000          0.500        750.000          0.283          0.345         19.430         15.000         33.449          0.000         30.928
     29/04/1957        231.265          8.922         51.446         75.897         95.000          0.500        750.000          0.275          0.331         21.020         15.000         46.965          0.000         31.392
     30/04/1957        230.704          8.679         51.221         75.803         95.000          0.500        750.000          0.267          0.319         19.310         15.000         35.763          0.000         31.864
      1/05/1957        230.172          8.454         51.006         75.712         95.000          0.500        750.000          0.260          0.307         23.220         15.000         25.567          0.000         32.343
      2/05/1957        229.667          8.245         50.801         75.621         95.000          0.500        750.000          0.253          0.295         13.970         15.000         27.121          0.000         32.830
      3/05/1957        229.188          8.050         50.605         75.533         95.000          0.500        750.000          0.246          0.285         16.240         15.000          9.246          0.000         33.324
      4/05/1957        228.731          7.868         50.418         75.445         95.000          0.500        750.000          0.240          0.275         17.430         15.000         12.581          0.000         33.825
      5/05/1957        228.405          7.740         50.284         75.381         95.000          0.500        750.000          0.234          0.199         17.950         15.000         10.185          0.000         34.333
      6/05/1957        228.090          7.619         50.154         75.318         95.000          0.500        750.000          0.230          0.193         16.000         15.000         15.924          0.000         34.848
      7/05/1957        227.787          7.504         50.028         75.255         95.000          0.500        750.000          0.226          0.188         16.560         15.000         20.676          0.000         35.371
      8/05/1957        227.495          7.394         49.907         75.194         95.000          0.500        750.000          0.222          0.183         15.780         15.000         19.480          0.000         35.900
      9/05/1957        227.212          7.289         49.790         75.133         95.000          0.500        750.000          0.218          0.178         18.120         15.000         16.379          0.000         36.436
     10/05/1957        226.939          7.189         49.677         75.074         95.000          0.500        750.000          0.215          0.173         17.910         15.000         13.163          0.000         36.979
     11/05/1957        226.675          7.093         49.567         75.015         95.000          0.500        750.000          0.211          0.168         18.180         15.000         12.018          0.000         37.529
     12/05/1957        226.420          7.002         49.461         74.957         95.000          0.500        750.000          0.208          0.164         19.220         15.000         11.886          0.000         38.085
     13/05/1957        226.174          6.915         49.358         74.901         95.000          0.500        750.000          0.205          0.160         20.010         15.000         12.735          0.000         38.648
     14/05/1957        225.935          6.832         49.259         74.845         95.000          0.500        750.000          0.202          0.156         20.570         15.000         15.386          0.000         39.217
     15/05/1957        225.704          6.753         49.162         74.789         95.000          0.500        750.000          0.199          0.152         20.010         15.000         12.453          0.000         39.793
     16/05/1957        225.481          6.677         49.069         74.735         95.000          0.500        750.000          0.196          0.148         15.430         15.000          9.807          0.000         40.375
     17/05/1957        225.264          6.604         48.978         74.682         95.000          0.500        750.000          0.193          0.144         16.040         15.000          3.030          0.000         40.963
     18/05/1957        225.054          6.535         48.890         74.629         95.000          0.500        750.000          0.191          0.141         13.100         15.000          4.412          0.000         41.558
     19/05/1957        224.851          6.469         48.805         74.577         95.000          0.500        750.000          0.188          0.137         16.880         15.000         10.502          0.000         42.158
     20/05/1957        224.654          6.406         48.722         74.526         95.000          0.500        750.000          0.186          0.134          9.740         15.000          0.000          0.000         42.764
     21/05/1957        224.462          6.345         48.642         74.476         95.000          0.500        750.000          0.183          0.131         11.550         15.000          0.000        139.164         43.377
     22/05/1957        224.330          6.280         48.601         74.449         95.000          0.500        750.000          0.181          0.068         11.110         15.000          0.000          0.000         44.266
     23/05/1957        224.202          6.218         48.560         74.423         95.000          0.500        750.000          0.180          0.066         10.790         15.000          0.000          0.000         45.157
     24/05/1957        224.078          6.160         48.520         74.398         95.000          0.500        750.000          0.179          0.065         14.650         15.000          0.000        135.665         46.050
     25/05/1957        224.012          6.097         48.517         74.398         95.000          0.500        750.000          0.178          0.000         16.960         15.000          0.000          0.000         47.212
     26/05/1957        223.947          6.038         48.511         74.398         95.000          0.500        750.000          0.178          0.000         17.370         15.000          0.000          0.000         48.372
     27/05/1957        223.882          5.982         48.503         74.398         95.000          0.500        750.000          0.177          0.000         12.310         15.000          0.000          0.000         49.530
     28/05/1957        223.818          5.929         48.491         74.398         95.000          0.500        750.000          0.177          0.000         11.190         15.000          0.000          0.000         50.685
     29/05/1957        223.754          5.879         48.477         74.398         95.000          0.500        750.000          0.177          0.000         14.050         15.000          0.000          0.000         51.838
     30/05/1957        223.691          5.832         48.461         74.398         95.000          0.500        750.000          0.176          0.000         15.120         15.000          0.000          0.000         52.989
     31/05/1957        223.629          5.788         48.443         74.398         95.000          0.500        750.000          0.176          0.000         13.810         15.000          0.000          0.000         54.138
      1/06/1957        223.566          5.746         48.423         74.398         95.000          0.500        750.000          0.175          0.000          5.250         15.000          0.000          0.000         55.284
      2/06/1957        227.252          9.432         48.423         74.398         95.000          0.500        750.000          0.175          0.000         10.590         15.000          0.000          0.000         56.428
      3/06/1957        226.964          9.144         48.423         74.398         95.000          0.500        750.000          0.175          0.000         13.100         15.000          0.000          0.000         57.569
      4/06/1957        226.700          8.879         48.423         74.398         95.000          0.500        750.000          0.175          0.000         12.740         15.000          0.000          0.000         58.709
      5/06/1957        226.456          8.636         48.423         74.398         95.000          0.500        750.000          0.175          0.000         12.390         15.000          0.000          0.000         59.846
      6/06/1957        226.231          8.410         48.423         74.398         95.000          0.500        750.000          0.175          0.000         10.620         15.000          0.000          0.000         60.980
      7/06/1957        226.092          8.271         48.423         74.398         95.000          0.500        750.000          0.175          0.000          9.440         15.000          0.000          0.000         62.113
      8/06/1957        225.960          8.139         48.423         74.398         95.000          0.500        750.000          0.175          0.000         11.220         15.000          0.000          0.000         63.243
      9/06/1957        225.834          8.013         48.423         74.398         95.000          0.500        750.000          0.175          0.000         14.700         15.000          0.000          0.000         64.371
     10/06/1957        225.653          7.833         48.423         74.398         95.000          0.500        750.000          0.175          0.000         16.690         15.000          0.000          0.000         65.497
     11/06/1957        225.486          7.665         48.423         74.398         95.000          0.500        750.000          0.175          0.000         15.120         15.000          0.000          0.000         66.620
     12/06/1957        225.329          7.509         48.423         74.398         95.000          0.500        750.000          0.175          0.000         16.240         15.000          0.000          0.000         67.741
     13/06/1957        225.183          7.363         48.423         74.398         95.000          0.500        750.000          0.175          0.000         13.940         15.000          0.000          0.000         68.860
     14/06/1957        225.047          7.226         48.423         74.398         95.000          0.500        750.000          0.175          0.000         14.050         15.000          0.000          0.000         69.977
     15/06/1957        224.919          7.099         48.423         74.398         95.000          0.500        750.000          0.175          0.000         15.390         15.000          0.000          0.000         71.092
     16/06/1957        224.840          7.019         48.423         74.398         95.000          0.500        750.000          0.175          0.000         12.310         15.000          0.000          0.000         72.204
     17/06/1957        224.763          6.943         48.423         74.398         95.000          0.500        750.000          0.175          0.000         12.920         15.000          0.000          0.000         73.314
     18/06/1957        224.690          6.870         48.423         74.398         95.000          0.500        750.000          0.175          0.000         14.050         15.000          0.000          0.000         74.422
     19/06/1957        224.620          6.800         48.423         74.398         95.000          0.500        750.000          0.175          0.000         13.760         15.000          0.000          0.000         75.527
     20/06/1957        224.553          6.733         48.423         74.398         95.000          0.500        750.000          0.175          0.000         11.220         15.000          0.000          0.000         76.631
     21/06/1957        241.514         18.603         53.513         74.398         95.000          0.500        750.000          1.000          0.000          4.740         15.000          0.000          0.000         77.732
     22/06/1957        240.193         17.282         53.513         74.398         95.000          0.500        750.000          1.000          0.000          9.430         15.000          0.000          0.000         76.903
     23/06/1957        239.180         16.269         53.513         74.398         95.000          0.500        750.000          1.000          0.000         10.920         15.000          0.005          0.000         77.033
     24/06/1957        238.348         15.437         53.513         74.398         95.000          0.500        750.000          0.895          0.001         14.200         15.000          0.007          0.000         76.407
     25/06/1957        237.637         14.727         53.513         74.398         95.000          0.500        750.000          0.783          0.001         13.810         15.000          0.006          0.000         76.202
     26/06/1957        237.016         14.106         53.512         74.398         95.000          0.500        750.000          0.688          0.001         14.520         15.000          0.000          0.000         76.231
     27/06/1957        236.466         13.556         53.512         74.398         95.000          0.500        750.000          0.607          0.001         17.370         15.000          0.000          0.000         76.496
     28/06/1957        235.971         13.062         53.512         74.397         95.000          0.500        750.000          0.540          0.001         14.750         15.000          0.000          0.000         76.916
     29/06/1957        235.299         12.390         53.511         74.397         95.000          0.500        750.000          0.460          0.001         15.010         15.000          0.014          0.000         77.461
     30/06/1957        234.713         11.805         53.511         74.397         95.000          0.500        750.000          0.404          0.001          7.570         15.000          0.010          0.000         78.061
      1/07/1957        238.326         15.419         53.510         74.397         95.000          0.500        750.000          0.892          0.002          0.970         15.000          0.000          0.000         78.933
      2/07/1957        254.533         17.699         67.437         74.397         95.000          0.500        750.000          1.000          0.002          5.690         15.000          0.000          0.000         79.098
      3/07/1957        252.880         16.047         67.436         74.397         95.000          0.500        750.000          1.000          0.002         10.080         15.000          0.000          0.000         79.172
      4/07/1957        252.080         15.248         67.435         74.397         95.000          0.500        750.000          1.000          0.001         11.730         15.000          0.000          0.625         79.417
      5/07/1957        251.394         14.563         67.435         74.397         95.000          0.500        750.000          1.000          0.000         13.670         15.000          0.000          0.208         79.904
      6/07/1957        250.793         13.961         67.435         74.397         95.000          0.500        750.000          1.000          0.000         11.450         15.000          0.000          0.000         80.427
      7/07/1957        251.144         14.312         67.435         74.397         95.000          0.500        750.000          1.000          0.000          7.980         15.000          0.000          0.000         80.489
      8/07/1957        250.571         13.739         67.435         74.397         95.000          0.500        750.000          1.000          0.000          9.990         15.000          0.000          0.000         80.939
      9/07/1957        250.058         13.227         67.435         74.397         95.000          0.500        750.000          1.000          0.000         10.520         15.000          0.000          0.000         81.607
     10/07/1957        249.594         12.763         67.434         74.397         95.000          0.500        750.000          1.000          0.000         10.590         15.000          0.000          0.000         82.152
     11/07/1957        249.173         12.341         67.434         74.397         95.000          0.500        750.000          0.975          0.000          9.420         15.000          0.000          0.013         82.916
     12/07/1957        248.786         11.955         67.434         74.397         95.000          0.500        750.000          0.937          0.000         10.420         15.000          0.000          0.039         83.836
     13/07/1957        248.430         11.599         67.434         74.397         95.000          0.500        750.000          0.907          0.000         12.420         15.000          0.000          0.000         84.824
     14/07/1957        248.100         11.269         67.434         74.397         95.000          0.500        750.000          0.885          0.000         14.970         15.000          0.000          0.000         85.866
     15/07/1957        247.794         10.963         67.434         74.397         95.000          0.500        750.000          0.868          0.000          9.220         15.000          0.000          0.000         86.917
     16/07/1957        248.259         11.428         67.434         74.397         95.000          0.500        750.000          0.895          0.000          2.620         15.000          0.000          0.000         87.967
     17/07/1957        247.783         10.952         67.434         74.397         95.000          0.500        750.000          0.868          0.000         10.860         15.000          0.000          0.000         89.014
     18/07/1957        247.357         10.525         67.434         74.397         95.000          0.500        750.000          0.852          0.000         14.540         15.000          0.000          0.000         90.059
     19/07/1957        246.954         10.140         67.417         74.397         95.000          0.500        750.000          0.845          0.000         13.180         15.000          0.000          0.000         91.102
     20/07/1957        247.508         10.695         67.417         74.397         95.000          0.500        750.000          0.857          0.000         10.920         15.000          0.001          0.000         92.143
     21/07/1957        248.884         12.071         67.417         74.397         95.000          0.500        750.000          0.947          0.001         10.320         15.000          0.003          0.000         93.181
     22/07/1957        248.335         11.523         67.416         74.397         95.000          0.500        750.000          0.901          0.001         12.050         15.000          0.000          0.000         94.218
     23/07/1957        247.848         11.037         67.415         74.397         95.000          0.500        750.000          0.871          0.001         10.110         15.000          0.000          0.361         95.253
     24/07/1957        247.413         10.602         67.415         74.397         95.000          0.500        750.000          0.854          0.000          9.050         15.000          0.000          0.000         96.286
     25/07/1957        247.009         10.209         67.403         74.397         95.000          0.500        750.000          0.846          0.000         10.680         15.000          0.000          0.000         97.317
     26/07/1957        252.510         15.710         67.403         74.397         95.000          0.500        750.000          1.000          0.000          3.880         15.000          0.000          0.000         98.346
     27/07/1957        253.982         17.182         67.403         74.397         95.000          0.500        750.000          1.000          0.000          5.470         15.000          0.000          0.000         97.898
     28/07/1957        253.160         16.360         67.403         74.397         95.000          0.500        750.000          1.000          0.000          9.470         15.000          0.000          0.000         97.331
     29/07/1957        251.887         15.087         67.403         74.397         95.000          0.500        750.000          1.000          0.000         11.720         15.000          0.000          0.000         96.417
     30/07/1957        250.888         14.088         67.403         74.396         95.000          0.500        750.000          1.000          0.000         10.080         15.000          0.000          0.000         95.912
     31/07/1957        250.063         13.264         67.403         74.396         95.000          0.500        750.000          1.000          0.000         12.760         15.000          0.000          0.000         96.183
      1/08/1957        249.362         12.563         67.403         74.396         95.000          0.500        750.000          0.998          0.000         14.750         15.000          0.000          0.000         96.465
      2/08/1957        248.754         11.955         67.402         74.396         95.000          0.500        750.000          0.936          0.000         13.540         15.000          0.000          0.028         96.894
      3/08/1957        248.219         11.420         67.402         74.396         95.000          0.500        750.000          0.893          0.000         15.980         15.000          0.003          0.000         97.614
      4/08/1957        247.742         10.944         67.402         74.396         95.000          0.500        750.000          0.866          0.001         19.420         15.000          0.008          0.000         98.359
      5/08/1957        247.314         10.518         67.400         74.396         95.000          0.500        750.000          0.851          0.001         17.210         15.000          0.007          0.000         99.368
      6/08/1957        246.911         10.133         67.382         74.396         95.000          0.500        750.000          0.844          0.002         14.050         15.000          0.004          0.000        100.374
      7/08/1957        246.518          9.783         67.338         74.396         95.000          0.500        750.000          0.842          0.002         15.600         15.000          0.007          0.000        101.379
      8/08/1957        246.134          9.465         67.273         74.396         95.000          0.500        750.000          0.840          0.002         12.880         15.000          0.028          0.000        102.382
      9/08/1957        245.634          9.076         67.162         74.396         95.000          0.500        750.000          0.837          0.004         16.510         15.000          0.012          0.000        103.383
     10/08/1957        245.150          8.730         67.025         74.395         95.000          0.500        750.000          0.832          0.004         13.340         15.000          0.000          0.000        104.382
     11/08/1957        244.681          8.419         66.867         74.395         95.000          0.500        750.000          0.827          0.004         11.220         15.000          0.000          0.000        105.379
     12/08/1957        244.225          8.140         66.691         74.395         95.000          0.500        750.000          0.821          0.004         14.810         15.000          0.000          1.178        106.373
     13/08/1957        243.786          7.887         66.505         74.395         95.000          0.500        750.000          0.814          0.000          8.150         15.000          0.000          0.000        107.369
     14/08/1957        243.466          7.715         66.357         74.395         95.000          0.500        750.000          0.809          0.000         13.050         15.000          0.000          0.000        108.362
     15/08/1957        243.152          7.554         66.203         74.395         95.000          0.500        750.000          0.804          0.000          4.060         15.000          0.000          0.000        109.353
     16/08/1957        250.060         14.463         66.203         74.395         95.000          0.500        750.000          1.000          0.000          3.080         15.000          0.000          0.000        110.342
     17/08/1957        250.761         15.163         66.203         74.395         95.000          0.500        750.000          1.000          0.000          6.270         15.000          0.000          0.000        109.806
     18/08/1957        249.409         13.811         66.203         74.395         95.000          0.500        750.000          1.000          0.000          9.180         15.000          0.000          0.000        108.715
     19/08/1957        248.366         12.769         66.203         74.395         95.000          0.500        750.000          0.982          0.000         10.620         15.000          0.002          0.000        107.780
     20/08/1957        247.731         12.134         66.202         74.395         95.000          0.500        750.000          0.912          0.001         11.450         15.000          0.011          0.000        107.248
     21/08/1957        247.172         11.577         66.201         74.394         95.000          0.500        750.000          0.864          0.002         15.150         15.000          0.062          0.000        106.415
     22/08/1957        246.676         11.085         66.198         74.394         95.000          0.500        750.000          0.833          0.003         11.070         15.000          0.057          0.000        105.976
     23/08/1957        251.885         16.295         66.196         74.394         95.000          0.500        750.000          1.000          0.004         15.360         15.000          0.132          0.000        106.176
     24/08/1957        250.621         15.035         66.192         74.394         95.000          0.500        750.000          1.000          0.006         15.390         15.000          0.000          0.000        103.516
     25/08/1957        249.294         13.714         66.187         74.393         95.000          0.500        750.000          1.000          0.009         15.610         15.000          0.000          0.000        102.733
     26/08/1957        248.263         12.691         66.180         74.392         95.000          0.500        750.000          0.972          0.009         12.540         15.000          0.112          0.000        102.373
     27/08/1957        247.422         11.858         66.172         74.392         95.000          0.500        750.000          0.886          0.010          8.330         15.000          0.039          0.000        101.623
     28/08/1957        246.714         11.159         66.164         74.391         95.000          0.500        750.000          0.836          0.010         11.830         15.000          0.074          0.000        101.849
     29/08/1957        246.106         10.561         66.155         74.390         95.000          0.500        750.000          0.810          0.010         14.330         15.000          0.100          0.000        102.451
     30/08/1957        245.577         10.043         66.145         74.389         95.000          0.500        750.000          0.802          0.010         15.600         15.000          0.044          0.000        103.413
     31/08/1957        245.088          9.588         66.112         74.388         95.000          0.500        750.000          0.801          0.011         19.720         15.000          0.143          0.000        104.373
      1/09/1957        244.612          9.186         66.039         74.387         95.000          0.500        750.000          0.799          0.011         11.500         15.000          0.084          0.000        105.331
      2/09/1957        244.150          8.828         65.937         74.386         95.000          0.500        750.000          0.795          0.012         12.970         15.000          0.000          0.000        106.288
      3/09/1957        243.702          8.507         65.810         74.385         95.000          0.500        750.000          0.791          0.011         14.950         15.000          0.000          0.000        107.242
      4/09/1957        243.266          8.219         65.663         74.384         95.000          0.500        750.000          0.785          0.011         15.600         15.000          0.045          0.000        108.195
      5/09/1957        242.841          7.958         65.500         74.383         95.000          0.500        750.000          0.780          0.011         11.220         15.000          0.144          0.000        109.146
      6/09/1957        242.428          7.722         65.323         74.382         95.000          0.500        750.000          0.773          0.012         15.560         15.000          0.239          0.000        110.094
      7/09/1957        242.890          8.335         65.174         74.381         95.000          0.500        750.000          0.768          0.016         12.530         15.000          0.259          0.000        111.041
      8/09/1957        242.369          7.996         64.994         74.379         95.000          0.500        750.000          0.762          0.017         17.440         15.000          0.069          0.000        111.987
      9/09/1957        241.865          7.697         64.791         74.377         95.000          0.500        750.000          0.754          0.017         18.150         15.000          0.092          0.000        112.930
     10/09/1957        241.377          7.433         64.568         74.376         95.000          0.500        750.000          0.746          0.018         16.690         15.000          0.204          0.000        113.871
     11/09/1957        240.903          7.198         64.331         74.374         95.000          0.500        750.000          0.737          0.018         14.730         15.000          0.203          0.000        114.811
     12/09/1957        240.442          6.988         64.082         74.372         95.000          0.500        750.000          0.728          0.019         16.690         15.000          0.234          0.000        115.749
     13/09/1957        239.994          6.800         63.823         74.370         95.000          0.500        750.000          0.718          0.019         15.560         15.000          0.324          0.000        116.685
     14/09/1957        239.558          6.632         63.557         74.368         95.000          0.500        750.000          0.708          0.020         16.420         15.000          0.295          0.000        117.619
     15/09/1957        239.133          6.481         63.286         74.366         95.000          0.500        750.000          0.698          0.020         18.500         15.000          0.614          0.000        118.552
     16/09/1957        238.719          6.345         63.009         74.364         95.000          0.500        750.000          0.688          0.022         10.590         15.000          0.347          0.000        119.482
     17/09/1957        238.314          6.222         62.730         74.362         95.000          0.500        750.000          0.677          0.022         16.420         15.000          0.000          0.000        120.411
     18/09/1957        237.921          6.112         62.450         74.360         95.000          0.500        750.000          0.666          0.022         21.630         15.000          0.033          1.705        121.338
     19/09/1957        237.542          6.011         62.173         74.358         95.000          0.500        750.000          0.655          0.016         24.140         15.000          0.359          0.000        122.267
     20/09/1957        237.172          5.921         61.896         74.356         95.000          0.500        750.000          0.644          0.017         21.920         15.000          0.379          0.000        123.194
     21/09/1957        236.811          5.838         61.618         74.354         95.000          0.500        750.000          0.634          0.017         21.130         15.000          0.464          0.000        124.119
     22/09/1957        236.457          5.764         61.341         74.352         95.000          0.500        750.000          0.623          0.018         27.870         15.000          0.964          0.000        125.042
     23/09/1957        236.041          5.683         61.009         74.349         95.000          0.500        750.000          0.610          0.023         28.630         15.000          0.834          0.000        125.964
     24/09/1957        235.635          5.611         60.678         74.347         95.000          0.500        750.000          0.597          0.025         20.210         15.000          1.017          0.000        126.883
     25/09/1957        235.239          5.546         60.349         74.343         95.000          0.500        750.000          0.584          0.026         22.080         15.000          1.276          0.000        127.801
     26/09/1957        234.852          5.489         60.023         74.340         95.000          0.500        750.000          0.571          0.027         22.670         15.000          1.460          0.000        128.718
     27/09/1957        234.474          5.438         59.699         74.337         95.000          0.500        750.000          0.559          0.029         24.050         15.000          1.636          0.000        129.632
     28/09/1957        234.104          5.392         59.379         74.333         95.000          0.500        750.000          0.546          0.030         21.070         15.000          1.099          0.000        130.545
     29/09/1957        233.742          5.351         59.062         74.329         95.000          0.500        750.000          0.534          0.031         23.210         15.000          1.097          0.000        131.456
     30/09/1957        233.390          5.315         58.750         74.325         95.000          0.500        750.000          0.522          0.031         19.830         15.000          1.305          0.000        132.366
      1/10/1957        234.020          6.172         58.528         74.320         95.000          0.500        750.000          0.513          0.032         17.650         15.000          1.599          0.000        133.274
      2/10/1957        233.659          6.046         58.298         74.316         95.000          0.500        750.000          0.504          0.033         14.700         15.000          0.182          0.000        135.540
      3/10/1957        233.307          5.934         58.062         74.311         95.000          0.500        750.000          0.495          0.032         20.280         15.000          0.184          0.000        137.795
      4/10/1957        232.964          5.834         57.823         74.307         95.000          0.500        750.000          0.485          0.032         23.080         15.000          0.513          0.000        140.039
      5/10/1957        232.629          5.746         57.581         74.302         95.000          0.500        750.000          0.476          0.032         20.830         15.000          1.317          0.000        142.272
      6/10/1957        232.301          5.667         57.337         74.297         95.000          0.500        750.000          0.467          0.032         21.300         15.000          1.783          0.000        144.495
      7/10/1957        231.981          5.597         57.091         74.292         95.000          0.500        750.000          0.457          0.032         20.360         15.000          2.144          0.000        146.707
      8/10/1957        231.667          5.535         56.845         74.287         95.000          0.500        750.000          0.448          0.032         21.130         15.000          1.372          0.000        148.909
      9/10/1957        231.361          5.479         56.600         74.282         95.000          0.500        750.000          0.438          0.032         20.740         15.000          1.727          0.000        151.100
     10/10/1957        231.061          5.429         56.355         74.277         95.000          0.500        750.000          0.429          0.032         26.850         15.000          2.566          0.000        153.281
     11/10/1957        230.767          5.385         56.111         74.272         95.000          0.500        750.000          0.420          0.033         35.560         15.000          2.912          0.000        155.451
     12/10/1957        230.479          5.345         55.868         74.266         95.000          0.500        750.000          0.411          0.033         30.550         15.000          3.128          0.000        157.612
     13/10/1957        230.197          5.309         55.627         74.260         95.000          0.500        750.000          0.402          0.033         29.780         15.000          3.147          0.000        159.762
     14/10/1957        229.921          5.278         55.388         74.255         95.000          0.500        750.000          0.393          0.034         23.790         15.000          2.165          0.000        161.902
     15/10/1957        229.650          5.249         55.152         74.249         95.000          0.500        750.000          0.384          0.033         28.340         15.000          3.008          0.000        164.032
     16/10/1957        229.384          5.223         54.918         74.242         95.000          0.500        750.000          0.376          0.034         25.530         15.000          2.056          0.000        166.153
     17/10/1957        229.124          5.201         54.687         74.236         95.000          0.500        750.000          0.367          0.033         34.710         15.000          3.145          0.000        168.263
     18/10/1957        228.869          5.180         54.459         74.230         95.000          0.500        750.000          0.359          0.033         29.810         15.000          2.947          0.000        170.364
     19/10/1957        228.619          5.162         54.234         74.223         95.000          0.500        750.000          0.351          0.033         28.520         15.000          3.552          0.000        172.455
     20/10/1957        228.374          5.145         54.012         74.216         95.000          0.500        750.000          0.343          0.033         19.610         15.000          3.395          0.000        174.537
     21/10/1957        228.133          5.130         53.793         74.210         95.000          0.500        750.000          0.336          0.033         21.300         15.000          3.100          0.000        176.609
     22/10/1957        227.897          5.117         53.578         74.203         95.000          0.500        750.000          0.328          0.033         26.110         15.000          3.720          0.000        178.671
     23/10/1957        227.666          5.105         53.365         74.196         95.000          0.500        750.000          0.321          0.033         26.800         15.000          3.550          0.000        180.724
     24/10/1957        227.440          5.095         53.157         74.189         95.000          0.500        750.000          0.314          0.032         27.630         15.000          3.840          0.000        182.768
     25/10/1957        229.172          6.860         53.131         74.181         95.000          0.500        750.000          0.313          0.033         17.260         15.000          2.995          0.000        184.803
     26/10/1957        228.916          6.654         53.088         74.174         95.000          0.500        750.000          0.311          0.033         18.180         15.000          2.592          0.000        186.828
     27/10/1957        230.437          8.207         53.063         74.167         95.000          0.500        750.000          0.310          0.033         17.740         15.000          3.059          0.000        188.844
     28/10/1957        230.022          7.826         53.037         74.159         95.000          0.500        750.000          0.310          0.033         19.680         15.000          3.403          0.000        190.852
     29/10/1957        243.776         15.049         59.574         74.154         95.000          0.500        750.000          1.000          0.093         13.560         15.000          2.034          0.000        192.850
     30/10/1957        263.539         15.061         79.329         74.149         95.000          0.500        750.000          1.000          0.099          8.060         15.000          1.391          0.000        187.124
     31/10/1957        262.114         14.172         78.798         74.144         95.000          0.500        750.000          1.000          0.110         15.100         15.000          2.103          0.000        181.618
      1/11/1957        259.635         12.514         77.984         74.137         95.000          0.500        750.000          1.000          0.124         13.700         15.000          2.052          0.000        177.523
      2/11/1957        259.249         12.742         77.378         74.130         95.000          0.500        750.000          1.000          0.129          5.380         15.000          1.512          0.000        175.439
      3/11/1957        269.506         15.065         81.523         77.918         95.000          0.500        750.000          1.000          0.123         17.720         15.000          4.142          0.000        174.551
      4/11/1957        266.302         13.095         79.386         78.821         95.000          0.500        750.000          1.000          0.142         24.010         15.000          5.658          0.000        169.510
      5/11/1957        270.243         15.066         80.495         79.682         95.000          0.500        750.000          1.000          0.136         15.210         15.000          4.804          0.000        166.455
      6/11/1957        279.386         15.067         81.515         87.805         95.000          0.500        750.000          1.000          0.143         32.050         15.000          6.463          0.000        161.718
      7/11/1957        276.166         13.096         79.375         88.694         95.000          0.500        750.000          1.000          0.164         15.210         15.000          3.006          0.000        157.162
      8/11/1957        273.744         11.762         78.311         88.670         95.000          0.500        750.000          1.000          0.179         12.500         15.000          5.777          0.000        154.440
      9/11/1957        271.720         10.760         77.317         88.643         95.000          0.500        750.000          1.000          0.194         20.830         15.000          4.446          0.000        153.421
     10/11/1957        269.659          9.833         76.216         88.610         95.000          0.500        750.000          1.000          0.236         25.750         15.000          5.448          0.000        154.093
     11/11/1957        267.844          9.101         75.168         88.575         95.000          0.500        750.000          1.000          0.244         26.830         15.000          6.722          0.000        155.969
     12/11/1957        266.207          8.507         74.161         88.538         95.000          0.500        750.000          1.000          0.252         28.520         15.000          8.962          0.000        157.835
     13/11/1957        264.920          8.088         73.327         88.505         95.000          0.500        750.000          1.000          0.224         24.260         15.000          8.323          0.000        159.693
     14/11/1957        263.511          7.667         72.378         88.465         95.000          0.500        750.000          1.000          0.270         19.660         15.000          8.604          0.000        161.542
     15/11/1957        262.189          7.313         71.454         88.422         95.000          0.500        750.000          1.000          0.282         23.790         15.000          9.693          0.000        163.382
     16/11/1957        260.942          7.013         70.553         88.376         95.000          0.500        750.000          1.000          0.293         24.010         15.000         10.057          0.000        165.213
     17/11/1957        259.756          6.756         69.672         88.328         95.000          0.500        750.000          1.000          0.304         23.410         15.000         10.432          0.000        167.035
     18/11/1957        258.627          6.535         68.814         88.278         95.000          0.500        750.000          0.987          0.311         26.340         15.000         10.830          0.000        168.849
     19/11/1957        257.552          6.345         67.982         88.225         95.000          0.500        750.000          0.962          0.313         28.340         15.000         11.987          0.000        170.654
     20/11/1957        256.526          6.180         67.174         88.172         95.000          0.500        750.000          0.935          0.314         28.220         15.000         12.339          0.000        172.450
     21/11/1957        255.545          6.037         66.391         88.117         95.000          0.500        750.000          0.909          0.313         22.820         15.000         10.150          0.000        174.239
     22/11/1957        254.603          5.912         65.631         88.060         95.000          0.500        750.000          0.882          0.314         24.070         15.000         10.496          0.000        176.019
     23/11/1957        261.109         12.708         65.393         88.008         95.000          0.500        750.000          1.000          0.349         31.870         15.000         12.622          0.000        177.792
     24/11/1957        259.381         11.302         65.131         87.949         95.000          0.500        750.000          0.906          0.337         31.020         15.000         12.486          0.000        172.444
     25/11/1957        258.024         10.274         64.862         87.888         95.000          0.500        750.000          0.856          0.330         27.010         15.000         13.730          0.000        169.374
     26/11/1957        259.759         12.330         64.601         87.828         95.000          0.500        750.000          0.977          0.372         22.820         15.000         14.082          0.000        168.414
     27/11/1957        258.128         11.039         64.325         87.764         95.000          0.500        750.000          0.860          0.350         27.540         15.000         12.452          0.000        168.134
     28/11/1957        256.820         10.077         64.045         87.699         95.000          0.500        750.000          0.823          0.346         22.020         15.000         12.378          0.000        169.861
     29/11/1957        255.711          9.319         63.761         87.631         95.000          0.500        750.000          0.812          0.352         24.890         15.000         13.286          0.000        171.587
     30/11/1957        254.709          8.704         63.442         87.562         95.000          0.500        750.000          0.800          0.355         25.530         15.000         15.811          0.000        173.305
      1/12/1957        253.744          8.197         63.055         87.492         95.000          0.500        750.000          0.785          0.357         27.860         15.000         16.199          0.000        175.017
      2/12/1957        252.815          7.772         62.623         87.420         95.000          0.500        750.000          0.767          0.357         23.310         15.000         16.544          0.000        176.721
      3/12/1957        251.919          7.414         62.158         87.347         95.000          0.500        750.000          0.749          0.357         28.340         15.000         14.626          0.000        178.419
      4/12/1957        252.933          8.787         61.874         87.272         95.000          0.500        750.000          0.738          0.358         27.630         15.000         17.890          0.000        180.110
      5/12/1957        252.027          8.269         61.561         87.197         95.000          0.500        750.000          0.725          0.359         20.650         15.000         16.412          0.000        181.795
      6/12/1957        251.150          7.837         61.194         87.119         95.000          0.500        750.000          0.710          0.361         23.190         15.000         16.853          0.000        183.473
      7/12/1957        250.301          7.471         60.789         87.040         95.000          0.500        750.000          0.694          0.361         22.820         15.000         16.595          0.000        185.145
      8/12/1957        249.479          7.159         60.359         86.960         95.000          0.500        750.000          0.676          0.359         25.040         15.000         18.266          0.000        186.811
      9/12/1957        248.571          6.854         59.850         86.867         95.000          0.500        750.000          0.657          0.406         25.530         15.000         18.608          0.000        188.472
     10/12/1957        247.698          6.596         59.329         86.772         95.000          0.500        750.000          0.635          0.401         24.620         15.000         12.209          0.000        190.126
     11/12/1957        246.856          6.378         58.802         86.676         95.000          0.500        750.000          0.614          0.395         27.700         15.000         16.612          0.000        191.776
     12/12/1957        246.047          6.192         58.276         86.579         95.000          0.500        750.000          0.592          0.388         34.550         15.000         19.698          0.000        193.420
     13/12/1957        245.269          6.033         57.755         86.482         95.000          0.500        750.000          0.571          0.378         27.130         15.000         16.355          0.000        195.059
     14/12/1957        252.204         13.314         57.500         86.390         95.000          0.500        750.000          0.830          0.514         32.970         15.000         20.922          0.000        196.693
     15/12/1957        250.062         11.541         57.229         86.292         95.000          0.500        750.000          0.609          0.410         26.550         15.000         19.872          0.000        190.453
     16/12/1957        257.318         14.180         61.924         86.213         95.000          0.500        750.000          1.000          0.616         23.410         15.000         16.461          0.000        186.979
     17/12/1957        259.993         14.436         64.408         86.150         95.000          0.500        750.000          1.000          0.553         26.680         15.000         20.956          0.000        181.116
     18/12/1957        257.515         12.463         63.992         86.060         95.000          0.500        750.000          0.967          0.601         21.240         15.000         18.347          0.000        175.480
     19/12/1957        255.696         11.176         63.556         85.964         95.000          0.500        750.000          0.833          0.555         25.160         15.000         21.509          0.000        172.084
     20/12/1957        254.203         10.222         63.116         85.865         95.000          0.500        750.000          0.782          0.540         25.160         15.000         23.756          0.000        170.756
     21/12/1957        252.909          9.467         62.677         85.765         95.000          0.500        750.000          0.764          0.539         27.860         15.000         26.048          0.000        171.402
     22/12/1957        251.758          8.853         62.242         85.662         95.000          0.500        750.000          0.746          0.537         28.250         15.000         24.792          0.000        172.988
     23/12/1957        250.681          8.343         61.779         85.559         95.000          0.500        750.000          0.727          0.533         28.960         15.000         27.058          0.000        174.568
     24/12/1957        249.646          7.914         61.278         85.454         95.000          0.500        750.000          0.707          0.527         28.780         15.000         27.523          0.000        176.143
     25/12/1957        248.651          7.550         60.752         85.349         95.000          0.500        750.000          0.685          0.519         29.510         15.000         25.178          0.000        177.714
     26/12/1957        247.694          7.239         60.213         85.242         95.000          0.500        750.000          0.663          0.510         36.070         15.000         25.554          0.000        179.281
     27/12/1957        246.775          6.970         59.670         85.134         95.000          0.500        750.000          0.641          0.497         29.370         15.000         15.299          0.000        180.844
     28/12/1957        245.892          6.738         59.128         85.026         95.000          0.500        750.000          0.618          0.486         22.730         15.000         20.343          0.000        182.402
     29/12/1957        245.040          6.535         58.588         84.917         95.000          0.500        750.000          0.596          0.477         24.720         15.000         22.671          0.000        183.958
     30/12/1957        244.220          6.359         58.055         84.807         95.000          0.500        750.000          0.574          0.466         29.230         15.000         27.000          0.000        185.510
     31/12/1957        243.432          6.204         57.532         84.696         95.000          0.500        750.000          0.552          0.453         24.720         15.000         17.174          0.000        187.059
      1/01/1958        243.645          6.943         57.117         84.584         95.000          0.500        750.000          0.535          0.444          4.970         15.000          9.562          0.000        188.605
