Summary_file = step3.sum
Title = Step 3. Declining dead pool.
           date       sw_dep()          sw_dep(1)          sw_dep(2)          sw_dep(3)          sw_dep(4)     basal_area     root_depth       sw_index  transpiration vpd_estimation  max_n_avail()   growth_photo    death_frost     residue_wt  transpiration
             ()           (mm)               (mm)               (mm)               (mm)               (mm)       (m^2/ha)           (mm)             ()             ()             ()             ()        (kg/ha)        (kg/ha)        (kg/ha)             ()
     01/01/1957        283.977             17.977             76.000             95.000             95.000          0.000        750.000          1.000          0.000         28.960         15.000          0.000          0.000         50.000          0.000
     02/01/1957        283.151             17.151             76.000             95.000             95.000          0.000        750.000          1.000          0.000         18.960         15.000          0.000          0.000         97.878          0.000
     03/01/1957        282.449             16.449             76.000             95.000             95.000          0.000        750.000          1.000          0.000         21.230         15.000          0.000          0.000        143.965          0.000
     04/01/1957        281.836             15.836             76.000             95.000             95.000          0.000        750.000          1.000          0.000         22.920         15.000          0.000          0.000        188.565          0.000
     05/01/1957        281.291             15.291             76.000             95.000             95.000          0.000        750.000          1.000          0.000         22.920         15.000          0.000          0.000        231.959          0.000
     06/01/1957        280.799             14.799             76.000             95.000             95.000          0.000        750.000          1.000          0.000         19.070         15.000          0.000          0.000        274.411          0.000
     07/01/1957        280.327             14.351             75.976             95.000             95.000          0.000        750.000          1.000          0.000         18.120         15.000          0.000          0.000        316.168          0.000
     08/01/1957        279.872             13.939             75.933             95.000             95.000          0.000        750.000          1.000          0.000         17.000         15.000          0.000          0.000        357.464          0.000
     09/01/1957        279.433             13.559             75.874             95.000             95.000          0.000        750.000          1.000          0.000         11.090         15.000          0.000          0.000        398.526          0.000
     10/01/1957        303.147             19.113             81.600            103.000             99.433          0.000        750.000          1.000          0.000          7.180         15.000          0.000          0.000        439.571          0.000
     11/01/1957        304.285             19.110             81.325            102.993            100.857          0.000        750.000          1.000          0.000         19.610         15.000          0.000          0.000        469.543          0.000
     12/01/1957        302.111             18.050             80.365            102.273            101.423          0.000        750.000          1.000          0.000         18.180         15.000          0.000          0.000        498.079          0.000
     13/01/1957        300.137             17.199             79.991            101.495            101.452          0.000        750.000          1.000          0.000         19.610         15.000          0.000          0.000        526.526          0.000
     14/01/1957        298.553             16.581             79.845            100.897            101.230          0.000        750.000          1.000          0.000         23.640         15.000          0.000          0.000        555.040          0.000
     15/01/1957        297.215             16.031             79.693            100.538            100.953          0.000        750.000          1.000          0.000         24.260         15.000          0.000          0.000        583.566          0.000
     16/01/1957        296.096             15.535             79.536            100.323            100.701          0.000        750.000          1.000          0.000         26.680         15.000          0.000          0.000        612.235          0.000
     17/01/1957        295.152             15.083             79.378            100.194            100.498          0.000        750.000          1.000          0.000         14.280         15.000          0.000          0.000        641.177          0.000
     18/01/1957        294.346             14.667             79.217            100.116            100.345          0.000        750.000          1.000          0.000         14.060         15.000          0.000          0.000        670.518          0.000
     19/01/1957        293.642             14.281             79.056            100.070            100.235          0.000        750.000          1.000          0.000         17.720         15.000          0.000          0.000        700.383          0.000
     20/01/1957        292.930             13.863             78.867            100.042            100.158          0.000        750.000          1.000          0.000         23.190         15.000          0.000          0.000        730.900          0.000
     21/01/1957        292.284             13.476             78.678            100.025            100.105          0.000        750.000          1.000          0.000         17.210         15.000          0.000          0.000        762.472          0.000
     22/01/1957        291.690             13.118             78.488            100.015            100.069          0.000        750.000          1.000          0.000         24.710         15.000          0.000          0.000        795.249          0.000
     23/01/1957        291.136             12.783             78.299            100.009            100.045          0.000        750.000          1.000          0.000         27.630         15.000          0.000          0.000        829.388          0.000
     24/01/1957        290.615             12.470             78.110            100.005            100.029          0.000        750.000          1.000          0.000         31.020         15.000          0.000          0.000        865.053          0.000
     25/01/1957        293.913             15.829             78.062            100.003            100.019          0.000        750.000          1.000          0.000         20.650         15.000          0.000          0.000        902.417          0.000
     26/01/1957        303.298             19.255             81.600            101.737            100.706          0.000        750.000          1.000          0.000         15.040         15.000          0.000          0.000        934.446          0.000
     27/01/1957        301.450             18.282             80.480            101.618            101.071          0.000        750.000          1.000          0.000          7.080         15.000          0.000          0.000        940.958          0.000
     28/01/1957        299.785             17.484             80.057            101.144            101.100          0.000        750.000          1.000          0.000         10.210         15.000          0.000          0.000        949.159          0.000
     29/01/1957        298.328             16.802             79.877            100.707            100.943          0.000        750.000          1.000          0.000         14.560         15.000          0.000          0.000        959.033          0.000
     30/01/1957        297.081             16.201             79.721            100.424            100.735          0.000        750.000          1.000          0.000         15.960         15.000          0.000          0.000        970.575          0.000
     31/01/1957        296.020             15.663             79.560            100.254            100.543          0.000        750.000          1.000          0.000         21.300         15.000          0.000          0.000        983.795          0.000
     01/02/1957        295.110             15.176             79.394            100.153            100.387          0.000        750.000          1.000          0.000         21.120         15.000          0.000          0.000        998.711          0.000
     02/02/1957        294.317             14.730             79.227            100.092            100.269          0.000        750.000          1.000          0.000         22.140         15.000          0.000          0.000       1015.353          0.000
     03/02/1957        293.614             14.318             79.058            100.055            100.183          0.000        750.000          1.000          0.000         23.410         15.000          0.000          0.000       1033.763          0.000
     04/02/1957        292.980             13.937             78.887            100.033            100.123          0.000        750.000          1.000          0.000         18.120         15.000          0.000          0.000       1053.993          0.000
     05/02/1957        292.400             13.582             78.716            100.020            100.082          0.000        750.000          1.000          0.000         14.060         15.000          0.000          0.000       1076.107          0.000
     06/02/1957        291.860             13.249             78.545            100.012            100.054          0.000        750.000          1.000          0.000         13.560         15.000          0.000          0.000       1100.180          0.000
     07/02/1957        291.353             12.937             78.374            100.007            100.035          0.000        750.000          1.000          0.000          9.690         15.000          0.000          0.000       1126.299          0.000
     08/02/1957        290.873             12.644             78.203            100.004            100.023          0.000        750.000          1.000          0.000         18.590         15.000          0.000          0.000       1154.565          0.000
     09/02/1957        290.416             12.367             78.032            100.003            100.015          0.000        750.000          1.000          0.000         18.690         15.000          0.000          0.000       1185.091          0.000
     10/02/1957        289.977             12.105             77.861            100.002            100.009          0.000        750.000          1.000          0.000         16.420         15.000          0.000          0.000       1218.004          0.000
     11/02/1957        289.556             11.857             77.691            100.001            100.006          0.000        750.000          1.000          0.000         18.960         15.000          0.000          0.000       1253.445          0.000
     12/02/1957        289.149             11.622             77.522            100.001            100.004          0.000        750.000          1.000          0.000         12.300         15.000          0.000          0.000       1291.574          0.000
     13/02/1957        288.756             11.399             77.354            100.000            100.002          0.000        750.000          1.000          0.000         15.210         15.000          0.000          0.000       1331.879          0.000
     14/02/1957        288.375             11.187             77.187            100.000            100.002          0.000        750.000          1.000          0.000         16.570         15.000          0.000          0.000       1371.983          0.000
     15/02/1957        288.006             10.984             77.020            100.000            100.001          0.000        750.000          1.000          0.000         20.580         15.000          0.000          0.000       1411.886          0.000
     16/02/1957        287.647             10.791             76.855            100.000            100.001          0.000        750.000          1.000          0.000         21.580         15.000          0.000          0.000       1451.590          0.000
     17/02/1957        287.298             10.607             76.690            100.000            100.000          0.000        750.000          1.000          0.000         24.410         15.000          0.000          0.000       1491.095          0.000
     18/02/1957        286.957             10.431             76.527            100.000            100.000          0.000        750.000          1.000          0.000         23.040         15.000          0.000          0.000       1530.403          0.000
     19/02/1957        286.626             10.262             76.364            100.000            100.000          0.000        750.000          1.000          0.000         25.350         15.000          0.000          0.000       1569.514          0.000
     20/02/1957        286.302             10.100             76.202            100.000            100.000          0.000        750.000          1.000          0.000         25.250         15.000          0.000          0.000       1608.430          0.000
     21/02/1957        285.986              9.945             76.041            100.000            100.000          0.000        750.000          1.000          0.000         25.980         15.000          0.000          0.000       1647.151          0.000
     22/02/1957        285.677              9.796             75.881            100.000            100.000          0.000        750.000          1.000          0.000         19.450         15.000          0.000          0.000       1685.679          0.000
     23/02/1957        285.375              9.653             75.722            100.000            100.000          0.000        750.000          1.000          0.000          8.300         15.000          0.000          0.000       1724.013          0.000
     24/02/1957        285.079              9.515             75.564            100.000            100.000          0.000        750.000          1.000          0.000         15.740         15.000          0.000          0.000       1762.156          0.000
     25/02/1957        284.790              9.383             75.407            100.000            100.000          0.000        750.000          1.000          0.000         10.810         15.000          0.000          0.000       1800.109          0.000
     26/02/1957        284.506              9.256             75.251            100.000            100.000          0.000        750.000          1.000          0.000         14.660         15.000          0.000          0.000       1837.872          0.000
     27/02/1957        292.678             17.428             75.251            100.000            100.000          0.000        750.000          1.000          0.000         13.560         15.000          0.000          0.000       1875.445          0.000
     28/02/1957        292.088             16.837             75.251            100.000            100.000          0.500        750.000          1.000          0.000         16.820         15.000          0.000          0.000       1847.953          0.000
     01/03/1957        291.556             16.305             75.251            100.000            100.000          0.500        750.000          1.000          0.000         18.660         15.000          0.000          0.000       1823.790          0.000
     02/03/1957        291.071             15.820             75.251            100.000            100.000          0.500        750.000          1.000          0.000         20.900         15.000          0.000          0.000       1802.963          0.000
     03/03/1957        290.625             15.374             75.251            100.000            100.000          0.500        750.000          1.000          0.000         23.470         15.000          0.000          0.000       1785.470          0.000
     04/03/1957        290.211             14.961             75.251            100.000            100.000          0.500        750.000          1.000          0.000         24.080         15.000          0.000          0.000       1771.307          0.000
     05/03/1957        291.646             16.396             75.251            100.000            100.000          0.500        750.000          1.000          0.000         20.050         15.000          0.000          0.000       1760.465          0.000
     06/03/1957        292.887             17.637             75.251            100.000            100.000          0.500        750.000          1.000          0.000         20.900         15.000          0.000          0.000       1746.555          0.000
     07/03/1957        292.231             16.980             75.251            100.000            100.000          0.500        750.000          1.000          0.000         20.480         15.000          0.000          0.000       1729.650          0.000
     08/03/1957        292.521             17.270             75.251            100.000            100.000          0.500        750.000          1.000          0.000         18.660         15.000          0.000          0.000       1716.179          0.000
     09/03/1957        291.900             16.649             75.251            100.000            100.000          0.500        750.000          1.000          0.000         21.020         15.000          0.000          0.000       1702.960          0.000
     10/03/1957        291.345             16.094             75.251            100.000            100.000          0.500        750.000          1.000          0.000         20.130         15.000          0.000          0.000       1693.182          0.000
     11/03/1957        301.715             19.053             81.178            101.060            100.424          0.500        750.000          1.000          0.000         16.260         15.000          0.000          0.000       1686.827          0.000
     12/03/1957        300.897             18.659             80.484            101.072            100.683          0.500        750.000          1.000          0.000         20.180         15.000          0.000          0.000       1659.096          0.000
     13/03/1957        299.242             17.635             80.053            100.817            100.737          0.500        750.000          1.000          0.000         21.230         15.000          0.000          0.000       1632.693          0.000
     14/03/1957        297.804             16.796             79.853            100.509            100.646          0.500        750.000          1.000          0.000         20.700         15.000          0.000          0.000       1610.764          0.000
     15/03/1957        298.310             17.722             79.773            100.306            100.510          0.500        750.000          1.000          0.000         12.700         15.000          0.000          0.000       1593.258          0.000
     16/03/1957        297.052             16.853             79.637            100.183            100.379          0.500        750.000          1.000          0.000         16.660         15.000          0.000          0.000       1573.969          0.000
     17/03/1957        296.119             16.237             79.501            100.110            100.271          0.500        750.000          1.000          0.000         22.010         15.000          0.000          0.000       1559.114          0.000
     18/03/1957        295.295             15.686             79.354            100.066            100.189          0.500        750.000          1.000          0.000         21.870         15.000          0.000          0.000       1550.154          0.000
     19/03/1957        294.555             15.186             79.200            100.040            100.129          0.500        750.000          1.000          0.000         24.780         15.000          0.000          0.000       1542.545          0.000
     20/03/1957        293.881             14.729             79.041            100.024            100.087          0.500        750.000          1.000          0.000         32.110         15.000          0.000          0.000       1538.522          0.000
     21/03/1957        293.258             14.308             78.878            100.014            100.058          0.500        750.000          1.000          0.000         22.240         15.000          0.000          0.000       1538.060          0.000
     22/03/1957        292.677             13.917             78.712            100.009            100.038          0.500        750.000          1.000          0.000         18.120         15.000          0.000          0.000       1541.142          0.000
     23/03/1957        292.129             13.554             78.545            100.005            100.025          0.500        750.000          1.000          0.000         20.720         15.000          0.000          0.000       1547.760          0.000
     24/03/1957        291.609             13.214             78.376            100.003            100.016          0.500        750.000          1.000          0.000         19.670         15.000          0.000          0.000       1557.916          0.000
     25/03/1957        306.757             19.157             81.600            103.000            103.000          0.500        750.000          1.000          0.000         17.740         15.000          0.000          0.000       1571.620          0.000
     26/03/1957        303.706             18.118             80.462            102.376            102.750          0.500        750.000          1.000          0.000         16.380         15.000          0.000          0.000       1543.194          0.000
     27/03/1957        301.185             17.275             80.031            101.592            102.287          0.500        750.000          1.000          0.000         15.970         15.000          0.000          0.000       1518.895          0.000
     28/03/1957        299.126             16.555             79.845            100.966            101.759          0.500        750.000          1.000          0.000         12.200         15.000          0.000          0.000       1498.659          0.000
     29/03/1957        297.460             15.925             79.669            100.580            101.287          0.500        750.000          1.000          0.000         16.830         15.000          0.000          0.000       1482.442          0.000
     30/03/1957        296.107             15.361             79.486            100.348            100.911          0.500        750.000          1.000          0.000         18.050         15.000          0.000          0.000       1470.415          0.000
     31/03/1957        294.992             14.852             79.301            100.209            100.630          0.500        750.000          1.000          0.000         20.210         15.000          0.000          0.000       1462.410          0.000
     01/04/1957        294.053             14.387             79.112            100.125            100.428          0.500        750.000          1.000          0.000         23.420         15.000          0.000          0.000       1439.185          0.000
     02/04/1957        293.244             13.960             78.923            100.075            100.287          0.500        750.000          1.000          0.000         24.290         15.000          0.000          0.000       1420.297          0.000
     03/04/1957        292.531             13.564             78.732            100.045            100.190          0.500        750.000          1.000          0.000         19.160         15.000          0.000          0.000       1405.562          0.000
     04/04/1957        292.837             14.118             78.567            100.027            100.125          0.500        750.000          1.000          0.000         18.610         15.000          0.000          0.000       1394.827          0.000
     05/04/1957        292.202             13.707             78.398            100.016            100.081          0.500        750.000          1.000          0.000         18.930         15.000          0.000          0.000       1385.183          0.000
     06/04/1957        291.614             13.326             78.225            100.010            100.053          0.500        750.000          1.000          0.000         19.030         15.000          0.000          0.000       1379.385          0.000
     07/04/1957        291.062             12.972             78.050            100.006            100.034          0.500        750.000          1.000          0.000         19.830         15.000          0.000          0.000       1377.351          0.000
     08/04/1957        290.541             12.642             77.873            100.004            100.022          0.500        750.000          1.000          0.000         18.800         15.000          0.000          0.000       1379.030          0.000
     09/04/1957        290.045             12.333             77.696            100.002            100.014          0.500        750.000          1.000          0.000         19.310         15.000          0.000          0.000       1384.398          0.000
     10/04/1957        300.529             19.046             80.652            100.588            100.243          0.500        750.000          1.000          0.000         19.100         15.000          0.000          0.000       1393.460          0.000
     11/04/1957        299.042             17.942             80.132            100.587            100.381          0.500        750.000          1.000          0.000         24.510         15.000          0.000          0.000       1350.208          0.000
     12/04/1957        297.950             17.234             79.927            100.400            100.389          0.500        750.000          1.000          0.000         20.580         15.000          0.000          0.000       1312.352          0.000
     13/04/1957        296.971             16.614             79.788            100.240            100.329          0.500        750.000          1.000          0.000         23.270         15.000          0.000          0.000       1278.778          0.000
     14/04/1957        296.100             16.060             79.641            100.144            100.255          0.500        750.000          1.000          0.000         24.290         15.000          0.000          0.000       1249.201          0.000
     15/04/1957        295.321             15.559             79.488            100.086            100.188          0.500        750.000          1.000          0.000         16.300         15.000          0.000          0.000       1223.369          0.000
     16/04/1957        294.617             15.100             79.332            100.052            100.133          0.500        750.000          1.000          0.000         18.500         15.000          0.000          0.000       1201.062          0.000
     17/04/1957        293.975             14.678             79.173            100.031            100.092          0.500        750.000          1.000          0.000         19.000         15.000          0.000          0.000       1183.635          0.000
     18/04/1957        293.381             14.287             79.012            100.019            100.063          0.500        750.000          1.000          0.000         17.570         15.000          0.000          0.000       1167.791          0.000
     19/04/1957        292.826             13.922             78.850            100.011            100.042          0.500        750.000          1.000          0.000         18.610         15.000          0.000          0.000       1154.977          0.000
     20/04/1957        292.303             13.582             78.687            100.007            100.028          0.500        750.000          1.000          0.000         21.450         15.000          0.000          0.000       1145.072          0.000
     21/04/1957        291.807             13.262             78.523            100.004            100.018          0.500        750.000          1.000          0.000          8.280         15.000          0.000          0.000       1137.980          0.000
     22/04/1957        294.186             15.725             78.447            100.002            100.012          0.500        750.000          1.000          0.000         14.270         15.000          0.000          0.000       1133.621          0.000
     23/04/1957        293.601             15.238             78.354            100.001            100.008          0.500        750.000          1.000          0.000         23.170         15.000          0.000          0.000       1125.136          0.000
     24/04/1957        293.048             14.793             78.248            100.001            100.005          0.500        750.000          1.000          0.000         19.160         15.000          0.000          0.000       1119.407          0.000
     25/04/1957        292.521             14.384             78.133            100.001            100.003          0.500        750.000          1.000          0.000         18.660         15.000          0.000          0.000       1116.366          0.000
     26/04/1957        292.018             14.005             78.011            100.000            100.002          0.500        750.000          1.000          0.000         21.120         15.000          0.000          0.000       1115.961          0.000
     27/04/1957        291.537             13.651             77.884            100.000            100.001          0.500        750.000          1.000          0.000         15.500         15.000          0.000          0.000       1118.162          0.000
     28/04/1957        291.075             13.322             77.752            100.000            100.001          0.500        750.000          1.000          0.000         19.430         15.000          0.000          0.000       1122.953          0.000
     29/04/1957        290.630             13.012             77.617            100.000            100.001          0.500        750.000          1.000          0.000         21.020         15.000          0.000          0.000       1130.337          0.000
     30/04/1957        290.201             12.721             77.479            100.000            100.000          0.500        750.000          1.000          0.000         19.310         15.000          0.000          0.000       1140.336          0.000
     01/05/1957        289.787             12.447             77.340            100.000            100.000          0.500        750.000          1.000          0.000         23.220         15.000          0.000          0.000       1152.331          0.000
     02/05/1957        289.387             12.188             77.198            100.000            100.000          0.500        750.000          1.000          0.000         13.970         15.000          0.000          0.000       1164.303          0.000
     03/05/1957        288.999             11.943             77.056            100.000            100.000          0.500        750.000          1.000          0.000         16.240         15.000          0.000          0.000       1176.251          0.000
     04/05/1957        288.623             11.710             76.912            100.000            100.000          0.500        750.000          1.000          0.000         17.430         15.000          0.000          0.000       1188.174          0.000
     05/05/1957        288.349             11.544             76.804            100.000            100.000          0.500        750.000          1.000          0.000         17.950         15.000          0.000          0.000       1200.074          0.000
     06/05/1957        288.080             11.385             76.696            100.000            100.000          0.500        750.000          1.000          0.000         16.000         15.000          0.000          0.000       1211.950          0.000
     07/05/1957        287.817             11.230             76.587            100.000            100.000          0.500        750.000          1.000          0.000         16.560         15.000          0.000          0.000       1223.803          0.000
     08/05/1957        287.559             11.081             76.478            100.000            100.000          0.500        750.000          1.000          0.000         15.780         15.000          0.000          0.000       1235.632          0.000
     09/05/1957        287.306             10.937             76.369            100.000            100.000          0.500        750.000          1.000          0.000         18.120         15.000          0.000          0.000       1247.437          0.000
     10/05/1957        287.058             10.798             76.260            100.000            100.000          0.500        750.000          1.000          0.000         17.910         15.000          0.000          0.000       1259.218          0.000
     11/05/1957        286.814             10.663             76.151            100.000            100.000          0.500        750.000          1.000          0.000         18.180         15.000          0.000          0.000       1270.976          0.000
     12/05/1957        286.575             10.533             76.042            100.000            100.000          0.500        750.000          1.000          0.000         19.220         15.000          0.000          0.000       1282.710          0.000
     13/05/1957        286.340             10.407             75.933            100.000            100.000          0.500        750.000          1.000          0.000         20.010         15.000          0.000          0.000       1294.421          0.000
     14/05/1957        286.108             10.284             75.824            100.000            100.000          0.500        750.000          1.000          0.000         20.570         15.000          0.000          0.000       1306.109          0.000
     15/05/1957        285.881             10.165             75.715            100.000            100.000          0.500        750.000          1.000          0.000         20.010         15.000          0.000          0.000       1317.773          0.000
     16/05/1957        285.657             10.050             75.607            100.000            100.000          0.500        750.000          1.000          0.000         15.430         15.000          0.000          0.000       1329.413          0.000
     17/05/1957        285.437              9.939             75.498            100.000            100.000          0.500        750.000          1.000          0.000         16.040         15.000          0.000          0.000       1341.031          0.000
     18/05/1957        285.220              9.830             75.390            100.000            100.000          0.500        750.000          1.000          0.000         13.100         15.000          0.000          0.000       1352.625          0.000
     19/05/1957        285.006              9.725             75.282            100.000            100.000          0.500        750.000          1.000          0.000         16.880         15.000          0.000          0.000       1364.196          0.000
     20/05/1957        284.796              9.622             75.174            100.000            100.000          0.500        750.000          1.000          0.000          9.740         15.000          0.000          0.000       1375.744          0.000
     21/05/1957        284.589              9.523             75.066            100.000            100.000          0.500        750.000          1.000          0.000         11.550         15.000          0.000          0.000       1387.269          0.000
     22/05/1957        284.385              9.426             74.959            100.000            100.000          0.500        750.000          1.000          0.000         11.110         15.000          0.000          0.000       1398.771          0.000
     23/05/1957        284.183              9.332             74.852            100.000            100.000          0.500        750.000          1.000          0.000         10.790         15.000          0.000          0.000       1410.249          0.000
     24/05/1957        283.984              9.240             74.745            100.000            100.000          0.500        750.000          1.000          0.000         14.650         15.000          0.000          0.000       1421.705          0.000
     25/05/1957        283.789              9.151             74.638            100.000            100.000          0.500        750.000          1.000          0.000         16.960         15.000          0.000          0.000       1433.138          0.000
     26/05/1957        283.595              9.064             74.531            100.000            100.000          0.500        750.000          1.000          0.000         17.370         15.000          0.000          0.000       1444.548          0.000
     27/05/1957        283.404              8.979             74.425            100.000            100.000          0.500        750.000          1.000          0.000         12.310         15.000          0.000          0.000       1455.935          0.000
     28/05/1957        283.216              8.897             74.319            100.000            100.000          0.500        750.000          1.000          0.000         11.190         15.000          0.000          0.000       1467.300          0.000
     29/05/1957        283.030              8.816             74.214            100.000            100.000          0.500        750.000          1.000          0.000         14.050         15.000          0.000          0.000       1478.641          0.000
     30/05/1957        282.847              8.738             74.109            100.000            100.000          0.500        750.000          1.000          0.000         15.120         15.000          0.000          0.000       1489.960          0.000
     31/05/1957        282.665              8.662             74.004            100.000            100.000          0.500        750.000          1.000          0.000         13.810         15.000          0.000          0.000       1501.257          0.000
     01/06/1957        282.486              8.587             73.899            100.000            100.000          0.500        750.000          1.000          0.000          5.250         15.000          0.000          0.000       1512.531          0.000
     02/06/1957        286.253             12.388             73.865            100.000            100.000          0.500        750.000          1.000          0.000         10.590         15.000          0.000          0.000       1523.782          0.000
     03/06/1957        286.023             12.196             73.827            100.000            100.000          0.500        750.000          1.000          0.000         13.100         15.000          0.000          0.000       1535.010          0.000
     04/06/1957        285.798             12.012             73.785            100.000            100.000          0.500        750.000          1.000          0.000         12.740         15.000          0.000          0.000       1546.217          0.000
     05/06/1957        285.575             11.836             73.740            100.000            100.000          0.500        750.000          1.000          0.000         12.390         15.000          0.000          0.000       1557.401          0.000
     06/06/1957        285.357             11.666             73.691            100.000            100.000          0.500        750.000          1.000          0.000         10.620         15.000          0.000          0.000       1568.562          0.000
     07/06/1957        285.213             11.556             73.657            100.000            100.000          0.500        750.000          1.000          0.000          9.440         15.000          0.000          0.000       1579.701          0.000
     08/06/1957        285.071             11.450             73.621            100.000            100.000          0.500        750.000          1.000          0.000         11.220         15.000          0.000          0.000       1590.818          0.000
     09/06/1957        284.930             11.345             73.585            100.000            100.000          0.500        750.000          1.000          0.000         14.700         15.000          0.000          0.000       1601.913          0.000
     10/06/1957        284.721             11.193             73.529            100.000            100.000          0.500        750.000          1.000          0.000         16.690         15.000          0.000          0.000       1612.985          0.000
     11/06/1957        284.515             11.045             73.470            100.000            100.000          0.500        750.000          1.000          0.000         15.120         15.000          0.000          0.000       1624.036          0.000
     12/06/1957        284.312             10.903             73.409            100.000            100.000          0.500        750.000          1.000          0.000         16.240         15.000          0.000          0.000       1635.064          0.000
     13/06/1957        284.112             10.765             73.347            100.000            100.000          0.500        750.000          1.000          0.000         13.940         15.000          0.000          0.000       1646.070          0.000
     14/06/1957        283.915             10.632             73.283            100.000            100.000          0.500        750.000          1.000          0.000         14.050         15.000          0.000          0.000       1657.054          0.000
     15/06/1957        283.720             10.503             73.217            100.000            100.000          0.500        750.000          1.000          0.000         15.390         15.000          0.000          0.000       1668.016          0.000
     16/06/1957        283.592             10.419             73.173            100.000            100.000          0.500        750.000          1.000          0.000         12.310         15.000          0.000          0.000       1678.957          0.000
     17/06/1957        283.465             10.338             73.127            100.000            100.000          0.500        750.000          1.000          0.000         12.920         15.000          0.000          0.000       1689.875          0.000
     18/06/1957        283.339             10.258             73.082            100.000            100.000          0.500        750.000          1.000          0.000         14.050         15.000          0.000          0.000       1700.772          0.000
     19/06/1957        283.214             10.179             73.035            100.000            100.000          0.500        750.000          1.000          0.000         13.760         15.000          0.000          0.000       1711.646          0.000
     20/06/1957        283.091             10.102             72.988            100.000            100.000          0.500        750.000          1.000          0.000         11.220         15.000          0.000          0.000       1722.500          0.000
     21/06/1957        302.244             19.812             81.076            100.969            100.387          0.500        750.000          1.000          0.000          4.740         15.000          0.000          0.000       1733.331          0.000
     22/06/1957        301.239             19.245             80.405            100.969            100.620          0.500        750.000          1.000          0.000          9.430         15.000          0.000          0.000       1704.755          0.000
     23/06/1957        300.253             18.744             80.120            100.727            100.663          0.500        750.000          1.000          0.000         10.920         15.000          0.000          0.000       1694.387          0.000
     24/06/1957        299.358             18.290             79.999            100.479            100.589          0.500        750.000          1.000          0.000         14.200         15.000          0.000          0.000       1664.797          0.000
     25/06/1957        298.573             17.876             79.941            100.288            100.469          0.500        750.000          1.000          0.000         13.810         15.000          0.000          0.000       1642.373          0.000
     26/06/1957        297.892             17.492             79.877            100.173            100.350          0.500        750.000          1.000          0.000         14.520         15.000          0.000          0.000       1623.243          0.000
     27/06/1957        297.299             17.136             79.809            100.104            100.252          0.500        750.000          1.000          0.000         17.370         15.000          0.000          0.000       1608.090          0.000
     28/06/1957        296.776             16.802             79.736            100.062            100.176          0.500        750.000          1.000          0.000         14.750         15.000          0.000          0.000       1594.812          0.000
     29/06/1957        296.112             16.330             79.624            100.037            100.120          0.500        750.000          1.000          0.000         15.010         15.000          0.000          0.000       1582.480          0.000
     30/06/1957        295.507             15.898             79.506            100.022            100.081          0.500        750.000          1.000          0.000          7.570         15.000          0.000          0.000       1562.972          0.000
     01/07/1957        299.538             19.430             80.018            100.029            100.060          0.500        750.000          1.000          0.000          0.970         15.000          0.000          0.000       1545.464          0.000
     02/07/1957        307.068             19.468             81.600            103.000            103.000          0.500        750.000          1.000          0.000          5.690         15.000          0.000          0.000       1538.491          0.000
     03/07/1957        304.300             18.641             80.533            102.376            102.750          0.500        750.000          1.000          0.000         10.080         15.000          0.000          0.000       1529.864          0.000
     04/07/1957        302.240             18.177             80.148            101.618            102.297          0.500        750.000          1.000          0.000         11.730         15.000          0.000          0.000       1522.960          0.000
     05/07/1957        300.560             17.756             79.993            101.024            101.788          0.500        750.000          1.000          0.000         13.670         15.000          0.000          0.000       1520.254          0.000
     06/07/1957        299.221             17.368             79.921            100.614            101.318          0.500        750.000          1.000          0.000         11.450         15.000          0.000          0.000       1517.323          0.000
     07/07/1957        299.100             17.926             79.867            100.369            100.938          0.500        750.000          1.000          0.000          7.980         15.000          0.000          0.000       1500.570          0.000
     08/07/1957        298.200             17.521             79.806            100.221            100.652          0.500        750.000          1.000          0.000          9.990         15.000          0.000          0.000       1492.858          0.000
     09/07/1957        297.462             17.147             79.739            100.133            100.444          0.500        750.000          1.000          0.000         10.520         15.000          0.000          0.000       1490.035          0.000
     10/07/1957        296.843             16.798             79.667            100.080            100.298          0.500        750.000          1.000          0.000         10.590         15.000          0.000          0.000       1479.954          0.000
     11/07/1957        296.309             16.471             79.592            100.048            100.198          0.500        750.000          1.000          0.000          9.420         15.000          0.000          0.000       1475.701          0.000
     12/07/1957        295.837             16.164             79.514            100.029            100.130          0.500        750.000          1.000          0.000         10.420         15.000          0.000          0.000       1476.608          0.000
     13/07/1957        295.410             15.874             79.434            100.017            100.085          0.500        750.000          1.000          0.000         12.420         15.000          0.000          0.000       1478.847          0.000
     14/07/1957        295.016             15.599             79.352            100.010            100.055          0.500        750.000          1.000          0.000         14.970         15.000          0.000          0.000       1479.537          0.000
     15/07/1957        294.648             15.337             79.269            100.006            100.036          0.500        750.000          1.000          0.000          9.220         15.000          0.000          0.000       1472.207          0.000
     16/07/1957        295.077             15.884             79.167            100.004            100.023          0.500        750.000          1.000          0.000          2.620         15.000          0.000          0.000       1465.807          0.000
     17/07/1957        294.542             15.467             79.058            100.002            100.015          0.500        750.000          1.000          0.000         10.860         15.000          0.000          0.000       1465.018          0.000
     18/07/1957        294.037             15.082             78.944            100.001            100.009          0.500        750.000          1.000          0.000         14.540         15.000          0.000          0.000       1466.845          0.000
     19/07/1957        293.557             14.724             78.827            100.001            100.006          0.500        750.000          1.000          0.000         13.180         15.000          0.000          0.000       1469.735          0.000
     20/07/1957        294.053             15.318             78.731            100.000            100.004          0.500        750.000          1.000          0.000         10.920         15.000          0.000          0.000       1465.166          0.000
     21/07/1957        295.463             16.764             78.697            100.000            100.002          0.500        750.000          1.000          0.000         10.320         15.000          0.000          0.000       1457.924          0.000
     22/07/1957        294.908             16.265             78.641            100.000            100.001          0.500        750.000          1.000          0.000         12.050         15.000          0.000          0.000       1449.503          0.000
     23/07/1957        294.383             15.811             78.571            100.000            100.001          0.500        750.000          1.000          0.000         10.110         15.000          0.000          0.000       1450.819          0.000
     24/07/1957        293.884             15.395             78.489            100.000            100.001          0.500        750.000          1.000          0.000          9.050         15.000          0.000          0.000       1456.683          0.000
     25/07/1957        293.409             15.010             78.399            100.000            100.000          0.500        750.000          1.000          0.000         10.680         15.000          0.000          0.000       1461.486          0.000
     26/07/1957        299.424             19.416             80.003            100.003            100.001          0.500        750.000          1.000          0.000          3.880         15.000          0.000          0.000       1464.542          0.000
     27/07/1957        302.145             19.412             81.208            101.089            100.436          0.500        750.000          1.000          0.000          5.470         15.000          0.000          0.000       1452.643          0.000
     28/07/1957        301.664             19.173             80.582            101.177            100.733          0.500        750.000          1.000          0.000          9.470         15.000          0.000          0.000       1439.086          0.000
     29/07/1957        300.214             18.345             80.148            100.916            100.806          0.500        750.000          1.000          0.000         11.720         15.000          0.000          0.000       1417.815          0.000
     30/07/1957        298.933             17.646             79.959            100.603            100.725          0.500        750.000          1.000          0.000         10.080         15.000          0.000          0.000       1400.478          0.000
     31/07/1957        297.823             17.038             79.844            100.362            100.579          0.500        750.000          1.000          0.000         12.760         15.000          0.000          0.000       1395.225          0.000
     01/08/1957        296.867             16.497             79.719            100.217            100.434          0.500        750.000          1.000          0.000         14.750         15.000          0.000          0.000       1387.411          0.000
     02/08/1957        296.039             16.008             79.588            100.130            100.313          0.500        750.000          1.000          0.000         13.540         15.000          0.000          0.000       1379.341          0.000
     03/08/1957        295.312             15.562             79.453            100.078            100.219          0.500        750.000          1.000          0.000         15.980         15.000          0.000          0.000       1376.207          0.000
     04/08/1957        294.662             15.151             79.314            100.047            100.150          0.500        750.000          1.000          0.000         19.420         15.000          0.000          0.000       1360.755          0.000
     05/08/1957        294.072             14.769             79.174            100.028            100.101          0.500        750.000          1.000          0.000         17.210         15.000          0.000          0.000       1348.807          0.000
     06/08/1957        293.529             14.413             79.032            100.017            100.068          0.500        750.000          1.000          0.000         14.050         15.000          0.000          0.000       1340.594          0.000
     07/08/1957        293.023             14.080             78.889            100.010            100.045          0.500        750.000          1.000          0.000         15.600         15.000          0.000          0.000       1335.096          0.000
     08/08/1957        292.546             13.766             78.745            100.006            100.029          0.500        750.000          1.000          0.000         12.880         15.000          0.000          0.000       1330.601          0.000
     09/08/1957        291.946             13.372             78.552            100.004            100.019          0.500        750.000          1.000          0.000         16.510         15.000          0.000          0.000       1321.367          0.000
     10/08/1957        291.379             13.006             78.359            100.002            100.012          0.500        750.000          1.000          0.000         13.340         15.000          0.000          0.000       1320.442          0.000
     11/08/1957        290.841             12.666             78.165            100.001            100.008          0.500        750.000          1.000          0.000         11.220         15.000          0.000          0.000       1323.950          0.000
     12/08/1957        290.327             12.349             77.972            100.001            100.005          0.500        750.000          1.000          0.000         14.810         15.000          0.000          0.000       1329.043          0.000
     13/08/1957        289.835             12.051             77.780            100.000            100.003          0.500        750.000          1.000          0.000          8.150         15.000          0.000          0.000       1336.356          0.000
     14/08/1957        289.480             11.842             77.636            100.000            100.002          0.500        750.000          1.000          0.000         13.050         15.000          0.000          0.000       1344.974          0.000
     15/08/1957        289.136             11.642             77.493            100.000            100.001          0.500        750.000          1.000          0.000          4.060         15.000          0.000          0.000       1353.541          0.000
     16/08/1957        296.180             18.686             77.493            100.000            100.001          0.500        750.000          1.000          0.000          3.080         15.000          0.000          0.000       1363.223          0.000
     17/08/1957        297.138             19.233             77.904            100.000            100.001          0.500        750.000          1.000          0.000          6.270         15.000          0.000          0.000       1354.065          0.000
     18/08/1957        295.964             18.060             77.904            100.000            100.000          0.500        750.000          1.000          0.000          9.180         15.000          0.000          0.000       1337.170          0.000
     19/08/1957        295.043             17.138             77.904            100.000            100.000          0.500        750.000          1.000          0.000         10.620         15.000          0.000          0.000       1318.807          0.000
     20/08/1957        294.465             16.560             77.904            100.000            100.000          0.500        750.000          1.000          0.000         11.450         15.000          0.000          0.000       1302.030          0.000
     21/08/1957        293.921             16.040             77.881            100.000            100.000          0.500        750.000          1.000          0.000         15.150         15.000          0.000          0.000       1273.669          0.000
     22/08/1957        293.402             15.566             77.836            100.000            100.000          0.500        750.000          1.000          0.000         11.070         15.000          0.000          0.000       1244.812          0.000
     23/08/1957        299.325             19.324             80.001            100.001            100.000          0.500        750.000          1.000          0.000         15.360         15.000          0.000          0.000       1222.040          0.000
     24/08/1957        298.345             18.393             79.950            100.001            100.000          0.500        750.000          1.000          0.000         15.390         15.000          0.000          0.000       1189.744          0.000
     25/08/1957        297.198             17.372             79.825            100.000            100.000          0.500        750.000          1.000          0.000         15.610         15.000          0.000          0.000       1177.199          0.000
     26/08/1957        296.199             16.538             79.661            100.000            100.000          0.500        750.000          1.000          0.000         12.540         15.000          0.000          0.000       1167.255          0.000
     27/08/1957        295.304             15.824             79.479            100.000            100.000          0.500        750.000          1.000          0.000          8.330         15.000          0.000          0.000       1145.610          0.000
     28/08/1957        294.486             15.200             79.286            100.000            100.000          0.500        750.000          1.000          0.000         11.830         15.000          0.000          0.000       1136.318          0.000
     29/08/1957        293.732             14.645             79.087            100.000            100.000          0.500        750.000          1.000          0.000         14.330         15.000          0.000          0.000       1127.323          0.000
     30/08/1957        293.028             14.143             78.884            100.000            100.000          0.500        750.000          1.000          0.000         15.600         15.000          0.000          0.000       1119.997          0.000
     31/08/1957        292.367             13.687             78.679            100.000            100.000          0.500        750.000          1.000          0.000         19.720         15.000          0.000          0.000       1117.059          0.000
     01/09/1957        291.742             13.269             78.473            100.000            100.000          0.500        750.000          1.000          0.000         11.500         15.000          0.000          0.000       1113.294          0.000
     02/09/1957        291.150             12.884             78.266            100.000            100.000          0.500        750.000          1.000          0.000         12.970         15.000          0.000          0.000       1113.385          0.000
     03/09/1957        290.586             12.527             78.060            100.000            100.000          0.500        750.000          1.000          0.000         14.950         15.000          0.000          0.000       1118.178          0.000
     04/09/1957        290.048             12.195             77.853            100.000            100.000          0.500        750.000          1.000          0.000         15.600         15.000          0.000          0.000       1123.844          0.000
     05/09/1957        289.532             11.885             77.647            100.000            100.000          0.500        750.000          1.000          0.000         11.220         15.000          0.000          0.000       1129.851          0.000
     06/09/1957        289.037             11.595             77.442            100.000            100.000          0.500        750.000          1.000          0.000         15.560         15.000          0.000          0.000       1137.165          0.000
     07/09/1957        289.393             12.174             77.219            100.000            100.000          0.500        750.000          1.000          0.000         12.530         15.000          0.000          0.000       1146.431          0.000
     08/09/1957        288.781             11.788             76.993            100.000            100.000          0.500        750.000          1.000          0.000         17.440         15.000          0.000          0.000       1155.678          0.000
     09/09/1957        288.197             11.433             76.764            100.000            100.000          0.500        750.000          1.000          0.000         18.150         15.000          0.000          0.000       1164.906          0.000
     10/09/1957        287.639             11.105             76.534            100.000            100.000          0.500        750.000          1.000          0.000         16.690         15.000          0.000          0.000       1174.116          0.000
     11/09/1957        287.104             10.800             76.304            100.000            100.000          0.500        750.000          1.000          0.000         14.730         15.000          0.000          0.000       1183.307          0.000
     12/09/1957        286.589             10.517             76.073            100.000            100.000          0.500        750.000          1.000          0.000         16.690         15.000          0.000          0.000       1192.480          0.000
     13/09/1957        286.094             10.252             75.842            100.000            100.000          0.500        750.000          1.000          0.000         15.560         15.000          0.000          0.000       1201.635          0.000
     14/09/1957        285.615             10.004             75.611            100.000            100.000          0.500        750.000          1.000          0.000         16.420         15.000          0.000          0.000       1210.772          0.000
     15/09/1957        285.153              9.772             75.381            100.000            100.000          0.500        750.000          1.000          0.000         18.500         15.000          0.000          0.000       1219.890          0.000
     16/09/1957        284.706              9.553             75.152            100.000            100.000          0.500        750.000          1.000          0.000         10.590         15.000          0.000          0.000       1228.990          0.000
     17/09/1957        284.272              9.348             74.925            100.000            100.000          0.500        750.000          1.000          0.000         16.420         15.000          0.000          0.000       1238.072          0.000
     18/09/1957        283.851              9.154             74.698            100.000            100.000          0.500        750.000          1.000          0.000         21.630         15.000          0.000          0.000       1247.135          0.000
     19/09/1957        283.443              8.971             74.472            100.000            100.000          0.500        750.000          1.000          0.000         24.140         15.000          0.000          0.000       1256.181          0.000
     20/09/1957        283.045              8.797             74.248            100.000            100.000          0.500        750.000          1.000          0.000         21.920         15.000          0.000          0.000       1265.208          0.000
     21/09/1957        282.658              8.633             74.025            100.000            100.000          0.500        750.000          1.000          0.000         21.130         15.000          0.000          0.000       1274.217          0.000
     22/09/1957        282.281              8.478             73.803            100.000            100.000          0.500        750.000          1.000          0.000         27.870         15.000          0.000          0.000       1283.209          0.000
     23/09/1957        281.840              8.301             73.539            100.000            100.000          0.500        750.000          1.000          0.000         28.630         15.000          0.000          0.000       1292.182          0.000
     24/09/1957        281.412              8.135             73.277            100.000            100.000          0.500        750.000          1.000          0.000         20.210         15.000          0.000          0.000       1301.137          0.000
     25/09/1957        280.996              7.979             73.017            100.000            100.000          0.500        750.000          1.000          0.000         22.080         15.000          0.000          0.000       1310.075          0.000
     26/09/1957        280.591              7.831             72.759            100.000            100.000          0.500        750.000          1.000          0.000         22.670         15.000          0.000          0.000       1318.994          0.000
     27/09/1957        280.196              7.693             72.504            100.000            100.000          0.500        750.000          1.000          0.000         24.050         15.000          0.000          0.000       1327.896          0.000
     28/09/1957        279.812              7.562             72.250            100.000            100.000          0.500        750.000          1.000          0.000         21.070         15.000          0.000          0.000       1336.780          0.000
     29/09/1957        279.437              7.438             72.000            100.000            100.000          0.500        750.000          1.000          0.000         23.210         15.000          0.000          0.000       1345.646          0.000
     30/09/1957        279.072              7.321             71.751            100.000            100.000          0.500        750.000          1.000          0.000         19.830         15.000          0.000          0.000       1354.494          0.000
     01/10/1957        279.691              8.154             71.537            100.000            100.000          0.500        750.000          1.000          0.000         17.650         15.000          0.000          0.000       1363.325          0.000
     02/10/1957        279.319              7.996             71.323            100.000            100.000          0.500        750.000          1.000          0.000         14.700         15.000          0.000          0.000       1385.358          0.000
     03/10/1957        278.956              7.848             71.108            100.000            100.000          0.500        750.000          1.000          0.000         20.280         15.000          0.000          0.000       1407.280          0.000
     04/10/1957        278.602              7.708             70.894            100.000            100.000          0.500        750.000          1.000          0.000         23.080         15.000          0.000          0.000       1429.093          0.000
     05/10/1957        278.256              7.577             70.679            100.000            100.000          0.500        750.000          1.000          0.000         20.830         15.000          0.000          0.000       1450.797          0.000
     06/10/1957        277.917              7.452             70.465            100.000            100.000          0.500        750.000          1.000          0.000         21.300         15.000          0.000          0.000       1472.392          0.000
     07/10/1957        277.586              7.334             70.252            100.000            100.000          0.500        750.000          1.000          0.000         20.360         15.000          0.000          0.000       1493.879          0.000
     08/10/1957        277.262              7.223             70.039            100.000            100.000          0.500        750.000          1.000          0.000         21.130         15.000          0.000          0.000       1515.259          0.000
     09/10/1957        276.944              7.118             69.827            100.000            100.000          0.500        750.000          1.000          0.000         20.740         15.000          0.000          0.000       1536.532          0.000
     10/10/1957        276.633              7.018             69.615            100.000            100.000          0.500        750.000          1.000          0.000         26.850         15.000          0.000          0.000       1557.699          0.000
     11/10/1957        276.329              6.923             69.405            100.000            100.000          0.500        750.000          1.000          0.000         35.560         15.000          0.000          0.000       1578.760          0.000
     12/10/1957        276.030              6.834             69.196            100.000            100.000          0.500        750.000          1.000          0.000         30.550         15.000          0.000          0.000       1599.715          0.000
     13/10/1957        275.737              6.749             68.988            100.000            100.000          0.500        750.000          1.000          0.000         29.780         15.000          0.000          0.000       1620.566          0.000
     14/10/1957        275.449              6.668             68.781            100.000            100.000          0.500        750.000          1.000          0.000         23.790         15.000          0.000          0.000       1641.312          0.000
     15/10/1957        275.167              6.591             68.576            100.000            100.000          0.500        750.000          1.000          0.000         28.340         15.000          0.000          0.000       1661.955          0.000
     16/10/1957        274.890              6.518             68.371            100.000            100.000          0.500        750.000          1.000          0.000         25.530         15.000          0.000          0.000       1682.495          0.000
     17/10/1957        274.617              6.449             68.168            100.000            100.000          0.500        750.000          1.000          0.000         34.710         15.000          0.000          0.000       1702.931          0.000
     18/10/1957        274.350              6.383             67.967            100.000            100.000          0.500        750.000          1.000          0.000         29.810         15.000          0.000          0.000       1723.266          0.000
     19/10/1957        274.087              6.321             67.766            100.000            100.000          0.500        750.000          1.000          0.000         28.520         15.000          0.000          0.000       1743.499          0.000
     20/10/1957        273.828              6.261             67.567            100.000            100.000          0.500        750.000          1.000          0.000         19.610         15.000          0.000          0.000       1763.631          0.000
     21/10/1957        273.574              6.204             67.370            100.000            100.000          0.500        750.000          1.000          0.000         21.300         15.000          0.000          0.000       1783.662          0.000
     22/10/1957        273.324              6.150             67.174            100.000            100.000          0.500        750.000          1.000          0.000         26.110         15.000          0.000          0.000       1803.593          0.000
     23/10/1957        273.078              6.099             66.980            100.000            100.000          0.500        750.000          1.000          0.000         26.800         15.000          0.000          0.000       1823.424          0.000
     24/10/1957        272.836              6.050             66.787            100.000            100.000          0.500        750.000          1.000          0.000         27.630         15.000          0.000          0.000       1843.156          0.000
     25/10/1957        274.565              7.899             66.666            100.000            100.000          0.500        750.000          1.000          0.000         17.260         15.000          0.000          0.000       1862.790          0.000
     26/10/1957        274.299              7.757             66.542            100.000            100.000          0.500        750.000          0.996          0.000         18.180         15.000          0.000          0.000       1882.325          0.000
     27/10/1957        276.001              9.497             66.505            100.000            100.000          0.500        750.000          0.994          0.000         17.740         15.000          0.000          0.000       1901.763          0.000
     28/10/1957        275.709              9.255             66.454            100.000            100.000          0.500        750.000          0.993          0.000         19.680         15.000          0.000          0.000       1921.103          0.000
     29/10/1957        293.485             18.176             75.309            100.000            100.000          0.500        750.000          1.000          0.000         13.560         15.000          0.000          0.000       1940.347          0.000
     30/10/1957        305.750             18.150             81.600            103.000            103.000          0.500        750.000          1.000          0.000          8.060         15.000          0.000          0.000       1894.184          0.000
     31/10/1957        303.633             17.785             80.676            102.408            102.763          0.500        750.000          1.000          0.000         15.100         15.000          0.000          0.000       1848.220          0.000
     01/11/1957        300.326             16.354             79.949            101.688            102.333          0.500        750.000          1.000          0.000         13.700         15.000          0.000          0.000       1803.406          0.000
     02/11/1957        299.296             16.732             79.745            101.013            101.805          0.500        750.000          1.000          0.000          5.380         15.000          0.000          0.000       1766.286          0.000
     03/11/1957        305.655             18.055             81.600            103.000            103.000          0.500        750.000          1.000          0.000         17.720         15.000          0.000          0.000       1730.434          0.000
     04/11/1957        301.858             16.497             80.234            102.376            102.750          0.500        750.000          1.000          0.000         24.010         15.000          0.000          0.000       1685.632          0.000
     05/11/1957        305.606             18.006             81.600            103.000            103.000          0.500        750.000          1.000          0.000         15.210         15.000          0.000          0.000       1648.753          0.000
     06/11/1957        305.579             17.979             81.600            103.000            103.000          0.500        750.000          1.000          0.000         32.050         15.000          0.000          0.000       1604.822          0.000
     07/11/1957        301.740             16.397             80.217            102.376            102.750          0.500        750.000          1.000          0.000         15.210         15.000          0.000          0.000       1561.446          0.000
     08/11/1957        298.680             15.226             79.698            101.504            102.252          0.500        750.000          1.000          0.000         12.500         15.000          0.000          0.000       1526.145          0.000
     09/11/1957        296.207             14.283             79.310            100.902            101.712          0.500        750.000          1.000          0.000         20.830         15.000          0.000          0.000       1498.750          0.000
     10/11/1957        294.004             13.358             78.861            100.541            101.244          0.500        750.000          1.000          0.000         25.750         15.000          0.000          0.000       1480.983          0.000
     11/11/1957        292.200             12.583             78.416            100.325            100.876          0.500        750.000          1.000          0.000         26.830         15.000          0.000          0.000       1470.365          0.000
     12/11/1957        290.695             11.918             77.979            100.195            100.604          0.500        750.000          1.000          0.000         28.520         15.000          0.000          0.000       1468.497          0.000
     13/11/1957        289.557             11.422             77.609            100.117            100.409          0.500        750.000          1.000          0.000         24.260         15.000          0.000          0.000       1475.220          0.000
     14/11/1957        288.431             10.902             77.185            100.070            100.273          0.500        750.000          1.000          0.000         19.660         15.000          0.000          0.000       1489.268          0.000
     15/11/1957        287.432             10.442             76.767            100.042            100.181          0.500        750.000          1.000          0.000         23.790         15.000          0.000          0.000       1506.939          0.000
     16/11/1957        286.530             10.029             76.357            100.025            100.119          0.500        750.000          1.000          0.000         24.010         15.000          0.000          0.000       1524.523          0.000
     17/11/1957        285.704              9.658             75.954            100.015            100.077          0.500        750.000          1.000          0.000         23.410         15.000          0.000          0.000       1542.019          0.000
     18/11/1957        284.938              9.322             75.556            100.009            100.050          0.500        750.000          1.000          0.000         26.340         15.000          0.000          0.000       1559.427          0.000
     19/11/1957        284.220              9.017             75.166            100.005            100.032          0.500        750.000          1.000          0.000         28.340         15.000          0.000          0.000       1576.748          0.000
     20/11/1957        283.543              8.738             74.781            100.003            100.021          0.500        750.000          1.000          0.000         28.220         15.000          0.000          0.000       1593.982          0.000
     21/11/1957        282.901              8.483             74.402            100.002            100.013          0.500        750.000          1.000          0.000         22.820         15.000          0.000          0.000       1611.130          0.000
     22/11/1957        282.288              8.249             74.029            100.001            100.008          0.500        750.000          1.000          0.000         24.070         15.000          0.000          0.000       1628.193          0.000
     23/11/1957        289.634             15.599             74.029            100.001            100.005          0.500        750.000          1.000          0.000         31.870         15.000          0.000          0.000       1645.170          0.000
     24/11/1957        288.418             14.385             74.029            100.000            100.003          0.500        750.000          1.000          0.000         31.020         15.000          0.000          0.000       1599.695          0.000
     25/11/1957        287.445             13.413             74.029            100.000            100.002          0.500        750.000          1.000          0.000         27.010         15.000          0.000          0.000       1564.013          0.000
     26/11/1957        289.692             15.661             74.029            100.000            100.001          0.500        750.000          1.000          0.000         22.820         15.000          0.000          0.000       1537.935          0.000
     27/11/1957        288.432             14.402             74.029            100.000            100.001          0.500        750.000          1.000          0.000         27.540         15.000          0.000          0.000       1509.149          0.000
     28/11/1957        287.436             13.406             74.029            100.000            100.001          0.500        750.000          1.000          0.000         22.020         15.000          0.000          0.000       1489.858          0.000
     29/11/1957        286.561             12.583             73.978            100.000            100.000          0.500        750.000          1.000          0.000         24.890         15.000          0.000          0.000       1479.992          0.000
     30/11/1957        285.737             11.884             73.854            100.000            100.000          0.500        750.000          1.000          0.000         25.530         15.000          0.000          0.000       1479.364          0.000
     01/12/1957        284.960             11.280             73.680            100.000            100.000          0.500        750.000          1.000          0.000         27.860         15.000          0.000          0.000       1487.831          0.000
     02/12/1957        284.224             10.751             73.473            100.000            100.000          0.500        750.000          1.000          0.000         23.310         15.000          0.000          0.000       1504.059          0.000
     03/12/1957        283.525             10.284             73.241            100.000            100.000          0.500        750.000          1.000          0.000         28.340         15.000          0.000          0.000       1520.207          0.000
     04/12/1957        284.760             11.626             73.133            100.000            100.000          0.500        750.000          1.000          0.000         27.630         15.000          0.000          0.000       1536.273          0.000
     05/12/1957        284.034             11.056             72.979            100.000            100.000          0.500        750.000          1.000          0.000         20.650         15.000          0.000          0.000       1552.259          0.000
     06/12/1957        283.344             10.554             72.790            100.000            100.000          0.500        750.000          1.000          0.000         23.190         15.000          0.000          0.000       1568.166          0.000
     07/12/1957        282.686             10.109             72.577            100.000            100.000          0.500        750.000          1.000          0.000         22.820         15.000          0.000          0.000       1583.992          0.000
     08/12/1957        282.057              9.711             72.346            100.000            100.000          0.500        750.000          1.000          0.000         25.040         15.000          0.000          0.000       1599.740          0.000
     09/12/1957        281.367              9.302             72.065            100.000            100.000          0.500        750.000          1.000          0.000         25.530         15.000          0.000          0.000       1615.409          0.000
     10/12/1957        280.709              8.938             71.771            100.000            100.000          0.500        750.000          1.000          0.000         24.620         15.000          0.000          0.000       1630.999          0.000
     11/12/1957        280.078              8.611             71.467            100.000            100.000          0.500        750.000          1.000          0.000         27.700         15.000          0.000          0.000       1646.512          0.000
     12/12/1957        279.473              8.318             71.155            100.000            100.000          0.500        750.000          1.000          0.000         34.550         15.000          0.000          0.000       1661.947          0.000
     13/12/1957        278.891              8.052             70.839            100.000            100.000          0.500        750.000          1.000          0.000         27.130         15.000          0.000          0.000       1677.304          0.000
     14/12/1957        287.027             16.188             70.839            100.000            100.000          0.500        750.000          1.000          0.000         32.970         15.000          0.000          0.000       1692.585          0.000
     15/12/1957        285.396             14.557             70.839            100.000            100.000          0.500        750.000          1.000          0.000         26.550         15.000          0.000          0.000       1644.780          0.000
     16/12/1957        295.782             16.787             78.996            100.000            100.000          0.500        750.000          1.000          0.000         23.410         15.000          0.000          0.000       1608.713          0.000
     17/12/1957        301.141             17.204             81.600            101.669            100.668          0.500        750.000          1.000          0.000         26.680         15.000          0.000          0.000       1561.936          0.000
     18/12/1957        298.058             15.413             80.036            101.578            101.032          0.500        750.000          1.000          0.000         21.240         15.000          0.000          0.000       1515.829          0.000
     19/12/1957        295.554             14.133             79.459            100.959            101.003          0.500        750.000          1.000          0.000         25.160         15.000          0.000          0.000       1480.181          0.000
     20/12/1957        293.457             13.125             78.924            100.576            100.832          0.500        750.000          1.000          0.000         25.160         15.000          0.000          0.000       1455.011          0.000
     21/12/1957        291.682             12.294             78.406            100.345            100.637          0.500        750.000          1.000          0.000         27.860         15.000          0.000          0.000       1439.997          0.000
     22/12/1957        290.164             11.591             77.901            100.207            100.465          0.500        750.000          1.000          0.000         28.250         15.000          0.000          0.000       1434.715          0.000
     23/12/1957        288.847             10.985             77.408            100.124            100.329          0.500        750.000          1.000          0.000         28.960         15.000          0.000          0.000       1438.929          0.000
     24/12/1957        287.686             10.458             76.927            100.075            100.227          0.500        750.000          1.000          0.000         28.780         15.000          0.000          0.000       1452.582          0.000
     25/12/1957        286.648              9.993             76.456            100.045            100.154          0.500        750.000          1.000          0.000         29.510         15.000          0.000          0.000       1467.043          0.000
     26/12/1957        285.705              9.580             75.995            100.027            100.103          0.500        750.000          1.000          0.000         36.070         15.000          0.000          0.000       1481.432          0.000
     27/12/1957        284.839              9.211             75.543            100.016            100.068          0.500        750.000          1.000          0.000         29.370         15.000          0.000          0.000       1495.749          0.000
     28/12/1957        284.034              8.879             75.100            100.010            100.045          0.500        750.000          1.000          0.000         22.730         15.000          0.000          0.000       1509.995          0.000
     29/12/1957        283.280              8.580             74.665            100.006            100.029          0.500        750.000          1.000          0.000         24.720         15.000          0.000          0.000       1524.169          0.000
     30/12/1957        282.569              8.308             74.239            100.003            100.019          0.500        750.000          1.000          0.000         29.230         15.000          0.000          0.000       1538.272          0.000
     31/12/1957        281.895              8.061             73.820            100.002            100.012          0.500        750.000          1.000          0.000         24.720         15.000          0.000          0.000       1552.305          0.000
     01/01/1958        282.208              8.744             73.455            100.001            100.008          0.500        750.000          1.000          0.000          4.970         15.000          0.000          0.000       1566.267          0.000
