Summary_file = Mingenew300RedSCL.sum
Title = Mingenew 300mm wet soil RedSCL
           date       day      year   in_crop_rain eff_in_crop_rain            lai        biomass          yield             hi            nhi         sum_ep   n_conc_grain        grain_n          no3()            esw flowering_date
             ()     (day)    (year)             ()               ()      (m^2/m^2)        (kg/ha)        (kg/ha)             ()             ()           (mm)            (%)        (g/m^2)        (kg/ha)           (mm)          (doy)
     07/10/1957       280      1957        332.800          300.990          0.001      10214.677       4382.675          0.429          0.810        154.242          1.918          8.407         36.413         34.669            236
     09/10/1958       282      1958        483.800          436.132          0.001      10758.918       4452.973          0.414          0.814        151.514          2.098          9.344         27.244        172.695            233
     29/09/1959       272      1959        217.500          208.717          0.001       7727.262       3174.710          0.411          0.798        125.065          2.228          7.074         57.016          4.326            226
     14/10/1960       288      1960        300.100          291.040          0.001      11247.936       4348.477          0.387          0.765        158.033          1.798          7.818         33.255         47.287            242
     05/10/1961       278      1961        236.900          221.487          0.001       9019.340       3425.489          0.380          0.784        134.705          2.095          7.176         51.296          2.456            234
     07/10/1962       280      1962        312.800          284.730          0.001       9627.880       4265.910          0.443          0.820        147.821          1.938          8.267         39.625         21.146            233
     03/10/1963       276      1963        445.900          402.443          0.001       7050.984       2835.001          0.402          0.616         96.400          2.219          6.292         37.636        190.809            231
     07/10/1964       281      1964        403.100          398.826          0.001      10459.178       3936.695          0.376          0.757        140.915          2.244          8.835         23.083        166.235            230
     07/10/1965       280      1965        400.300          368.647          0.001       9999.857       3961.952          0.396          0.805        143.049          2.214          8.773         32.124        118.757            232
     14/10/1966       287      1966        247.300          247.146          0.001       9036.412       3364.750          0.372          0.770        138.232          1.988          6.687         53.979          2.354            240
     07/10/1967       280      1967        355.200          329.930          0.001      10831.779       4760.593          0.440          0.805        161.776          1.802          8.581         35.860         38.535            233
     16/10/1968       290      1968        420.500          369.731          0.001      12108.488       5042.516          0.416          0.779        167.547          1.692          8.531         29.270         82.783            241
     08/10/1969       281      1969        189.700          172.655          0.001       7250.851       1700.534          0.235          0.643        116.806          2.820          4.796         65.401          0.403            236
     07/10/1970       280      1970        281.600          265.554          0.001       9113.068       3498.244          0.384          0.794        135.816          2.169          7.586         48.019         16.786            231
     16/10/1971       289      1971        258.900          252.896          0.001       9185.662       3369.426          0.367          0.757        143.082          1.928          6.496         55.367          3.122            241
     01/10/1972       275      1972        291.700          286.626          0.001       8227.273       3546.217          0.431          0.747        117.441          2.194          7.779         41.359         72.140            230
     10/10/1973       283      1973        316.100          314.124          0.001      10295.979       4119.748          0.400          0.788        143.746          1.932          7.957         44.332         57.663            235
     05/10/1974       278      1974        343.300          335.350          0.001       9916.217       4243.753          0.428          0.820        143.444          2.098          8.905         30.740        100.013            235
     07/10/1975       280      1975        290.500          284.446          0.001      10302.280       4061.583          0.394          0.778        151.884          1.886          7.661         44.964         38.107            234
     29/09/1976       273      1976        147.100          147.028          0.001       4411.735       1410.024          0.320          0.540         66.980          2.485          3.504         76.849          0.290            226
     01/10/1977       274      1977        158.600          158.478          0.001       4664.200       1382.152          0.296          0.586         70.450          2.593          3.584         82.367          8.173            227
     11/10/1978       284      1978        300.500          296.981          0.001      11199.537       4394.046          0.392          0.767        156.982          1.788          7.858         37.880         40.852            236
     10/10/1979       283      1979        161.100          158.285          0.001       5491.893       1533.711          0.279          0.598         82.691          2.555          3.919         75.150          0.419            236
     05/10/1980       279      1980        223.700          222.070          0.001       9178.689       3232.873          0.352          0.773        133.393          2.189          7.076         51.639          1.969            234
     09/10/1981       282      1981        331.300          314.214          0.001      10893.711       4144.292          0.380          0.771        151.967          1.919          7.953         34.809         65.678            238
     05/10/1982       278      1982        240.300          226.995          0.001       7743.619       2438.338          0.315          0.719        115.957          2.450          5.973         59.461         14.064            233
     27/09/1983       270      1983        294.500          287.285          0.001       8433.252       3504.580          0.416          0.761        119.597          2.232          7.824         43.296         73.363            225
     09/10/1984       283      1984        223.200          217.994          0.001       8006.977       2600.456          0.325          0.718        108.586          2.377          6.180         56.206          0.948            236
     01/10/1985       274      1985        195.400          195.392          0.001       7569.750       2924.133          0.386          0.809        112.562          2.345          6.858         61.930          1.699            228
     14/10/1986       287      1986        352.100          335.001          0.001      11638.999       4864.355          0.418          0.782        156.114          1.734          8.433         29.866         91.793            240
     01/10/1987       274      1987        182.000          181.192          0.001       7150.979       2459.168          0.344          0.703        108.318          2.456          6.040         58.807          1.097            229
     02/10/1988       276      1988        314.000          281.458          0.001      10314.461       4496.774          0.436          0.803        149.222          1.828          8.218         42.481         29.555            229
     10/10/1989       283      1989        230.000          220.258          0.001       8316.124       2078.119          0.250          0.706        129.005          2.639          5.485         61.531          0.581            237
     13/10/1990       286      1990        386.700          349.740          0.001       9124.556       3058.839          0.335          0.759        129.296          2.170          6.639         51.423        109.264            243
     04/10/1991       277      1991        232.500          224.265          0.001       8277.128       3598.776          0.435          0.827        118.707          2.131          7.669         50.558          5.090            229
     10/10/1992       284      1992        328.800          320.877          0.001      10165.847       3957.708          0.389          0.795        137.807          2.071          8.196         42.373         80.837            231
     13/10/1993       286      1993        259.400          254.573          0.001      10647.357       4118.169          0.387          0.759        150.857          1.749          7.201         46.493         13.605            237
     27/09/1994       270      1994        245.200          237.072          0.001       8274.035       3178.163          0.384          0.795        136.156          2.329          7.402         50.269          2.518            227
     07/10/1995       280      1995        246.000          240.204          0.001       9998.432       3864.855          0.387          0.771        153.047          1.855          7.170         46.347          7.689            235
     29/09/1996       273      1996        362.000          351.487          0.001       8121.339       3226.320          0.397          0.649        110.246          2.183          7.044         34.649        139.903            226
     06/10/1997       279      1997        274.400          263.961          0.001       9435.720       3975.968          0.421          0.799        146.458          1.880          7.474         54.412         12.617            233
     06/10/1998       279      1998        300.600          280.117          0.001       9924.451       4035.025          0.407          0.813        135.497          2.151          8.678         35.984         35.429            231
     04/10/1999       277      1999        465.200          350.574          0.001      11074.244       4911.066          0.443          0.809        162.942          1.843          9.049         32.674         68.599            230
     03/10/2000       277      2000        201.700          201.698          0.001       8545.037       3469.043          0.406          0.799        128.454          2.008          6.965         58.773          2.913            231
     06/10/2001       279      2001        215.100          215.078          0.001       5792.021       1479.970          0.256          0.580         95.289          2.629          3.891         76.219         29.005            232
     01/10/2002       274      2002        148.600          148.600          0.001       4623.249       1154.219          0.250          0.529         68.606          2.782          3.211         85.892          0.107            226
