Summary_file = step5.sum
Title = Step 5. growth by regrowth
           date       sw_dep()          sw_dep(1)          sw_dep(2)          sw_dep(3)          sw_dep(4)     basal_area     root_depth       sw_index  transpiration vpd_estimation  max_n_avail()   growth_photo    death_frost     residue_wt  transpiration
             ()           (mm)               (mm)               (mm)               (mm)               (mm)       (m^2/ha)           (mm)             ()             ()             ()             ()        (kg/ha)        (kg/ha)        (kg/ha)             ()
     01/01/1957        279.403             13.403             76.000             95.000             95.000          4.000        750.000          1.000          0.000         28.960         15.000          0.000          0.000          0.000          0.000
     02/01/1957        277.049             11.560             75.504             94.986             95.000          4.000        750.000          1.000          0.082         18.960         15.000          2.376          0.000          0.000          0.082
     03/01/1957        275.007             10.323             74.727             94.957             95.000          4.000        750.000          1.000          0.164         21.230         15.000          4.685          0.000          0.000          0.164
     04/01/1957        273.158              9.411             73.835             94.913             95.000          4.000        750.000          1.000          0.243         22.920         15.000          7.530          0.000          0.000          0.243
     05/01/1957        271.436              8.706             72.877             94.853             95.000          4.000        750.000          1.000          0.322         22.920         15.000         10.378          0.000          0.001          0.322
     06/01/1957        269.798              8.146             71.875             94.778             95.000          4.000        750.000          1.000          0.401         19.070         15.000         12.475          0.000          0.001          0.401
     07/01/1957        268.218              7.690             70.841             94.686             95.000          4.000        750.000          1.000          0.478         18.120         15.000         10.488          0.000          0.002          0.478
     08/01/1957        266.681              7.315             69.786             94.579             95.000          4.000        750.000          1.000          0.549         17.000         15.000         10.785          0.000          0.002          0.549
     09/01/1957        265.174              7.002             68.715             94.456             95.000          4.000        750.000          1.000          0.616         11.090         15.000          7.132          0.000          0.003          0.616
     10/01/1957        276.920             14.248             73.293             94.379             95.000          4.000        750.000          1.000          0.580          7.180         15.000          5.327          0.000          0.004          0.580
     11/01/1957        275.802             13.626             72.887             94.289             95.000          4.000        750.000          1.000          0.631         19.610         15.000         23.028          0.000          0.005          0.631
     12/01/1957        273.335             11.857             72.316             94.162             95.000          4.000        750.000          1.000          0.752         18.180         15.000         21.862          0.000          0.006          0.752
     13/01/1957        271.131             10.669             71.452             94.010             95.000          4.000        750.000          1.000          0.835         19.610         15.000         24.759          0.000          0.007          0.835
     14/01/1957        269.344              9.907             70.572             93.865             95.000          4.000        750.000          1.000          0.778         23.640         15.000         30.710          0.000          0.008          0.778
     15/01/1957        267.611              9.286             69.619             93.706             95.000          4.000        750.000          1.000          0.839         24.260         15.000         33.177          0.000          0.010          0.839
     16/01/1957        265.914              8.770             68.613             93.531             95.000          4.000        750.000          1.000          0.899         26.680         15.000         35.619          0.000          0.011          0.899
     17/01/1957        264.242              8.335             67.566             93.341             95.000          4.000        750.000          1.000          0.958         14.280         15.000         26.233          0.000          0.023          0.958
     18/01/1957        262.619              7.964             66.514             93.140             95.000          4.000        750.000          0.969          0.981         14.060         15.000         31.132          0.000          0.037          0.981
     19/01/1957        261.047              7.644             65.471             92.931             95.000          4.000        750.000          0.932          0.992         17.720         15.000         32.161          0.000          0.053          0.992
     20/01/1957        259.274              7.321             64.275             92.678             95.000          4.000        750.000          0.893          1.159         23.190         15.000         41.374          0.000          0.072          1.159
     21/01/1957        257.576              7.044             63.114             92.417             95.000          4.000        750.000          0.848          1.148         17.210         15.000         38.428          0.000          0.094          1.148
     22/01/1957        255.953              6.806             61.998             92.149             95.000          4.000        750.000          0.802          1.127         24.710         15.000         44.910          0.000          0.120          1.127
     23/01/1957        254.404              6.601             60.929             91.875             95.000          4.000        750.000          0.758          1.099         27.630         15.000         49.929          0.000          0.151          1.099
     24/01/1957        252.929              6.422             59.912             91.595             95.000          4.000        750.000          0.714          1.067         31.020         15.000         49.716          0.000          0.187          1.067
     25/01/1957        255.135              9.672             59.151             91.312             95.000          4.000        750.000          0.681          1.044         20.650         15.000         36.483          0.000          0.230          1.044
     26/01/1957        260.440             15.148             59.138             91.155             95.000          4.000        750.000          1.000          1.094         15.040         15.000         35.440          0.000          0.280          1.094
     27/01/1957        257.572             13.108             58.542             90.923             95.000          4.000        750.000          0.913          1.167          7.080         15.000         14.518          0.000          0.321          1.167
     28/01/1957        255.453             11.842             57.934             90.676             95.000          4.000        750.000          0.715          0.981         10.210         15.000         25.937          0.000          0.366          0.981
     29/01/1957        253.701             10.939             57.339             90.424             95.000          4.000        750.000          0.620          0.881         14.560         15.000         41.751          0.000          0.421          0.881
     30/01/1957        252.162             10.230             56.763             90.168             95.000          4.000        750.000          0.573          0.833         15.960         15.000         42.626          0.000          0.487          0.833
     31/01/1957        250.764              9.638             56.214             89.913             95.000          4.000        750.000          0.548          0.805         21.300         15.000         39.550          0.000          0.567          0.805
     01/02/1957        249.481              9.133             55.690             89.658             95.000          4.000        750.000          0.526          0.779         21.120         15.000         37.370          0.000          0.659          0.779
     02/02/1957        248.291              8.699             55.190             89.403             95.000          4.000        750.000          0.504          0.755         22.140         15.000         56.652          0.000          0.761          0.755
     03/02/1957        247.182              8.321             54.712             89.148             95.000          4.000        750.000          0.484          0.732         23.410         15.000         53.040          0.000          0.875          0.732
     04/02/1957        246.142              7.990             54.258             88.895             95.000          4.000        750.000          0.465          0.709         18.120         15.000         40.701          0.000          1.000          0.709
     05/02/1957        245.165              7.698             53.824             88.642             95.000          4.000        750.000          0.447          0.686         14.060         15.000         35.774          0.000          1.137          0.686
     06/02/1957        244.244              7.440             53.413             88.391             95.000          4.000        750.000          0.430          0.663         13.560         15.000         32.560          0.000          1.287          0.663
     07/02/1957        243.373              7.210             53.021             88.142             95.000          4.000        750.000          0.414          0.641          9.690         15.000         23.988          0.000          1.449          0.641
     08/02/1957        242.549              7.004             52.650             87.895             95.000          4.000        750.000          0.398          0.618         18.590         15.000         45.898          0.000          1.625          0.618
     09/02/1957        241.767              6.820             52.296             87.650             95.000          4.000        750.000          0.384          0.599         18.690         15.000         32.934          0.000          1.814          0.599
     10/02/1957        241.018              6.655             51.956             87.408             95.000          4.000        750.000          0.371          0.579         16.420         15.000         41.824          0.000          2.017          0.579
     11/02/1957        240.297              6.506             51.623             87.167             95.000          4.000        750.000          0.358          0.560         18.960         15.000         39.737          0.000          2.233          0.560
     12/02/1957        239.602              6.372             51.300             86.930             95.000          4.000        750.000          0.346          0.541         12.300         15.000         37.609          0.000          2.464          0.541
     13/02/1957        238.931              6.250             50.987             86.694             95.000          4.000        750.000          0.334          0.523         15.210         15.000         42.089          0.000          2.709          0.523
     14/02/1957        238.285              6.141             50.683             86.461             95.000          4.000        750.000          0.322          0.506         16.570         15.000         42.139          0.000          2.968          0.506
     15/02/1957        237.661              6.041             50.389             86.231             95.000          4.000        750.000          0.312          0.489         20.580         15.000         55.483          0.000          3.242          0.489
     16/02/1957        237.059              5.951             50.105             86.003             95.000          4.000        750.000          0.301          0.473         21.580         15.000         55.530          0.000          3.531          0.473
     17/02/1957        236.477              5.868             49.830             85.778             95.000          4.000        750.000          0.292          0.458         24.410         15.000         57.773          0.000          3.835          0.458
     18/02/1957        235.919              5.794             49.568             85.558             95.000          4.000        750.000          0.283          0.438         23.040         15.000         54.989          0.000          4.153          0.438
     19/02/1957        235.383              5.725             49.316             85.342             95.000          4.000        750.000          0.274          0.421         25.350         15.000         52.250          0.000          4.487          0.421
     20/02/1957        234.868              5.663             49.074             85.131             95.000          4.000        750.000          0.266          0.404         25.250         15.000         43.091          0.000          4.836          0.404
     21/02/1957        234.372              5.606             48.842             84.924             95.000          4.000        750.000          0.258          0.388         25.980         15.000         46.904          0.000          5.199          0.388
     22/02/1957        233.895              5.554             48.620             84.722             95.000          4.000        750.000          0.250          0.373         19.450         15.000         37.971          0.000          5.577          0.373
     23/02/1957        233.436              5.506             48.406             84.524             95.000          4.000        750.000          0.244          0.359          8.300         15.000         27.131          0.000          5.969          0.359
     24/02/1957        232.993              5.462             48.201             84.329             95.000          4.000        750.000          0.237          0.345         15.740         15.000         33.033          0.000          6.376          0.345
     25/02/1957        232.565              5.423             48.003             84.139             95.000          4.000        750.000          0.231          0.333         10.810         15.000         24.506          0.000          6.797          0.333
     26/02/1957        232.152              5.386             47.813             83.953             95.000          4.000        750.000          0.225          0.321         14.660         15.000         30.298          0.000          7.232          0.321
     27/02/1957        239.156             12.682             47.692             83.782             95.000          4.000        750.000          0.420          0.558         13.560         15.000         21.974          0.000          7.681          0.558
     28/02/1957        237.960             11.736             47.590             83.634             95.000          0.500        750.000          0.297          0.342         16.820         15.000         44.961          0.000          7.833          0.342
     01/03/1957        236.981             11.004             47.490             83.487             95.000          0.500        750.000          0.239          0.277         18.660         15.000         43.363          0.000          8.049          0.277
     02/03/1957        236.138             10.403             47.393             83.342             95.000          0.500        750.000          0.214          0.247         20.900         15.000         42.401          0.000          8.332          0.247
     03/03/1957        235.385              9.886             47.300             83.199             95.000          0.500        750.000          0.207          0.236         23.470         15.000         46.586          0.000          8.682          0.236
     04/03/1957        234.701              9.433             47.209             83.059             95.000          0.500        750.000          0.204          0.230         24.080         15.000         44.142          0.000          9.105          0.230
     05/03/1957        235.799             10.754             47.123             82.922             95.000          0.500        750.000          0.216          0.240         20.050         15.000         37.855          0.000          9.604          0.240
     06/03/1957        236.614             11.783             47.041             82.791             95.000          0.500        750.000          0.283          0.304         20.900         15.000         40.528          0.000         10.141          0.304
     07/03/1957        235.652             11.034             46.960             82.659             95.000          0.500        750.000          0.223          0.242         20.480         15.000         37.785          0.000         10.689          0.242
     08/03/1957        235.643             11.230             46.882             82.531             95.000          0.500        750.000          0.233          0.249         18.660         15.000         40.119          0.000         11.249          0.249
     09/03/1957        234.791             10.582             46.806             82.403             95.000          0.500        750.000          0.199          0.213         21.020         15.000         40.721          0.000         11.820          0.213
     10/03/1957        234.042             10.032             46.732             82.278             95.000          0.500        750.000          0.189          0.199         20.130         15.000         34.108          0.000         12.403          0.199
     11/03/1957        240.596             15.181             48.258             82.157             95.000          0.500        750.000          0.850          0.870         16.260         15.000         28.390          0.000         12.998          0.870
     12/03/1957        238.865             13.695             48.144             82.026             95.000          0.500        750.000          0.579          0.650         20.180         15.000         37.284          0.000         13.075          0.650
     13/03/1957        237.152             12.240             48.026             81.886             95.000          0.500        750.000          0.351          0.421         21.230         15.000         37.144          0.000         13.248          0.421
     14/03/1957        235.881             11.228             47.908             81.745             95.000          0.500        750.000          0.251          0.308         20.700         15.000         33.347          0.000         13.545          0.308
     15/03/1957        236.333             11.927             47.797             81.609             95.000          0.500        750.000          0.307          0.366         12.700         15.000         23.697          0.000         13.970          0.366
     16/03/1957        235.151             10.991             47.687             81.472             95.000          0.500        750.000          0.230          0.277         16.660         15.000         25.814          0.000         14.470          0.277
     17/03/1957        234.333             10.375             47.599             81.359             95.000          0.500        750.000          0.204          0.205         22.010         15.000         23.400          0.000         15.110          0.205
     18/03/1957        233.607              9.846             47.513             81.249             95.000          0.500        750.000          0.198          0.196         21.870         15.000         30.282          0.000         15.761          0.196
     19/03/1957        232.953              9.383             47.430             81.140             95.000          0.500        750.000          0.196          0.192         24.780         15.000         32.927          0.000         16.423          0.192
     20/03/1957        232.359              8.975             47.350             81.033             95.000          0.500        750.000          0.193          0.187         32.110         15.000         39.450          0.000         17.095          0.187
     21/03/1957        231.814              8.614             47.273             80.928             95.000          0.500        750.000          0.191          0.182         22.240         15.000         35.743          0.000         17.777          0.182
     22/03/1957        231.314              8.291             47.198             80.825             95.000          0.500        750.000          0.188          0.178         18.120         15.000         32.115          0.000         18.468          0.178
     23/03/1957        230.851              8.002             47.125             80.724             95.000          0.500        750.000          0.186          0.174         20.720         15.000         26.979          0.000         19.169          0.174
     24/03/1957        230.421              7.742             47.055             80.624             95.000          0.500        750.000          0.184          0.170         19.670         15.000         23.526          0.000         19.880          0.170
     25/03/1957        262.270             16.179             70.512             80.579             95.000          0.500        750.000          1.000          0.719         17.740         15.000         27.899          0.000         20.599          0.719
     26/03/1957        259.683             14.162             70.004             80.517             95.000          0.500        750.000          1.000          0.808         16.380         15.000         27.355          0.000         20.493          0.808
     27/03/1957        257.608             12.804             69.366             80.437             95.000          0.500        750.000          1.000          0.867         15.970         15.000         19.999          0.000         20.550          0.867
     28/03/1957        255.785             11.807             68.634             80.344             95.000          0.500        750.000          1.000          0.900         12.200         15.000         13.787          0.000         20.765          0.900
     29/03/1957        254.169             11.034             67.887             80.248             95.000          0.500        750.000          0.946          0.868         16.830         15.000         22.018          0.000         21.134          0.868
     30/03/1957        252.709             10.402             67.156             80.151             95.000          0.500        750.000          0.899          0.832         18.050         15.000         24.777          0.000         21.662          0.832
     31/03/1957        251.336              9.863             66.419             80.055             95.000          0.500        750.000          0.870          0.807         20.210         15.000         26.852          0.000         22.355          0.807
     01/04/1957        250.032              9.394             65.680             79.959             95.000          0.500        750.000          0.843          0.783         23.420         15.000         28.608          0.000         22.640          0.783
     02/04/1957        248.792              8.982             64.947             79.863             95.000          0.500        750.000          0.816          0.758         24.290         15.000         31.464          0.000         22.926          0.758
     03/04/1957        247.611              8.618             64.225             79.768             95.000          0.500        750.000          0.789          0.733         19.160         15.000         29.987          0.000         23.213          0.733
     04/04/1957        247.455              9.179             63.602             79.674             95.000          0.500        750.000          0.764          0.710         18.610         15.000         27.629          0.000         23.502          0.710
     05/04/1957        246.352              8.793             62.979             79.580             95.000          0.500        750.000          0.739          0.687         18.930         15.000         23.234          0.000         23.792          0.687
     06/04/1957        245.300              8.450             62.363             79.487             95.000          0.500        750.000          0.715          0.663         19.030         15.000         26.781          0.000         24.083          0.663
     07/04/1957        244.296              8.144             61.757             79.394             95.000          0.500        750.000          0.690          0.639         19.830         15.000         25.166          0.000         24.377          0.639
     08/04/1957        243.337              7.870             61.164             79.303             95.000          0.500        750.000          0.665          0.615         18.800         15.000         20.873          0.000         24.672          0.615
     09/04/1957        242.422              7.624             60.586             79.212             95.000          0.500        750.000          0.641          0.590         19.310         15.000         21.121          0.000         24.969          0.590
     10/04/1957        250.101             15.661             60.284             79.155             95.000          0.500        750.000          1.000          0.741         19.100         15.000         21.636          0.000         25.269          0.741
     11/04/1957        247.699             13.762             59.862             79.074             95.000          0.500        750.000          0.963          0.795         24.510         15.000         31.292          0.000         24.558          0.795
     12/04/1957        246.261             12.738             59.517             79.007             95.000          0.500        750.000          0.782          0.546         20.580         15.000         28.265          0.000         24.067          0.546
     13/04/1957        245.050             11.942             59.171             78.937             95.000          0.500        750.000          0.674          0.484         23.270         15.000         30.508          0.000         23.743          0.484
     14/04/1957        243.994             11.296             58.831             78.867             95.000          0.500        750.000          0.607          0.442         24.290         15.000         28.294          0.000         23.578          0.442
     15/04/1957        243.047             10.752             58.498             78.797             95.000          0.500        750.000          0.564          0.413         16.300         15.000         16.603          0.000         23.566          0.413
     16/04/1957        242.183             10.280             58.176             78.727             95.000          0.500        750.000          0.539          0.394         18.500         15.000         17.102          0.000         23.703          0.394
     17/04/1957        241.382              9.861             57.864             78.658             95.000          0.500        750.000          0.524          0.381         19.000         15.000         17.625          0.000         23.992          0.381
     18/04/1957        240.637              9.485             57.563             78.589             95.000          0.500        750.000          0.511          0.370         17.570         15.000         18.293          0.000         24.305          0.370
     19/04/1957        239.938              9.145             57.272             78.521             95.000          0.500        750.000          0.499          0.359         18.610         15.000         24.074          0.000         24.621          0.359
     20/04/1957        239.282              8.837             56.990             78.454             95.000          0.500        750.000          0.487          0.349         21.450         15.000         21.667          0.000         24.939          0.349
     21/04/1957        238.663              8.557             56.718             78.388             95.000          0.500        750.000          0.476          0.339          8.280         15.000         10.208          0.000         25.261          0.339
     22/04/1957        240.750             10.971             56.456             78.323             95.000          0.500        750.000          0.489          0.343         14.270         15.000         19.830          0.000         25.585          0.343
     23/04/1957        239.928             10.468             56.202             78.258             95.000          0.500        750.000          0.461          0.323         23.170         15.000         21.287          0.000         25.912          0.323
     24/04/1957        239.174             10.026             55.955             78.193             95.000          0.500        750.000          0.445          0.311         19.160         15.000         22.269          0.000         26.241          0.311
     25/04/1957        238.476              9.630             55.717             78.129             95.000          0.500        750.000          0.436          0.302         18.660         15.000         21.029          0.000         26.574          0.302
     26/04/1957        237.826              9.274             55.485             78.066             95.000          0.500        750.000          0.426          0.294         21.120         15.000         23.464          0.000         26.909          0.294
     27/04/1957        237.218              8.952             55.262             78.004             95.000          0.500        750.000          0.417          0.286         15.500         15.000         19.675          0.000         27.248          0.286
     28/04/1957        236.647              8.660             55.045             77.942             95.000          0.500        750.000          0.409          0.278         19.430         15.000         17.915          0.000         27.589          0.278
     29/04/1957        236.109              8.393             54.835             77.881             95.000          0.500        750.000          0.401          0.271         21.020         15.000         25.229          0.000         27.933          0.271
     30/04/1957        235.602              8.149             54.632             77.821             95.000          0.500        750.000          0.393          0.264         19.310         15.000         19.279          0.000         28.280          0.264
     01/05/1957        235.122              7.926             54.435             77.761             95.000          0.500        750.000          0.385          0.257         23.220         15.000         13.821          0.000         28.630          0.257
     02/05/1957        234.667              7.721             54.244             77.702             95.000          0.500        750.000          0.378          0.250         13.970         15.000         14.698          0.000         28.982          0.250
     03/05/1957        234.235              7.532             54.059             77.644             95.000          0.500        750.000          0.370          0.243         16.240         15.000          5.023          0.000         29.338          0.243
     04/05/1957        233.825              7.358             53.881             77.586             95.000          0.500        750.000          0.364          0.236         17.430         15.000          6.844          0.000         29.697          0.236
     05/05/1957        233.531              7.237             53.751             77.544             95.000          0.500        750.000          0.357          0.173         17.950         15.000          5.549          0.000         30.058          0.173
     06/05/1957        233.249              7.123             53.624             77.501             95.000          0.500        750.000          0.352          0.169         16.000         15.000          8.688          0.000         30.423          0.169
     07/05/1957        232.976              7.015             53.501             77.460             95.000          0.500        750.000          0.348          0.165         16.560         15.000         11.302          0.000         30.790          0.165
     08/05/1957        232.709              6.914             53.377             77.419             95.000          0.500        750.000          0.343          0.161         15.780         15.000         10.671          0.000         31.160          0.161
     09/05/1957        232.448              6.817             53.252             77.378             95.000          0.500        750.000          0.338          0.158         18.120         15.000          8.991          0.000         31.534          0.158
     10/05/1957        232.191              6.726             53.127             77.338             95.000          0.500        750.000          0.334          0.154         17.910         15.000          7.239          0.000         31.909          0.154
     11/05/1957        231.941              6.640             53.002             77.298             95.000          0.500        750.000          0.329          0.151         18.180         15.000          6.621          0.000         32.288          0.151
     12/05/1957        231.695              6.559             52.877             77.259             95.000          0.500        750.000          0.325          0.147         19.220         15.000          6.558          0.000         32.670          0.147
     13/05/1957        231.454              6.481             52.753             77.220             95.000          0.500        750.000          0.320          0.144         20.010         15.000          7.038          0.000         33.054          0.144
     14/05/1957        231.219              6.408             52.629             77.182             95.000          0.500        750.000          0.316          0.141         20.570         15.000          8.516          0.000         33.441          0.141
     15/05/1957        230.988              6.338             52.505             77.144             95.000          0.500        750.000          0.311          0.137         20.010         15.000          6.905          0.000         33.830          0.137
     16/05/1957        230.762              6.272             52.383             77.107             95.000          0.500        750.000          0.307          0.134         15.430         15.000          5.447          0.000         34.223          0.134
     17/05/1957        230.540              6.210             52.261             77.070             95.000          0.500        750.000          0.303          0.131         16.040         15.000          1.685          0.000         34.618          0.131
     18/05/1957        230.323              6.150             52.139             77.033             95.000          0.500        750.000          0.299          0.128         13.100         15.000          2.457          0.000         35.016          0.128
     19/05/1957        230.111              6.094             52.019             76.998             95.000          0.500        750.000          0.294          0.125         16.880         15.000          5.852          0.000         35.416          0.125
     20/05/1957        229.903              6.040             51.900             76.962             95.000          0.500        750.000          0.290          0.122          9.740         15.000          0.000          0.000         35.819          0.122
     21/05/1957        229.699              5.989             51.783             76.927             95.000          0.500        750.000          0.286          0.119         11.550         15.000          0.000         74.334         36.224          0.119
     22/05/1957        229.550              5.938             51.703             76.909             95.000          0.500        750.000          0.282          0.060         11.110         15.000          0.000          0.000         36.778          0.060
     23/05/1957        229.402              5.889             51.622             76.891             95.000          0.500        750.000          0.280          0.059         10.790         15.000          0.000          0.000         37.332          0.059
     24/05/1957        229.257              5.843             51.541             76.874             95.000          0.500        750.000          0.277          0.058         14.650         15.000          0.000         72.657         37.886          0.058
     25/05/1957        229.165              5.796             51.495             76.874             95.000          0.500        750.000          0.274          0.000         16.960         15.000          0.000          0.000         38.585          0.000
     26/05/1957        229.074              5.752             51.448             76.874             95.000          0.500        750.000          0.273          0.000         17.370         15.000          0.000          0.000         39.282          0.000
     27/05/1957        228.983              5.710             51.399             76.874             95.000          0.500        750.000          0.271          0.000         12.310         15.000          0.000          0.000         39.978          0.000
     28/05/1957        228.893              5.671             51.348             76.874             95.000          0.500        750.000          0.270          0.000         11.190         15.000          0.000          0.000         40.673          0.000
     29/05/1957        228.804              5.634             51.296             76.874             95.000          0.500        750.000          0.268          0.000         14.050         15.000          0.000          0.000         41.366          0.000
     30/05/1957        228.716              5.599             51.243             76.874             95.000          0.500        750.000          0.267          0.000         15.120         15.000          0.000          0.000         42.058          0.000
     31/05/1957        228.629              5.566             51.189             76.874             95.000          0.500        750.000          0.265          0.000         13.810         15.000          0.000          0.000         42.748          0.000
     01/06/1957        228.542              5.535             51.133             76.874             95.000          0.500        750.000          0.263          0.000          5.250         15.000          0.000          0.000         43.437          0.000
     02/06/1957        232.233              9.226             51.133             76.874             95.000          0.500        750.000          0.263          0.000         10.590         15.000          0.000          0.000         44.125          0.000
     03/06/1957        231.951              8.944             51.133             76.874             95.000          0.500        750.000          0.263          0.000         13.100         15.000          0.000          0.000         44.811          0.000
     04/06/1957        231.692              8.685             51.133             76.874             95.000          0.500        750.000          0.263          0.000         12.740         15.000          0.000          0.000         45.496          0.000
     05/06/1957        231.453              8.446             51.133             76.874             95.000          0.500        750.000          0.263          0.000         12.390         15.000          0.000          0.000         46.179          0.000
     06/06/1957        231.233              8.226             51.133             76.874             95.000          0.500        750.000          0.263          0.000         10.620         15.000          0.000          0.000         46.861          0.000
     07/06/1957        231.098              8.091             51.133             76.874             95.000          0.500        750.000          0.263          0.000          9.440         15.000          0.000          0.000         47.542          0.000
     08/06/1957        230.969              7.962             51.133             76.874             95.000          0.500        750.000          0.263          0.000         11.220         15.000          0.000          0.000         48.221          0.000
     09/06/1957        230.846              7.839             51.133             76.874             95.000          0.500        750.000          0.263          0.000         14.700         15.000          0.000          0.000         48.899          0.000
     10/06/1957        230.671              7.664             51.133             76.874             95.000          0.500        750.000          0.263          0.000         16.690         15.000          0.000          0.000         49.576          0.000
     11/06/1957        230.508              7.501             51.133             76.874             95.000          0.500        750.000          0.263          0.000         15.120         15.000          0.000          0.000         50.251          0.000
     12/06/1957        230.357              7.350             51.133             76.874             95.000          0.500        750.000          0.263          0.000         16.240         15.000          0.000          0.000         50.925          0.000
     13/06/1957        230.215              7.208             51.133             76.874             95.000          0.500        750.000          0.263          0.000         13.940         15.000          0.000          0.000         51.598          0.000
     14/06/1957        230.084              7.077             51.133             76.874             95.000          0.500        750.000          0.263          0.000         14.050         15.000          0.000          0.000         52.269          0.000
     15/06/1957        229.961              6.954             51.133             76.874             95.000          0.500        750.000          0.263          0.000         15.390         15.000          0.000          0.000         52.939          0.000
     16/06/1957        229.884              6.877             51.133             76.874             95.000          0.500        750.000          0.263          0.000         12.310         15.000          0.000          0.000         53.608          0.000
     17/06/1957        229.811              6.804             51.133             76.874             95.000          0.500        750.000          0.263          0.000         12.920         15.000          0.000          0.000         54.275          0.000
     18/06/1957        229.741              6.734             51.133             76.874             95.000          0.500        750.000          0.263          0.000         14.050         15.000          0.000          0.000         54.941          0.000
     19/06/1957        229.673              6.666             51.133             76.874             95.000          0.500        750.000          0.263          0.000         13.760         15.000          0.000          0.000         55.606          0.000
     20/06/1957        229.609              6.602             51.133             76.874             95.000          0.500        750.000          0.263          0.000         11.220         15.000          0.000          0.000         56.269          0.000
     21/06/1957        245.448             18.528             55.047             76.874             95.000          0.500        750.000          1.000          0.000          4.740         15.000          0.000          0.000         56.931          0.000
     22/06/1957        244.093             17.173             55.046             76.874             95.000          0.500        750.000          1.000          0.000          9.430         15.000          0.000          0.000         56.179          0.000
     23/06/1957        243.061             16.141             55.046             76.874             95.000          0.500        750.000          1.000          0.000         10.920         15.000          0.005          0.000         56.136          0.000
     24/06/1957        242.215             15.295             55.046             76.874             95.000          0.500        750.000          0.941          0.001         14.200         15.000          0.007          0.000         55.551          0.001
     25/06/1957        241.494             14.575             55.046             76.874             95.000          0.500        750.000          0.828          0.001         13.810         15.000          0.006          0.000         55.279          0.001
     26/06/1957        240.867             13.948             55.045             76.874             95.000          0.500        750.000          0.732          0.001         14.520         15.000          0.000          0.000         55.182          0.001
     27/06/1957        240.310             13.392             55.045             76.873             95.000          0.500        750.000          0.652          0.001         17.370         15.000          0.000          0.000         55.261          0.001
     28/06/1957        239.812             12.894             55.045             76.873             95.000          0.500        750.000          0.587          0.001         14.750         15.000          0.000          0.000         55.456          0.001
     29/06/1957        239.135             12.217             55.044             76.873             95.000          0.500        750.000          0.511          0.001         15.010         15.000          0.014          0.000         55.747          0.001
     30/06/1957        238.546             11.630             55.043             76.873             95.000          0.500        750.000          0.458          0.001          7.570         15.000          0.010          0.000         56.097          0.001
     01/07/1957        242.150             15.235             55.043             76.873             95.000          0.500        750.000          0.931          0.002          0.970         15.000          0.000          0.000         56.652          0.002
     02/07/1957        256.583             17.588             67.123             76.873             95.000          0.500        750.000          1.000          0.002          5.690         15.000          0.000          0.000         56.645          0.002
     03/07/1957        254.900             15.905             67.122             76.873             95.000          0.500        750.000          1.000          0.002         10.080         15.000          0.000          0.000         56.574          0.002
     04/07/1957        254.089             15.096             67.121             76.873             95.000          0.500        750.000          1.000          0.001         11.730         15.000          0.000          0.651         56.631          0.001
     05/07/1957        253.396             14.403             67.120             76.873             95.000          0.500        750.000          1.000          0.000         13.670         15.000          0.000          0.217         56.864          0.000
     06/07/1957        252.789             13.796             67.120             76.873             95.000          0.500        750.000          1.000          0.000         11.450         15.000          0.000          0.000         57.126          0.000
     07/07/1957        253.134             14.141             67.120             76.873             95.000          0.500        750.000          1.000          0.000          7.980         15.000          0.000          0.000         57.074          0.000
     08/07/1957        252.557             13.564             67.120             76.872             95.000          0.500        750.000          1.000          0.000          9.990         15.000          0.000          0.000         57.295          0.000
     09/07/1957        252.041             13.048             67.120             76.872             95.000          0.500        750.000          1.000          0.000         10.520         15.000          0.000          0.000         57.670          0.000
     10/07/1957        251.576             12.583             67.120             76.872             95.000          0.500        750.000          1.000          0.000         10.590         15.000          0.000          0.000         57.971          0.000
     11/07/1957        251.152             12.160             67.120             76.872             95.000          0.500        750.000          0.960          0.000          9.420         15.000          0.000          0.013         58.423          0.000
     12/07/1957        250.765             11.773             67.120             76.872             95.000          0.500        750.000          0.925          0.000         10.420         15.000          0.000          0.039         58.980          0.000
     13/07/1957        250.409             11.416             67.120             76.872             95.000          0.500        750.000          0.898          0.000         12.420         15.000          0.000          0.000         59.585          0.000
     14/07/1957        250.079             11.087             67.120             76.872             95.000          0.500        750.000          0.878          0.000         14.970         15.000          0.000          0.000         60.219          0.000
     15/07/1957        249.774             10.781             67.120             76.872             95.000          0.500        750.000          0.864          0.000          9.220         15.000          0.000          0.000         60.852          0.000
     16/07/1957        250.238             11.246             67.120             76.872             95.000          0.500        750.000          0.887          0.000          2.620         15.000          0.000          0.000         61.484          0.000
     17/07/1957        249.763             10.770             67.120             76.872             95.000          0.500        750.000          0.864          0.000         10.860         15.000          0.000          0.000         62.114          0.000
     18/07/1957        249.338             10.345             67.120             76.872             95.000          0.500        750.000          0.852          0.000         14.540         15.000          0.000          0.000         62.743          0.000
     19/07/1957        248.932              9.962             67.098             76.872             95.000          0.500        750.000          0.848          0.000         13.180         15.000          0.000          0.000         63.370          0.000
     20/07/1957        249.487             10.517             67.098             76.872             95.000          0.500        750.000          0.855          0.000         10.920         15.000          0.001          0.000         63.997          0.000
     21/07/1957        250.860             11.891             67.097             76.872             95.000          0.500        750.000          0.934          0.001         10.320         15.000          0.003          0.000         64.622          0.001
     22/07/1957        250.311             11.342             67.096             76.872             95.000          0.500        750.000          0.892          0.001         12.050         15.000          0.000          0.000         65.246          0.001
     23/07/1957        249.824             10.856             67.095             76.872             95.000          0.500        750.000          0.866          0.001         10.110         15.000          0.000          0.359         65.869          0.001
     24/07/1957        249.390             10.422             67.095             76.872             95.000          0.500        750.000          0.853          0.000          9.050         15.000          0.000          0.000         66.491          0.000
     25/07/1957        248.983             10.031             67.079             76.872             95.000          0.500        750.000          0.848          0.000         10.680         15.000          0.000          0.000         67.112          0.000
     26/07/1957        254.455             15.504             67.079             76.872             95.000          0.500        750.000          1.000          0.000          3.880         15.000          0.000          0.000         67.732          0.000
     27/07/1957        255.943             16.992             67.079             76.872             95.000          0.500        750.000          1.000          0.000          5.470         15.000          0.000          0.000         67.334          0.000
     28/07/1957        255.119             16.168             67.079             76.872             95.000          0.500        750.000          1.000          0.000          9.470         15.000          0.000          0.000         66.856          0.000
     29/07/1957        253.842             14.891             67.079             76.872             95.000          0.500        750.000          1.000          0.000         11.720         15.000          0.000          0.000         66.150          0.000
     30/07/1957        252.841             13.890             67.079             76.872             95.000          0.500        750.000          1.000          0.000         10.080         15.000          0.000          0.000         65.732          0.000
     31/07/1957        252.015             13.065             67.079             76.872             95.000          0.500        750.000          1.000          0.000         12.760         15.000          0.000          0.000         65.846          0.000
     01/08/1957        251.314             12.364             67.078             76.872             95.000          0.500        750.000          0.979          0.000         14.750         15.000          0.000          0.000         65.977          0.000
     02/08/1957        250.707             11.757             67.078             76.872             95.000          0.500        750.000          0.922          0.000         13.540         15.000          0.000          0.028         66.217          0.000
     03/08/1957        250.174             11.224             67.078             76.872             95.000          0.500        750.000          0.884          0.000         15.980         15.000          0.003          0.000         66.655          0.000
     04/08/1957        249.699             10.750             67.077             76.872             95.000          0.500        750.000          0.862          0.001         19.420         15.000          0.008          0.000         67.149          0.001
     05/08/1957        249.274             10.327             67.076             76.872             95.000          0.500        750.000          0.850          0.001         17.210         15.000          0.007          0.000         67.757          0.001
     06/08/1957        248.868              9.945             67.052             76.872             95.000          0.500        750.000          0.847          0.002         14.050         15.000          0.004          0.000         68.363          0.002
     07/08/1957        248.473              9.599             67.002             76.872             95.000          0.500        750.000          0.845          0.002         15.600         15.000          0.007          0.000         68.968          0.002
     08/08/1957        248.086              9.283             66.932             76.871             95.000          0.500        750.000          0.843          0.002         12.880         15.000          0.028          0.000         69.572          0.002
     09/08/1957        247.584              8.900             66.813             76.871             95.000          0.500        750.000          0.839          0.004         16.510         15.000          0.012          0.000         70.175          0.004
     10/08/1957        247.097              8.559             66.667             76.871             95.000          0.500        750.000          0.834          0.004         13.340         15.000          0.000          0.000         70.776          0.004
     11/08/1957        246.625              8.254             66.501             76.870             95.000          0.500        750.000          0.828          0.004         11.220         15.000          0.000          0.000         71.376          0.004
     12/08/1957        246.166              7.979             66.317             76.870             95.000          0.500        750.000          0.822          0.004         14.810         15.000          0.000          1.176         71.975          0.004
     13/08/1957        245.725              7.732             66.123             76.870             95.000          0.500        750.000          0.815          0.000          8.150         15.000          0.000          0.000         72.576          0.000
     14/08/1957        245.403              7.564             65.969             76.870             95.000          0.500        750.000          0.810          0.000         13.050         15.000          0.000          0.000         73.175          0.000
     15/08/1957        245.088              7.407             65.810             76.870             95.000          0.500        750.000          0.804          0.000          4.060         15.000          0.000          0.000         73.772          0.000
     16/08/1957        251.958             14.278             65.810             76.870             95.000          0.500        750.000          1.000          0.000          3.080         15.000          0.000          0.000         74.369          0.000
     17/08/1957        252.654             14.974             65.810             76.870             95.000          0.500        750.000          1.000          0.000          6.270         15.000          0.000          0.000         73.938          0.000
     18/08/1957        251.297             13.617             65.810             76.870             95.000          0.500        750.000          1.000          0.000          9.180         15.000          0.000          0.000         73.142          0.000
     19/08/1957        250.253             12.574             65.810             76.870             95.000          0.500        750.000          0.959          0.000         10.620         15.000          0.002          0.000         72.465          0.000
     20/08/1957        249.618             11.939             65.809             76.870             95.000          0.500        750.000          0.894          0.001         11.450         15.000          0.010          0.000         72.074          0.001
     21/08/1957        249.062             11.384             65.808             76.870             95.000          0.500        750.000          0.851          0.002         15.150         15.000          0.061          0.000         71.512          0.002
     22/08/1957        248.568             10.893             65.805             76.869             95.000          0.500        750.000          0.824          0.003         11.070         15.000          0.056          0.000         71.238          0.003
     23/08/1957        253.756             16.084             65.803             76.869             95.000          0.500        750.000          1.000          0.004         15.360         15.000          0.130          0.000         71.400          0.004
     24/08/1957        252.494             14.826             65.799             76.869             95.000          0.500        750.000          1.000          0.006         15.390         15.000          0.000          0.000         69.544          0.006
     25/08/1957        251.169             13.507             65.794             76.868             95.000          0.500        750.000          1.000          0.009         15.610         15.000          0.000          0.000         68.958          0.009
     26/08/1957        250.140             12.486             65.787             76.867             95.000          0.500        750.000          0.949          0.009         12.540         15.000          0.111          0.000         68.667          0.009
     27/08/1957        249.302             11.656             65.779             76.866             95.000          0.500        750.000          0.870          0.010          8.330         15.000          0.038          0.000         68.143          0.010
     28/08/1957        248.597             10.962             65.771             76.865             95.000          0.500        750.000          0.826          0.010         11.830         15.000          0.073          0.000         68.270          0.010
     29/08/1957        247.994             10.368             65.762             76.864             95.000          0.500        750.000          0.806          0.010         14.330         15.000          0.099          0.000         68.666          0.010
     30/08/1957        247.470              9.855             65.752             76.863             95.000          0.500        750.000          0.802          0.011         15.600         15.000          0.044          0.000         69.247          0.011
     31/08/1957        246.980              9.405             65.713             76.862             95.000          0.500        750.000          0.801          0.011         19.720         15.000          0.141          0.000         69.826          0.011
     01/09/1957        246.503              9.008             65.634             76.861             95.000          0.500        750.000          0.798          0.012         11.500         15.000          0.083          0.000         70.404          0.012
     02/09/1957        246.041              8.656             65.526             76.859             95.000          0.500        750.000          0.794          0.012         12.970         15.000          0.000          0.000         70.981          0.012
     03/09/1957        245.592              8.341             65.393             76.858             95.000          0.500        750.000          0.790          0.012         14.950         15.000          0.000          0.000         71.556          0.012
     04/09/1957        245.155              8.058             65.240             76.857             95.000          0.500        750.000          0.784          0.012         15.600         15.000          0.044          0.000         72.131          0.012
     05/09/1957        244.730              7.803             65.072             76.856             95.000          0.500        750.000          0.778          0.012         11.220         15.000          0.142          0.000         72.705          0.012
     06/09/1957        244.316              7.573             64.889             76.854             95.000          0.500        750.000          0.772          0.012         15.560         15.000          0.236          0.000         73.277          0.012
     07/09/1957        244.778              8.190             64.735             76.853             95.000          0.500        750.000          0.766          0.017         12.530         15.000          0.256          0.000         73.848          0.017
     08/09/1957        244.256              7.856             64.550             76.851             95.000          0.500        750.000          0.759          0.018         17.440         15.000          0.068          0.000         74.419          0.018
     09/09/1957        243.752              7.562             64.341             76.849             95.000          0.500        750.000          0.752          0.018         18.150         15.000          0.092          0.000         74.988          0.018
     10/09/1957        243.263              7.303             64.113             76.847             95.000          0.500        750.000          0.743          0.018         16.690         15.000          0.202          0.000         75.556          0.018
     11/09/1957        242.788              7.073             63.871             76.844             95.000          0.500        750.000          0.734          0.018         14.730         15.000          0.201          0.000         76.123          0.018
     12/09/1957        242.327              6.869             63.616             76.842             95.000          0.500        750.000          0.724          0.019         16.690         15.000          0.232          0.000         76.689          0.019
     13/09/1957        241.879              6.687             63.352             76.840             95.000          0.500        750.000          0.715          0.020         15.560         15.000          0.321          0.000         77.254          0.020
     14/09/1957        241.443              6.524             63.081             76.838             95.000          0.500        750.000          0.704          0.020         16.420         15.000          0.293          0.000         77.817          0.020
     15/09/1957        241.018              6.378             62.805             76.835             95.000          0.500        750.000          0.694          0.021         18.500         15.000          0.609          0.000         78.380          0.021
     16/09/1957        240.604              6.247             62.524             76.832             95.000          0.500        750.000          0.683          0.022         10.590         15.000          0.344          0.000         78.942          0.022
     17/09/1957        240.200              6.130             62.240             76.830             95.000          0.500        750.000          0.672          0.022         16.420         15.000          0.000          0.000         79.502          0.022
     18/09/1957        239.806              6.024             61.956             76.827             95.000          0.500        750.000          0.661          0.022         21.630         15.000          0.032          1.682         80.062          0.022
     19/09/1957        239.428              5.928             61.675             76.825             95.000          0.500        750.000          0.650          0.016         24.140         15.000          0.353          0.000         80.624          0.016
     20/09/1957        239.059              5.842             61.394             76.822             95.000          0.500        750.000          0.639          0.017         21.920         15.000          0.373          0.000         81.185          0.017
     21/09/1957        238.698              5.764             61.113             76.820             95.000          0.500        750.000          0.628          0.017         21.130         15.000          0.457          0.000         81.744          0.017
     22/09/1957        238.345              5.694             60.833             76.818             95.000          0.500        750.000          0.617          0.018         27.870         15.000          0.950          0.000         82.303          0.018
     23/09/1957        237.929              5.618             60.497             76.814             95.000          0.500        750.000          0.604          0.024         28.630         15.000          0.822          0.000         82.861          0.024
     24/09/1957        237.524              5.550             60.163             76.811             95.000          0.500        750.000          0.591          0.025         20.210         15.000          1.003          0.000         83.417          0.025
     25/09/1957        237.129              5.490             59.832             76.807             95.000          0.500        750.000          0.578          0.026         22.080         15.000          1.259          0.000         83.973          0.026
     26/09/1957        236.743              5.437             59.503             76.803             95.000          0.500        750.000          0.565          0.028         22.670         15.000          1.441          0.000         84.527          0.028
     27/09/1957        236.365              5.389             59.177             76.799             95.000          0.500        750.000          0.552          0.029         24.050         15.000          1.614          0.000         85.081          0.029
     28/09/1957        235.996              5.347             58.855             76.794             95.000          0.500        750.000          0.540          0.030         21.070         15.000          1.084          0.000         85.634          0.030
     29/09/1957        235.636              5.310             58.537             76.789             95.000          0.500        750.000          0.527          0.031         23.210         15.000          1.083          0.000         86.185          0.031
     30/09/1957        235.285              5.277             58.224             76.784             95.000          0.500        750.000          0.515          0.031         19.830         15.000          1.288          0.000         86.736          0.031
     01/10/1957        235.916              6.133             58.005             76.779             95.000          0.500        750.000          0.506          0.032         17.650         15.000          1.577          0.000         87.286          0.032
     02/10/1957        235.556              6.006             57.777             76.773             95.000          0.500        750.000          0.498          0.033         14.700         15.000          0.180          0.000         88.658          0.033
     03/10/1957        235.206              5.894             57.544             76.768             95.000          0.500        750.000          0.489          0.032         20.280         15.000          0.179          0.000         90.024          0.032
     04/10/1957        234.864              5.795             57.306             76.762             95.000          0.500        750.000          0.479          0.031         23.080         15.000          0.494          0.000         91.384          0.031
     05/10/1957        234.531              5.708             57.066             76.757             95.000          0.500        750.000          0.470          0.031         20.830         15.000          1.265          0.000         92.737          0.031
     06/10/1957        234.205              5.631             56.824             76.751             95.000          0.500        750.000          0.461          0.031         21.300         15.000          1.714          0.000         94.084          0.031
     07/10/1957        233.887              5.562             56.580             76.745             95.000          0.500        750.000          0.451          0.031         20.360         15.000          2.063          0.000         95.424          0.031
     08/10/1957        233.576              5.501             56.335             76.739             95.000          0.500        750.000          0.442          0.032         21.130         15.000          1.321          0.000         96.759          0.032
     09/10/1957        233.271              5.447             56.091             76.733             95.000          0.500        750.000          0.433          0.032         20.740         15.000          1.664          0.000         98.087          0.032
     10/10/1957        232.973              5.398             55.847             76.727             95.000          0.500        750.000          0.424          0.032         26.850         15.000          2.475          0.000         99.410          0.032
     11/10/1957        232.681              5.356             55.605             76.721             95.000          0.500        750.000          0.415          0.032         35.560         15.000          2.811          0.000        100.726          0.032
     12/10/1957        232.395              5.317             55.364             76.714             95.000          0.500        750.000          0.406          0.033         30.550         15.000          3.022          0.000        102.037          0.033
     13/10/1957        232.115              5.283             55.125             76.707             95.000          0.500        750.000          0.397          0.033         29.780         15.000          3.043          0.000        103.341          0.033
     14/10/1957        231.841              5.253             54.887             76.700             95.000          0.500        750.000          0.388          0.033         23.790         15.000          2.095          0.000        104.640          0.033
     15/10/1957        231.572              5.226             54.653             76.693             95.000          0.500        750.000          0.380          0.033         28.340         15.000          2.913          0.000        105.933          0.033
     16/10/1957        231.308              5.202             54.420             76.686             95.000          0.500        750.000          0.372          0.033         25.530         15.000          1.992          0.000        107.220          0.033
     17/10/1957        231.050              5.181             54.191             76.678             95.000          0.500        750.000          0.363          0.033         34.710         15.000          3.050          0.000        108.501          0.033
     18/10/1957        230.797              5.161             53.965             76.670             95.000          0.500        750.000          0.355          0.033         29.810         15.000          2.859          0.000        109.777          0.033
     19/10/1957        230.549              5.144             53.742             76.662             95.000          0.500        750.000          0.348          0.033         28.520         15.000          3.448          0.000        111.048          0.033
     20/10/1957        230.305              5.129             53.522             76.654             95.000          0.500        750.000          0.340          0.033         19.610         15.000          3.298          0.000        112.312          0.033
     21/10/1957        230.067              5.115             53.305             76.646             95.000          0.500        750.000          0.333          0.033         21.300         15.000          3.012          0.000        113.572          0.033
     22/10/1957        229.833              5.103             53.092             76.638             95.000          0.500        750.000          0.325          0.033         26.110         15.000          3.616          0.000        114.826          0.033
     23/10/1957        229.604              5.092             52.882             76.630             95.000          0.500        750.000          0.318          0.032         26.800         15.000          3.453          0.000        116.074          0.032
     24/10/1957        229.380              5.083             52.676             76.621             95.000          0.500        750.000          0.311          0.032         27.630         15.000          3.737          0.000        117.318          0.032
     25/10/1957        231.104              6.840             52.652             76.613             95.000          0.500        750.000          0.310          0.032         17.260         15.000          2.916          0.000        118.556          0.032
     26/10/1957        230.850              6.628             52.618             76.604             95.000          0.500        750.000          0.309          0.033         18.180         15.000          2.524          0.000        119.788          0.033
     27/10/1957        232.357              8.168             52.594             76.595             95.000          0.500        750.000          0.308          0.033         17.740         15.000          2.980          0.000        121.016          0.033
     28/10/1957        231.932              7.777             52.569             76.586             95.000          0.500        750.000          0.308          0.033         19.680         15.000          3.317          0.000        122.238          0.033
     29/10/1957        244.631             14.838             58.215             76.578             95.000          0.500        750.000          0.996          0.093         13.560         15.000          1.984          0.000        123.456          0.093
     30/10/1957        261.946             14.854             75.518             76.573             95.000          0.500        750.000          1.000          0.099          8.060         15.000          1.358          0.000        119.729          0.099
     31/10/1957        260.982             13.972             75.443             76.567             95.000          0.500        750.000          1.000          0.108         15.100         15.000          1.995          0.000        116.145          0.108
     01/11/1957        259.046             12.317             75.171             76.558             95.000          0.500        750.000          1.000          0.121         13.700         15.000          1.949          0.000        113.516          0.121
     02/11/1957        259.097             12.547             75.000             76.550             95.000          0.500        750.000          1.000          0.126          5.380         15.000          1.423          0.000        112.218          0.126
     03/11/1957        268.223             14.859             80.684             77.680             95.000          0.500        750.000          1.000          0.116         17.720         15.000          3.794          0.000        111.731          0.116
     04/11/1957        265.082             12.894             79.106             78.081             95.000          0.500        750.000          1.000          0.135         24.010         15.000          5.207          0.000        108.444          0.135
     05/11/1957        268.444             14.865             80.153             78.426             95.000          0.500        750.000          1.000          0.129         15.210         15.000          4.440          0.000        106.477          0.129
     06/11/1957        276.191             14.868             81.516             84.807             95.000          0.500        750.000          1.000          0.136         32.050         15.000          5.997          0.000        103.389          0.136
     07/11/1957        272.927             12.902             79.325             85.700             95.000          0.500        750.000          1.000          0.157         15.210         15.000          2.800          0.000        100.419          0.157
     08/11/1957        270.479             11.573             78.226             85.680             95.000          0.500        750.000          1.000          0.170         12.500         15.000          5.321          0.000         98.664          0.170
     09/11/1957        268.439             10.576             77.206             85.658             95.000          0.500        750.000          1.000          0.181         20.830         15.000          4.028          0.000         98.037          0.181
     10/11/1957        266.367              9.654             76.083             85.631             95.000          0.500        750.000          1.000          0.216         25.750         15.000          4.873          0.000         98.524          0.216
     11/11/1957        264.548              8.929             75.016             85.602             95.000          0.500        750.000          1.000          0.222         26.830         15.000          5.970          0.000         99.667          0.222
     12/11/1957        262.910              8.344             73.993             85.573             95.000          0.500        750.000          1.000          0.229         28.520         15.000          7.951          0.000        100.806          0.229
     13/11/1957        261.624              7.932             73.146             85.546             95.000          0.500        750.000          1.000          0.205         24.260         15.000          7.418          0.000        101.939          0.205
     14/11/1957        260.218              7.521             72.184             85.513             95.000          0.500        750.000          1.000          0.248         19.660         15.000          7.703          0.000        103.066          0.248
     15/11/1957        258.903              7.176             71.250             85.478             95.000          0.500        750.000          1.000          0.257         23.790         15.000          8.601          0.000        104.189          0.257
     16/11/1957        257.666              6.884             70.341             85.441             95.000          0.500        750.000          1.000          0.266         24.010         15.000          8.909          0.000        105.306          0.266
     17/11/1957        256.497              6.635             69.459             85.402             95.000          0.500        750.000          0.984          0.271         23.410         15.000          9.217          0.000        106.418          0.271
     18/11/1957        255.390              6.422             68.605             85.363             95.000          0.500        750.000          0.959          0.273         26.340         15.000          9.516          0.000        107.524          0.273
     19/11/1957        254.339              6.240             67.778             85.322             95.000          0.500        750.000          0.933          0.273         28.340         15.000         10.504          0.000        108.626          0.273
     20/11/1957        253.339              6.082             66.976             85.280             95.000          0.500        750.000          0.907          0.273         28.220         15.000         10.801          0.000        109.723          0.273
     21/11/1957        252.384              5.946             66.201             85.238             95.000          0.500        750.000          0.880          0.272         22.820         15.000          8.868          0.000        110.815          0.272
     22/11/1957        251.471              5.828             65.450             85.194             95.000          0.500        750.000          0.854          0.270         24.070         15.000          9.074          0.000        111.903          0.270
     23/11/1957        257.961             12.576             65.234             85.152             95.000          0.500        750.000          1.000          0.307         31.870         15.000         10.815          0.000        112.985          0.307
     24/11/1957        256.263             11.153             65.003             85.106             95.000          0.500        750.000          0.870          0.286         31.020         15.000         10.720          0.000        109.544          0.286
     25/11/1957        254.946             10.117             64.769             85.060             95.000          0.500        750.000          0.829          0.281         27.010         15.000         11.762          0.000        107.609          0.281
     26/11/1957        256.717             12.162             64.541             85.014             95.000          0.500        750.000          0.935          0.312         22.820         15.000         11.991          0.000        107.069          0.312
     27/11/1957        255.134             10.864             64.304             84.966             95.000          0.500        750.000          0.830          0.292         27.540         15.000         10.473          0.000        107.017          0.292
     28/11/1957        253.881              9.899             64.064             84.917             95.000          0.500        750.000          0.802          0.288         22.020         15.000         10.304          0.000        108.077          0.288
     29/11/1957        252.834              9.142             63.825             84.868             95.000          0.500        750.000          0.793          0.289         24.890         15.000         10.910          0.000        109.134          0.289
     30/11/1957        251.871              8.531             63.523             84.817             95.000          0.500        750.000          0.781          0.290         25.530         15.000         12.856          0.000        110.186          0.290
     01/12/1957        250.949              8.029             63.154             84.766             95.000          0.500        750.000          0.767          0.289         27.860         15.000         13.057          0.000        111.234          0.289
     02/12/1957        250.065              7.610             62.740             84.715             95.000          0.500        750.000          0.751          0.287         23.310         15.000         13.249          0.000        112.278          0.287
     03/12/1957        249.216              7.259             62.295             84.663             95.000          0.500        750.000          0.733          0.284         28.340         15.000         11.579          0.000        113.319          0.284
     04/12/1957        250.302              8.628             62.064             84.610             95.000          0.500        750.000          0.724          0.284         27.630         15.000         14.068          0.000        114.356          0.284
     05/12/1957        249.443              8.111             61.774             84.557             95.000          0.500        750.000          0.712          0.283         20.650         15.000         12.817          0.000        115.389          0.283
     06/12/1957        248.616              7.681             61.431             84.503             95.000          0.500        750.000          0.698          0.280         23.190         15.000         12.964          0.000        116.419          0.280
     07/12/1957        247.820              7.320             61.051             84.449             95.000          0.500        750.000          0.683          0.277         22.820         15.000         12.618          0.000        117.446          0.277
     08/12/1957        247.055              7.013             60.647             84.395             95.000          0.500        750.000          0.667          0.273         25.040         15.000         13.724          0.000        118.469          0.273
     09/12/1957        246.213              6.714             60.166             84.333             95.000          0.500        750.000          0.648          0.307         25.530         15.000         13.852          0.000        119.489          0.307
     10/12/1957        245.407              6.464             59.673             84.270             95.000          0.500        750.000          0.628          0.300         24.620         15.000          8.981          0.000        120.506          0.300
     11/12/1957        244.634              6.253             59.175             84.207             95.000          0.500        750.000          0.608          0.292         27.700         15.000         12.051          0.000        121.519          0.292
     12/12/1957        243.894              6.074             58.677             84.143             95.000          0.500        750.000          0.588          0.284         34.550         15.000         14.151          0.000        122.530          0.284
     13/12/1957        243.185              5.923             58.182             84.080             95.000          0.500        750.000          0.568          0.276         27.130         15.000         11.695          0.000        123.539          0.276
     14/12/1957        250.126             13.118             57.988             84.021             95.000          0.500        750.000          0.794          0.360         32.970         15.000         14.817          0.000        124.544          0.360
     15/12/1957        248.063             11.324             57.782             83.957             95.000          0.500        750.000          0.595          0.291         26.550         15.000         13.979          0.000        120.564          0.291
     16/12/1957        255.095             14.242             61.946             83.907             95.000          0.500        750.000          1.000          0.437         23.410         15.000         11.458          0.000        118.440          0.437
     17/12/1957        257.619             14.270             64.483             83.866             95.000          0.500        750.000          1.000          0.389         26.680         15.000         14.328          0.000        114.697          0.389
     18/12/1957        255.272             12.271             64.191             83.810             95.000          0.500        750.000          0.929          0.404         21.240         15.000         12.442          0.000        111.100          0.404
     19/12/1957        253.600             10.960             63.889             83.751             95.000          0.500        750.000          0.813          0.371         25.160         15.000         14.291          0.000        109.011          0.371
     20/12/1957        252.265              9.987             63.586             83.692             95.000          0.500        750.000          0.778          0.362         25.160         15.000         15.579          0.000        108.318          0.362
     21/12/1957        251.141              9.223             63.285             83.632             95.000          0.500        750.000          0.766          0.361         27.860         15.000         16.878          0.000        108.964          0.361
     22/12/1957        250.139              8.607             62.961             83.571             95.000          0.500        750.000          0.754          0.358         28.250         15.000         15.922          0.000        109.941          0.358
     23/12/1957        249.180              8.099             62.570             83.511             95.000          0.500        750.000          0.738          0.355         28.960         15.000         17.229          0.000        110.915          0.355
     24/12/1957        248.261              7.676             62.136             83.449             95.000          0.500        750.000          0.721          0.349         28.780         15.000         17.392          0.000        111.886          0.349
     25/12/1957        247.381              7.319             61.674             83.388             95.000          0.500        750.000          0.702          0.343         29.510         15.000         15.790          0.000        112.854          0.343
     26/12/1957        246.536              7.016             61.194             83.326             95.000          0.500        750.000          0.683          0.337         36.070         15.000         15.913          0.000        113.819          0.337
     27/12/1957        245.726              6.757             60.705             83.264             95.000          0.500        750.000          0.663          0.329         29.370         15.000          9.497          0.000        114.782          0.329
     28/12/1957        244.948              6.534             60.212             83.202             95.000          0.500        750.000          0.643          0.321         22.730         15.000         12.525          0.000        115.742          0.321
     29/12/1957        244.202              6.342             59.720             83.140             95.000          0.500        750.000          0.623          0.312         24.720         15.000         13.787          0.000        116.699          0.312
     30/12/1957        243.485              6.176             59.232             83.077             95.000          0.500        750.000          0.603          0.304         29.230         15.000         16.260          0.000        117.655          0.304
     31/12/1957        242.796              6.031             58.749             83.015             95.000          0.500        750.000          0.583          0.295         24.720         15.000         10.282          0.000        118.608          0.295
     01/01/1958        243.103              6.771             58.380             82.953             95.000          0.500        750.000          0.568          0.288          4.970         15.000          5.669          0.000        119.560          0.288
