Summary_file = chickpea.sum
Title = chickpea Sample Simulation
       day      year            lai        biomass  green_biomass
     (day)    (year)      (m^2/m^2)        (kg/ha)        (kg/ha)
       130      1988          0.000          0.000          0.000
       131      1988          0.000          0.000          0.000
       132      1988          0.000          0.000          0.000
       133      1988          0.000          0.000          0.000
       134      1988          0.000          0.000          0.000
       135      1988          0.000          0.000          0.000
       136      1988          0.000          0.000          0.000
       137      1988          0.002         50.000         50.000
       138      1988          0.003         50.068         50.068
       139      1988          0.003         50.166         50.166
       140      1988          0.003         50.313         50.313
       141      1988          0.004         50.428         50.428
       142      1988          0.004         50.543         50.543
       143      1988          0.004         50.708         50.708
       144      1988          0.005         50.911         50.911
       145      1988          0.005         51.117         51.117
       146      1988          0.006         51.328         51.328
       147      1988          0.006         51.612         51.612
       148      1988          0.007         51.932         51.932
       149      1988          0.008         52.237         52.237
       150      1988          0.009         52.582         52.582
       151      1988          0.010         52.948         52.948
       152      1988          0.011         53.362         53.362
       153      1988          0.011         53.731         53.731
       154      1988          0.013         54.183         54.183
       155      1988          0.014         54.667         54.667
       156      1988          0.014         54.925         54.925
       157      1988          0.015         55.312         55.312
       158      1988          0.017         55.850         55.850
       159      1988          0.018         56.559         56.559
       160      1988          0.020         57.257         57.257
       161      1988          0.022         58.069         58.069
       162      1988          0.024         59.118         59.118
       163      1988          0.026         60.095         60.095
       164      1988          0.028         60.955         60.955
       165      1988          0.030         61.985         61.985
       166      1988          0.031         63.154         63.154
       167      1988          0.033         64.467         64.467
       168      1988          0.036         65.733         65.733
       169      1988          0.038         67.141         67.141
       170      1988          0.040         68.882         68.882
       171      1988          0.042         70.472         70.472
       172      1988          0.044         72.206         72.206
       173      1988          0.049         74.218         74.218
       174      1988          0.053         76.086         76.086
       175      1988          0.058         78.142         78.142
       176      1988          0.064         80.415         80.415
       177      1988          0.070         82.990         82.990
       178      1988          0.076         85.780         85.780
       179      1988          0.085         89.581         89.581
       180      1988          0.094         93.195         93.195
       181      1988          0.102         96.491         96.491
       182      1988          0.110        100.088        100.088
       183      1988          0.120        104.143        104.143
       184      1988          0.128        107.585        107.585
       185      1988          0.134        110.143        110.143
       186      1988          0.140        112.997        112.997
       187      1988          0.149        116.655        116.655
       188      1988          0.164        123.241        123.241
       189      1988          0.178        129.056        129.056
       190      1988          0.194        135.857        135.857
       191      1988          0.213        144.244        144.244
       192      1988          0.231        151.979        151.979
       193      1988          0.242        156.683        156.683
       194      1988          0.257        163.059        163.059
       195      1988          0.280        173.164        173.164
       196      1988          0.305        184.325        184.325
       197      1988          0.334        196.863        196.863
       198      1988          0.362        209.514        209.514
       199      1988          0.398        225.607        225.607
       200      1988          0.433        240.970        240.970
       201      1988          0.471        258.383        258.383
       202      1988          0.516        278.810        278.810
       203      1988          0.555        296.552        296.552
       204      1988          0.589        312.202        311.971
       205      1988          0.628        330.584        330.184
       206      1988          0.666        348.611        348.053
       207      1988          0.716        373.111        372.197
       208      1988          0.780        408.120        406.555
       209      1988          0.825        432.069        430.032
       210      1988          0.870        460.261        457.715
       211      1988          0.919        487.266        484.150
       212      1988          0.981        524.419        520.543
       213      1988          1.034        562.202        557.608
       214      1988          1.086        600.245        594.853
       215      1988          1.146        641.501        635.044
       216      1988          1.212        691.185        683.473
       217      1988          1.278        741.078        732.038
       218      1988          1.347        789.774        779.270
       219      1988          1.410        834.464        822.782
       220      1988          1.448        866.939        854.555
       221      1988          1.483        898.227        885.169
       222      1988          1.515        930.748        917.039
       223      1988          1.553        971.110        956.611
       224      1988          1.604       1026.509       1010.905
       225      1988          1.656       1080.977       1064.212
       226      1988          1.706       1136.014       1118.074
       227      1988          1.758       1193.952       1174.736
       228      1988          1.812       1254.469       1233.850
       229      1988          1.874       1326.997       1304.431
       230      1988          1.936       1401.108       1376.192
       231      1988          2.008       1469.421       1441.689
       232      1988          2.078       1540.052       1509.468
       233      1988          2.143       1624.450       1589.834
       234      1988          2.214       1702.879       1662.825
       235      1988          2.268       1751.990       1706.384
       236      1988          2.304       1811.157       1760.438
       237      1988          2.330       1861.436       1807.294
       238      1988          2.370       1926.007       1868.359
       239      1988          2.419       2002.058       1940.026
       240      1988          2.438       2057.029       1990.029
       241      1988          2.468       2120.822       2049.031
       242      1988          2.506       2191.485       2116.024
       243      1988          2.548       2270.493       2190.881
       244      1988          2.552       2319.747       2235.381
       245      1988          2.551       2367.318       2277.715
       246      1988          2.577       2442.558       2347.153
       247      1988          2.617       2534.468       2432.528
       248      1988          2.637       2612.434       2503.630
       249      1988          2.629       2664.360       2549.376
       250      1988          2.635       2731.666       2610.386
       251      1988          2.630       2791.013       2663.571
       252      1988          2.664       2889.308       2755.828
       253      1988          2.686       2979.191       2839.848
       254      1988          2.701       3067.060       2921.055
       255      1988          2.708       3154.012       3000.274
       256      1988          2.692       3218.245       3057.146
       257      1988          2.707       3317.817       3149.556
       258      1988          2.692       3344.950       3172.138
       259      1988          2.693       3433.279       3253.438
       260      1988          2.694       3525.827       3338.920
       261      1988          2.712       3645.374       3450.338
       262      1988          2.728       3766.544       3563.702
       263      1988          2.731       3875.219       3665.071
       264      1988          2.720       3965.776       3749.208
       265      1988          2.718       4075.692       3851.857
       266      1988          2.714       4192.211       3960.200
       267      1988          2.699       4304.278       4062.720
       268      1988          2.676       4413.780       4161.759
       269      1988          2.651       4527.171       4264.518
       270      1988          2.618       4635.917       4362.281
       271      1988          2.581       4717.896       4432.895
       272      1988          2.542       4817.917       4520.969
       273      1988          2.506       4937.973       4630.057
       274      1988          2.471       5059.423       4740.714
       275      1988          2.430       5159.304       4828.247
       276      1988          2.397       5276.721       4935.410
       277      1988          2.362       5396.338       5044.429
       278      1988          2.324       5509.595       5146.009
       279      1988          2.286       5509.595       5134.359
       280      1988          0.000       5509.595       4437.192
       281      1988          0.000          0.000          0.000
       282      1988          0.000          0.000          0.000
       283      1988          0.000          0.000          0.000
       284      1988          0.000          0.000          0.000
       285      1988          0.000          0.000          0.000
       286      1988          0.000          0.000          0.000
       287      1988          0.000          0.000          0.000
       288      1988          0.000          0.000          0.000
       289      1988          0.000          0.000          0.000
       290      1988          0.000          0.000          0.000
       291      1988          0.000          0.000          0.000
       292      1988          0.000          0.000          0.000
       293      1988          0.000          0.000          0.000
       294      1988          0.000          0.000          0.000
       295      1988          0.000          0.000          0.000
       296      1988          0.000          0.000          0.000
       297      1988          0.000          0.000          0.000
       298      1988          0.000          0.000          0.000
       299      1988          0.000          0.000          0.000
       300      1988          0.000          0.000          0.000
