Summary_file = intercropping.sum
Title = Canopy Sample Simulation
       day      year stage_sunflower  lai_sunflower biom_sunflower   stage_cowpea     lai_cowpea    biom_cowpea       sw_dep()
     (day)    (year)              ()      (m^2/m^2)        (kg/ha)             ()      (m^2/m^2)        (kg/ha)           (mm)
        10      1988           1.000          0.000          0.000          1.000          0.000          0.000        744.060
        11      1988           1.999          0.000          0.000          1.999          0.000          0.000        743.506
        12      1988           2.000          0.000          0.000          2.000          0.000          0.000        742.999
        13      1988           2.438          0.000          0.000          2.410          0.000          0.000        742.530
        14      1988           2.650          0.000          0.000          2.598          0.000          0.000        742.091
        15      1988           2.850          0.000          0.000          2.776          0.000          0.000        741.676
        16      1988           3.000          0.002         10.000          2.954          0.000          0.000        741.283
        17      1988           3.117          0.016         10.312          3.000          0.020          7.500        750.949
        18      1988           3.204          0.018         14.185          3.046          0.024          9.836        754.771
        19      1988           3.281          0.020         19.432          3.075          0.030         13.167        752.404
        20      1988           3.375          0.023         23.750          3.107          0.036         16.256        751.101
        21      1988           3.466          0.026         28.491          3.136          0.042         19.812        787.918
        22      1988           3.554          0.029         35.174          3.168          0.052         25.041        785.184
        23      1988           3.647          0.033         40.898          3.198          0.061         29.930        785.489
        24      1988           3.747          0.039         47.983          3.227          0.072         35.974        783.779
        25      1988           3.834          0.044         57.951          3.259          0.088         44.593        781.940
        26      1988           3.930          0.052         68.589          3.289          0.105         54.365        780.408
        27      1988           4.000          0.061         81.063          3.314          0.127         66.062        778.951
        28      1988           4.061          0.071         95.575          3.335          0.152         80.272        777.242
        29      1988           4.108          0.082        110.872          3.358          0.181         95.832        775.481
        30      1988           4.159          0.098        128.218          3.385          0.213        113.577        773.855
        31      1988           4.205          0.114        150.472          3.410          0.254        135.966        771.245
        32      1988           4.253          0.134        171.121          3.440          0.292        156.940        773.352
        33      1988           4.303          0.159        199.783          3.469          0.342        184.285        769.530
        34      1988           4.355          0.189        231.016          3.499          0.395        213.522        766.735
        35      1988           4.406          0.225        260.655          3.524          0.443        239.878        764.494
        36      1988           4.455          0.265        309.053          3.546          0.514        278.701        760.689
        37      1988           4.500          0.306        366.230          3.570          0.595        323.850        755.559
        38      1988           4.544          0.351        428.308          3.596          0.678        371.389        749.408
        39      1988           4.593          0.410        468.396          3.621          0.726        400.151        747.931
        40      1988           4.636          0.472        525.516          3.639          0.788        438.703        785.843
        41      1988           4.682          0.545        613.793          3.658          0.870        490.608        778.105
        42      1988           4.727          0.619        718.678          3.681          0.950        543.012        769.661
        43      1988           4.774          0.689        826.331          3.707          1.023        592.364        760.935
        44      1988           4.820          0.732        946.459          3.737          1.095        642.207        751.777
        45      1988           4.873          0.857       1040.589          3.763          1.148        679.006        801.681
        46      1988           4.925          0.996       1150.082          3.788          1.198        713.582        823.023
        47      1988           4.974          1.132       1284.423          3.810          1.250        750.024        819.468
        48      1988           5.000          1.236       1431.960          3.831          1.298        783.844        812.024
        49      1988           5.058          1.331       1568.047          3.852          1.340        814.164        805.309
        50      1988           5.091          1.401       1672.786          3.872          1.375        838.521        799.555
        51      1988           5.122          1.460       1792.544          3.896          1.415        867.162        791.377
        52      1988           5.147          1.501       1904.178          3.923          1.455        896.227        781.259
        53      1988           5.172          1.537       1992.514          3.950          1.490        921.326        774.765
        54      1988           5.197          1.569       2076.495          3.975          1.525        946.598        767.961
        55      1988           5.221          1.597       2160.617          4.000          1.561        973.033        760.905
        56      1988           5.245          1.623       2235.763          4.839          1.595        997.693        754.472
        57      1988           5.270          1.650       2278.000          5.000          1.614       1011.847        751.218
        58      1988           5.295          1.675       2308.135          6.000          1.621       1021.485        749.253
        59      1988           5.321          1.702       2359.679          6.184          1.633       1036.851        747.158
        60      1988           5.348          1.729       2418.378          6.332          1.646       1053.648        743.217
        61      1988           5.371          1.752       2445.235          6.449          1.650       1061.058        751.689
        62      1988           5.394          1.774       2488.146          6.559          1.659       1072.077        769.797
        63      1988           5.416          1.796       2523.872          6.671          1.661       1080.846        773.564
        64      1988           5.442          1.820       2595.344          6.810          1.666       1097.519        775.720
        65      1988           5.467          1.843       2674.696          6.959          1.672       1115.673        770.373
        66      1988           5.493          1.864       2739.679          7.000          1.659       1130.362        766.828
        67      1988           5.517          1.882       2808.362          7.080          1.648       1145.306        789.845
        68      1988           5.541          1.899       2890.478          7.121          1.635       1162.729        785.013
        69      1988           5.563          1.914       2970.269          7.161          1.620       1179.264        780.336
        70      1988           5.587          1.929       3054.322          7.208          1.604       1196.237        774.895
        71      1988           5.611          1.943       3142.382          7.257          1.586       1213.437        768.895
        72      1988           5.632          1.955       3235.185          7.312          1.565       1231.057        760.796
        73      1988           5.655          1.966       3313.011          7.352          1.548       1245.402        757.826
        74      1988           5.673          1.975       3406.496          7.381          1.316       1258.893        752.160
        75      1988           5.693          1.986       3510.889          7.413          1.316       1271.714        746.035
        76      1988           5.716          1.998       3613.997          7.451          1.316       1284.832        740.067
        77      1988           5.742          2.011       3714.536          7.495          1.316       1297.035        735.591
        78      1988           5.766          2.021       3819.759          7.533          1.316       1309.342        730.959
        79      1988           5.791          2.031       3927.051          7.570          1.316       1321.543        726.152
        80      1988           5.814          2.039       4033.159          7.606          1.316       1333.341        721.651
        81      1988           5.839          2.046       4139.285          7.642          1.316       1344.870        716.993
        82      1988           5.864          2.053       4244.969          7.681          1.299       1356.104        712.708
        83      1988           5.889          2.059       4353.087          7.718          1.261       1367.219        707.752
        84      1988           5.916          2.063       4460.090          7.759          1.220       1377.778        703.326
        85      1988           5.942          2.067       4567.704          7.798          1.182       1387.892        698.604
        86      1988           5.969          2.069       4656.738          7.837          1.141       1395.874        697.952
        87      1988           5.994          2.071       4770.665          7.871          1.093       1405.052        692.653
        88      1988           6.000          2.062       4883.630          7.906          1.043       1413.942        687.655
        89      1988           7.000          2.053       5001.235          7.943          0.991       1422.982        682.082
        90      1988           7.540          2.039       5118.406          7.982          0.936       1431.608        676.470
        91      1988           7.757          2.022       5233.015          8.000          0.878       1434.860        671.332
        92      1988           7.939          2.008       5286.118          8.739          0.836       1436.027        670.552
        93      1988           8.000          1.989       5346.162          9.000          0.770       1437.819        704.882
        94      1988           8.067          1.967       5412.735         12.000          0.020          0.000        720.057
        95      1988           8.104          1.945       5464.062         12.000          0.000          0.000        736.072
        96      1988           8.142          1.920       5532.068         12.000          0.000          0.000        759.012
        97      1988           8.176          1.898       5572.158         12.000          0.000          0.000        764.542
        98      1988           8.216          1.869       5650.649         12.000          0.000          0.000        782.825
        99      1988           8.256          1.836       5725.048         12.000          0.000          0.000        779.797
       100      1988           8.297          1.800       5778.585         12.000          0.000          0.000        783.102
       101      1988           8.335          1.765       5835.458         12.000          0.000          0.000        781.771
       102      1988           8.367          1.735       5906.603         12.000          0.000          0.000        779.583
       103      1988           8.396          1.707       5935.008         12.000          0.000          0.000        799.958
       104      1988           8.430          1.670       5994.449         12.000          0.000          0.000        815.625
       105      1988           8.466          1.627       6060.578         12.000          0.000          0.000        815.135
       106      1988           8.504          1.580       6149.151         12.000          0.000          0.000        811.185
       107      1988           8.540          1.531       6237.695         12.000          0.000          0.000        806.885
       108      1988           8.574          1.482       6321.341         12.000          0.000          0.000        802.929
       109      1988           8.607          1.433       6392.275         12.000          0.000          0.000        799.893
       110      1988           8.639          1.381       6466.032         12.000          0.000          0.000        796.558
       111      1988           8.669          1.331       6513.994         12.000          0.000          0.000        796.729
       112      1988           8.703          1.270       6559.973         12.000          0.000          0.000        794.725
       113      1988           8.738          1.202       6635.838         12.000          0.000          0.000        790.320
       114      1988           8.773          1.129       6703.477         12.000          0.000          0.000        786.617
       115      1988           8.808          1.053       6781.141         12.000          0.000          0.000        781.284
       116      1988           8.844          0.967       6841.383         12.000          0.000          0.000        778.003
       117      1988           8.878          0.879       6910.836         12.000          0.000          0.000        773.459
       118      1988           8.911          0.790       6977.878         12.000          0.000          0.000        769.050
       119      1988           8.944          0.696       7040.218         12.000          0.000          0.000        764.571
       120      1988           8.976          0.603       7071.281         12.000          0.000          0.000        762.571
       121      1988           9.000          0.507       7095.599         12.000          0.000          0.000        766.165
       122      1988           9.687          0.381       7136.270         12.000          0.000          0.000        763.315
       123      1988          10.000          0.246       7175.920         12.000          0.000          0.000        760.867
