Summary_file = Gunnedah750.sum
Title = Gunnedah 750mm wet soil
           date       day      year   in_crop_rain eff_in_crop_rain            lai        biomass          yield             hi            nhi         sum_ep   n_conc_grain        grain_n          no3()            esw flowering_date
             ()     (day)    (year)             ()               ()      (m^2/m^2)        (kg/ha)        (kg/ha)             ()             ()           (mm)            (%)        (g/m^2)        (kg/ha)           (mm)          (doy)
     03/11/1957       307      1957         85.200           85.200          0.001       6794.660       1419.775          0.209          0.448        104.308          3.375          4.792         68.889          2.319            267
     03/11/1958       307      1958        283.500          268.570          0.001      13391.334       5123.484          0.383          0.801        200.043          2.155         11.039         44.142         52.600            260
     03/11/1959       307      1959        178.900          178.900          0.001       8712.548       2745.185          0.315          0.548        138.506          2.492          6.842         51.886         17.445            259
     06/11/1960       311      1960        211.300          211.300          0.001       9770.579       2830.420          0.290          0.565        152.860          2.454          6.945         52.240         24.131            268
     29/10/1961       302      1961        187.800          187.800          0.001       8779.640       2170.392          0.247          0.501        135.370          2.862          6.212         50.723         20.639            264
     04/11/1962       308      1962        265.300          265.300          0.001       9576.021       3653.867          0.382          0.738        164.854          2.783         10.169         51.047         58.491            262
     04/11/1963       308      1963        215.300          215.059          0.001       9496.799       2782.127          0.293          0.607        152.633          2.630          7.316         51.226         16.431            266
     08/11/1964       313      1964        276.400          273.723          0.001      11285.168       4843.120          0.429          0.823        181.671          2.280         11.043         46.968         46.978            265
     21/10/1965       294      1965        140.800          140.800          0.001       5603.918       1953.464          0.349          0.593         98.590          2.416          4.720        128.088         26.142            256
     01/11/1966       305      1966        269.000          268.141          0.001      12084.233       4377.989          0.362          0.797        167.327          2.395         10.487         49.419         67.538            261
     23/10/1967       296      1967        198.500          198.098          0.001       9042.854       2325.746          0.257          0.577        124.209          2.988          6.949         56.152         42.006            258
     05/11/1968       310      1968        217.600          217.600          0.001      13787.651       4117.520          0.299          0.750        184.363          2.482         10.220         42.564         15.883            268
     29/10/1969       302      1969        367.300          358.718          0.001      14509.894       5686.067          0.392          0.788        204.164          1.953         11.104         34.170        120.152            255
     29/10/1970       302      1970        206.200          206.191          0.001       8161.431       3436.044          0.421          0.624        133.134          2.408          8.273         67.014         40.823            260
     26/10/1971       299      1971        178.800          178.396          0.001      11258.484       4473.009          0.397          0.832        165.945          2.508         11.221         51.347         19.203            258
     17/10/1972       291      1972         80.700           80.700          0.001       4273.216       1088.600          0.255          0.600         73.511          1.511          1.645        180.809         17.700            251
     17/10/1973       290      1973        266.000          265.948          0.001      11152.051       4873.385          0.437          0.791        162.538          2.334         11.375         52.152         68.336            246
     31/10/1974       304      1974        163.200          162.695          0.001       9661.992       2926.268          0.303          0.651        129.016          2.673          7.823         52.659         14.096            259
     21/10/1975       294      1975        207.200          204.415          0.001      11900.048       4118.791          0.346          0.792        170.244          2.521         10.381         43.194         29.788            252
     30/10/1976       304      1976        246.800          246.800          0.001      12767.285       4034.079          0.316          0.771        174.209          2.537         10.234         43.139         54.639            256
     26/10/1977       299      1977        199.400          192.670          0.001      10492.145       2644.855          0.252          0.661        162.825          2.785          7.365         50.834          7.906            260
     31/10/1978       304      1978        306.600          298.343          0.001      14085.703       5680.973          0.403          0.795        192.327          1.940         11.020         35.920         60.497            261
     23/10/1979       296      1979        185.600          185.600          0.001       8807.011       2976.525          0.338          0.604        129.467          2.440          7.263         64.641         38.382            254
     18/10/1980       292      1980        128.600          128.232          0.001       8042.131       1928.194          0.240          0.522        119.367          3.073          5.925         62.161          4.239            253
     26/10/1981       299      1981        291.200          272.352          0.001      11943.049       4104.428          0.344          0.801        168.904          2.585         10.611         40.704         58.530            258
     23/10/1982       296      1982         75.400           75.400          0.001       5680.571       1365.287          0.240          0.538         93.582          3.152          4.304        103.011          2.953            251
     25/10/1983       298      1983        302.400          298.159          0.001      14502.621       5382.035          0.371          0.779        208.559          2.075         11.167         36.779         61.811            256
     25/10/1984       299      1984        180.000          176.370          0.001      10892.199       4790.431          0.440          0.847        159.998          2.353         11.272         54.513         22.400            252
     26/10/1985       299      1985        254.200          254.108          0.001       8382.205       3161.033          0.377          0.665        131.303          2.660          8.410         70.546         80.628            257
     29/10/1986       302      1986        322.000          296.815          0.001      15203.674       5636.016          0.371          0.779        218.404          2.008         11.315         34.243         68.633            256
     24/10/1987       297      1987        211.600          211.600          0.001       8773.761       3221.869          0.367          0.689        136.947          2.632          8.480         70.636         51.025            255
     18/10/1988       292      1988        264.400          257.383          0.001      12773.176       5052.003          0.396          0.808        188.772          2.170         10.962         44.876         37.167            250
     26/10/1989       299      1989        220.800          207.456          0.001      12581.800       4193.963          0.333          0.785        189.720          2.462         10.325         40.122         21.760            259
     29/10/1990       302      1990        296.200          288.913          0.001      13664.526       5397.691          0.395          0.797        186.094          1.999         10.791         35.447         69.928            259
     18/10/1991       291      1991        279.200          241.962          0.001      11983.804       4459.979          0.372          0.806        191.008          2.331         10.397         43.003         38.901            251
     27/10/1992       301      1992        105.200          105.200          0.001       6596.428       2001.526          0.303          0.710        100.294          2.560          5.123        119.168          4.785            257
     21/10/1993       294      1993        333.200          324.154          0.001      13020.227       5637.806          0.433          0.824        188.792          2.033         11.464         41.817        102.652            249
     20/10/1994       293      1994         65.200           65.200          0.001       6274.835       1410.202          0.225          0.657         97.391          2.976          4.197        119.724          2.447            252
     17/10/1995       290      1995        183.100          178.067          0.001       9447.479       3337.802          0.353          0.695        146.870          2.721          9.081         48.466         16.830            247
     22/10/1996       296      1996        289.100          280.307          0.001      12806.642       4856.296          0.379          0.803        186.988          2.258         10.967         47.176         72.613            253
     22/10/1997       295      1997        278.400          266.528          0.001       9609.043       3969.578          0.413          0.717        156.437          2.652         10.526         46.875         90.581            252
     19/10/1998       292      1998        513.900          472.267          0.001      12254.051       5276.304          0.431          0.807        180.073          2.249         11.869         29.697        270.342            250
     15/10/1999       288      1999        220.400          220.252          0.001       9980.575       3706.087          0.371          0.827        148.143          2.962         10.976         53.441         46.181            246
     20/10/2000       294      2000        206.700          206.700          0.001       9010.740       2287.232          0.254          0.535        131.888          2.886          6.600         51.621         57.423            258
     22/10/2001       295      2001        189.000          187.783          0.001       9888.724       2912.696          0.295          0.635        148.611          2.688          7.830         55.688         12.765            253
     15/10/2002       288      2002         75.200           75.200          0.001       5060.164       1624.188          0.321          0.736         86.234          2.566          4.168        151.505          6.349            248
