Summary_file = s_971_1.sum
Title = Alan Hunter
      year       day       yld/acre           c_ep          c_lai        c_yield     c_yld/acre        biomass          sites         squarz          bollz          openz      c_nuptake             es           pesw          no3()
    (year)     (day)             ()           (cm)      (m^2/m^2)     (bales/ha)             ()        (kg/ha)         (1/m2)         (1/m2)         (1/m2)         (1/m2)        (kg/ha)           (mm)           (mm)        (kg/ha)
      1995       265          0.000          0.000          0.000          0.000          0.000          0.000          0.000          0.000          0.000          0.000          0.000          4.039        224.411        355.844
      1995       266          0.000          0.000          0.000          0.000          0.000          0.000          0.000          0.000          0.000          0.000          0.000          3.287        232.301        354.705
      1995       267          0.000          0.000          0.000          0.000          0.000          0.000          0.000          0.000          0.000          0.000          0.000          3.640        228.659        353.638
      1995       268          0.000          0.000          0.000          0.000          0.000          0.000          0.000          0.000          0.000          0.000          0.000          2.693        225.961        352.651
      1995       269          0.000          0.000          0.000          0.000          0.000          0.000          0.000          0.000          0.000          0.000          0.000          1.415        224.532        351.673
      1995       270          0.000          0.000          0.000          0.000          0.000          0.000          0.000          0.000          0.000          0.000          0.000          1.097        223.383        350.758
      1995       271          0.000          0.000          0.000          0.000          0.000          0.000          0.000          0.000          0.000          0.000          0.000          0.928        222.257        349.876
      1995       272          0.000          0.000          0.000          0.000          0.000          0.000          0.000          0.000          0.000          0.000          0.000          0.820        221.245        349.018
      1995       273          0.000          0.000          0.000          0.000          0.000          0.000          0.000          0.000          0.000          0.000          0.000          0.742        220.318        348.153
      1995       274          0.000          0.000          0.000          0.000          0.000          0.000          0.000          0.000          0.000          0.000          0.000          0.683        219.457        347.279
      1995       275          0.000          0.000          0.000          0.000          0.000          0.000          0.000          0.000          0.000          0.000          0.000          3.231        228.994        346.449
      1995       276          0.000          0.000          0.000          0.000          0.000          0.000          0.000          0.000          0.000          0.000          0.000          4.169        224.664        345.704
      1995       277          0.000          0.000          0.000          0.000          0.000          0.000          0.000          0.000          0.000          0.000          0.000          1.374        223.139        345.039
      1995       278          0.000          0.000          0.000          0.000          0.000          0.000          0.000          0.000          0.000          0.000          0.000          1.078        221.919        344.449
      1995       279          0.000          0.000          0.000          0.000          0.000          0.000          0.000          0.000          0.000          0.000          0.000          0.917        220.868        343.908
      1995       280          0.000          0.000          0.000          0.000          0.000          0.000          0.000          0.000          0.000          0.000          0.000          0.812        219.932        343.374
      1995       281          0.000          0.000          0.000          0.000          0.000          0.000          0.000          0.000          0.000          0.000          0.000          0.736        219.080        342.865
      1995       282          0.000          0.000          0.000          0.000          0.000          0.000          0.000          0.000          0.000          0.000          0.000          0.679        218.294        342.378
      1995       283          0.000          0.000          0.000          0.000          0.000          0.000          0.000          0.000          0.000          0.000          0.000          0.633        217.556        341.919
      1995       284          0.000          0.000          0.000          0.000          0.000          0.000          0.000          0.000          0.000          0.000          0.000          0.595        216.858        341.498
      1995       285          0.000          0.000          0.000          0.000          0.000          0.000          0.000          0.000          0.000          0.000          0.000          0.563        216.194        341.112
      1995       286          0.000          0.000          0.000          0.000          0.000          0.000          0.000          0.000          0.000          0.000          0.000          0.536        215.559        340.725
      1995       287          0.000          0.000          0.000          0.000          0.000          0.000          0.000          0.000          0.000          0.000          0.000          0.513        214.951        340.360
      1995       288          0.000          0.000          0.000          0.000          0.000          0.000          0.000          0.000          0.000          0.000          0.000          0.492        214.366        340.018
      1995       289          0.000          0.000          0.000          0.000          0.000          0.000          0.000          0.000          0.000          0.000          0.000          0.474        213.804        339.704
      1995       290          0.000          0.000          0.000          0.000          0.000          0.000          0.000          0.000          0.000          0.000          0.000          0.457        213.261        339.426
      1995       291          0.000          0.000          0.002          0.000          0.000         30.000          0.000          0.000          0.000          0.000          0.000          0.442        212.737        339.177
      1995       292          0.000          0.000          0.002          0.000          0.000         30.155          0.000          0.000          0.000          0.000          0.004          0.429        212.228        338.929
      1995       293          0.000          0.000          0.002          0.000          0.000         30.314          0.000          0.000          0.000          0.000          0.008          0.416        211.734        338.688
      1995       294          0.000          0.000          0.002          0.000          0.000         30.484          0.000          0.000          0.000          0.000          0.013          0.405        211.256        338.452
      1995       295          0.000          0.000          0.002          0.000          0.000         30.666          0.000          0.000          0.000          0.000          0.018          0.395        210.791        338.224
      1995       296          0.000          0.000          0.002          0.000          0.000         30.749          0.000          0.000          0.000          0.000          0.020          0.385        210.339        338.028
      1995       297          0.000          0.000          0.002          0.000          0.000         30.867          0.000          0.000          0.000          0.000          0.024          0.376        209.900        337.853
      1995       298          0.000          0.000          0.003          0.000          0.000         31.088          0.000          0.000          0.000          0.000          0.031          4.526        224.882        337.700
      1995       299          0.000          0.000          0.003          0.000          0.000         31.301          0.000          0.000          0.000          0.000          0.037          4.331        232.084        336.088
      1995       300          0.000          0.001          0.003          0.000          0.000         31.532          0.000          0.000          0.000          0.000          0.045          4.167        227.649        334.925
      1995       301          0.000          0.001          0.003          0.000          0.000         31.814          0.000          0.000          0.000          0.000          0.053          1.802        225.608        333.845
      1995       302          0.000          0.001          0.003          0.000          0.000         32.206          0.000          0.000          0.000          0.000          0.066          1.244        224.146        332.791
      1995       303          0.000          0.001          0.003          0.000          0.000         32.515          0.000          0.000          0.000          0.000          0.075          1.012        222.920        331.768
      1995       304          0.000          0.001          0.003          0.000          0.000         32.793          0.000          0.000          0.000          0.000          0.083          0.876        221.836        330.749
      1995       305          0.000          0.001          0.004          0.000          0.000         33.104          0.000          0.000          0.000          0.000          0.092          0.783        220.853        329.763
      1995       306          0.000          0.001          0.004          0.000          0.000         33.452          0.000          0.000          0.000          0.000          0.100          0.714        219.945        328.794
      1995       307          0.000          0.001          0.004          0.000          0.000         33.850          0.000          0.000          0.000          0.000          0.110          0.661        219.098        327.862
      1995       308          0.000          0.001          0.004          0.000          0.000         34.334          0.000          0.000          0.000          0.000          0.125          0.619        218.301        327.002
      1995       309          0.000          0.001          0.004          0.000          0.000         34.709          0.000          0.000          0.000          0.000          0.137          0.583        217.549        326.247
      1995       310          0.000          0.001          0.004          0.000          0.000         35.056          0.000          0.000          0.000          0.000          0.147          0.553        216.835        325.583
      1995       311          0.000          0.001          0.004          0.000          0.000         35.357          0.000          0.000          0.000          0.000          0.156          0.528        216.155        325.010
      1995       312          0.000          0.001          0.004          0.000          0.000         35.673          0.000          0.000          0.000          0.000          0.165          0.505        215.507        324.506
      1995       313          0.000          0.001          0.004          0.000          0.000         36.085          0.000          0.000          0.000          0.000          0.175          0.485        214.887        324.009
      1995       314          0.000          0.001          0.004          0.000          0.000         36.630          0.000          0.000          0.000          0.000          0.188          0.468        214.293        323.505
      1995       315          0.000          0.001          0.005          0.000          0.000         37.234          0.000          0.000          0.000          0.000          0.206          0.452        213.724        323.027
      1995       316          0.000          0.001          0.005          0.000          0.000         37.614          0.000          0.000          0.000          0.000          0.216          0.437        213.171        322.587
      1995       317          0.000          0.001          0.005          0.000          0.000         38.189          0.000          0.000          0.000          0.000          0.232          0.424        212.632        322.184
      1995       318          0.000          0.001          0.005          0.000          0.000         38.680          0.000          0.000          0.000          0.000          0.247          0.412        212.107        321.857
      1995       319          0.000          0.001          0.005          0.000          0.000         39.256          0.000          0.000          0.000          0.000          0.265          0.401        211.595        321.591
      1995       320          0.000          0.000          0.006          0.000          0.000         39.797          0.000          0.000          0.000          0.000          0.282          4.351        214.148        321.370
      1995       321          0.000          0.000          0.006          0.000          0.000         40.445          0.000          0.000          0.000          0.000          0.301          4.496        216.561        321.188
      1995       322          0.000          0.000          0.007          0.000          0.000         40.993          0.000          0.000          0.000          0.000          0.318          4.338        230.099        320.406
      1995       323          0.000          0.002          0.007          0.000          0.000         41.901          0.000          0.000          0.000          0.000          0.346          4.779        231.615        318.592
      1995       324          0.000          0.000          0.008          0.000          0.000         42.745          0.000          0.000          0.000          0.000          0.372          4.551        231.864        316.720
      1995       325          0.000          0.000          0.009          0.000          0.000         43.485          0.000          0.000          0.000          0.000          0.395          4.397        232.018        315.393
      1995       326          0.000          0.002          0.010          0.000          0.000         44.498          0.000          0.000          0.000          0.000          0.426          3.982        228.755        314.308
      1995       327          0.000          0.003          0.011          0.000          0.000         45.501          0.000          0.000          0.000          0.000          0.456          2.383        226.114        313.323
      1995       328          0.000          0.003          0.012          0.000          0.000         46.346          0.000          0.000          0.000          0.000          0.482          1.376        224.503        312.412
      1995       329          0.000          0.005          0.013          0.000          0.000         47.801          0.000          0.000          0.000          0.000          0.527          1.079        223.175        311.502
      1995       330          0.000          0.007          0.013          0.000          0.000         49.846          0.000          0.000          0.000          0.000          0.589          0.917        221.995        310.553
      1995       331          0.000          0.008          0.014          0.000          0.000         52.356          0.000          0.000          0.000          0.000          0.663          0.812        220.909        309.575
      1995       332          0.000          0.008          0.015          0.000          0.000         54.982          0.500          0.500          0.000          0.000          0.742          0.737        219.907        308.592
      1995       333          0.000          0.008          0.017          0.000          0.000         59.139          1.532          1.532          0.000          0.000          0.869          0.679        218.976        307.595
      1995       334          0.000          0.008          0.021          0.000          0.000         67.754          2.501          2.501          0.000          0.000          1.131          0.633        218.102        306.526
      1995       335          0.000          0.000          0.028          0.000          0.000         75.896          3.167          3.167          0.000          0.000          1.378          6.216        228.285        305.259
      1995       336          0.000          0.009          0.033          0.000          0.000         81.536          3.771          3.771          0.000          0.000          1.549          3.290        224.747        304.392
      1995       337          0.000          0.012          0.038          0.000          0.000         86.660          4.422          4.422          0.000          0.000          1.703          1.448        223.036        303.636
      1995       338          0.000          0.017          0.039          0.000          0.000         91.653          5.357          5.357          0.000          0.000          1.849          1.112        221.622        302.944
      1995       339          0.000          0.018          0.046          0.000          0.000         99.693          6.459          6.252          0.000          0.000          2.091          6.910        220.400        302.208
      1995       340          0.000          0.000          0.054          0.000          0.000        109.221          7.105          6.702          0.000          0.000          2.377          6.297        229.404        300.725
      1995       341          0.000          0.017          0.059          0.000          0.000        114.831          7.824          7.287          0.000          0.000          2.545          3.216        225.871        299.598
      1995       342          0.000          0.023          0.065          0.000          0.000        121.101          8.846          8.187          0.000          0.000          2.733          1.446        224.041        298.547
      1995       343          0.000          0.029          0.072          0.000          0.000        130.032         10.121          9.330          0.000          0.000          3.001          1.111        222.492        297.503
      1995       344          0.000          0.039          0.077          0.000          0.000        141.228         11.763         10.780          0.000          0.000          3.335          0.937        221.023        296.456
      1995       345          0.000          0.023          0.089          0.000          0.000        155.716         12.906         11.699          0.000          0.000          3.768          0.826        219.832        295.397
      1995       346          0.000          0.022          0.098          0.000          0.000        165.869         13.705         12.366          0.000          0.000          4.070          0.746        218.737        294.549
      1995       347          0.000          0.024          0.104          0.000          0.000        172.988         14.529         13.045          0.000          0.000          4.282          0.687        217.689        293.868
      1995       348          0.000          0.037          0.110          0.000          0.000        180.358         15.861         14.168          0.000          0.000          4.501          0.639        216.567        293.246
      1995       349          0.000          0.047          0.118          0.000          0.000        192.292         17.568         15.614          0.000          0.000          4.855          0.600        215.390        292.566
      1995       350          0.000          0.059          0.121          0.000          0.000        203.807         19.565         17.273          0.000          0.000          5.157          0.568        214.134        291.981
      1995       351          0.000          0.063          0.123          0.000          0.000        216.871         21.812         19.286          0.000          0.000          5.484          0.540        212.868        291.412
      1995       352          0.000          0.072          0.124          0.000          0.000        230.557         24.556         21.867          0.000          0.000          5.799          0.516        211.544        290.873
      1995       353          0.000          0.037          0.145          0.000          0.000        257.896         26.051         23.195          0.000          0.000          6.584          0.495        210.605        289.924
      1995       354          0.000          0.038          0.156          0.000          0.000        272.910         27.347         24.215          0.000          0.000          7.014          0.476        209.683        289.378
      1995       355          0.000          0.044          0.166          0.000          0.000        285.987         28.842         25.351          0.000          0.000          7.388          0.460        208.721        288.936
      1995       356          0.000          0.045          0.176          0.000          0.000        301.112         30.590         26.674          0.000          0.000          7.821          0.444        207.769        288.481
      1995       357          0.000          0.038          0.189          0.000          0.000        318.872         31.995         27.595          0.000          0.000          8.328          0.431        206.910        288.002
      1995       358          0.000          0.060          0.199          0.000          0.000        333.208         33.881         28.877          0.000          0.000          8.736          0.418        205.854        287.642
      1995       359          0.000          0.060          0.214          0.000          0.000        352.517         35.822         30.498          0.000          0.000          9.286          5.912        206.307        287.167
      1995       360          0.000          0.066          0.223          0.000          0.000        372.473         38.103         32.503          0.000          0.000          9.854          0.523        205.092        286.703
      1995       361          0.000          0.066          0.240          0.000          0.000        396.466         40.251         33.831          0.500          0.000         10.530          0.422        203.975        286.166
      1995       362          0.000          0.098          0.243          0.000          0.000        413.950         42.733         35.931          0.500          0.000         10.958          0.411        202.559        285.890
      1995       363          0.000          0.115          0.246          0.000          0.000        434.741         45.818         37.890          1.325          0.000         11.442          0.400        200.980        285.582
      1995       364          0.000          0.108          0.260          0.000          0.000        470.668         48.989         39.878          2.098          0.000         12.417          0.390        199.483        284.816
      1995       365          0.000          0.111          0.268          0.000          0.000        507.431         52.062         41.514          3.112          0.000         13.386          0.380        197.970        284.062
      1996         1          0.000          0.107          0.287          0.000          0.000        546.174         55.282         42.962          4.375          0.000         14.404          0.372        196.505        283.266
      1996         2          0.000          0.075          0.311          0.000          0.000        586.050         58.058         45.264          4.264          0.000         15.461          4.851        205.882        282.447
      1996         3          0.000          0.079          0.332          0.000          0.000        621.627         60.594         46.371          5.142          0.000         16.391          1.911        203.161        281.766
      1996         4          0.000          0.077          0.351          0.000          0.000        655.074         63.240         47.790          5.466          0.000         17.255          4.355        225.394        280.666
      1996         5          0.000          0.080          0.371          0.000          0.000        690.971         63.240         45.663          6.671          0.000         18.173          4.243        231.375        277.813
      1996         6          0.000          0.094          0.367          0.000          0.000        696.344         65.763         46.452          7.448          0.000         18.269          3.878        226.453        276.836
      1996         7          0.000          0.119          0.386          0.000          0.000        733.264         68.832         47.443          8.449          0.000         19.185          1.971        223.217        275.154
      1996         8          0.000          0.123          0.409          0.000          0.000        778.138         69.610         46.642          9.359          0.000         20.300          4.495        230.690        271.899
      1996         9          0.000          0.119          0.415          0.000          0.000        797.168         72.720         48.511          9.786          0.000         20.697          3.002        226.443        270.543
      1996        10          0.000          0.065          0.438          0.000          0.000        842.111         75.018         48.444         11.371          0.000         21.819          2.310        223.429        268.657
      1996        11          0.000          0.126          0.455          0.000          0.000        879.108         77.964         50.042         11.333          0.000         22.706          1.365        220.728        267.100
      1996        12          0.000          0.155          0.478          0.000          0.000        925.846         81.268         51.169         12.661          0.000         23.833          1.073        218.065        265.470
      1996        13          0.000          0.152          0.502          0.000          0.000        978.116         84.542         51.911         14.097          0.000         25.095          0.914        215.603        263.921
      1996        14          0.000          0.165          0.527          0.000          0.000       1032.452         87.961         52.764         15.739          0.000         26.384          0.810        213.118        262.482
      1996        15          0.000          0.164          0.542          0.000          0.000       1088.018         91.247         55.171         15.559          0.000         27.714          0.735        210.714        261.103
      1996        16          0.000          0.181          0.549          0.000          0.000       1142.669         94.727         55.846         17.300          0.000         28.920          0.677        208.197        259.965
      1996        17          0.000          0.160          0.572          0.000          0.000       1203.475         97.977         55.783         19.488          0.000         30.340          0.632        205.941        258.737
      1996        18          0.000          0.170          0.584          0.000          0.000       1261.366        101.131         56.946         20.170          0.000         31.684          0.594        203.630        257.652
      1996        19          0.000          0.175          0.595          0.000          0.000       1320.271        104.401         57.845         21.166          0.000         33.029          0.563        201.300        256.578
      1996        20          0.000          0.170          0.602          0.000          0.000       1380.566        107.505         56.693         23.848          0.000         34.302          0.536        199.047        255.577
      1996        21          0.000          0.146          0.625          0.000          0.000       1444.420        110.266         56.820         25.523          0.000         35.717          3.573        219.653        254.442
      1996        22          0.000          0.071          0.646          0.000          0.000       1500.940        110.266         53.736         26.723          0.000         36.971          3.282        232.422        251.415
      1996        23          0.000          0.007          0.643          0.000          0.000       1519.300        110.266         50.363         28.314          0.000         37.295          3.352        232.989        249.050
      1996        24          0.000          0.154          0.643          0.000          0.000       1545.458        110.266         49.420         27.985          0.000         37.687          3.721        227.493        247.685
      1996        25          0.000          0.171          0.642          0.000          0.000       1575.829        112.927         48.618         29.946          0.000         38.152          2.588        223.162        246.504
      1996        26          0.000          0.195          0.662          0.000          0.000       1640.485        115.918         48.133         31.114          0.000         39.516          1.404        219.784        244.622
      1996        27          0.000          0.217          0.678          0.000          0.000       1711.562        119.009         47.721         32.919          0.000         41.024          1.092        216.493        242.805
      1996        28          0.000          0.219          0.690          0.000          0.000       1783.763        122.047         48.654         33.147          0.000         42.565          0.925        213.354        241.161
      1996        29          0.000          0.207          0.698          0.000          0.000       1851.287        124.857         49.531         33.083          0.000         43.990          0.818        210.451        239.800
      1996        30          0.000          0.279          0.699          0.000          0.000       1918.703        127.823         50.505         35.076          0.000         45.179          0.741        206.906        238.817
      1996        31          0.000          0.285          0.701          0.000          0.000       1989.776        130.580         50.293         36.035          0.000         46.420          0.682        203.370        237.865
      1996        32          0.000          0.231          0.709          0.000          0.000       2066.608        133.316         49.276         37.819          0.000         47.987          0.635        200.428        236.593
      1996        33          0.000          0.194          0.713          0.000          0.000       2129.668        133.579         48.403         36.920          0.000         49.208          0.597        197.888        235.668
      1996        34          0.000          0.211          0.713          0.000          0.000       2168.590        133.579         45.044         38.371          0.000         49.820          0.565        195.214        235.351
      1996        35          0.000          0.224          0.709          0.000          0.000       2209.646        133.579         40.154         41.525          0.000         50.464          0.538        192.432        234.997
      1996        36          0.000          0.204          0.705          0.000          0.000       2252.907        133.579         36.473         43.092          0.000         51.186          0.514        189.875        234.562
      1996        37          0.000          0.190          0.681          0.000          0.000       2280.458        135.867         35.144         44.614          0.000         51.878          4.669        211.990        234.159
      1996        38          0.000          0.253          0.684          0.000          0.000       2361.221        137.857         33.520         45.935          0.000         53.312          3.800        205.657        233.020
      1996        39          0.000          0.228          0.687          0.000          0.000       2441.749        139.065         32.241         48.262          0.000         54.732          1.814        201.564        231.897
      1996        40          0.000          0.019          0.696          0.000          0.000       2496.459        140.968         31.818         49.102          0.000         55.740          4.110        203.768        231.191
      1996        41          0.000          0.090          0.711          0.000          0.000       2550.825        142.577         33.427         46.062          0.000         56.849          3.260        199.607        230.383
      1996        42          0.000          0.117          0.723          0.000          0.000       2606.295        144.436         33.037         45.895          0.000         57.930          1.076        197.365        229.604
      1996        43          0.000          0.134          0.737          0.000          0.000       2665.705        146.376         33.954         44.831          0.000         59.109          0.916        195.111        228.726
      1996        44          0.000          0.137          0.751          0.000          0.000       2727.902        148.408         32.780         45.818          0.000         60.343          0.811        192.932        227.789
      1996        45          0.000          0.133          0.766          0.000          0.000       2791.236        150.351         31.822         46.770          0.000         61.608          0.736        190.868        226.817
      1996        46          0.000          0.156          0.781          0.000          0.000       2854.543        152.437         33.168         45.867          0.000         62.859          0.678        188.630        225.856
      1996        47          0.000          0.142          0.796          0.000          0.000       2920.463        154.468         32.813         47.849          0.000         64.171          0.632        186.575        224.830
      1996        48          0.000          0.120          0.812          0.000          0.000       2984.132        156.425         34.102         47.042          0.000         65.442          0.595        184.784        223.842
      1996        49          0.000          0.216          0.820          0.000          0.000       3056.555        158.775         34.021         48.747          0.000         66.833          0.563        182.065        222.729
      1996        50          0.000          0.248          0.825          0.000          0.000       3133.926        161.120         35.598         47.910          0.000         68.277          0.536        179.051        221.559
      1996        51          0.000          0.266          0.831          0.000          0.000       3216.233        163.345         37.089         47.067          0.000         69.841          0.512        175.881        220.264
      1996        52          0.016          0.220          0.847          0.040          0.016       3294.603        165.684         37.006         48.288          0.390         71.364          0.492        173.188        219.005
      1996        53          0.016          0.184          0.865          0.040          0.016       3368.811        167.875         36.528         49.417          0.390         72.843          0.473        170.875        217.787
      1996        54          0.016          0.163          0.881          0.040          0.016       3438.936        169.980         37.890         49.417          0.390         74.238          0.457        168.790        216.646
      1996        55          0.042          0.183          0.897          0.106          0.042       3510.500        172.196         37.145         50.007          1.024         75.641          0.442        166.514        215.492
      1996        56          0.067          0.205          0.914          0.167          0.067       3588.220        174.520         36.499         51.325          1.617         77.154          0.429        164.039        214.138
      1996        57          0.099          0.201          0.916          0.247          0.099       3658.664        176.821         35.955         52.329          2.393         78.710          0.416        161.970        212.669
      1996        58          0.138          0.243          0.922          0.346          0.138       3741.364        178.969         35.352         52.351          3.353         80.355          0.405        159.477        211.109
      1996        59          0.138          0.186          0.921          0.346          0.138       3809.311        180.041         35.521         51.572          3.353         81.912          0.395        157.563        209.638
      1996        60          0.138          0.101          0.902          0.346          0.138       3852.592        181.388         34.506         53.093          3.353         82.967          0.385        156.500        208.669
      1996        61          0.166          0.180          0.912          0.416          0.166       3919.011        183.463         34.096         53.191          4.021         84.179          3.813        158.510        207.696
      1996        62          0.183          0.214          0.920          0.457          0.183       3995.677        185.761         35.390         51.978          4.408         85.662          2.646        153.729        206.445
      1996        63          0.183          0.228          0.934          0.457          0.183       4078.727        188.048         36.593         51.323          4.408         87.276          0.444        151.127        204.913
      1996        64          0.256          0.244          0.934          0.640          0.256       4152.658        190.332         37.855         48.765          6.156         88.895          0.431        148.653        203.376
      1996        65          0.256          0.204          0.945          0.640          0.256       4226.603        192.607         39.540         48.765          6.156         90.427          0.418        146.583        201.924
      1996        66          0.274          0.245          0.952          0.684          0.274       4307.572        194.887         41.157         47.604          6.568         92.010          0.407        144.099        200.420
      1996        67          0.293          0.240          0.955          0.732          0.293       4382.416        197.174         41.253         47.712          7.024         93.583          0.396        141.676        198.923
      1996        68          0.346          0.226          0.964          0.866          0.346       4461.391        199.488         41.579         47.450          8.282         95.140          0.386        139.396        197.441
      1996        69          0.388          0.176          0.961          0.971          0.388       4523.640        201.738         42.784         46.408          9.277         96.631          0.377        137.610        196.023
      1996        70          0.437          0.185          0.970          1.092          0.437       4595.892        204.014         43.443         45.800         10.426         98.083          0.369        135.745        194.640
      1996        71          0.491          0.199          0.980          1.227          0.491       4670.481        206.397         43.667         45.682         11.708         99.574          0.361        133.739        193.215
      1996        72          0.555          0.213          0.970          1.388          0.555       4737.962        208.880         42.688         46.545         13.242        101.161          0.353        131.589        191.635
      1996        73          0.555          0.210          0.957          1.388          0.555       4806.229        211.354         42.894         47.176         13.242        102.809          0.346        129.490        189.990
      1996        74          0.616          0.234          0.952          1.541          0.616       4882.071        213.959         41.977         47.731         14.709        104.382          0.340        127.150        188.420
      1996        75          0.650          0.256          0.932          1.626          0.650       4925.644        216.477         42.273         48.193         15.522        105.488          0.334        124.592        187.317
      1996        76          0.723          0.213          0.923          1.808          0.723       4971.166        219.158         41.546         48.712         17.242        106.666          0.328        122.463        186.140
      1996        77          0.765          0.197          0.932          1.913          0.765       5029.409        221.898         41.927         48.550         18.252        107.840          0.322        120.494        184.969
      1996        78          0.765          0.185          0.944          1.913          0.765       5086.703        221.898         39.557         48.791         18.252        109.001          0.317        118.646        183.808
      1996        79          0.854          0.173          0.817          2.134          0.854       5033.061        221.898         38.472         46.158         20.352        109.571          0.312        116.917        183.240
      1996        80          0.897          0.186          0.817          2.243          0.897       5075.294        221.898         36.153         45.183         21.386        110.204          0.307        115.057        182.608
      1996        81          0.900          0.122          0.769          2.249          0.900       5082.981        221.898         33.684         45.825         21.438        110.734          0.302        113.838        182.079
      1996        82          0.915          0.123          0.769          2.288          0.915       5118.195        221.898         31.211         45.648         21.815        111.263          0.298        112.613        181.551
      1996        83          0.915          0.141          0.769          2.288          0.915       5158.311        221.898         28.789         46.344         21.815        111.864          0.294        111.201        180.951
      1996        84          0.976          0.135          0.746          2.441          0.976       5182.990        221.898         27.486         45.259         23.286        112.437          0.290        109.854        180.378
      1996        85          1.038          0.141          0.729          2.595          1.038       5211.545        221.898         26.166         45.092         24.774        113.015          0.286        108.448        179.801
      1996        86          1.038          0.129          0.707          2.595          1.038       5236.649        221.898         24.846         45.500         24.774        113.584          0.282        107.153        179.233
      1996        87          1.103          0.140          0.682          2.757          1.103       5261.076        221.898         23.719         44.232         26.321        114.165          0.278        105.754        178.652
      1996        88          1.158          0.128          0.642          2.895          1.158       5267.491        221.898         23.719         42.064         27.644        114.697          0.275        104.476        178.120
      1996        89          1.209          0.127          0.635          3.022          1.209       5291.812        221.898         23.237         40.369         28.869        115.221          0.272        103.204        177.596
      1996        90          1.256          0.148          0.612          3.139          1.256       5314.992        221.898         22.554         38.944         30.013        115.796          0.268        101.725        177.022
      1996        91          1.299          0.150          0.538          3.247          1.299       5290.598        221.898         20.099         39.340         31.071        116.376          0.265        100.225        176.442
      1996        92          1.299          0.082          0.538          3.247          1.299       5319.776        221.898         20.099         38.338         31.071        116.814          0.262         99.407        176.005
      1996        93          1.353          0.067          0.538          3.382          1.353       5346.089        221.947         18.905         37.337         32.392        117.208          0.259         98.734        175.610
      1996        94          1.353          0.064          0.538          3.382          1.353       5373.186        222.025         18.984         37.337         32.392        117.624          0.257         98.090        175.195
      1996        95          1.361          0.072          0.539          3.403          1.361       5402.426        222.025         17.775         37.946         32.594        118.076          0.254         97.371        174.743
      1996        96          1.392          0.087          0.539          3.479          1.392       5431.923        222.025         16.495         37.797         33.339        118.518          0.251         96.502        174.300
      1996        97          1.406          0.082          0.539          3.515          1.406       5458.528        222.025         16.495         34.984         33.698        118.917          0.249         95.678        173.901
      1996        98          1.425          0.117          0.539          3.563          1.425       5491.873        222.025         15.280         35.736         34.161        119.417          0.246         94.506        173.401
      1996        99          1.478          0.101          0.491          3.695          1.478       5486.472        222.025         14.019         34.919         35.479        119.906          0.244         93.499        172.912
      1996       100          1.478          0.047          0.491          3.695          1.478       5508.876        222.225         12.909         36.184         35.479        120.242          0.241         93.025        172.576
      1996       101          1.526          0.043          0.492          3.816          1.526       5532.739        222.401         13.085         34.165         36.704        120.644          0.239         92.599        172.175
      1996       102          1.526          0.042          0.494          3.816          1.526       5554.550        222.538         13.222         33.167         36.704        121.009          0.237         92.184        171.809
      1996       103          1.566          0.041          0.494          3.916          1.566       5575.915        222.712         12.093         33.426         37.747        121.360          0.235         91.775        171.458
      1996       104          1.566          0.043          0.495          3.916          1.566       5599.923        222.977         12.358         32.211         37.747        121.758          0.233         91.343        171.060
      1996       105          1.621          0.047          0.496          4.052          1.621       5628.016        223.073         11.122         30.889         39.170        122.235          0.231         90.874        170.583
      1996       106          1.621          0.043          0.496          4.052          1.621       5649.883        223.303         11.286         30.470         39.170        122.584          0.229         90.447        170.234
      1996       107          1.675          0.041          0.497          4.188          1.675       5674.282        223.576         10.133         30.395         40.612        123.001          0.227         90.034        169.818
      1996       108          1.675          0.040          0.499          4.188          1.675       5698.896        223.855         10.367         30.395         40.612        123.430          0.225         89.633        169.389
      1996       109          1.675          0.038          0.500          4.188          1.675       5722.688        224.063          9.121         31.374         40.612        123.848          0.223         89.253        168.971
      1996       110          1.726          0.038          0.502          4.314          1.726       5744.100        224.292          9.274         29.999         41.987        124.215          0.221         88.875        168.604
      1996       111          1.726          0.038          0.502          4.314          1.726       5767.497        224.647          9.578         29.280         41.987        124.609          0.220         88.492        168.210
      1996       112          1.776          0.041          0.503          4.440          1.776       5796.466        224.810          8.265         29.276         43.379        125.116          0.218         88.079        167.703
      1996       113          1.776          0.049          0.503          4.440          1.776       5822.417        224.810          6.743         30.342         43.379        125.535          0.216         87.589        167.283
      1996       114          1.820          0.000          0.503          4.549          1.820       5843.931        224.810          6.678         29.120         44.601        125.858          1.590         87.589        166.960
      1996       115          1.854          0.000          0.480          4.634          1.854       5828.740        224.810          5.290         29.158         45.576        126.157          1.423         87.589        166.661
      1996       116          1.854          0.054          0.480          4.634          1.854       5852.904        224.810          5.237         29.158         45.576        126.520          2.465         87.050        166.299
      1996       117          1.854          0.061          0.480          4.634          1.854       5877.397        224.810          3.642         30.654         45.576        126.887          2.757         90.370        166.075
      1996       118          1.920          0.043          0.480          4.801          1.920       5901.616        224.810          1.979         29.548         47.577        127.250          2.741         90.200        165.852
      1996       119          1.920          0.065          0.480          4.801          1.920       5925.239        224.810          1.979         28.504         47.577        127.605          2.499         87.049        165.633
      1996       120          1.993          0.000          0.480          4.982          1.993       5944.220        224.810          1.979         26.269         49.811        127.889          1.424         95.624        165.484
      1996       121          2.025          0.000          0.480          5.062          2.025       5958.293        224.980          2.150         23.909         50.833        128.101          0.990         94.635        165.408
      1996       122          2.052          0.000          0.014          5.130          2.052       5674.107        224.980          2.150         23.016         51.726        129.402          0.970        104.665        164.250
      1996       123          2.052          0.000          0.014          5.130          2.052       5687.643        224.980          2.150         21.811         51.726        129.605          1.190        114.474        164.219
      1996       124          2.100          0.000          0.014          5.249          2.100       5702.043        224.980          2.150         18.908         53.367        129.821          1.992        117.482        164.195
      1996       125          0.000          0.000          0.000          0.000          0.000          0.000          0.000          0.000          0.000          0.000          0.000          1.261        133.143        164.322
      1996       126          0.000          0.000          0.000          0.000          0.000          0.000          0.000          0.000          0.000          0.000          0.000          2.261        130.883        164.432
      1996       127          0.000          0.000          0.000          0.000          0.000          0.000          0.000          0.000          0.000          0.000          0.000          2.609        128.274        164.493
      1996       128          0.000          0.000          0.000          0.000          0.000          0.000          0.000          0.000          0.000          0.000          0.000          2.642        125.631        164.261
      1996       129          0.000          0.000          0.000          0.000          0.000          0.000          0.000          0.000          0.000          0.000          0.000          2.178        123.453        164.035
      1996       130          0.000          0.000          0.000          0.000          0.000          0.000          0.000          0.000          0.000          0.000          0.000          1.112        122.341        163.902
      1996       131          0.000          0.000          0.000          0.000          0.000          0.000          0.000          0.000          0.000          0.000          0.000          0.938        121.403        163.915
      1996       132          0.000          0.000          0.000          0.000          0.000          0.000          0.000          0.000          0.000          0.000          0.000          0.826        120.577        163.987
      1996       133          0.000          0.000          0.000          0.000          0.000          0.000          0.000          0.000          0.000          0.000          0.000          0.747        119.830        164.066
      1996       134          0.000          0.000          0.000          0.000          0.000          0.000          0.000          0.000          0.000          0.000          0.000          0.687        119.143        164.149
      1996       135          0.000          0.000          0.000          0.000          0.000          0.000          0.000          0.000          0.000          0.000          0.000          0.639        118.504        164.237
      1996       136          0.000          0.000          0.000          0.000          0.000          0.000          0.000          0.000          0.000          0.000          0.000          0.600        117.904        164.328
      1996       137          0.000          0.000          0.000          0.000          0.000          0.000          0.000          0.000          0.000          0.000          0.000          0.568        117.336        164.422
      1996       138          0.000          0.000          0.000          0.000          0.000          0.000          0.000          0.000          0.000          0.000          0.000          0.540        116.796        164.518
      1996       139          0.000          0.000          0.000          0.000          0.000          0.000          0.000          0.000          0.000          0.000          0.000          0.516        116.279        164.615
      1996       140          0.000          0.000          0.000          0.000          0.000          0.000          0.000          0.000          0.000          0.000          0.000          0.495        115.784        164.714
